#
# There is insufficient memory for the Java Runtime Environment to continue.
# Native memory allocation (mmap) failed to map 17825792 bytes for G1 virtual space
# Possible reasons:
#   The system is out of physical RAM or swap space
#   The process is running with CompressedOops enabled, and the Java Heap may be blocking the growth of the native heap
# Possible solutions:
#   Reduce memory load on the system
#   Increase physical memory or swap space
#   Check if swap backing store is full
#   Decrease Java heap size (-Xmx/-Xms)
#   Decrease number of Java threads
#   Decrease Java thread stack sizes (-Xss)
#   Set larger code cache with -XX:ReservedCodeCacheSize=
#   JVM is running with Unscaled Compressed Oops mode in which the Java heap is
#     placed in the first 4GB address space. The Java Heap base address is the
#     maximum limit for the native heap growth. Please use -XX:HeapBaseMinAddress
#     to set the Java Heap base and to place the Java Heap above 4GB virtual address.
# This output file may be truncated or incomplete.
#
#  Out of Memory Error (os_windows.cpp:3769), pid=12124, tid=13968
#
# JRE version: OpenJDK Runtime Environment (17.0.6) (build 17.0.6+0-b2043.56-9586694)
# Java VM: OpenJDK 64-Bit Server VM (17.0.6+0-b2043.56-9586694, mixed mode, tiered, compressed oops, compressed class ptrs, g1 gc, windows-amd64)
# No core dump will be written. Minidumps are not enabled by default on client versions of Windows
#

---------------  S U M M A R Y ------------

Command Line: --add-opens=java.base/java.util=ALL-UNNAMED --add-opens=java.base/java.lang=ALL-UNNAMED --add-opens=java.base/java.lang.invoke=ALL-UNNAMED --add-opens=java.prefs/java.util.prefs=ALL-UNNAMED --add-opens=java.base/java.nio.charset=ALL-UNNAMED --add-opens=java.base/java.net=ALL-UNNAMED --add-opens=java.base/java.util.concurrent.atomic=ALL-UNNAMED -Xmx2048m -Dfile.encoding=UTF-8 -Duser.country=CO -Duser.language=es -Duser.variant org.gradle.launcher.daemon.bootstrap.GradleDaemon 7.6

Host: AMD Ryzen 3 3250U with Radeon Graphics         , 4 cores, 3G,  Windows 11 , 64 bit Build 22621 (10.0.22621.1778)
Time: Mon Jun 26 10:41:23 2023 Hora est. Pacífico, Sudamérica elapsed time: 133.497449 seconds (0d 0h 2m 13s)

---------------  T H R E A D  ---------------

Current thread (0x0000022fb7f9dbd0):  VMThread "VM Thread" [stack: 0x000000a563300000,0x000000a563400000] [id=13968]

Stack: [0x000000a563300000,0x000000a563400000]
Native frames: (J=compiled Java code, j=interpreted, Vv=VM code, C=native code)
V  [jvm.dll+0x683b4a]
V  [jvm.dll+0x842654]
V  [jvm.dll+0x843dfe]
V  [jvm.dll+0x844463]
V  [jvm.dll+0x249b75]
V  [jvm.dll+0x680a19]
V  [jvm.dll+0x674f0a]
V  [jvm.dll+0x309acb]
V  [jvm.dll+0x310f86]
V  [jvm.dll+0x3608ee]
V  [jvm.dll+0x360b1f]
V  [jvm.dll+0x2dfbf8]
V  [jvm.dll+0x2ddec4]
V  [jvm.dll+0x2dd4cc]
V  [jvm.dll+0x321f3b]
V  [jvm.dll+0x84893b]
V  [jvm.dll+0x849674]
V  [jvm.dll+0x849b8d]
V  [jvm.dll+0x849f64]
V  [jvm.dll+0x84a030]
V  [jvm.dll+0x7f25fa]
V  [jvm.dll+0x682985]
C  [ucrtbase.dll+0x29363]
C  [KERNEL32.DLL+0x126ad]
C  [ntdll.dll+0x5a9f8]

VM_Operation (0x000000a5649f77b0): G1CollectForAllocation, mode: safepoint, requested by thread 0x0000022fba1c0c40


---------------  P R O C E S S  ---------------

Threads class SMR info:
_java_thread_list=0x0000022fbd6a1d60, length=80, elements={
0x0000022f9caa8ee0, 0x0000022fb7fc2270, 0x0000022fb7fc2e20, 0x0000022fb7facfa0,
0x0000022fb8c0a370, 0x0000022fb8c0af20, 0x0000022fb8c0d8e0, 0x0000022fb8c0e5c0,
0x0000022fb8c12fc0, 0x0000022fb8c57800, 0x0000022fb8d70020, 0x0000022fb8d7a920,
0x0000022fba1b55f0, 0x0000022fb9bef920, 0x0000022fba0a13a0, 0x0000022fba669020,
0x0000022fba46e420, 0x0000022fba1be5c0, 0x0000022fba1c0c40, 0x0000022fba1bf430,
0x0000022fba1bef60, 0x0000022fba1bf900, 0x0000022fba1be0f0, 0x0000022fba1bfdd0,
0x0000022fba1c0770, 0x0000022fba1c1110, 0x0000022fba1c15e0, 0x0000022fba1c02a0,
0x0000022fbba1b220, 0x0000022fbba19540, 0x0000022fbba1b6f0, 0x0000022fbba1bbc0,
0x0000022fbba1c090, 0x0000022fbba1c560, 0x0000022fbba19ee0, 0x0000022fbba1ad50,
0x0000022fbba1ca30, 0x0000022fbba19a10, 0x0000022fbba1a3b0, 0x0000022fba1bea90,
0x0000022fbbc7ed30, 0x0000022fbbc80070, 0x0000022fbbc7f6d0, 0x0000022fbbc7e860,
0x0000022fbbc7dec0, 0x0000022fbbc80540, 0x0000022fbbc7f200, 0x0000022fbbc7d520,
0x0000022fbbc80a10, 0x0000022fbbc7d050, 0x0000022fbbc7d9f0, 0x0000022fbbc7fba0,
0x0000022fbbc7e390, 0x0000022fbba94b20, 0x0000022fbba91fd0, 0x0000022fbba94180,
0x0000022fbba8f480, 0x0000022fbba92970, 0x0000022fbba91630, 0x0000022fbba94650,
0x0000022fbba94ff0, 0x0000022fbba907c0, 0x0000022fbba954c0, 0x0000022fbba90c90,
0x0000022fbba93310, 0x0000022fbba96800, 0x0000022fbba95990, 0x0000022fbba95e60,
0x0000022fbba924a0, 0x0000022fbba93cb0, 0x0000022fbba96330, 0x0000022fbba8f950,
0x0000022fbba96cd0, 0x0000022fbba8fe20, 0x0000022fbba902f0, 0x0000022fbba937e0,
0x0000022fbba91160, 0x0000022fbba91b00, 0x0000022fbba92e40, 0x0000022fbcc9e700
}

Java Threads: ( => current thread )
  0x0000022f9caa8ee0 JavaThread "main" [_thread_blocked, id=15488, stack(0x000000a562c00000,0x000000a562d00000)]
  0x0000022fb7fc2270 JavaThread "Reference Handler" daemon [_thread_blocked, id=13836, stack(0x000000a563400000,0x000000a563500000)]
  0x0000022fb7fc2e20 JavaThread "Finalizer" daemon [_thread_blocked, id=11876, stack(0x000000a563500000,0x000000a563600000)]
  0x0000022fb7facfa0 JavaThread "Signal Dispatcher" daemon [_thread_blocked, id=9812, stack(0x000000a563600000,0x000000a563700000)]
  0x0000022fb8c0a370 JavaThread "Attach Listener" daemon [_thread_blocked, id=3044, stack(0x000000a563700000,0x000000a563800000)]
  0x0000022fb8c0af20 JavaThread "Service Thread" daemon [_thread_blocked, id=14784, stack(0x000000a563800000,0x000000a563900000)]
  0x0000022fb8c0d8e0 JavaThread "Monitor Deflation Thread" daemon [_thread_blocked, id=9100, stack(0x000000a563900000,0x000000a563a00000)]
  0x0000022fb8c0e5c0 JavaThread "C2 CompilerThread0" daemon [_thread_blocked, id=4784, stack(0x000000a563a00000,0x000000a563b00000)]
  0x0000022fb8c12fc0 JavaThread "C1 CompilerThread0" daemon [_thread_blocked, id=15320, stack(0x000000a563b00000,0x000000a563c00000)]
  0x0000022fb8c57800 JavaThread "Sweeper thread" daemon [_thread_blocked, id=12220, stack(0x000000a563c00000,0x000000a563d00000)]
  0x0000022fb8d70020 JavaThread "Common-Cleaner" daemon [_thread_blocked, id=15464, stack(0x000000a563d00000,0x000000a563e00000)]
  0x0000022fb8d7a920 JavaThread "Notification Thread" daemon [_thread_blocked, id=15468, stack(0x000000a563e00000,0x000000a563f00000)]
  0x0000022fba1b55f0 JavaThread "Daemon health stats" [_thread_blocked, id=15688, stack(0x000000a564300000,0x000000a564400000)]
  0x0000022fb9bef920 JavaThread "Incoming local TCP Connector on port 57476" [_thread_in_native, id=8464, stack(0x000000a564400000,0x000000a564500000)]
  0x0000022fba0a13a0 JavaThread "Daemon periodic checks" [_thread_blocked, id=14872, stack(0x000000a564500000,0x000000a564600000)]
  0x0000022fba669020 JavaThread "Daemon" [_thread_blocked, id=13308, stack(0x000000a564600000,0x000000a564700000)]
  0x0000022fba46e420 JavaThread "Handler for socket connection from /127.0.0.1:57476 to /127.0.0.1:57479" [_thread_in_native, id=2060, stack(0x000000a564700000,0x000000a564800000)]
  0x0000022fba1be5c0 JavaThread "Cancel handler" [_thread_blocked, id=13476, stack(0x000000a564800000,0x000000a564900000)]
  0x0000022fba1c0c40 JavaThread "Daemon worker" [_thread_blocked, id=15336, stack(0x000000a564900000,0x000000a564a00000)]
  0x0000022fba1bf430 JavaThread "Asynchronous log dispatcher for DefaultDaemonConnection: socket connection from /127.0.0.1:57476 to /127.0.0.1:57479" [_thread_blocked, id=16388, stack(0x000000a564a00000,0x000000a564b00000)]
  0x0000022fba1bef60 JavaThread "Daemon client event forwarder" [_thread_blocked, id=16400, stack(0x000000a564c00000,0x000000a564d00000)]
  0x0000022fba1bf900 JavaThread "Cache worker for journal cache (C:\Users\leana\.gradle\caches\journal-1)" [_thread_blocked, id=16404, stack(0x000000a564d00000,0x000000a564e00000)]
  0x0000022fba1be0f0 JavaThread "File lock request listener" [_thread_in_native, id=16408, stack(0x000000a564e00000,0x000000a564f00000)]
  0x0000022fba1bfdd0 JavaThread "File lock release action executor" [_thread_blocked, id=16416, stack(0x000000a564f00000,0x000000a565000000)]
  0x0000022fba1c0770 JavaThread "Cache worker for file hash cache (C:\Users\leana\.gradle\caches\7.6\fileHashes)" [_thread_blocked, id=16420, stack(0x000000a565000000,0x000000a565100000)]
  0x0000022fba1c1110 JavaThread "File watcher server" daemon [_thread_in_native, id=16436, stack(0x000000a565100000,0x000000a565200000)]
  0x0000022fba1c15e0 JavaThread "File watcher consumer" daemon [_thread_blocked, id=16440, stack(0x000000a565200000,0x000000a565300000)]
  0x0000022fba1c02a0 JavaThread "Cache worker for checksums cache (C:\Users\leana\AndroidStudioProjects\ProcexApp2\.gradle\7.6\checksums)" [_thread_blocked, id=16448, stack(0x000000a565300000,0x000000a565400000)]
  0x0000022fbba1b220 JavaThread "Cache worker for cache directory md-rule (C:\Users\leana\.gradle\caches\7.6\md-rule)" [_thread_blocked, id=16452, stack(0x000000a565400000,0x000000a565500000)]
  0x0000022fbba19540 JavaThread "Cache worker for file content cache (C:\Users\leana\.gradle\caches\7.6\fileContent)" [_thread_blocked, id=16456, stack(0x000000a565500000,0x000000a565600000)]
  0x0000022fbba1b6f0 JavaThread "Cache worker for file hash cache (C:\Users\leana\AndroidStudioProjects\ProcexApp2\.gradle\7.6\fileHashes)" [_thread_blocked, id=16464, stack(0x000000a565600000,0x000000a565700000)]
  0x0000022fbba1bbc0 JavaThread "Cache worker for cache directory md-supplier (C:\Users\leana\.gradle\caches\7.6\md-supplier)" [_thread_blocked, id=16468, stack(0x000000a565700000,0x000000a565800000)]
  0x0000022fbba1c090 JavaThread "Cache worker for execution history cache (C:\Users\leana\.gradle\caches\7.6\executionHistory)" [_thread_blocked, id=16472, stack(0x000000a565800000,0x000000a565900000)]
  0x0000022fbba1c560 JavaThread "jar transforms" [_thread_blocked, id=16476, stack(0x000000a565900000,0x000000a565a00000)]
  0x0000022fbba19ee0 JavaThread "jar transforms Thread 2" [_thread_blocked, id=16516, stack(0x000000a565a00000,0x000000a565b00000)]
  0x0000022fbba1ad50 JavaThread "jar transforms Thread 3" [_thread_blocked, id=16656, stack(0x000000a565d00000,0x000000a565e00000)]
  0x0000022fbba1ca30 JavaThread "jar transforms Thread 4" [_thread_blocked, id=16664, stack(0x000000a565e00000,0x000000a565f00000)]
  0x0000022fbba19a10 JavaThread "Cache worker for dependencies-accessors (C:\Users\leana\AndroidStudioProjects\ProcexApp2\.gradle\7.6\dependencies-accessors)" [_thread_blocked, id=16668, stack(0x000000a565f00000,0x000000a566000000)]
  0x0000022fbba1a3b0 JavaThread "Cache worker for Build Output Cleanup Cache (C:\Users\leana\AndroidStudioProjects\ProcexApp2\.gradle\buildOutputCleanup)" [_thread_blocked, id=16816, stack(0x000000a562b00000,0x000000a562c00000)]
  0x0000022fba1bea90 JavaThread "Unconstrained build operations" [_thread_blocked, id=16844, stack(0x000000a562d00000,0x000000a562e00000)]
  0x0000022fbbc7ed30 JavaThread "Unconstrained build operations Thread 2" [_thread_blocked, id=16848, stack(0x000000a564b00000,0x000000a564c00000)]
  0x0000022fbbc80070 JavaThread "Unconstrained build operations Thread 3" [_thread_blocked, id=16852, stack(0x000000a566000000,0x000000a566100000)]
  0x0000022fbbc7f6d0 JavaThread "Unconstrained build operations Thread 4" [_thread_blocked, id=16856, stack(0x000000a566100000,0x000000a566200000)]
  0x0000022fbbc7e860 JavaThread "Unconstrained build operations Thread 5" [_thread_blocked, id=16860, stack(0x000000a566200000,0x000000a566300000)]
  0x0000022fbbc7dec0 JavaThread "Unconstrained build operations Thread 6" [_thread_blocked, id=16864, stack(0x000000a566300000,0x000000a566400000)]
  0x0000022fbbc80540 JavaThread "Unconstrained build operations Thread 7" [_thread_blocked, id=16868, stack(0x000000a566400000,0x000000a566500000)]
  0x0000022fbbc7f200 JavaThread "Unconstrained build operations Thread 8" [_thread_blocked, id=16872, stack(0x000000a566500000,0x000000a566600000)]
  0x0000022fbbc7d520 JavaThread "Unconstrained build operations Thread 9" [_thread_blocked, id=16876, stack(0x000000a566600000,0x000000a566700000)]
  0x0000022fbbc80a10 JavaThread "Unconstrained build operations Thread 10" [_thread_blocked, id=16880, stack(0x000000a566700000,0x000000a566800000)]
  0x0000022fbbc7d050 JavaThread "Unconstrained build operations Thread 11" [_thread_blocked, id=16884, stack(0x000000a566800000,0x000000a566900000)]
  0x0000022fbbc7d9f0 JavaThread "Unconstrained build operations Thread 12" [_thread_blocked, id=16888, stack(0x000000a566900000,0x000000a566a00000)]
  0x0000022fbbc7fba0 JavaThread "Unconstrained build operations Thread 13" [_thread_blocked, id=16892, stack(0x000000a566a00000,0x000000a566b00000)]
  0x0000022fbbc7e390 JavaThread "Unconstrained build operations Thread 14" [_thread_blocked, id=16896, stack(0x000000a566b00000,0x000000a566c00000)]
  0x0000022fbba94b20 JavaThread "Unconstrained build operations Thread 15" [_thread_blocked, id=16900, stack(0x000000a566c00000,0x000000a566d00000)]
  0x0000022fbba91fd0 JavaThread "Unconstrained build operations Thread 16" [_thread_blocked, id=16904, stack(0x000000a566d00000,0x000000a566e00000)]
  0x0000022fbba94180 JavaThread "Unconstrained build operations Thread 17" [_thread_blocked, id=16908, stack(0x000000a566e00000,0x000000a566f00000)]
  0x0000022fbba8f480 JavaThread "Unconstrained build operations Thread 18" [_thread_blocked, id=16912, stack(0x000000a566f00000,0x000000a567000000)]
  0x0000022fbba92970 JavaThread "Unconstrained build operations Thread 19" [_thread_blocked, id=16916, stack(0x000000a567000000,0x000000a567100000)]
  0x0000022fbba91630 JavaThread "Unconstrained build operations Thread 20" [_thread_blocked, id=16920, stack(0x000000a567100000,0x000000a567200000)]
  0x0000022fbba94650 JavaThread "Unconstrained build operations Thread 21" [_thread_blocked, id=16924, stack(0x000000a567200000,0x000000a567300000)]
  0x0000022fbba94ff0 JavaThread "Unconstrained build operations Thread 22" [_thread_blocked, id=16928, stack(0x000000a567300000,0x000000a567400000)]
  0x0000022fbba907c0 JavaThread "Unconstrained build operations Thread 23" [_thread_blocked, id=16932, stack(0x000000a567400000,0x000000a567500000)]
  0x0000022fbba954c0 JavaThread "Unconstrained build operations Thread 24" [_thread_blocked, id=16936, stack(0x000000a567500000,0x000000a567600000)]
  0x0000022fbba90c90 JavaThread "Unconstrained build operations Thread 25" [_thread_blocked, id=16940, stack(0x000000a567600000,0x000000a567700000)]
  0x0000022fbba93310 JavaThread "Unconstrained build operations Thread 26" [_thread_blocked, id=16944, stack(0x000000a567700000,0x000000a567800000)]
  0x0000022fbba96800 JavaThread "Unconstrained build operations Thread 27" [_thread_blocked, id=16948, stack(0x000000a567800000,0x000000a567900000)]
  0x0000022fbba95990 JavaThread "Unconstrained build operations Thread 28" [_thread_blocked, id=16952, stack(0x000000a567900000,0x000000a567a00000)]
  0x0000022fbba95e60 JavaThread "Unconstrained build operations Thread 29" [_thread_blocked, id=16956, stack(0x000000a567a00000,0x000000a567b00000)]
  0x0000022fbba924a0 JavaThread "Unconstrained build operations Thread 30" [_thread_blocked, id=16960, stack(0x000000a567b00000,0x000000a567c00000)]
  0x0000022fbba93cb0 JavaThread "Unconstrained build operations Thread 31" [_thread_blocked, id=16964, stack(0x000000a567c00000,0x000000a567d00000)]
  0x0000022fbba96330 JavaThread "Unconstrained build operations Thread 32" [_thread_blocked, id=16968, stack(0x000000a567d00000,0x000000a567e00000)]
  0x0000022fbba8f950 JavaThread "Unconstrained build operations Thread 33" [_thread_blocked, id=16972, stack(0x000000a567e00000,0x000000a567f00000)]
  0x0000022fbba96cd0 JavaThread "Unconstrained build operations Thread 34" [_thread_blocked, id=16976, stack(0x000000a567f00000,0x000000a568000000)]
  0x0000022fbba8fe20 JavaThread "Unconstrained build operations Thread 35" [_thread_blocked, id=16980, stack(0x000000a568000000,0x000000a568100000)]
  0x0000022fbba902f0 JavaThread "Unconstrained build operations Thread 36" [_thread_blocked, id=16984, stack(0x000000a568100000,0x000000a568200000)]
  0x0000022fbba937e0 JavaThread "Unconstrained build operations Thread 37" [_thread_blocked, id=16988, stack(0x000000a568200000,0x000000a568300000)]
  0x0000022fbba91160 JavaThread "Unconstrained build operations Thread 38" [_thread_blocked, id=16992, stack(0x000000a568300000,0x000000a568400000)]
  0x0000022fbba91b00 JavaThread "Unconstrained build operations Thread 39" [_thread_blocked, id=16996, stack(0x000000a568400000,0x000000a568500000)]
  0x0000022fbba92e40 JavaThread "Unconstrained build operations Thread 40" [_thread_blocked, id=17000, stack(0x000000a568500000,0x000000a568600000)]
  0x0000022fbcc9e700 JavaThread "build event listener" [_thread_blocked, id=14940, stack(0x000000a568600000,0x000000a568700000)]

Other Threads:
=>0x0000022fb7f9dbd0 VMThread "VM Thread" [stack: 0x000000a563300000,0x000000a563400000] [id=13968]
  0x0000022fb8d7ce00 WatcherThread [stack: 0x000000a563f00000,0x000000a564000000] [id=14476]
  0x0000022f9cb033d0 GCTaskThread "GC Thread#0" [stack: 0x000000a562e00000,0x000000a562f00000] [id=15604]
  0x0000022fb95bddc0 GCTaskThread "GC Thread#1" [stack: 0x000000a564000000,0x000000a564100000] [id=15708]
  0x0000022fb8ff9980 GCTaskThread "GC Thread#2" [stack: 0x000000a564100000,0x000000a564200000] [id=15044]
  0x0000022fb9202cb0 GCTaskThread "GC Thread#3" [stack: 0x000000a564200000,0x000000a564300000] [id=14888]
  0x0000022f9cb14310 ConcurrentGCThread "G1 Main Marker" [stack: 0x000000a562f00000,0x000000a563000000] [id=15820]
  0x0000022f9cb14d20 ConcurrentGCThread "G1 Conc#0" [stack: 0x000000a563000000,0x000000a563100000] [id=15868]
  0x0000022f9cb4fa80 ConcurrentGCThread "G1 Refine#0" [stack: 0x000000a563100000,0x000000a563200000] [id=16028]
  0x0000022f9cb504a0 ConcurrentGCThread "G1 Service" [stack: 0x000000a563200000,0x000000a563300000] [id=10828]

Threads with active compile tasks:
C2 CompilerThread0   133601 6442   !   4       com.google.common.reflect.TypeVisitor::visit (244 bytes)
C1 CompilerThread0   133601 6451       3       com.google.common.base.Preconditions::checkElementIndex (25 bytes)

VM state: at safepoint (normal execution)

VM Mutex/Monitor currently owned by a thread:  ([mutex/lock_event])
[0x0000022f9caa4420] Threads_lock - owner thread: 0x0000022fb7f9dbd0
[0x0000022f9caa3970] Heap_lock - owner thread: 0x0000022fba1c0c40

Heap address: 0x0000000080000000, size: 2048 MB, Compressed Oops mode: 32-bit

CDS archive(s) not mapped
Compressed class space mapped at: 0x0000000100000000-0x0000000140000000, reserved size: 1073741824
Narrow klass base: 0x0000000000000000, Narrow klass shift: 3, Narrow klass range: 0x140000000

GC Precious Log:
 CPUs: 4 total, 4 available
 Memory: 3521M
 Large Page Support: Disabled
 NUMA Support: Disabled
 Compressed Oops: Enabled (32-bit)
 Heap Region Size: 1M
 Heap Min Capacity: 8M
 Heap Initial Capacity: 56M
 Heap Max Capacity: 2G
 Pre-touch: Disabled
 Parallel Workers: 4
 Concurrent Workers: 1
 Concurrent Refinement Workers: 4
 Periodic GC: Disabled

Heap:
 garbage-first heap   total 87040K, used 50592K [0x0000000080000000, 0x0000000100000000)
  region size 1024K, 1 young (1024K), 1 survivors (1024K)
 Metaspace       used 58103K, committed 58624K, reserved 1105920K
  class space    used 7613K, committed 7872K, reserved 1048576K

Heap Regions: E=young(eden), S=young(survivor), O=old, HS=humongous(starts), HC=humongous(continues), CS=collection set, F=free, OA=open archive, CA=closed archive, TAMS=top-at-mark-start (previous, next)
|   0|0x0000000080000000, 0x0000000080100000, 0x0000000080100000|100%| O|  |TAMS 0x0000000080100000, 0x0000000080100000| Untracked 
|   1|0x0000000080100000, 0x0000000080200000, 0x0000000080200000|100%| O|  |TAMS 0x0000000080200000, 0x0000000080200000| Untracked 
|   2|0x0000000080200000, 0x0000000080300000, 0x0000000080300000|100%|HS|  |TAMS 0x0000000080300000, 0x0000000080300000| Complete 
|   3|0x0000000080300000, 0x0000000080400000, 0x0000000080400000|100%|HC|  |TAMS 0x0000000080400000, 0x0000000080400000| Complete 
|   4|0x0000000080400000, 0x0000000080500000, 0x0000000080500000|100%|HC|  |TAMS 0x0000000080500000, 0x0000000080500000| Complete 
|   5|0x0000000080500000, 0x0000000080600000, 0x0000000080600000|100%| O|  |TAMS 0x0000000080600000, 0x0000000080600000| Untracked 
|   6|0x0000000080600000, 0x0000000080700000, 0x0000000080700000|100%| O|  |TAMS 0x0000000080700000, 0x0000000080700000| Untracked 
|   7|0x0000000080700000, 0x0000000080800000, 0x0000000080800000|100%| O|  |TAMS 0x0000000080800000, 0x0000000080800000| Untracked 
|   8|0x0000000080800000, 0x0000000080900000, 0x0000000080900000|100%| O|  |TAMS 0x0000000080900000, 0x0000000080900000| Untracked 
|   9|0x0000000080900000, 0x0000000080a00000, 0x0000000080a00000|100%| O|  |TAMS 0x0000000080a00000, 0x0000000080a00000| Untracked 
|  10|0x0000000080a00000, 0x0000000080b00000, 0x0000000080b00000|100%| O|  |TAMS 0x0000000080b00000, 0x0000000080b00000| Untracked 
|  11|0x0000000080b00000, 0x0000000080c00000, 0x0000000080c00000|100%| O|  |TAMS 0x0000000080c00000, 0x0000000080c00000| Untracked 
|  12|0x0000000080c00000, 0x0000000080d00000, 0x0000000080d00000|100%| O|  |TAMS 0x0000000080d00000, 0x0000000080d00000| Untracked 
|  13|0x0000000080d00000, 0x0000000080e00000, 0x0000000080e00000|100%| O|  |TAMS 0x0000000080e00000, 0x0000000080e00000| Untracked 
|  14|0x0000000080e00000, 0x0000000080f00000, 0x0000000080f00000|100%| O|  |TAMS 0x0000000080f00000, 0x0000000080f00000| Untracked 
|  15|0x0000000080f00000, 0x0000000081000000, 0x0000000081000000|100%| O|  |TAMS 0x0000000081000000, 0x0000000081000000| Untracked 
|  16|0x0000000081000000, 0x0000000081100000, 0x0000000081100000|100%| O|  |TAMS 0x0000000081100000, 0x0000000081100000| Untracked 
|  17|0x0000000081100000, 0x0000000081200000, 0x0000000081200000|100%| O|  |TAMS 0x0000000081200000, 0x0000000081200000| Untracked 
|  18|0x0000000081200000, 0x0000000081300000, 0x0000000081300000|100%| O|  |TAMS 0x0000000081300000, 0x0000000081300000| Untracked 
|  19|0x0000000081300000, 0x0000000081400000, 0x0000000081400000|100%| O|  |TAMS 0x0000000081400000, 0x0000000081400000| Untracked 
|  20|0x0000000081400000, 0x0000000081500000, 0x0000000081500000|100%| O|  |TAMS 0x0000000081500000, 0x0000000081500000| Untracked 
|  21|0x0000000081500000, 0x0000000081600000, 0x0000000081600000|100%| O|  |TAMS 0x0000000081600000, 0x0000000081600000| Untracked 
|  22|0x0000000081600000, 0x0000000081600000, 0x0000000081700000|  0%| F|  |TAMS 0x0000000081600000, 0x0000000081600000| Untracked 
|  23|0x0000000081700000, 0x0000000081800000, 0x0000000081800000|100%| O|  |TAMS 0x0000000081800000, 0x0000000081800000| Untracked 
|  24|0x0000000081800000, 0x0000000081900000, 0x0000000081900000|100%| O|  |TAMS 0x0000000081900000, 0x0000000081900000| Untracked 
|  25|0x0000000081900000, 0x0000000081a00000, 0x0000000081a00000|100%| O|  |TAMS 0x0000000081a00000, 0x0000000081a00000| Untracked 
|  26|0x0000000081a00000, 0x0000000081b00000, 0x0000000081b00000|100%| O|  |TAMS 0x0000000081b00000, 0x0000000081b00000| Untracked 
|  27|0x0000000081b00000, 0x0000000081c00000, 0x0000000081c00000|100%| O|  |TAMS 0x0000000081c00000, 0x0000000081c00000| Untracked 
|  28|0x0000000081c00000, 0x0000000081d00000, 0x0000000081d00000|100%| O|  |TAMS 0x0000000081d00000, 0x0000000081d00000| Untracked 
|  29|0x0000000081d00000, 0x0000000081e00000, 0x0000000081e00000|100%| O|  |TAMS 0x0000000081e00000, 0x0000000081e00000| Untracked 
|  30|0x0000000081e00000, 0x0000000081f00000, 0x0000000081f00000|100%| O|  |TAMS 0x0000000081f00000, 0x0000000081f00000| Untracked 
|  31|0x0000000081f00000, 0x0000000082000000, 0x0000000082000000|100%| O|  |TAMS 0x0000000082000000, 0x0000000082000000| Untracked 
|  32|0x0000000082000000, 0x0000000082100000, 0x0000000082100000|100%| O|  |TAMS 0x0000000082100000, 0x0000000082100000| Untracked 
|  33|0x0000000082100000, 0x0000000082200000, 0x0000000082200000|100%| O|  |TAMS 0x0000000082200000, 0x0000000082200000| Untracked 
|  34|0x0000000082200000, 0x0000000082300000, 0x0000000082300000|100%| O|  |TAMS 0x0000000082300000, 0x0000000082300000| Untracked 
|  35|0x0000000082300000, 0x0000000082400000, 0x0000000082400000|100%|HS|  |TAMS 0x0000000082400000, 0x0000000082400000| Complete 
|  36|0x0000000082400000, 0x0000000082500000, 0x0000000082500000|100%|HS|  |TAMS 0x0000000082500000, 0x0000000082500000| Complete 
|  37|0x0000000082500000, 0x0000000082600000, 0x0000000082600000|100%|HS|  |TAMS 0x0000000082600000, 0x0000000082600000| Complete 
|  38|0x0000000082600000, 0x0000000082700000, 0x0000000082700000|100%| O|  |TAMS 0x0000000082700000, 0x0000000082700000| Untracked 
|  39|0x0000000082700000, 0x0000000082800000, 0x0000000082800000|100%| O|  |TAMS 0x0000000082800000, 0x0000000082800000| Untracked 
|  40|0x0000000082800000, 0x0000000082900000, 0x0000000082900000|100%|HS|  |TAMS 0x0000000082900000, 0x0000000082900000| Complete 
|  41|0x0000000082900000, 0x0000000082a00000, 0x0000000082a00000|100%|HC|  |TAMS 0x0000000082a00000, 0x0000000082a00000| Complete 
|  42|0x0000000082a00000, 0x0000000082b00000, 0x0000000082b00000|100%|HC|  |TAMS 0x0000000082b00000, 0x0000000082b00000| Complete 
|  43|0x0000000082b00000, 0x0000000082c00000, 0x0000000082c00000|100%|HC|  |TAMS 0x0000000082c00000, 0x0000000082c00000| Complete 
|  44|0x0000000082c00000, 0x0000000082d00000, 0x0000000082d00000|100%| O|  |TAMS 0x0000000082d00000, 0x0000000082d00000| Untracked 
|  45|0x0000000082d00000, 0x0000000082e00000, 0x0000000082e00000|100%| O|  |TAMS 0x0000000082e00000, 0x0000000082e00000| Untracked 
|  46|0x0000000082e00000, 0x0000000082f00000, 0x0000000082f00000|100%| O|  |TAMS 0x0000000082e00000, 0x0000000082f00000| Untracked 
|  47|0x0000000082f00000, 0x0000000083000000, 0x0000000083000000|100%| O|  |TAMS 0x0000000083000000, 0x0000000083000000| Untracked 
|  48|0x0000000083000000, 0x0000000083100000, 0x0000000083100000|100%| O|  |TAMS 0x00000000830b0600, 0x0000000083100000| Untracked 
|  49|0x0000000083100000, 0x0000000083168000, 0x0000000083200000| 40%| O|  |TAMS 0x0000000083100000, 0x0000000083168000| Untracked 
|  50|0x0000000083200000, 0x0000000083200000, 0x0000000083300000|  0%| F|  |TAMS 0x0000000083200000, 0x0000000083200000| Untracked 
|  51|0x0000000083300000, 0x0000000083300000, 0x0000000083400000|  0%| F|  |TAMS 0x0000000083300000, 0x0000000083300000| Untracked 
|  52|0x0000000083400000, 0x0000000083400000, 0x0000000083500000|  0%| F|  |TAMS 0x0000000083400000, 0x0000000083400000| Untracked 
|  53|0x0000000083500000, 0x0000000083500000, 0x0000000083600000|  0%| F|  |TAMS 0x0000000083500000, 0x0000000083500000| Untracked 
|  54|0x0000000083600000, 0x0000000083600000, 0x0000000083700000|  0%| F|  |TAMS 0x0000000083600000, 0x0000000083600000| Untracked 
|  55|0x0000000083700000, 0x0000000083700000, 0x0000000083800000|  0%| F|  |TAMS 0x0000000083700000, 0x0000000083700000| Untracked 
|  56|0x0000000083800000, 0x0000000083800000, 0x0000000083900000|  0%| F|  |TAMS 0x0000000083800000, 0x0000000083800000| Untracked 
|  57|0x0000000083900000, 0x0000000083900000, 0x0000000083a00000|  0%| F|  |TAMS 0x0000000083900000, 0x0000000083900000| Untracked 
|  58|0x0000000083a00000, 0x0000000083a00000, 0x0000000083b00000|  0%| F|  |TAMS 0x0000000083a00000, 0x0000000083a00000| Untracked 
|  59|0x0000000083b00000, 0x0000000083b00000, 0x0000000083c00000|  0%| F|  |TAMS 0x0000000083b00000, 0x0000000083b00000| Untracked 
|  60|0x0000000083c00000, 0x0000000083c00000, 0x0000000083d00000|  0%| F|  |TAMS 0x0000000083c00000, 0x0000000083c00000| Untracked 
|  61|0x0000000083d00000, 0x0000000083d00000, 0x0000000083e00000|  0%| F|  |TAMS 0x0000000083d00000, 0x0000000083d00000| Untracked 
|  62|0x0000000083e00000, 0x0000000083e00000, 0x0000000083f00000|  0%| F|  |TAMS 0x0000000083e00000, 0x0000000083e00000| Untracked 
|  63|0x0000000083f00000, 0x0000000083f00000, 0x0000000084000000|  0%| F|  |TAMS 0x0000000083f00000, 0x0000000083f00000| Untracked 
|  64|0x0000000084000000, 0x0000000084000000, 0x0000000084100000|  0%| F|  |TAMS 0x0000000084000000, 0x0000000084000000| Untracked 
|  65|0x0000000084100000, 0x0000000084100000, 0x0000000084200000|  0%| F|  |TAMS 0x0000000084100000, 0x0000000084100000| Untracked 
|  66|0x0000000084200000, 0x0000000084200000, 0x0000000084300000|  0%| F|  |TAMS 0x0000000084200000, 0x0000000084200000| Untracked 
|  67|0x0000000084300000, 0x0000000084300000, 0x0000000084400000|  0%| F|  |TAMS 0x0000000084300000, 0x0000000084300000| Untracked 
|  68|0x0000000084400000, 0x0000000084400000, 0x0000000084500000|  0%| F|  |TAMS 0x0000000084400000, 0x0000000084400000| Untracked 
|  69|0x0000000084500000, 0x0000000084600000, 0x0000000084600000|100%| S|CS|TAMS 0x0000000084500000, 0x0000000084500000| Complete 
|  70|0x0000000084600000, 0x0000000084600000, 0x0000000084700000|  0%| F|  |TAMS 0x0000000084600000, 0x0000000084600000| Untracked 
|  71|0x0000000084700000, 0x0000000084700000, 0x0000000084800000|  0%| F|  |TAMS 0x0000000084700000, 0x0000000084700000| Untracked 
|  72|0x0000000084800000, 0x0000000084800000, 0x0000000084900000|  0%| F|  |TAMS 0x0000000084800000, 0x0000000084800000| Untracked 
|  73|0x0000000084900000, 0x0000000084900000, 0x0000000084a00000|  0%| F|  |TAMS 0x0000000084900000, 0x0000000084900000| Untracked 
|  74|0x0000000084a00000, 0x0000000084a00000, 0x0000000084b00000|  0%| F|  |TAMS 0x0000000084a00000, 0x0000000084a00000| Untracked 
|  75|0x0000000084b00000, 0x0000000084b00000, 0x0000000084c00000|  0%| F|  |TAMS 0x0000000084b00000, 0x0000000084b00000| Untracked 
|  76|0x0000000084c00000, 0x0000000084c00000, 0x0000000084d00000|  0%| F|  |TAMS 0x0000000084c00000, 0x0000000084c00000| Untracked 
|  77|0x0000000084d00000, 0x0000000084d00000, 0x0000000084e00000|  0%| F|  |TAMS 0x0000000084d00000, 0x0000000084d00000| Untracked 
|  78|0x0000000084e00000, 0x0000000084e00000, 0x0000000084f00000|  0%| F|  |TAMS 0x0000000084e00000, 0x0000000084e00000| Untracked 
|  79|0x0000000084f00000, 0x0000000084f00000, 0x0000000085000000|  0%| F|  |TAMS 0x0000000084f00000, 0x0000000084f00000| Untracked 
|  80|0x0000000085000000, 0x0000000085000000, 0x0000000085100000|  0%| F|  |TAMS 0x0000000085000000, 0x0000000085000000| Untracked 
|  81|0x0000000085100000, 0x0000000085100000, 0x0000000085200000|  0%| F|  |TAMS 0x0000000085100000, 0x0000000085100000| Untracked 
|  82|0x0000000085200000, 0x0000000085200000, 0x0000000085300000|  0%| F|  |TAMS 0x0000000085200000, 0x0000000085200000| Untracked 
|  83|0x0000000085300000, 0x0000000085300000, 0x0000000085400000|  0%| F|  |TAMS 0x0000000085300000, 0x0000000085300000| Untracked 
|  84|0x0000000085400000, 0x0000000085400000, 0x0000000085500000|  0%| F|  |TAMS 0x0000000085400000, 0x0000000085400000| Untracked 

Card table byte_map: [0x0000022fb1180000,0x0000022fb1580000] _byte_map_base: 0x0000022fb0d80000

Marking Bits (Prev, Next): (CMBitMap*) 0x0000022f9cb039e0, (CMBitMap*) 0x0000022f9cb03a20
 Prev Bits: [0x0000022fb1980000, 0x0000022fb3980000)
 Next Bits: [0x0000022fb3980000, 0x0000022fb5980000)

Polling page: 0x0000022f9cb70000

Metaspace:

Usage:
  Non-class:     49.31 MB used.
      Class:      7.44 MB used.
       Both:     56.74 MB used.

Virtual space:
  Non-class space:       56.00 MB reserved,      49.56 MB ( 89%) committed,  7 nodes.
      Class space:        1.00 GB reserved,       7.69 MB ( <1%) committed,  1 nodes.
             Both:        1.05 GB reserved,      57.25 MB (  5%) committed. 

Chunk freelists:
   Non-Class:  1.81 MB
       Class:  354.00 KB
        Both:  2.16 MB

MaxMetaspaceSize: unlimited
CompressedClassSpaceSize: 1.00 GB
Initial GC threshold: 21.00 MB
Current GC threshold: 88.25 MB
CDS: off
MetaspaceReclaimPolicy: balanced
 - commit_granule_bytes: 65536.
 - commit_granule_words: 8192.
 - virtual_space_node_default_size: 1048576.
 - enlarge_chunks_in_place: 1.
 - new_chunks_are_fully_committed: 0.
 - uncommit_free_chunks: 1.
 - use_allocation_guard: 0.
 - handle_deallocations: 1.


Internal statistics:

num_allocs_failed_limit: 6.
num_arena_births: 514.
num_arena_deaths: 0.
num_vsnodes_births: 8.
num_vsnodes_deaths: 0.
num_space_committed: 916.
num_space_uncommitted: 0.
num_chunks_returned_to_freelist: 6.
num_chunks_taken_from_freelist: 2383.
num_chunk_merges: 6.
num_chunk_splits: 1601.
num_chunks_enlarged: 1119.
num_purges: 0.
num_inconsistent_stats: 0.

CodeHeap 'non-profiled nmethods': size=120000Kb used=2833Kb max_used=3463Kb free=117166Kb
 bounds [0x0000022fa9230000, 0x0000022fa95a0000, 0x0000022fb0760000]
CodeHeap 'profiled nmethods': size=120000Kb used=10542Kb max_used=12408Kb free=109458Kb
 bounds [0x0000022fa1760000, 0x0000022fa2380000, 0x0000022fa8c90000]
CodeHeap 'non-nmethods': size=5760Kb used=2327Kb max_used=2364Kb free=3433Kb
 bounds [0x0000022fa8c90000, 0x0000022fa8f00000, 0x0000022fa9230000]
 total_blobs=6447 nmethods=5602 adapters=756
 compilation: enabled
              stopped_count=0, restarted_count=0
 full_count=0

Compilation events (20 events):
Event: 133.383 Thread 0x0000022fb8c12fc0 nmethod 6437 0x0000022fa9406f90 code [0x0000022fa9407120, 0x0000022fa94071f8]
Event: 133.383 Thread 0x0000022fb8c12fc0 6438       1       org.gradle.api.internal.provider.DefaultValueSourceProviderFactory::access$300 (5 bytes)
Event: 133.383 Thread 0x0000022fb8c12fc0 nmethod 6438 0x0000022fa9406b90 code [0x0000022fa9406d20, 0x0000022fa9406dd8]
Event: 133.384 Thread 0x0000022fb8c12fc0 6439       3       org.gradle.api.internal.provider.Providers::internal (8 bytes)
Event: 133.384 Thread 0x0000022fb8c12fc0 nmethod 6439 0x0000022fa1d75810 code [0x0000022fa1d759c0, 0x0000022fa1d75c18]
Event: 133.384 Thread 0x0000022fb8c0e5c0 nmethod 6392 0x0000022fa93d1d90 code [0x0000022fa93d1f20, 0x0000022fa93d2518]
Event: 133.384 Thread 0x0000022fb8c12fc0 6440       3       com.google.common.collect.AbstractIndexedListIterator::hasNext (17 bytes)
Event: 133.385 Thread 0x0000022fb8c12fc0 nmethod 6440 0x0000022fa1a3ce10 code [0x0000022fa1a3cfa0, 0x0000022fa1a3d118]
Event: 133.385 Thread 0x0000022fb8c12fc0 6441       1       com.android.build.gradle.options.BooleanOption::getPropertyName (5 bytes)
Event: 133.385 Thread 0x0000022fb8c12fc0 nmethod 6441 0x0000022fa93d1a90 code [0x0000022fa93d1c20, 0x0000022fa93d1cf8]
Event: 133.385 Thread 0x0000022fb8c0e5c0 6442   !   4       com.google.common.reflect.TypeVisitor::visit (244 bytes)
Event: 133.385 Thread 0x0000022fb8c12fc0 6443       3       com.google.common.reflect.TypeResolver::resolveTypes (32 bytes)
Event: 133.385 Thread 0x0000022fb8c12fc0 nmethod 6443 0x0000022fa1f33210 code [0x0000022fa1f333e0, 0x0000022fa1f33828]
Event: 133.385 Thread 0x0000022fb8c12fc0 6444       3       com.google.common.reflect.Types$JavaVersion::usedInGenericType (48 bytes)
Event: 133.386 Thread 0x0000022fb8c12fc0 nmethod 6444 0x0000022fa1bde910 code [0x0000022fa1bdeb20, 0x0000022fa1bdf1e8]
Event: 133.386 Thread 0x0000022fb8c12fc0 6445       3       com.google.common.collect.ImmutableMap$Builder::<init> (23 bytes)
Event: 133.386 Thread 0x0000022fb8c12fc0 nmethod 6445 0x0000022fa1fdd090 code [0x0000022fa1fdd240, 0x0000022fa1fdd4b8]
Event: 133.386 Thread 0x0000022fb8c12fc0 6446       3       com.google.common.collect.ImmutableMap$Builder::build (166 bytes)
Event: 133.388 Thread 0x0000022fb8c12fc0 nmethod 6446 0x0000022fa178b510 code [0x0000022fa178b8a0, 0x0000022fa178d2f8]
Event: 133.388 Thread 0x0000022fb8c12fc0 6451       3       com.google.common.base.Preconditions::checkElementIndex (25 bytes)

GC Heap History (20 events):
Event: 98.304 GC heap after
{Heap after GC invocations=29 (full 0):
 garbage-first heap   total 58368K, used 36290K [0x0000000080000000, 0x0000000100000000)
  region size 1024K, 2 young (2048K), 2 survivors (2048K)
 Metaspace       used 51468K, committed 51904K, reserved 1097728K
  class space    used 6782K, committed 6976K, reserved 1048576K
}
Event: 102.759 GC heap before
{Heap before GC invocations=30 (full 0):
 garbage-first heap   total 65536K, used 42434K [0x0000000080000000, 0x0000000100000000)
  region size 1024K, 10 young (10240K), 2 survivors (2048K)
 Metaspace       used 51773K, committed 52224K, reserved 1097728K
  class space    used 6823K, committed 7040K, reserved 1048576K
}
Event: 102.777 GC heap after
{Heap after GC invocations=31 (full 0):
 garbage-first heap   total 65536K, used 36156K [0x0000000080000000, 0x0000000100000000)
  region size 1024K, 1 young (1024K), 1 survivors (1024K)
 Metaspace       used 51773K, committed 52224K, reserved 1097728K
  class space    used 6823K, committed 7040K, reserved 1048576K
}
Event: 103.985 GC heap before
{Heap before GC invocations=32 (full 0):
 garbage-first heap   total 65536K, used 37180K [0x0000000080000000, 0x0000000100000000)
  region size 1024K, 2 young (2048K), 1 survivors (1024K)
 Metaspace       used 51776K, committed 52224K, reserved 1097728K
  class space    used 6824K, committed 7040K, reserved 1048576K
}
Event: 103.990 GC heap after
{Heap after GC invocations=33 (full 0):
 garbage-first heap   total 65536K, used 37191K [0x0000000080000000, 0x0000000100000000)
  region size 1024K, 1 young (1024K), 1 survivors (1024K)
 Metaspace       used 51776K, committed 52224K, reserved 1097728K
  class space    used 6824K, committed 7040K, reserved 1048576K
}
Event: 106.520 GC heap before
{Heap before GC invocations=34 (full 0):
 garbage-first heap   total 66560K, used 38215K [0x0000000080000000, 0x0000000100000000)
  region size 1024K, 3 young (3072K), 1 survivors (1024K)
 Metaspace       used 51806K, committed 52288K, reserved 1097728K
  class space    used 6829K, committed 7040K, reserved 1048576K
}
Event: 106.525 GC heap after
{Heap after GC invocations=35 (full 0):
 garbage-first heap   total 66560K, used 39523K [0x0000000080000000, 0x0000000100000000)
  region size 1024K, 2 young (2048K), 2 survivors (2048K)
 Metaspace       used 51806K, committed 52288K, reserved 1097728K
  class space    used 6829K, committed 7040K, reserved 1048576K
}
Event: 111.575 GC heap before
{Heap before GC invocations=36 (full 0):
 garbage-first heap   total 68608K, used 42595K [0x0000000080000000, 0x0000000100000000)
  region size 1024K, 5 young (5120K), 2 survivors (2048K)
 Metaspace       used 51817K, committed 52288K, reserved 1097728K
  class space    used 6829K, committed 7040K, reserved 1048576K
}
Event: 111.615 GC heap after
{Heap after GC invocations=37 (full 0):
 garbage-first heap   total 68608K, used 42084K [0x0000000080000000, 0x0000000100000000)
  region size 1024K, 2 young (2048K), 2 survivors (2048K)
 Metaspace       used 51817K, committed 52288K, reserved 1097728K
  class space    used 6829K, committed 7040K, reserved 1048576K
}
Event: 116.722 GC heap before
{Heap before GC invocations=38 (full 0):
 garbage-first heap   total 73728K, used 47204K [0x0000000080000000, 0x0000000100000000)
  region size 1024K, 5 young (5120K), 2 survivors (2048K)
 Metaspace       used 51820K, committed 52288K, reserved 1097728K
  class space    used 6829K, committed 7040K, reserved 1048576K
}
Event: 116.732 GC heap after
{Heap after GC invocations=39 (full 0):
 garbage-first heap   total 73728K, used 48407K [0x0000000080000000, 0x0000000100000000)
  region size 1024K, 2 young (2048K), 2 survivors (2048K)
 Metaspace       used 51820K, committed 52288K, reserved 1097728K
  class space    used 6829K, committed 7040K, reserved 1048576K
}
Event: 121.287 GC heap before
{Heap before GC invocations=40 (full 0):
 garbage-first heap   total 83968K, used 54551K [0x0000000080000000, 0x0000000100000000)
  region size 1024K, 8 young (8192K), 2 survivors (2048K)
 Metaspace       used 52411K, committed 52864K, reserved 1097728K
  class space    used 6899K, committed 7104K, reserved 1048576K
}
Event: 121.293 GC heap after
{Heap after GC invocations=41 (full 0):
 garbage-first heap   total 83968K, used 49857K [0x0000000080000000, 0x0000000100000000)
  region size 1024K, 1 young (1024K), 1 survivors (1024K)
 Metaspace       used 52411K, committed 52864K, reserved 1097728K
  class space    used 6899K, committed 7104K, reserved 1048576K
}
Event: 125.651 GC heap before
{Heap before GC invocations=41 (full 0):
 garbage-first heap   total 83968K, used 59073K [0x0000000080000000, 0x0000000100000000)
  region size 1024K, 11 young (11264K), 1 survivors (1024K)
 Metaspace       used 53753K, committed 54208K, reserved 1097728K
  class space    used 7083K, committed 7296K, reserved 1048576K
}
Event: 125.654 GC heap after
{Heap after GC invocations=42 (full 0):
 garbage-first heap   total 83968K, used 50143K [0x0000000080000000, 0x0000000100000000)
  region size 1024K, 2 young (2048K), 2 survivors (2048K)
 Metaspace       used 53753K, committed 54208K, reserved 1097728K
  class space    used 7083K, committed 7296K, reserved 1048576K
}
Event: 129.095 GC heap before
{Heap before GC invocations=43 (full 0):
 garbage-first heap   total 87040K, used 60383K [0x0000000080000000, 0x0000000100000000)
  region size 1024K, 12 young (12288K), 2 survivors (2048K)
 Metaspace       used 55234K, committed 55680K, reserved 1097728K
  class space    used 7285K, committed 7488K, reserved 1048576K
}
Event: 129.101 GC heap after
{Heap after GC invocations=44 (full 0):
 garbage-first heap   total 87040K, used 50521K [0x0000000080000000, 0x0000000100000000)
  region size 1024K, 1 young (1024K), 1 survivors (1024K)
 Metaspace       used 55234K, committed 55680K, reserved 1097728K
  class space    used 7285K, committed 7488K, reserved 1048576K
}
Event: 129.850 GC heap before
{Heap before GC invocations=44 (full 0):
 garbage-first heap   total 87040K, used 52569K [0x0000000080000000, 0x0000000100000000)
  region size 1024K, 4 young (4096K), 1 survivors (1024K)
 Metaspace       used 55634K, committed 56064K, reserved 1105920K
  class space    used 7340K, committed 7552K, reserved 1048576K
}
Event: 129.858 GC heap after
{Heap after GC invocations=45 (full 0):
 garbage-first heap   total 87040K, used 50188K [0x0000000080000000, 0x0000000100000000)
  region size 1024K, 1 young (1024K), 1 survivors (1024K)
 Metaspace       used 55634K, committed 56064K, reserved 1105920K
  class space    used 7340K, committed 7552K, reserved 1048576K
}
Event: 133.389 GC heap before
{Heap before GC invocations=45 (full 0):
 garbage-first heap   total 87040K, used 63500K [0x0000000080000000, 0x0000000100000000)
  region size 1024K, 15 young (15360K), 1 survivors (1024K)
 Metaspace       used 58103K, committed 58624K, reserved 1105920K
  class space    used 7613K, committed 7872K, reserved 1048576K
}

Dll operation events (2 events):
Event: 0.215 Loaded shared library C:\Program Files\Android\Android Studio\jbr\bin\java.dll
Event: 4.487 Loaded shared library C:\Program Files\Android\Android Studio\jbr\bin\verify.dll

Deoptimization events (20 events):
Event: 129.103 Thread 0x0000022fb8d70020 Uncommon trap: trap_request=0xffffffde fr.pc=0x0000022fa9485a28 relative=0x0000000000000488
Event: 129.103 Thread 0x0000022fb8d70020 Uncommon trap: reason=class_check action=maybe_recompile pc=0x0000022fa9485a28 method=jdk.internal.ref.PhantomCleanable.clean()V @ 12 c2
Event: 129.103 Thread 0x0000022fb8d70020 DEOPT PACKING pc=0x0000022fa9485a28 sp=0x000000a563dff160
Event: 129.103 Thread 0x0000022fb8d70020 DEOPT UNPACKING pc=0x0000022fa8ce69a3 sp=0x000000a563dff140 mode 2
Event: 129.590 Thread 0x0000022fba1c0c40 Uncommon trap: trap_request=0xffffffde fr.pc=0x0000022fa93bfeac relative=0x0000000000000a0c
Event: 129.590 Thread 0x0000022fba1c0c40 Uncommon trap: reason=class_check action=maybe_recompile pc=0x0000022fa93bfeac method=java.io.BufferedInputStream.read1([BII)I @ 39 c2
Event: 129.590 Thread 0x0000022fba1c0c40 DEOPT PACKING pc=0x0000022fa93bfeac sp=0x000000a5649f7c50
Event: 129.590 Thread 0x0000022fba1c0c40 DEOPT UNPACKING pc=0x0000022fa8ce69a3 sp=0x000000a5649f7b68 mode 2
Event: 129.592 Thread 0x0000022fba1c0c40 Uncommon trap: trap_request=0xffffffde fr.pc=0x0000022fa93beee8 relative=0x00000000000001a8
Event: 129.592 Thread 0x0000022fba1c0c40 Uncommon trap: reason=class_check action=maybe_recompile pc=0x0000022fa93beee8 method=java.io.BufferedInputStream.read1([BII)I @ 39 c2
Event: 129.592 Thread 0x0000022fba1c0c40 DEOPT PACKING pc=0x0000022fa93beee8 sp=0x000000a5649f7bb0
Event: 129.592 Thread 0x0000022fba1c0c40 DEOPT UNPACKING pc=0x0000022fa8ce69a3 sp=0x000000a5649f7b58 mode 2
Event: 130.030 Thread 0x0000022fba1c0c40 Uncommon trap: trap_request=0xffffff45 fr.pc=0x0000022fa954e9e0 relative=0x00000000000002a0
Event: 130.030 Thread 0x0000022fba1c0c40 Uncommon trap: reason=unstable_if action=reinterpret pc=0x0000022fa954e9e0 method=org.gradle.internal.instantiation.generator.AbstractClassGenerator$InjectionAnnotationValidator.validateMethod(Ljava/lang/reflect/Method;Lorg/gradle/internal/reflect/Propert
Event: 130.030 Thread 0x0000022fba1c0c40 DEOPT PACKING pc=0x0000022fa954e9e0 sp=0x000000a5649f75a0
Event: 130.030 Thread 0x0000022fba1c0c40 DEOPT UNPACKING pc=0x0000022fa8ce69a3 sp=0x000000a5649f7568 mode 2
Event: 130.030 Thread 0x0000022fba1c0c40 Uncommon trap: trap_request=0xffffff45 fr.pc=0x0000022fa954f3b4 relative=0x0000000000000434
Event: 130.030 Thread 0x0000022fba1c0c40 Uncommon trap: reason=unstable_if action=reinterpret pc=0x0000022fa954f3b4 method=org.gradle.internal.instantiation.generator.AbstractClassGenerator$InjectionAnnotationValidator.validateMethod(Ljava/lang/reflect/Method;Lorg/gradle/internal/reflect/Propert
Event: 130.030 Thread 0x0000022fba1c0c40 DEOPT PACKING pc=0x0000022fa954f3b4 sp=0x000000a5649f74e0
Event: 130.030 Thread 0x0000022fba1c0c40 DEOPT UNPACKING pc=0x0000022fa8ce69a3 sp=0x000000a5649f74d0 mode 2

Classes unloaded (0 events):
No events

Classes redefined (0 events):
No events

Internal exceptions (20 events):
Event: 83.829 Thread 0x0000022fba1c0c40 Exception <a 'java/lang/NoSuchMethodError'{0x00000000836e8458}: 'java.lang.Object java.lang.invoke.DirectMethodHandle$Holder.invokeStatic(java.lang.Object, java.lang.Object, java.lang.Object, java.lang.Object, java.lang.Object, java.lang.Object, java.lang.Object, java.lang.Object, java.lang.Object, java.lang.Object, java.lang.Object, java.lang.Object, java.lang.Object, java.lang.Object, java.lang.Object, java.lang.Object, java.lang.Object, java.lang.Object, java.lang.Object, java.lang.Object, java.lang.Obj
Event: 85.200 Thread 0x0000022fba1c0c40 Exception <a 'java/lang/NoSuchMethodError'{0x000000008337e388}: 'java.lang.Object java.lang.invoke.DirectMethodHandle$Holder.newInvokeSpecial(java.lang.Object, java.lang.Object, int)'> (0x000000008337e388) 
thrown [s\src\hotspot\share\interpreter\linkResolver.cpp, line 771]
Event: 100.816 Thread 0x0000022fba1c0c40 Exception <a 'java/lang/NoSuchMethodError'{0x0000000083cd5a60}: 'long java.lang.invoke.DirectMethodHandle$Holder.invokeVirtual(java.lang.Object, java.lang.Object)'> (0x0000000083cd5a60) 
thrown [s\src\hotspot\share\interpreter\linkResolver.cpp, line 771]
Event: 100.993 Thread 0x0000022fba1bef60 Exception <a 'java/lang/NoSuchMethodError'{0x0000000083b08fb0}: static Lorg/gradle/internal/build/event/types/DefaultOperationFinishedProgressEvent;.<clinit>()V> (0x0000000083b08fb0) 
thrown [s\src\hotspot\share\prims\jni.cpp, line 1108]
Event: 101.010 Thread 0x0000022fba1bef60 Exception <a 'java/lang/NoSuchMethodError'{0x0000000083b31838}: static Lorg/gradle/internal/build/event/types/DefaultProjectConfigurationSuccessResult;.<clinit>()V> (0x0000000083b31838) 
thrown [s\src\hotspot\share\prims\jni.cpp, line 1108]
Event: 101.010 Thread 0x0000022fba1bef60 Exception <a 'java/lang/NoSuchMethodError'{0x0000000083b32db8}: static Lorg/gradle/internal/build/event/types/AbstractProjectConfigurationResult;.<clinit>()V> (0x0000000083b32db8) 
thrown [s\src\hotspot\share\prims\jni.cpp, line 1108]
Event: 101.010 Thread 0x0000022fba1bef60 Exception <a 'java/lang/NoSuchMethodError'{0x0000000083b34510}: static Lorg/gradle/internal/build/event/types/AbstractOperationResult;.<clinit>()V> (0x0000000083b34510) 
thrown [s\src\hotspot\share\prims\jni.cpp, line 1108]
Event: 101.011 Thread 0x0000022fba1bef60 Exception <a 'java/lang/NoSuchMethodError'{0x0000000083b35988}: static Lorg/gradle/internal/build/event/types/AbstractResult;.<clinit>()V> (0x0000000083b35988) 
thrown [s\src\hotspot\share\prims\jni.cpp, line 1108]
Event: 101.045 Thread 0x0000022fba1bef60 Exception <a 'java/lang/NoSuchMethodError'{0x0000000083b4d758}: static Lorg/gradle/internal/build/event/types/DefaultPluginApplicationResult;.<clinit>()V> (0x0000000083b4d758) 
thrown [s\src\hotspot\share\prims\jni.cpp, line 1108]
Event: 101.048 Thread 0x0000022fba1bef60 Exception <a 'java/lang/NoSuchMethodError'{0x0000000083b59b10}: static Lorg/gradle/internal/build/event/types/DefaultBinaryPluginIdentifier;.<clinit>()V> (0x0000000083b59b10) 
thrown [s\src\hotspot\share\prims\jni.cpp, line 1108]
Event: 101.085 Thread 0x0000022fba1bef60 Exception <a 'java/lang/NoSuchMethodError'{0x0000000083b75078}: static Lorg/gradle/internal/build/event/types/DefaultScriptPluginIdentifier;.<clinit>()V> (0x0000000083b75078) 
thrown [s\src\hotspot\share\prims\jni.cpp, line 1108]
Event: 102.315 Thread 0x0000022fba1c0c40 Exception <a 'java/lang/ClassNotFoundException'{0x0000000083a0bfc0}: build_68rosf3f091i019qh78rar0u8BeanInfo> (0x0000000083a0bfc0) 
thrown [s\src\hotspot\share\classfile\systemDictionary.cpp, line 256]
Event: 102.318 Thread 0x0000022fba1c0c40 Exception <a 'java/lang/ClassNotFoundException'{0x0000000083a12840}: build_68rosf3f091i019qh78rar0u8Customizer> (0x0000000083a12840) 
thrown [s\src\hotspot\share\classfile\systemDictionary.cpp, line 256]
Event: 120.409 Thread 0x0000022fba1c0c40 Exception <a 'java/lang/ClassNotFoundException'{0x0000000084fa6930}: org/gradle/api/internal/plugins/DefaultObjectConfigurationActionBeanInfo> (0x0000000084fa6930) 
thrown [s\src\hotspot\share\classfile\systemDictionary.cpp, line 256]
Event: 120.455 Thread 0x0000022fba1c0c40 Exception <a 'java/lang/ClassNotFoundException'{0x0000000084fb8e68}: org/gradle/api/internal/plugins/DefaultObjectConfigurationActionCustomizer> (0x0000000084fb8e68) 
thrown [s\src\hotspot\share\classfile\systemDictionary.cpp, line 256]
Event: 125.044 Thread 0x0000022fba1c0c40 Exception <a 'java/lang/NoSuchMethodError'{0x00000000849ccd40}: 'java.lang.Object java.lang.invoke.DirectMethodHandle$Holder.newInvokeSpecial(java.lang.Object, java.lang.Object, java.lang.Object, java.lang.Object, int)'> (0x00000000849ccd40) 
thrown [s\src\hotspot\share\interpreter\linkResolver.cpp, line 771]
Event: 125.049 Thread 0x0000022fba1c0c40 Exception <a 'java/lang/NoSuchMethodError'{0x00000000849d1ee0}: 'java.lang.Object java.lang.invoke.DirectMethodHandle$Holder.invokeSpecial(java.lang.Object, java.lang.Object, java.lang.Object, java.lang.Object, java.lang.Object, int)'> (0x00000000849d1ee0) 
thrown [s\src\hotspot\share\interpreter\linkResolver.cpp, line 771]
Event: 125.050 Thread 0x0000022fba1c0c40 Exception <a 'java/lang/NoSuchMethodError'{0x00000000849d69b8}: 'java.lang.Object java.lang.invoke.Invokers$Holder.linkToTargetMethod(java.lang.Object, java.lang.Object, java.lang.Object, int, java.lang.Object)'> (0x00000000849d69b8) 
thrown [s\src\hotspot\share\interpreter\linkResolver.cpp, line 771]
Event: 125.280 Thread 0x0000022fba1c0c40 Exception <a 'java/lang/NoSuchMethodError'{0x00000000848ab3d8}: 'java.lang.Object java.lang.invoke.DirectMethodHandle$Holder.newInvokeSpecial(java.lang.Object, java.lang.Object, int, int)'> (0x00000000848ab3d8) 
thrown [s\src\hotspot\share\interpreter\linkResolver.cpp, line 771]
Event: 129.871 Thread 0x0000022fba1c0c40 Exception <a 'java/lang/NoSuchMethodError'{0x000000008541d410}: 'int java.lang.invoke.DirectMethodHandle$Holder.invokeInterface(java.lang.Object, java.lang.Object, java.lang.Object, java.lang.Object)'> (0x000000008541d410) 
thrown [s\src\hotspot\share\interpreter\linkResolver.cpp, line 771]

VM Operations (20 events):
Event: 127.099 Executing VM operation: Cleanup done
Event: 128.994 Executing VM operation: HandshakeAllThreads
Event: 129.027 Executing VM operation: HandshakeAllThreads done
Event: 129.027 Executing VM operation: Cleanup
Event: 129.028 Executing VM operation: Cleanup done
Event: 129.095 Executing VM operation: G1CollectForAllocation
Event: 129.101 Executing VM operation: G1CollectForAllocation done
Event: 129.821 Executing VM operation: HandshakeAllThreads
Event: 129.821 Executing VM operation: HandshakeAllThreads done
Event: 129.850 Executing VM operation: G1CollectForAllocation
Event: 129.859 Executing VM operation: G1CollectForAllocation done
Event: 129.869 Executing VM operation: HandshakeAllThreads
Event: 129.869 Executing VM operation: HandshakeAllThreads done
Event: 130.873 Executing VM operation: Cleanup
Event: 130.873 Executing VM operation: Cleanup done
Event: 131.895 Executing VM operation: Cleanup
Event: 131.921 Executing VM operation: Cleanup done
Event: 132.923 Executing VM operation: Cleanup
Event: 132.923 Executing VM operation: Cleanup done
Event: 133.388 Executing VM operation: G1CollectForAllocation

Events (20 events):
Event: 132.402 loading class java/time/format/DateTimeFormatterBuilder$FractionPrinterParser
Event: 132.402 loading class java/time/format/DateTimeFormatterBuilder$FractionPrinterParser done
Event: 132.402 loading class java/time/format/DateTimeFormatterBuilder$ZoneIdPrinterParser
Event: 132.402 loading class java/time/format/DateTimeFormatterBuilder$ZoneIdPrinterParser done
Event: 132.402 loading class java/time/format/DateTimeFormatterBuilder$StringLiteralPrinterParser
Event: 132.402 loading class java/time/format/DateTimeFormatterBuilder$StringLiteralPrinterParser done
Event: 132.402 loading class java/time/format/DateTimeFormatterBuilder$InstantPrinterParser
Event: 132.425 loading class java/time/format/DateTimeFormatterBuilder$InstantPrinterParser done
Event: 132.432 loading class java/time/format/DateTimeTextProvider$LocaleStore
Event: 132.433 loading class java/time/format/DateTimeTextProvider$LocaleStore done
Event: 132.433 loading class java/time/format/DateTimeTextProvider
Event: 132.433 loading class java/time/format/DateTimeTextProvider done
Event: 132.433 loading class java/time/format/DateTimeTextProvider$1
Event: 132.433 loading class java/time/format/DateTimeTextProvider$1 done
Event: 132.433 loading class java/time/format/DateTimeFormatterBuilder$1
Event: 132.433 loading class java/time/format/DateTimeFormatterBuilder$1 done
Event: 132.434 loading class java/time/format/DateTimeFormatterBuilder$TextPrinterParser
Event: 132.434 loading class java/time/format/DateTimeFormatterBuilder$TextPrinterParser done
Event: 132.435 loading class java/util/concurrent/Executors$DefaultThreadFactory
Event: 132.445 loading class java/util/concurrent/Executors$DefaultThreadFactory done


Dynamic libraries:
0x00007ff7ac340000 - 0x00007ff7ac34a000 	C:\Program Files\Android\Android Studio\jbr\bin\java.exe
0x00007ffb09f90000 - 0x00007ffb0a1a4000 	C:\WINDOWS\SYSTEM32\ntdll.dll
0x00007ffb09670000 - 0x00007ffb09732000 	C:\WINDOWS\System32\KERNEL32.DLL
0x00007ffb07720000 - 0x00007ffb07ac3000 	C:\WINDOWS\System32\KERNELBASE.dll
0x00007ffb07600000 - 0x00007ffb07711000 	C:\WINDOWS\System32\ucrtbase.dll
0x00007ffafbd50000 - 0x00007ffafbd67000 	C:\Program Files\Android\Android Studio\jbr\bin\jli.dll
0x00007ffb08320000 - 0x00007ffb084cb000 	C:\WINDOWS\System32\USER32.dll
0x00007ffb07390000 - 0x00007ffb073b6000 	C:\WINDOWS\System32\win32u.dll
0x00007ffb09520000 - 0x00007ffb09549000 	C:\WINDOWS\System32\GDI32.dll
0x00007ffb073c0000 - 0x00007ffb074d9000 	C:\WINDOWS\System32\gdi32full.dll
0x00007ffb07560000 - 0x00007ffb075fa000 	C:\WINDOWS\System32\msvcp_win.dll
0x00007ffb02770000 - 0x00007ffb0278b000 	C:\Program Files\Android\Android Studio\jbr\bin\VCRUNTIME140.dll
0x00007ffaf4350000 - 0x00007ffaf45de000 	C:\WINDOWS\WinSxS\amd64_microsoft.windows.common-controls_6595b64144ccf1df_6.0.22621.1635_none_270f70857386168e\COMCTL32.dll
0x00007ffb09b00000 - 0x00007ffb09ba7000 	C:\WINDOWS\System32\msvcrt.dll
0x00007ffb093d0000 - 0x00007ffb09401000 	C:\WINDOWS\System32\IMM32.DLL
0x00007ffafec10000 - 0x00007ffafec1c000 	C:\Program Files\Android\Android Studio\jbr\bin\vcruntime140_1.dll
0x00007ffae1b40000 - 0x00007ffae1bcd000 	C:\Program Files\Android\Android Studio\jbr\bin\msvcp140.dll
0x00007ffabd040000 - 0x00007ffabdcad000 	C:\Program Files\Android\Android Studio\jbr\bin\server\jvm.dll
0x00007ffb09470000 - 0x00007ffb0951e000 	C:\WINDOWS\System32\ADVAPI32.dll
0x00007ffb09e10000 - 0x00007ffb09eb4000 	C:\WINDOWS\System32\sechost.dll
0x00007ffb08200000 - 0x00007ffb08317000 	C:\WINDOWS\System32\RPCRT4.dll
0x00007ffae1500000 - 0x00007ffae1509000 	C:\WINDOWS\SYSTEM32\WSOCK32.dll
0x00007ffb09bb0000 - 0x00007ffb09c21000 	C:\WINDOWS\System32\WS2_32.dll
0x00007ffafebd0000 - 0x00007ffafec04000 	C:\WINDOWS\SYSTEM32\WINMM.dll
0x00007ffaff580000 - 0x00007ffaff58a000 	C:\WINDOWS\SYSTEM32\VERSION.dll
0x00007ffb063e0000 - 0x00007ffb063f8000 	C:\WINDOWS\SYSTEM32\kernel.appcore.dll
0x00007ffae14f0000 - 0x00007ffae14fa000 	C:\Program Files\Android\Android Studio\jbr\bin\jimage.dll
0x00007ffb04eb0000 - 0x00007ffb050de000 	C:\WINDOWS\SYSTEM32\DBGHELP.DLL
0x00007ffb09040000 - 0x00007ffb093c9000 	C:\WINDOWS\System32\combase.dll
0x00007ffb09990000 - 0x00007ffb09a67000 	C:\WINDOWS\System32\OLEAUT32.dll
0x00007ffaeab50000 - 0x00007ffaeab82000 	C:\WINDOWS\SYSTEM32\dbgcore.DLL
0x00007ffb074e0000 - 0x00007ffb0755b000 	C:\WINDOWS\System32\bcryptPrimitives.dll
0x00007ffabd010000 - 0x00007ffabd035000 	C:\Program Files\Android\Android Studio\jbr\bin\java.dll
0x00007ffac0b90000 - 0x00007ffac0ba8000 	C:\Program Files\Android\Android Studio\jbr\bin\zip.dll
0x00007ffb086d0000 - 0x00007ffb08eca000 	C:\WINDOWS\System32\SHELL32.dll
0x00007ffb05390000 - 0x00007ffb05c5e000 	C:\WINDOWS\SYSTEM32\windows.storage.dll
0x00007ffb050e0000 - 0x00007ffb0521e000 	C:\WINDOWS\SYSTEM32\wintypes.dll
0x00007ffb09740000 - 0x00007ffb09831000 	C:\WINDOWS\System32\SHCORE.dll
0x00007ffb084d0000 - 0x00007ffb0852e000 	C:\WINDOWS\System32\shlwapi.dll
0x00007ffb072c0000 - 0x00007ffb072e1000 	C:\WINDOWS\SYSTEM32\profapi.dll
0x00007ffabcff0000 - 0x00007ffabd009000 	C:\Program Files\Android\Android Studio\jbr\bin\net.dll
0x00007ffafe140000 - 0x00007ffafe277000 	C:\WINDOWS\SYSTEM32\WINHTTP.dll
0x00007ffb06850000 - 0x00007ffb068b9000 	C:\WINDOWS\system32\mswsock.dll
0x00007ffabcfd0000 - 0x00007ffabcfe6000 	C:\Program Files\Android\Android Studio\jbr\bin\nio.dll
0x00007ffabcd70000 - 0x00007ffabcd80000 	C:\Program Files\Android\Android Studio\jbr\bin\verify.dll
0x00007ffaf78f0000 - 0x00007ffaf7917000 	C:\Users\leana\.gradle\native\68d5fa5c4cc2d200863cafc0d521ce42e7d3e7ee720ec0a83991735586a16f82\windows-amd64\native-platform.dll
0x00007ffada320000 - 0x00007ffada464000 	C:\Users\leana\.gradle\native\e376f236ea51e6404a007f0833ffe2c6e607c4080706a723a18a27aeea778392\windows-amd64\native-platform-file-events.dll
0x00007ffabcfc0000 - 0x00007ffabcfc9000 	C:\Program Files\Android\Android Studio\jbr\bin\management.dll
0x00007ffabcfb0000 - 0x00007ffabcfbb000 	C:\Program Files\Android\Android Studio\jbr\bin\management_ext.dll
0x00007ffb09f40000 - 0x00007ffb09f48000 	C:\WINDOWS\System32\PSAPI.DLL
0x00007ffb06ac0000 - 0x00007ffb06adb000 	C:\WINDOWS\SYSTEM32\CRYPTSP.dll
0x00007ffb06350000 - 0x00007ffb06385000 	C:\WINDOWS\system32\rsaenh.dll
0x00007ffb06950000 - 0x00007ffb06978000 	C:\WINDOWS\SYSTEM32\USERENV.dll
0x00007ffb06c70000 - 0x00007ffb06c98000 	C:\WINDOWS\SYSTEM32\bcrypt.dll
0x00007ffb06ab0000 - 0x00007ffb06abc000 	C:\WINDOWS\SYSTEM32\CRYPTBASE.dll
0x00007ffb05ec0000 - 0x00007ffb05eed000 	C:\WINDOWS\SYSTEM32\IPHLPAPI.DLL
0x00007ffb09550000 - 0x00007ffb09559000 	C:\WINDOWS\System32\NSI.dll
0x00007ffafe3d0000 - 0x00007ffafe3e9000 	C:\WINDOWS\SYSTEM32\dhcpcsvc6.DLL
0x00007ffafe100000 - 0x00007ffafe11f000 	C:\WINDOWS\SYSTEM32\dhcpcsvc.DLL
0x00007ffb05f30000 - 0x00007ffb06023000 	C:\WINDOWS\SYSTEM32\DNSAPI.dll
0x00007ffabcc30000 - 0x00007ffabcc38000 	C:\WINDOWS\system32\wshunix.dll

dbghelp: loaded successfully - version: 4.0.5 - missing functions: none
symbol engine: initialized successfully - sym options: 0x614 - pdb path: .;C:\Program Files\Android\Android Studio\jbr\bin;C:\WINDOWS\SYSTEM32;C:\WINDOWS\WinSxS\amd64_microsoft.windows.common-controls_6595b64144ccf1df_6.0.22621.1635_none_270f70857386168e;C:\Program Files\Android\Android Studio\jbr\bin\server;C:\Users\leana\.gradle\native\68d5fa5c4cc2d200863cafc0d521ce42e7d3e7ee720ec0a83991735586a16f82\windows-amd64;C:\Users\leana\.gradle\native\e376f236ea51e6404a007f0833ffe2c6e607c4080706a723a18a27aeea778392\windows-amd64

VM Arguments:
jvm_args: --add-opens=java.base/java.util=ALL-UNNAMED --add-opens=java.base/java.lang=ALL-UNNAMED --add-opens=java.base/java.lang.invoke=ALL-UNNAMED --add-opens=java.prefs/java.util.prefs=ALL-UNNAMED --add-opens=java.base/java.nio.charset=ALL-UNNAMED --add-opens=java.base/java.net=ALL-UNNAMED --add-opens=java.base/java.util.concurrent.atomic=ALL-UNNAMED -Xmx2048m -Dfile.encoding=UTF-8 -Duser.country=CO -Duser.language=es -Duser.variant 
java_command: org.gradle.launcher.daemon.bootstrap.GradleDaemon 7.6
java_class_path (initial): C:\Users\leana\.gradle\wrapper\dists\gradle-7.6-bin\9l9tetv7ltxvx3i8an4pb86ye\gradle-7.6\lib\gradle-launcher-7.6.jar
Launcher Type: SUN_STANDARD

[Global flags]
     intx CICompilerCount                          = 3                                         {product} {ergonomic}
     uint ConcGCThreads                            = 1                                         {product} {ergonomic}
     uint G1ConcRefinementThreads                  = 4                                         {product} {ergonomic}
   size_t G1HeapRegionSize                         = 1048576                                   {product} {ergonomic}
    uintx GCDrainStackTargetSize                   = 64                                        {product} {ergonomic}
   size_t InitialHeapSize                          = 58720256                                  {product} {ergonomic}
   size_t MarkStackSize                            = 4194304                                   {product} {ergonomic}
   size_t MaxHeapSize                              = 2147483648                                {product} {command line}
   size_t MaxNewSize                               = 1287651328                                {product} {ergonomic}
   size_t MinHeapDeltaBytes                        = 1048576                                   {product} {ergonomic}
   size_t MinHeapSize                              = 8388608                                   {product} {ergonomic}
    uintx NonNMethodCodeHeapSize                   = 5832780                                {pd product} {ergonomic}
    uintx NonProfiledCodeHeapSize                  = 122912730                              {pd product} {ergonomic}
    uintx ProfiledCodeHeapSize                     = 122912730                              {pd product} {ergonomic}
    uintx ReservedCodeCacheSize                    = 251658240                              {pd product} {ergonomic}
     bool SegmentedCodeCache                       = true                                      {product} {ergonomic}
   size_t SoftMaxHeapSize                          = 2147483648                             {manageable} {ergonomic}
     bool UseCompressedClassPointers               = true                           {product lp64_product} {ergonomic}
     bool UseCompressedOops                        = true                           {product lp64_product} {ergonomic}
     bool UseG1GC                                  = true                                      {product} {ergonomic}
     bool UseLargePagesIndividualAllocation        = false                                  {pd product} {ergonomic}

Logging:
Log output configuration:
 #0: stdout all=warning uptime,level,tags
 #1: stderr all=off uptime,level,tags

Environment Variables:
PATH=C:\Python311\Scripts\;C:\Python311\;C:\WINDOWS\system32;C:\WINDOWS;C:\WINDOWS\System32\Wbem;C:\WINDOWS\System32\WindowsPowerShell\v1.0\;C:\WINDOWS\System32\OpenSSH\;C:\Program Files\dotnet\;C:\ProgramData\chocolatey\bin;C:\Program Files\Git\cmd;C:\Program Files\Git\get;C:\Users\leana\AppData\Roaming\nvm;C:\Program Files\nodejs;C:\Program Files\MySQL\MySQL Shell 8.0\bin\;C:\Users\leana\AppData\Local\Microsoft\WindowsApps;C:\Users\leana\AppData\Local\Programs\Microsoft VS Code\bin;C:\Users\leana\.dotnet\tools;C:\Users\leana\AppData\Roaming\npm;C:\Users\leana\AppData\Roaming\nvm;C:\Program Files\nodejs
USERNAME=leana
OS=Windows_NT
PROCESSOR_IDENTIFIER=AMD64 Family 23 Model 24 Stepping 1, AuthenticAMD
TMP=C:\Users\leana\AppData\Local\Temp
TEMP=C:\Users\leana\AppData\Local\Temp



---------------  S Y S T E M  ---------------

OS:
 Windows 11 , 64 bit Build 22621 (10.0.22621.1778)
OS uptime: 0 days 1:10 hours

CPU: total 4 (initial active 4) (4 cores per cpu, 2 threads per core) family 23 model 24 stepping 1 microcode 0x0, cx8, cmov, fxsr, ht, mmx, 3dnowpref, sse, sse2, sse3, ssse3, sse4a, sse4.1, sse4.2, popcnt, lzcnt, tsc, tscinvbit, avx, avx2, aes, clmul, bmi1, bmi2, adx, sha, fma, vzeroupper, clflush, clflushopt

Memory: 4k page, system-wide physical 3521M (109M free)
TotalPageFile size 14273M (AvailPageFile size 15M)
current process WorkingSet (physical memory assigned to process): 143M, peak: 159M
current process commit charge ("private bytes"): 269M, peak: 286M

vm_info: OpenJDK 64-Bit Server VM (17.0.6+0-b2043.56-9586694) for windows-amd64 JRE (17.0.6+0-b2043.56-9586694), built on Feb  9 2023 20:06:20 by "androidbuild" with MS VC++ 16.10 / 16.11 (VS2019)

END.
