#
# There is insufficient memory for the Java Runtime Environment to continue.
# Native memory allocation (mmap) failed to map 9437184 bytes for G1 virtual space
# Possible reasons:
#   The system is out of physical RAM or swap space
#   The process is running with CompressedOops enabled, and the Java Heap may be blocking the growth of the native heap
# Possible solutions:
#   Reduce memory load on the system
#   Increase physical memory or swap space
#   Check if swap backing store is full
#   Decrease Java heap size (-Xmx/-Xms)
#   Decrease number of Java threads
#   Decrease Java thread stack sizes (-Xss)
#   Set larger code cache with -XX:ReservedCodeCacheSize=
#   JVM is running with Unscaled Compressed Oops mode in which the Java heap is
#     placed in the first 4GB address space. The Java Heap base address is the
#     maximum limit for the native heap growth. Please use -XX:HeapBaseMinAddress
#     to set the Java Heap base and to place the Java Heap above 4GB virtual address.
# This output file may be truncated or incomplete.
#
#  Out of Memory Error (os_windows.cpp:3769), pid=22660, tid=22748
#
# JRE version: OpenJDK Runtime Environment (17.0.6) (build 17.0.6+0-b2043.56-9586694)
# Java VM: OpenJDK 64-Bit Server VM (17.0.6+0-b2043.56-9586694, mixed mode, tiered, compressed oops, compressed class ptrs, g1 gc, windows-amd64)
# No core dump will be written. Minidumps are not enabled by default on client versions of Windows
#

---------------  S U M M A R Y ------------

Command Line: --add-opens=java.base/java.util=ALL-UNNAMED --add-opens=java.base/java.lang=ALL-UNNAMED --add-opens=java.base/java.lang.invoke=ALL-UNNAMED --add-opens=java.prefs/java.util.prefs=ALL-UNNAMED --add-opens=java.base/java.nio.charset=ALL-UNNAMED --add-opens=java.base/java.net=ALL-UNNAMED --add-opens=java.base/java.util.concurrent.atomic=ALL-UNNAMED -Xmx2048m -Dfile.encoding=UTF-8 -Duser.country=CO -Duser.language=es -Duser.variant org.gradle.launcher.daemon.bootstrap.GradleDaemon 7.6

Host: AMD Ryzen 3 3250U with Radeon Graphics         , 4 cores, 3G,  Windows 11 , 64 bit Build 22621 (10.0.22621.1778)
Time: Thu Jun 22 08:54:04 2023 Hora est. Pacífico, Sudamérica elapsed time: 39.194046 seconds (0d 0h 0m 39s)

---------------  T H R E A D  ---------------

Current thread (0x000001f0759973f0):  VMThread "VM Thread" [stack: 0x0000004580200000,0x0000004580300000] [id=22748]

Stack: [0x0000004580200000,0x0000004580300000]
Native frames: (J=compiled Java code, j=interpreted, Vv=VM code, C=native code)
V  [jvm.dll+0x683b4a]
V  [jvm.dll+0x842654]
V  [jvm.dll+0x843dfe]
V  [jvm.dll+0x844463]
V  [jvm.dll+0x249b75]
V  [jvm.dll+0x680a19]
V  [jvm.dll+0x674f0a]
V  [jvm.dll+0x309acb]
V  [jvm.dll+0x310f86]
V  [jvm.dll+0x3608ee]
V  [jvm.dll+0x360b1f]
V  [jvm.dll+0x2dfbf8]
V  [jvm.dll+0x2e2ce6]
V  [jvm.dll+0x2ed478]
V  [jvm.dll+0x322150]
V  [jvm.dll+0x84893b]
V  [jvm.dll+0x849674]
V  [jvm.dll+0x849b8d]
V  [jvm.dll+0x849f64]
V  [jvm.dll+0x84a030]
V  [jvm.dll+0x7f25fa]
V  [jvm.dll+0x682985]
C  [ucrtbase.dll+0x29363]
C  [KERNEL32.DLL+0x126ad]
C  [ntdll.dll+0x5a9f8]

VM_Operation (0x00000045ffeff560): G1Concurrent, mode: safepoint, requested by thread 0x000001f05a573b60


---------------  P R O C E S S  ---------------

Threads class SMR info:
_java_thread_list=0x000001f07a848d70, length=79, elements={
0x000001f05a508710, 0x000001f0759e3650, 0x000001f0759e4200, 0x000001f075a1ca70,
0x000001f075a04310, 0x000001f075a04dc0, 0x000001f075a05770, 0x000001f075a06450,
0x000001f07640e480, 0x000001f076413290, 0x000001f07656b280, 0x000001f07658bf20,
0x000001f077546830, 0x000001f077808080, 0x000001f077694680, 0x000001f076712cc0,
0x000001f07769bb40, 0x000001f077e0ee30, 0x000001f077e0e960, 0x000001f077e0f300,
0x000001f077e0f7d0, 0x000001f077e10b10, 0x000001f077e0fca0, 0x000001f077e10fe0,
0x000001f077e10170, 0x000001f077e114b0, 0x000001f077e10640, 0x000001f077e0dfc0,
0x000001f077e0e490, 0x000001f0791b9dd0, 0x000001f0791bb110, 0x000001f0791b8a90,
0x000001f0791b8f60, 0x000001f0791b9900, 0x000001f0791b7c20, 0x000001f0791b6db0,
0x000001f0791bdc60, 0x000001f0791bb5e0, 0x000001f0791b9430, 0x000001f0791b85c0,
0x000001f0791be600, 0x000001f0791bbf80, 0x000001f0791bac40, 0x000001f0791bc920,
0x000001f0791ba2a0, 0x000001f0791b7280, 0x000001f0791b7750, 0x000001f0791bc450,
0x000001f0791bcdf0, 0x000001f0791bd2c0, 0x000001f0791bd790, 0x000001f07b0c6ac0,
0x000001f07b0c5780, 0x000001f07b0c7460, 0x000001f07b0c65f0, 0x000001f07b0c6120,
0x000001f07b0c4910, 0x000001f07b0c3f70, 0x000001f07b0c6f90, 0x000001f07b0c52b0,
0x000001f07b0c3aa0, 0x000001f07b0c4440, 0x000001f07b0c5c50, 0x000001f07b0c4de0,
0x000001f0790cdf60, 0x000001f0790d4470, 0x000001f0790d1920, 0x000001f0790cedd0,
0x000001f0790d3600, 0x000001f0790d3ad0, 0x000001f0790d4940, 0x000001f0790d2790,
0x000001f0790d4e10, 0x000001f0790d52e0, 0x000001f0790d57b0, 0x000001f0790d1df0,
0x000001f0790ce430, 0x000001f0790d2c60, 0x000001f0790d1450
}

Java Threads: ( => current thread )
  0x000001f05a508710 JavaThread "main" [_thread_blocked, id=22724, stack(0x00000045ffc00000,0x00000045ffd00000)]
  0x000001f0759e3650 JavaThread "Reference Handler" daemon [_thread_blocked, id=22752, stack(0x0000004580300000,0x0000004580400000)]
  0x000001f0759e4200 JavaThread "Finalizer" daemon [_thread_blocked, id=22756, stack(0x0000004580400000,0x0000004580500000)]
  0x000001f075a1ca70 JavaThread "Signal Dispatcher" daemon [_thread_blocked, id=22760, stack(0x0000004580500000,0x0000004580600000)]
  0x000001f075a04310 JavaThread "Attach Listener" daemon [_thread_blocked, id=22764, stack(0x0000004580600000,0x0000004580700000)]
  0x000001f075a04dc0 JavaThread "Service Thread" daemon [_thread_blocked, id=22768, stack(0x0000004580700000,0x0000004580800000)]
  0x000001f075a05770 JavaThread "Monitor Deflation Thread" daemon [_thread_blocked, id=22772, stack(0x0000004580800000,0x0000004580900000)]
  0x000001f075a06450 JavaThread "C2 CompilerThread0" daemon [_thread_blocked, id=22776, stack(0x0000004580900000,0x0000004580a00000)]
  0x000001f07640e480 JavaThread "C1 CompilerThread0" daemon [_thread_blocked, id=22780, stack(0x0000004580a00000,0x0000004580b00000)]
  0x000001f076413290 JavaThread "Sweeper thread" daemon [_thread_blocked, id=22784, stack(0x0000004580b00000,0x0000004580c00000)]
  0x000001f07656b280 JavaThread "Common-Cleaner" daemon [_thread_blocked, id=22808, stack(0x0000004580c00000,0x0000004580d00000)]
  0x000001f07658bf20 JavaThread "Notification Thread" daemon [_thread_blocked, id=22812, stack(0x0000004580d00000,0x0000004580e00000)]
  0x000001f077546830 JavaThread "Daemon health stats" [_thread_blocked, id=23028, stack(0x0000004581200000,0x0000004581300000)]
  0x000001f077808080 JavaThread "Incoming local TCP Connector on port 55476" [_thread_in_native, id=23136, stack(0x0000004581300000,0x0000004581400000)]
  0x000001f077694680 JavaThread "Daemon periodic checks" [_thread_blocked, id=23144, stack(0x0000004581400000,0x0000004581500000)]
  0x000001f076712cc0 JavaThread "Daemon" [_thread_blocked, id=23360, stack(0x0000004581500000,0x0000004581600000)]
  0x000001f07769bb40 JavaThread "Handler for socket connection from /127.0.0.1:55476 to /127.0.0.1:55488" [_thread_in_native, id=23364, stack(0x0000004581600000,0x0000004581700000)]
  0x000001f077e0ee30 JavaThread "Cancel handler" [_thread_blocked, id=23428, stack(0x0000004581700000,0x0000004581800000)]
  0x000001f077e0e960 JavaThread "Daemon worker" [_thread_blocked, id=23432, stack(0x0000004581800000,0x0000004581900000)]
  0x000001f077e0f300 JavaThread "Asynchronous log dispatcher for DefaultDaemonConnection: socket connection from /127.0.0.1:55476 to /127.0.0.1:55488" [_thread_blocked, id=23444, stack(0x0000004581900000,0x0000004581a00000)]
  0x000001f077e0f7d0 JavaThread "Stdin handler" [_thread_blocked, id=23448, stack(0x0000004581a00000,0x0000004581b00000)]
  0x000001f077e10b10 JavaThread "Daemon client event forwarder" [_thread_blocked, id=23452, stack(0x0000004581b00000,0x0000004581c00000)]
  0x000001f077e0fca0 JavaThread "Cache worker for journal cache (C:\Users\leana\.gradle\caches\journal-1)" [_thread_blocked, id=23472, stack(0x0000004581c00000,0x0000004581d00000)]
  0x000001f077e10fe0 JavaThread "File lock request listener" [_thread_in_native, id=23480, stack(0x0000004581d00000,0x0000004581e00000)]
  0x000001f077e10170 JavaThread "Cache worker for file hash cache (C:\Users\leana\.gradle\caches\7.6\fileHashes)" [_thread_blocked, id=23488, stack(0x0000004581e00000,0x0000004581f00000)]
  0x000001f077e114b0 JavaThread "File watcher server" daemon [_thread_in_native, id=23516, stack(0x0000004581f00000,0x0000004582000000)]
  0x000001f077e10640 JavaThread "File watcher consumer" daemon [_thread_blocked, id=23520, stack(0x0000004582000000,0x0000004582100000)]
  0x000001f077e0dfc0 JavaThread "Cache worker for checksums cache (C:\Users\leana\AndroidStudioProjects\ProcexApp2\.gradle\7.6\checksums)" [_thread_blocked, id=23524, stack(0x0000004582100000,0x0000004582200000)]
  0x000001f077e0e490 JavaThread "Cache worker for cache directory md-rule (C:\Users\leana\.gradle\caches\7.6\md-rule)" [_thread_blocked, id=23528, stack(0x0000004582200000,0x0000004582300000)]
  0x000001f0791b9dd0 JavaThread "Cache worker for file content cache (C:\Users\leana\.gradle\caches\7.6\fileContent)" [_thread_blocked, id=23532, stack(0x0000004582300000,0x0000004582400000)]
  0x000001f0791bb110 JavaThread "Cache worker for file hash cache (C:\Users\leana\AndroidStudioProjects\ProcexApp2\.gradle\7.6\fileHashes)" [_thread_blocked, id=23544, stack(0x0000004582400000,0x0000004582500000)]
  0x000001f0791b8a90 JavaThread "Cache worker for cache directory md-supplier (C:\Users\leana\.gradle\caches\7.6\md-supplier)" [_thread_blocked, id=23548, stack(0x0000004582500000,0x0000004582600000)]
  0x000001f0791b8f60 JavaThread "Cache worker for execution history cache (C:\Users\leana\.gradle\caches\7.6\executionHistory)" [_thread_blocked, id=22544, stack(0x0000004582600000,0x0000004582700000)]
  0x000001f0791b9900 JavaThread "jar transforms" [_thread_blocked, id=19176, stack(0x0000004582700000,0x0000004582800000)]
  0x000001f0791b7c20 JavaThread "jar transforms Thread 2" [_thread_blocked, id=21172, stack(0x0000004582800000,0x0000004582900000)]
  0x000001f0791b6db0 JavaThread "jar transforms Thread 3" [_thread_blocked, id=20880, stack(0x0000004582900000,0x0000004582a00000)]
  0x000001f0791bdc60 JavaThread "jar transforms Thread 4" [_thread_blocked, id=18320, stack(0x0000004582a00000,0x0000004582b00000)]
  0x000001f0791bb5e0 JavaThread "Cache worker for dependencies-accessors (C:\Users\leana\AndroidStudioProjects\ProcexApp2\.gradle\7.6\dependencies-accessors)" [_thread_blocked, id=22684, stack(0x0000004582b00000,0x0000004582c00000)]
  0x000001f0791b9430 JavaThread "Cache worker for Build Output Cleanup Cache (C:\Users\leana\AndroidStudioProjects\ProcexApp2\.gradle\buildOutputCleanup)" [_thread_blocked, id=23012, stack(0x0000004582c00000,0x0000004582d00000)]
  0x000001f0791b85c0 JavaThread "Unconstrained build operations" [_thread_blocked, id=22700, stack(0x0000004582d00000,0x0000004582e00000)]
  0x000001f0791be600 JavaThread "Unconstrained build operations Thread 2" [_thread_blocked, id=22704, stack(0x0000004582e00000,0x0000004582f00000)]
  0x000001f0791bbf80 JavaThread "Unconstrained build operations Thread 3" [_thread_blocked, id=22696, stack(0x0000004582f00000,0x0000004583000000)]
  0x000001f0791bac40 JavaThread "Unconstrained build operations Thread 4" [_thread_blocked, id=4216, stack(0x0000004583000000,0x0000004583100000)]
  0x000001f0791bc920 JavaThread "Unconstrained build operations Thread 5" [_thread_blocked, id=16564, stack(0x0000004583100000,0x0000004583200000)]
  0x000001f0791ba2a0 JavaThread "Unconstrained build operations Thread 6" [_thread_blocked, id=21140, stack(0x0000004583200000,0x0000004583300000)]
  0x000001f0791b7280 JavaThread "Unconstrained build operations Thread 7" [_thread_blocked, id=23036, stack(0x0000004583300000,0x0000004583400000)]
  0x000001f0791b7750 JavaThread "Unconstrained build operations Thread 8" [_thread_blocked, id=22672, stack(0x0000004583400000,0x0000004583500000)]
  0x000001f0791bc450 JavaThread "Unconstrained build operations Thread 9" [_thread_blocked, id=23192, stack(0x0000004583500000,0x0000004583600000)]
  0x000001f0791bcdf0 JavaThread "Unconstrained build operations Thread 10" [_thread_blocked, id=20860, stack(0x0000004583600000,0x0000004583700000)]
  0x000001f0791bd2c0 JavaThread "Unconstrained build operations Thread 11" [_thread_blocked, id=21804, stack(0x0000004583700000,0x0000004583800000)]
  0x000001f0791bd790 JavaThread "Unconstrained build operations Thread 12" [_thread_blocked, id=23248, stack(0x0000004583800000,0x0000004583900000)]
  0x000001f07b0c6ac0 JavaThread "Unconstrained build operations Thread 13" [_thread_blocked, id=23256, stack(0x0000004583900000,0x0000004583a00000)]
  0x000001f07b0c5780 JavaThread "Unconstrained build operations Thread 14" [_thread_blocked, id=22428, stack(0x0000004583a00000,0x0000004583b00000)]
  0x000001f07b0c7460 JavaThread "Unconstrained build operations Thread 15" [_thread_blocked, id=21204, stack(0x0000004583b00000,0x0000004583c00000)]
  0x000001f07b0c65f0 JavaThread "Unconstrained build operations Thread 16" [_thread_blocked, id=23300, stack(0x0000004583c00000,0x0000004583d00000)]
  0x000001f07b0c6120 JavaThread "Unconstrained build operations Thread 17" [_thread_blocked, id=23296, stack(0x0000004583d00000,0x0000004583e00000)]
  0x000001f07b0c4910 JavaThread "Unconstrained build operations Thread 18" [_thread_blocked, id=23292, stack(0x0000004583e00000,0x0000004583f00000)]
  0x000001f07b0c3f70 JavaThread "Unconstrained build operations Thread 19" [_thread_blocked, id=23284, stack(0x0000004583f00000,0x0000004584000000)]
  0x000001f07b0c6f90 JavaThread "Unconstrained build operations Thread 20" [_thread_blocked, id=23280, stack(0x0000004584000000,0x0000004584100000)]
  0x000001f07b0c52b0 JavaThread "Unconstrained build operations Thread 21" [_thread_blocked, id=23272, stack(0x0000004584100000,0x0000004584200000)]
  0x000001f07b0c3aa0 JavaThread "Unconstrained build operations Thread 22" [_thread_blocked, id=23268, stack(0x0000004584200000,0x0000004584300000)]
  0x000001f07b0c4440 JavaThread "Unconstrained build operations Thread 23" [_thread_blocked, id=23264, stack(0x0000004584300000,0x0000004584400000)]
  0x000001f07b0c5c50 JavaThread "Unconstrained build operations Thread 24" [_thread_blocked, id=23336, stack(0x0000004584400000,0x0000004584500000)]
  0x000001f07b0c4de0 JavaThread "Unconstrained build operations Thread 25" [_thread_blocked, id=23332, stack(0x0000004584500000,0x0000004584600000)]
  0x000001f0790cdf60 JavaThread "Unconstrained build operations Thread 26" [_thread_blocked, id=23328, stack(0x0000004584600000,0x0000004584700000)]
  0x000001f0790d4470 JavaThread "Unconstrained build operations Thread 27" [_thread_blocked, id=23324, stack(0x0000004584700000,0x0000004584800000)]
  0x000001f0790d1920 JavaThread "Unconstrained build operations Thread 28" [_thread_blocked, id=23320, stack(0x0000004584800000,0x0000004584900000)]
  0x000001f0790cedd0 JavaThread "Unconstrained build operations Thread 29" [_thread_blocked, id=23316, stack(0x0000004584900000,0x0000004584a00000)]
  0x000001f0790d3600 JavaThread "Unconstrained build operations Thread 30" [_thread_blocked, id=23312, stack(0x0000004584a00000,0x0000004584b00000)]
  0x000001f0790d3ad0 JavaThread "Unconstrained build operations Thread 31" [_thread_blocked, id=23308, stack(0x0000004584b00000,0x0000004584c00000)]
  0x000001f0790d4940 JavaThread "Unconstrained build operations Thread 32" [_thread_blocked, id=23252, stack(0x0000004584c00000,0x0000004584d00000)]
  0x000001f0790d2790 JavaThread "Unconstrained build operations Thread 33" [_thread_blocked, id=23352, stack(0x0000004584d00000,0x0000004584e00000)]
  0x000001f0790d4e10 JavaThread "Unconstrained build operations Thread 34" [_thread_blocked, id=16736, stack(0x0000004584e00000,0x0000004584f00000)]
  0x000001f0790d52e0 JavaThread "Unconstrained build operations Thread 35" [_thread_blocked, id=20340, stack(0x0000004584f00000,0x0000004585000000)]
  0x000001f0790d57b0 JavaThread "Unconstrained build operations Thread 36" [_thread_blocked, id=3768, stack(0x0000004585000000,0x0000004585100000)]
  0x000001f0790d1df0 JavaThread "Unconstrained build operations Thread 37" [_thread_blocked, id=14000, stack(0x0000004585100000,0x0000004585200000)]
  0x000001f0790ce430 JavaThread "Unconstrained build operations Thread 38" [_thread_blocked, id=22316, stack(0x0000004585200000,0x0000004585300000)]
  0x000001f0790d2c60 JavaThread "Unconstrained build operations Thread 39" [_thread_blocked, id=21212, stack(0x0000004585300000,0x0000004585400000)]
  0x000001f0790d1450 JavaThread "Unconstrained build operations Thread 40" [_thread_blocked, id=18620, stack(0x0000004585400000,0x0000004585500000)]

Other Threads:
=>0x000001f0759973f0 VMThread "VM Thread" [stack: 0x0000004580200000,0x0000004580300000] [id=22748]
  0x000001f05a57c220 WatcherThread [stack: 0x0000004580e00000,0x0000004580f00000] [id=22816]
  0x000001f05a562ac0 GCTaskThread "GC Thread#0" [stack: 0x00000045ffd00000,0x00000045ffe00000] [id=22728]
  0x000001f076f37240 GCTaskThread "GC Thread#1" [stack: 0x0000004580f00000,0x0000004581000000] [id=22836]
  0x000001f07693b550 GCTaskThread "GC Thread#2" [stack: 0x0000004581000000,0x0000004581100000] [id=22840]
  0x000001f077076ca0 GCTaskThread "GC Thread#3" [stack: 0x0000004581100000,0x0000004581200000] [id=22904]
  0x000001f05a573b60 ConcurrentGCThread "G1 Main Marker" [stack: 0x00000045ffe00000,0x00000045fff00000] [id=22732]
  0x000001f05a574d10 ConcurrentGCThread "G1 Conc#0" [stack: 0x00000045fff00000,0x0000004600000000] [id=22736]
  0x000001f05a5b2370 ConcurrentGCThread "G1 Refine#0" [stack: 0x0000004580000000,0x0000004580100000] [id=22740]
  0x000001f05a5b3c40 ConcurrentGCThread "G1 Service" [stack: 0x0000004580100000,0x0000004580200000] [id=22744]

Threads with active compile tasks:

VM state: at safepoint (normal execution)

VM Mutex/Monitor currently owned by a thread:  ([mutex/lock_event])
[0x000001f05a503aa0] Threads_lock - owner thread: 0x000001f0759973f0
[0x000001f05a5020c0] Heap_lock - owner thread: 0x000001f05a573b60

Heap address: 0x0000000080000000, size: 2048 MB, Compressed Oops mode: 32-bit

CDS archive(s) not mapped
Compressed class space mapped at: 0x0000000100000000-0x0000000140000000, reserved size: 1073741824
Narrow klass base: 0x0000000000000000, Narrow klass shift: 3, Narrow klass range: 0x140000000

GC Precious Log:
 CPUs: 4 total, 4 available
 Memory: 3521M
 Large Page Support: Disabled
 NUMA Support: Disabled
 Compressed Oops: Enabled (32-bit)
 Heap Region Size: 1M
 Heap Min Capacity: 8M
 Heap Initial Capacity: 56M
 Heap Max Capacity: 2G
 Pre-touch: Disabled
 Parallel Workers: 4
 Concurrent Workers: 1
 Concurrent Refinement Workers: 4
 Periodic GC: Disabled

Heap:
 garbage-first heap   total 71680K, used 46105K [0x0000000080000000, 0x0000000100000000)
  region size 1024K, 3 young (3072K), 2 survivors (2048K)
 Metaspace       used 51686K, committed 52160K, reserved 1097728K
  class space    used 6828K, committed 7040K, reserved 1048576K

Heap Regions: E=young(eden), S=young(survivor), O=old, HS=humongous(starts), HC=humongous(continues), CS=collection set, F=free, OA=open archive, CA=closed archive, TAMS=top-at-mark-start (previous, next)
|   0|0x0000000080000000, 0x0000000080100000, 0x0000000080100000|100%| O|  |TAMS 0x0000000080100000, 0x0000000080000000| Untracked 
|   1|0x0000000080100000, 0x0000000080200000, 0x0000000080200000|100%| O|  |TAMS 0x0000000080200000, 0x0000000080100000| Updating 
|   2|0x0000000080200000, 0x0000000080300000, 0x0000000080300000|100%|HS|  |TAMS 0x0000000080300000, 0x0000000080200000| Complete 
|   3|0x0000000080300000, 0x0000000080400000, 0x0000000080400000|100%|HC|  |TAMS 0x0000000080400000, 0x0000000080300000| Complete 
|   4|0x0000000080400000, 0x0000000080500000, 0x0000000080500000|100%|HC|  |TAMS 0x0000000080500000, 0x0000000080400000| Complete 
|   5|0x0000000080500000, 0x0000000080600000, 0x0000000080600000|100%| O|  |TAMS 0x0000000080600000, 0x0000000080500000| Untracked 
|   6|0x0000000080600000, 0x0000000080700000, 0x0000000080700000|100%| O|  |TAMS 0x0000000080700000, 0x0000000080600000| Untracked 
|   7|0x0000000080700000, 0x0000000080800000, 0x0000000080800000|100%| O|  |TAMS 0x0000000080800000, 0x0000000080700000| Updating 
|   8|0x0000000080800000, 0x0000000080900000, 0x0000000080900000|100%| O|  |TAMS 0x0000000080900000, 0x0000000080800000| Untracked 
|   9|0x0000000080900000, 0x0000000080a00000, 0x0000000080a00000|100%| O|  |TAMS 0x0000000080a00000, 0x0000000080900000| Updating 
|  10|0x0000000080a00000, 0x0000000080b00000, 0x0000000080b00000|100%| O|  |TAMS 0x0000000080b00000, 0x0000000080a00000| Untracked 
|  11|0x0000000080b00000, 0x0000000080c00000, 0x0000000080c00000|100%| O|  |TAMS 0x0000000080c00000, 0x0000000080b00000| Untracked 
|  12|0x0000000080c00000, 0x0000000080d00000, 0x0000000080d00000|100%| O|  |TAMS 0x0000000080d00000, 0x0000000080c00000| Untracked 
|  13|0x0000000080d00000, 0x0000000080e00000, 0x0000000080e00000|100%| O|  |TAMS 0x0000000080e00000, 0x0000000080d00000| Untracked 
|  14|0x0000000080e00000, 0x0000000080f00000, 0x0000000080f00000|100%| O|  |TAMS 0x0000000080f00000, 0x0000000080e00000| Untracked 
|  15|0x0000000080f00000, 0x0000000081000000, 0x0000000081000000|100%| O|  |TAMS 0x0000000081000000, 0x0000000080f00000| Untracked 
|  16|0x0000000081000000, 0x0000000081100000, 0x0000000081100000|100%| O|  |TAMS 0x0000000081100000, 0x0000000081000000| Updating 
|  17|0x0000000081100000, 0x0000000081200000, 0x0000000081200000|100%| O|  |TAMS 0x0000000081200000, 0x0000000081100000| Untracked 
|  18|0x0000000081200000, 0x0000000081300000, 0x0000000081300000|100%| O|  |TAMS 0x0000000081300000, 0x0000000081200000| Untracked 
|  19|0x0000000081300000, 0x0000000081400000, 0x0000000081400000|100%| O|  |TAMS 0x0000000081400000, 0x0000000081300000| Updating 
|  20|0x0000000081400000, 0x0000000081500000, 0x0000000081500000|100%| O|  |TAMS 0x0000000081500000, 0x0000000081400000| Untracked 
|  21|0x0000000081500000, 0x0000000081600000, 0x0000000081600000|100%| O|  |TAMS 0x0000000081600000, 0x0000000081500000| Untracked 
|  22|0x0000000081600000, 0x0000000081700000, 0x0000000081700000|100%| O|  |TAMS 0x0000000081700000, 0x0000000081600000| Updating 
|  23|0x0000000081700000, 0x0000000081800000, 0x0000000081800000|100%| O|  |TAMS 0x0000000081800000, 0x0000000081700000| Updating 
|  24|0x0000000081800000, 0x0000000081900000, 0x0000000081900000|100%| O|  |TAMS 0x0000000081900000, 0x0000000081800000| Untracked 
|  25|0x0000000081900000, 0x0000000081a00000, 0x0000000081a00000|100%| O|  |TAMS 0x0000000081a00000, 0x0000000081900000| Untracked 
|  26|0x0000000081a00000, 0x0000000081b00000, 0x0000000081b00000|100%| O|  |TAMS 0x0000000081b00000, 0x0000000081a00000| Untracked 
|  27|0x0000000081b00000, 0x0000000081c00000, 0x0000000081c00000|100%| O|  |TAMS 0x0000000081c00000, 0x0000000081b00000| Untracked 
|  28|0x0000000081c00000, 0x0000000081d00000, 0x0000000081d00000|100%| O|  |TAMS 0x0000000081d00000, 0x0000000081c00000| Untracked 
|  29|0x0000000081d00000, 0x0000000081e00000, 0x0000000081e00000|100%| O|  |TAMS 0x0000000081e00000, 0x0000000081d00000| Untracked 
|  30|0x0000000081e00000, 0x0000000081f00000, 0x0000000081f00000|100%| O|  |TAMS 0x0000000081f00000, 0x0000000081e00000| Untracked 
|  31|0x0000000081f00000, 0x0000000082000000, 0x0000000082000000|100%| O|  |TAMS 0x0000000082000000, 0x0000000081f00000| Untracked 
|  32|0x0000000082000000, 0x0000000082100000, 0x0000000082100000|100%| O|  |TAMS 0x0000000082100000, 0x0000000082000000| Untracked 
|  33|0x0000000082100000, 0x0000000082200000, 0x0000000082200000|100%| O|  |TAMS 0x0000000082200000, 0x0000000082100000| Untracked 
|  34|0x0000000082200000, 0x0000000082300000, 0x0000000082300000|100%| O|  |TAMS 0x0000000082233400, 0x0000000082200000| Untracked 
|  35|0x0000000082300000, 0x0000000082400000, 0x0000000082400000|100%|HS|  |TAMS 0x0000000082400000, 0x0000000082300000| Complete 
|  36|0x0000000082400000, 0x0000000082500000, 0x0000000082500000|100%|HS|  |TAMS 0x0000000082500000, 0x0000000082400000| Complete 
|  37|0x0000000082500000, 0x0000000082600000, 0x0000000082600000|100%|HS|  |TAMS 0x0000000082600000, 0x0000000082500000| Complete 
|  38|0x0000000082600000, 0x0000000082700000, 0x0000000082700000|100%| O|  |TAMS 0x0000000082600000, 0x0000000082600000| Untracked 
|  39|0x0000000082700000, 0x000000008275c400, 0x0000000082800000| 36%| O|  |TAMS 0x0000000082700000, 0x0000000082700000| Updating 
|  40|0x0000000082800000, 0x0000000082900000, 0x0000000082900000|100%|HS|  |TAMS 0x0000000082800000, 0x0000000082800000| Complete 
|  41|0x0000000082900000, 0x0000000082a00000, 0x0000000082a00000|100%|HC|  |TAMS 0x0000000082900000, 0x0000000082900000| Complete 
|  42|0x0000000082a00000, 0x0000000082b00000, 0x0000000082b00000|100%|HC|  |TAMS 0x0000000082a00000, 0x0000000082a00000| Complete 
|  43|0x0000000082b00000, 0x0000000082c00000, 0x0000000082c00000|100%|HC|  |TAMS 0x0000000082b00000, 0x0000000082b00000| Complete 
|  44|0x0000000082c00000, 0x0000000082c00000, 0x0000000082d00000|  0%| F|  |TAMS 0x0000000082c00000, 0x0000000082c00000| Untracked 
|  45|0x0000000082d00000, 0x0000000082d00000, 0x0000000082e00000|  0%| F|  |TAMS 0x0000000082d00000, 0x0000000082d00000| Untracked 
|  46|0x0000000082e00000, 0x0000000082e00000, 0x0000000082f00000|  0%| F|  |TAMS 0x0000000082e00000, 0x0000000082e00000| Untracked 
|  47|0x0000000082f00000, 0x0000000082f00000, 0x0000000083000000|  0%| F|  |TAMS 0x0000000082f00000, 0x0000000082f00000| Untracked 
|  48|0x0000000083000000, 0x0000000083000000, 0x0000000083100000|  0%| F|  |TAMS 0x0000000083000000, 0x0000000083000000| Untracked 
|  49|0x0000000083100000, 0x0000000083100000, 0x0000000083200000|  0%| F|  |TAMS 0x0000000083100000, 0x0000000083100000| Untracked 
|  50|0x0000000083200000, 0x0000000083200000, 0x0000000083300000|  0%| F|  |TAMS 0x0000000083200000, 0x0000000083200000| Untracked 
|  51|0x0000000083300000, 0x0000000083300000, 0x0000000083400000|  0%| F|  |TAMS 0x0000000083300000, 0x0000000083300000| Untracked 
|  52|0x0000000083400000, 0x0000000083400000, 0x0000000083500000|  0%| F|  |TAMS 0x0000000083400000, 0x0000000083400000| Untracked 
|  53|0x0000000083500000, 0x0000000083500000, 0x0000000083600000|  0%| F|  |TAMS 0x0000000083500000, 0x0000000083500000| Untracked 
|  54|0x0000000083600000, 0x0000000083600000, 0x0000000083700000|  0%| F|  |TAMS 0x0000000083600000, 0x0000000083600000| Untracked 
|  55|0x0000000083700000, 0x0000000083700000, 0x0000000083800000|  0%| F|  |TAMS 0x0000000083700000, 0x0000000083700000| Untracked 
|  56|0x0000000083800000, 0x0000000083800000, 0x0000000083900000|  0%| F|  |TAMS 0x0000000083800000, 0x0000000083800000| Untracked 
|  57|0x0000000083900000, 0x0000000083900000, 0x0000000083a00000|  0%| F|  |TAMS 0x0000000083900000, 0x0000000083900000| Untracked 
|  58|0x0000000083a00000, 0x0000000083a00000, 0x0000000083b00000|  0%| F|  |TAMS 0x0000000083a00000, 0x0000000083a00000| Untracked 
|  59|0x0000000083b00000, 0x0000000083b00000, 0x0000000083c00000|  0%| F|  |TAMS 0x0000000083b00000, 0x0000000083b00000| Untracked 
|  60|0x0000000083c00000, 0x0000000083c00000, 0x0000000083d00000|  0%| F|  |TAMS 0x0000000083c00000, 0x0000000083c00000| Untracked 
|  61|0x0000000083d00000, 0x0000000083d00000, 0x0000000083e00000|  0%| F|  |TAMS 0x0000000083d00000, 0x0000000083d00000| Untracked 
|  62|0x0000000083e00000, 0x0000000083e00000, 0x0000000083f00000|  0%| F|  |TAMS 0x0000000083e00000, 0x0000000083e00000| Untracked 
|  63|0x0000000083f00000, 0x0000000083f00000, 0x0000000084000000|  0%| F|  |TAMS 0x0000000083f00000, 0x0000000083f00000| Untracked 
|  64|0x0000000084000000, 0x0000000084000000, 0x0000000084100000|  0%| F|  |TAMS 0x0000000084000000, 0x0000000084000000| Untracked 
|  65|0x0000000084100000, 0x00000000841aa278, 0x0000000084200000| 66%| S|CS|TAMS 0x0000000084100000, 0x0000000084100000| Complete 
|  66|0x0000000084200000, 0x0000000084300000, 0x0000000084300000|100%| S|CS|TAMS 0x0000000084200000, 0x0000000084200000| Complete 
|  67|0x0000000084300000, 0x0000000084300000, 0x0000000084400000|  0%| F|  |TAMS 0x0000000084300000, 0x0000000084300000| Untracked 
|  68|0x0000000084400000, 0x0000000084400000, 0x0000000084500000|  0%| F|  |TAMS 0x0000000084400000, 0x0000000084400000| Untracked 
|  69|0x0000000084500000, 0x0000000084500ab0, 0x0000000084600000|  0%| E|  |TAMS 0x0000000084500000, 0x0000000084500000| Complete 

Card table byte_map: [0x000001f06ebd0000,0x000001f06efd0000] _byte_map_base: 0x000001f06e7d0000

Marking Bits (Prev, Next): (CMBitMap*) 0x000001f05a563110, (CMBitMap*) 0x000001f05a5630d0
 Prev Bits: [0x000001f0713d0000, 0x000001f0733d0000)
 Next Bits: [0x000001f06f3d0000, 0x000001f0713d0000)

Polling page: 0x000001f05a5d0000

Metaspace:

Usage:
  Non-class:     43.81 MB used.
      Class:      6.67 MB used.
       Both:     50.47 MB used.

Virtual space:
  Non-class space:       48.00 MB reserved,      44.06 MB ( 92%) committed,  6 nodes.
      Class space:        1.00 GB reserved,       6.88 MB ( <1%) committed,  1 nodes.
             Both:        1.05 GB reserved,      50.94 MB (  5%) committed. 

Chunk freelists:
   Non-Class:  3.91 MB
       Class:  970.00 KB
        Both:  4.85 MB

MaxMetaspaceSize: unlimited
CompressedClassSpaceSize: 1.00 GB
Initial GC threshold: 21.00 MB
Current GC threshold: 84.94 MB
CDS: off
MetaspaceReclaimPolicy: balanced
 - commit_granule_bytes: 65536.
 - commit_granule_words: 8192.
 - virtual_space_node_default_size: 1048576.
 - enlarge_chunks_in_place: 1.
 - new_chunks_are_fully_committed: 0.
 - uncommit_free_chunks: 1.
 - use_allocation_guard: 0.
 - handle_deallocations: 1.


Internal statistics:

num_allocs_failed_limit: 6.
num_arena_births: 452.
num_arena_deaths: 0.
num_vsnodes_births: 7.
num_vsnodes_deaths: 0.
num_space_committed: 815.
num_space_uncommitted: 0.
num_chunks_returned_to_freelist: 6.
num_chunks_taken_from_freelist: 2077.
num_chunk_merges: 6.
num_chunk_splits: 1381.
num_chunks_enlarged: 951.
num_purges: 0.
num_inconsistent_stats: 0.

CodeHeap 'non-profiled nmethods': size=120000Kb used=3034Kb max_used=3034Kb free=116965Kb
 bounds [0x000001f066c80000, 0x000001f066f80000, 0x000001f06e1b0000]
CodeHeap 'profiled nmethods': size=120000Kb used=11700Kb max_used=11700Kb free=108299Kb
 bounds [0x000001f05f1b0000, 0x000001f05fd20000, 0x000001f0666e0000]
CodeHeap 'non-nmethods': size=5760Kb used=2311Kb max_used=2354Kb free=3448Kb
 bounds [0x000001f0666e0000, 0x000001f066950000, 0x000001f066c80000]
 total_blobs=6711 nmethods=5885 adapters=738
 compilation: enabled
              stopped_count=0, restarted_count=0
 full_count=0

Compilation events (20 events):
Event: 38.265 Thread 0x000001f07640e480 5888       3       java.io.RandomAccessFile::open (7 bytes)
Event: 38.266 Thread 0x000001f07640e480 nmethod 5888 0x000001f05fd15390 code [0x000001f05fd15520, 0x000001f05fd15668]
Event: 38.482 Thread 0x000001f07640e480 5891       3       jdk.internal.loader.URLClassPath$3::run (172 bytes)
Event: 38.484 Thread 0x000001f07640e480 nmethod 5891 0x000001f05fd15710 code [0x000001f05fd15a40, 0x000001f05fd16bc8]
Event: 38.484 Thread 0x000001f07640e480 5894   !   3       jdk.internal.loader.URLClassPath$JarLoader$1::run (175 bytes)
Event: 38.485 Thread 0x000001f07640e480 nmethod 5894 0x000001f05fd17290 code [0x000001f05fd174c0, 0x000001f05fd17c18]
Event: 38.485 Thread 0x000001f07640e480 5892       3       jdk.internal.loader.URLClassPath$JarLoader::<init> (67 bytes)
Event: 38.486 Thread 0x000001f07640e480 nmethod 5892 0x000001f05fd18090 code [0x000001f05fd18320, 0x000001f05fd18f18]
Event: 38.486 Thread 0x000001f07640e480 5893       3       jdk.internal.loader.URLClassPath$Loader::<init> (10 bytes)
Event: 38.486 Thread 0x000001f07640e480 nmethod 5893 0x000001f05fd19390 code [0x000001f05fd19520, 0x000001f05fd196d8]
Event: 38.486 Thread 0x000001f07640e480 5895       3       jdk.internal.loader.URLClassPath$JarLoader::getJarFile (102 bytes)
Event: 38.487 Thread 0x000001f07640e480 nmethod 5895 0x000001f05fd19790 code [0x000001f05fd19a60, 0x000001f05fd1a748]
Event: 38.487 Thread 0x000001f07640e480 5896       3       jdk.internal.loader.URLClassPath$JarLoader::isOptimizable (10 bytes)
Event: 38.487 Thread 0x000001f07640e480 nmethod 5896 0x000001f05fd1ac10 code [0x000001f05fd1adc0, 0x000001f05fd1af28]
Event: 38.499 Thread 0x000001f075a06450 5897       4       java.util.LinkedList::linkLast (59 bytes)
Event: 38.503 Thread 0x000001f075a06450 nmethod 5897 0x000001f066f75510 code [0x000001f066f756a0, 0x000001f066f75a18]
Event: 38.645 Thread 0x000001f07640e480 5898       3       java.io.RandomAccessFile::<init> (262 bytes)
Event: 38.647 Thread 0x000001f07640e480 nmethod 5898 0x000001f05fd1b010 code [0x000001f05fd1b3c0, 0x000001f05fd1c968]
Event: 38.654 Thread 0x000001f075a06450 5899       4       java.lang.String::toLowerCase (29 bytes)
Event: 38.668 Thread 0x000001f075a06450 nmethod 5899 0x000001f066f75b10 code [0x000001f066f75cc0, 0x000001f066f76518]

GC Heap History (20 events):
Event: 25.735 GC heap before
{Heap before GC invocations=12 (full 0):
 garbage-first heap   total 57344K, used 43480K [0x0000000080000000, 0x0000000100000000)
  region size 1024K, 19 young (19456K), 3 survivors (3072K)
 Metaspace       used 40961K, committed 41344K, reserved 1089536K
  class space    used 5431K, committed 5632K, reserved 1048576K
}
Event: 25.749 GC heap after
{Heap after GC invocations=13 (full 0):
 garbage-first heap   total 57344K, used 28035K [0x0000000080000000, 0x0000000100000000)
  region size 1024K, 2 young (2048K), 2 survivors (2048K)
 Metaspace       used 40961K, committed 41344K, reserved 1089536K
  class space    used 5431K, committed 5632K, reserved 1048576K
}
Event: 25.875 GC heap before
{Heap before GC invocations=13 (full 0):
 garbage-first heap   total 57344K, used 29059K [0x0000000080000000, 0x0000000100000000)
  region size 1024K, 5 young (5120K), 2 survivors (2048K)
 Metaspace       used 41154K, committed 41536K, reserved 1089536K
  class space    used 5452K, committed 5632K, reserved 1048576K
}
Event: 25.879 GC heap after
{Heap after GC invocations=14 (full 0):
 garbage-first heap   total 69632K, used 28939K [0x0000000080000000, 0x0000000100000000)
  region size 1024K, 1 young (1024K), 1 survivors (1024K)
 Metaspace       used 41154K, committed 41536K, reserved 1089536K
  class space    used 5452K, committed 5632K, reserved 1048576K
}
Event: 26.986 GC heap before
{Heap before GC invocations=14 (full 0):
 garbage-first heap   total 69632K, used 55563K [0x0000000080000000, 0x0000000100000000)
  region size 1024K, 24 young (24576K), 1 survivors (1024K)
 Metaspace       used 43552K, committed 43968K, reserved 1089536K
  class space    used 5718K, committed 5888K, reserved 1048576K
}
Event: 26.993 GC heap after
{Heap after GC invocations=15 (full 0):
 garbage-first heap   total 69632K, used 30862K [0x0000000080000000, 0x0000000100000000)
  region size 1024K, 3 young (3072K), 3 survivors (3072K)
 Metaspace       used 43552K, committed 43968K, reserved 1089536K
  class space    used 5718K, committed 5888K, reserved 1048576K
}
Event: 29.152 GC heap before
{Heap before GC invocations=15 (full 0):
 garbage-first heap   total 69632K, used 53390K [0x0000000080000000, 0x0000000100000000)
  region size 1024K, 25 young (25600K), 3 survivors (3072K)
 Metaspace       used 47139K, committed 47552K, reserved 1097728K
  class space    used 6195K, committed 6400K, reserved 1048576K
}
Event: 29.161 GC heap after
{Heap after GC invocations=16 (full 0):
 garbage-first heap   total 69632K, used 32604K [0x0000000080000000, 0x0000000100000000)
  region size 1024K, 2 young (2048K), 2 survivors (2048K)
 Metaspace       used 47139K, committed 47552K, reserved 1097728K
  class space    used 6195K, committed 6400K, reserved 1048576K
}
Event: 30.755 GC heap before
{Heap before GC invocations=16 (full 0):
 garbage-first heap   total 69632K, used 54108K [0x0000000080000000, 0x0000000100000000)
  region size 1024K, 23 young (23552K), 2 survivors (2048K)
 Metaspace       used 49984K, committed 50368K, reserved 1097728K
  class space    used 6624K, committed 6784K, reserved 1048576K
}
Event: 30.759 GC heap after
{Heap after GC invocations=17 (full 0):
 garbage-first heap   total 69632K, used 33160K [0x0000000080000000, 0x0000000100000000)
  region size 1024K, 3 young (3072K), 3 survivors (3072K)
 Metaspace       used 49984K, committed 50368K, reserved 1097728K
  class space    used 6624K, committed 6784K, reserved 1048576K
}
Event: 35.313 GC heap before
{Heap before GC invocations=18 (full 0):
 garbage-first heap   total 69632K, used 54664K [0x0000000080000000, 0x0000000100000000)
  region size 1024K, 24 young (24576K), 3 survivors (3072K)
 Metaspace       used 51197K, committed 51648K, reserved 1097728K
  class space    used 6777K, committed 6976K, reserved 1048576K
}
Event: 35.320 GC heap after
{Heap after GC invocations=19 (full 0):
 garbage-first heap   total 69632K, used 35201K [0x0000000080000000, 0x0000000100000000)
  region size 1024K, 3 young (3072K), 3 survivors (3072K)
 Metaspace       used 51197K, committed 51648K, reserved 1097728K
  class space    used 6777K, committed 6976K, reserved 1048576K
}
Event: 37.644 GC heap before
{Heap before GC invocations=19 (full 0):
 garbage-first heap   total 69632K, used 47489K [0x0000000080000000, 0x0000000100000000)
  region size 1024K, 17 young (17408K), 3 survivors (3072K)
 Metaspace       used 51645K, committed 52160K, reserved 1097728K
  class space    used 6822K, committed 7040K, reserved 1048576K
}
Event: 37.651 GC heap after
{Heap after GC invocations=20 (full 0):
 garbage-first heap   total 69632K, used 36045K [0x0000000080000000, 0x0000000100000000)
  region size 1024K, 1 young (1024K), 1 survivors (1024K)
 Metaspace       used 51645K, committed 52160K, reserved 1097728K
  class space    used 6822K, committed 7040K, reserved 1048576K
}
Event: 37.805 GC heap before
{Heap before GC invocations=21 (full 0):
 garbage-first heap   total 69632K, used 37069K [0x0000000080000000, 0x0000000100000000)
  region size 1024K, 2 young (2048K), 1 survivors (1024K)
 Metaspace       used 51647K, committed 52160K, reserved 1097728K
  class space    used 6823K, committed 7040K, reserved 1048576K
}
Event: 37.809 GC heap after
{Heap after GC invocations=22 (full 0):
 garbage-first heap   total 69632K, used 37069K [0x0000000080000000, 0x0000000100000000)
  region size 1024K, 1 young (1024K), 1 survivors (1024K)
 Metaspace       used 51647K, committed 52160K, reserved 1097728K
  class space    used 6823K, committed 7040K, reserved 1048576K
}
Event: 38.321 GC heap before
{Heap before GC invocations=23 (full 0):
 garbage-first heap   total 69632K, used 38093K [0x0000000080000000, 0x0000000100000000)
  region size 1024K, 3 young (3072K), 1 survivors (1024K)
 Metaspace       used 51675K, committed 52160K, reserved 1097728K
  class space    used 6828K, committed 7040K, reserved 1048576K
}
Event: 38.325 GC heap after
{Heap after GC invocations=24 (full 0):
 garbage-first heap   total 69632K, used 39456K [0x0000000080000000, 0x0000000100000000)
  region size 1024K, 3 young (3072K), 3 survivors (3072K)
 Metaspace       used 51675K, committed 52160K, reserved 1097728K
  class space    used 6828K, committed 7040K, reserved 1048576K
}
Event: 38.749 GC heap before
{Heap before GC invocations=25 (full 0):
 garbage-first heap   total 71680K, used 42528K [0x0000000080000000, 0x0000000100000000)
  region size 1024K, 6 young (6144K), 3 survivors (3072K)
 Metaspace       used 51686K, committed 52160K, reserved 1097728K
  class space    used 6828K, committed 7040K, reserved 1048576K
}
Event: 38.754 GC heap after
{Heap after GC invocations=26 (full 0):
 garbage-first heap   total 71680K, used 42009K [0x0000000080000000, 0x0000000100000000)
  region size 1024K, 2 young (2048K), 2 survivors (2048K)
 Metaspace       used 51686K, committed 52160K, reserved 1097728K
  class space    used 6828K, committed 7040K, reserved 1048576K
}

Dll operation events (2 events):
Event: 0.085 Loaded shared library C:\Program Files\Android\Android Studio\jbr\bin\java.dll
Event: 0.903 Loaded shared library C:\Program Files\Android\Android Studio\jbr\bin\verify.dll

Deoptimization events (20 events):
Event: 36.610 Thread 0x000001f077e10170 DEOPT PACKING pc=0x000001f05fad5843 sp=0x0000004581efe3b0
Event: 36.610 Thread 0x000001f077e10170 DEOPT UNPACKING pc=0x000001f066737143 sp=0x0000004581efd838 mode 0
Event: 37.038 Thread 0x000001f077e0e960 DEOPT PACKING pc=0x000001f05f23e593 sp=0x00000045818f8f70
Event: 37.038 Thread 0x000001f077e0e960 DEOPT UNPACKING pc=0x000001f066737143 sp=0x00000045818f84a8 mode 0
Event: 37.043 Thread 0x000001f077e0e960 DEOPT PACKING pc=0x000001f05f23e593 sp=0x00000045818f8f70
Event: 37.043 Thread 0x000001f077e0e960 DEOPT UNPACKING pc=0x000001f066737143 sp=0x00000045818f84a8 mode 0
Event: 37.334 Thread 0x000001f077e0e960 Uncommon trap: trap_request=0xffffff45 fr.pc=0x000001f066f5049c relative=0x000000000000007c
Event: 37.334 Thread 0x000001f077e0e960 Uncommon trap: reason=unstable_if action=reinterpret pc=0x000001f066f5049c method=java.util.Spliterator.getExactSizeIfKnown()J @ 9 c2
Event: 37.334 Thread 0x000001f077e0e960 DEOPT PACKING pc=0x000001f066f5049c sp=0x00000045818fa5e0
Event: 37.334 Thread 0x000001f077e0e960 DEOPT UNPACKING pc=0x000001f0667369a3 sp=0x00000045818fa578 mode 2
Event: 37.339 Thread 0x000001f077e0e960 Uncommon trap: trap_request=0xffffffc6 fr.pc=0x000001f066e3e8ac relative=0x0000000000003acc
Event: 37.339 Thread 0x000001f077e0e960 Uncommon trap: reason=bimorphic_or_optimized_type_check action=maybe_recompile pc=0x000001f066e3e8ac method=java.util.AbstractCollection.addAll(Ljava/util/Collection;)Z @ 29 c2
Event: 37.339 Thread 0x000001f077e0e960 DEOPT PACKING pc=0x000001f066e3e8ac sp=0x00000045818fb390
Event: 37.339 Thread 0x000001f077e0e960 DEOPT UNPACKING pc=0x000001f0667369a3 sp=0x00000045818fb380 mode 2
Event: 37.919 Thread 0x000001f077e0e960 DEOPT PACKING pc=0x000001f05f27443d sp=0x00000045818f8ba0
Event: 37.919 Thread 0x000001f077e0e960 DEOPT UNPACKING pc=0x000001f066737143 sp=0x00000045818f8028 mode 0
Event: 37.948 Thread 0x000001f077e0e960 Uncommon trap: trap_request=0xffffff45 fr.pc=0x000001f066cd54a8 relative=0x0000000000000668
Event: 37.948 Thread 0x000001f077e0e960 Uncommon trap: reason=unstable_if action=reinterpret pc=0x000001f066cd54a8 method=java.util.jar.Manifest$FastInputStream.readLine([BII)I @ 130 c2
Event: 37.948 Thread 0x000001f077e0e960 DEOPT PACKING pc=0x000001f066cd54a8 sp=0x00000045818f8700
Event: 37.948 Thread 0x000001f077e0e960 DEOPT UNPACKING pc=0x000001f0667369a3 sp=0x00000045818f8690 mode 2

Classes unloaded (0 events):
No events

Classes redefined (0 events):
No events

Internal exceptions (20 events):
Event: 30.833 Thread 0x000001f077e0e960 Exception <a 'java/lang/NoSuchMethodError'{0x00000000843ed468}: 'java.lang.Object java.lang.invoke.DirectMethodHandle$Holder.invokeStatic(java.lang.Object, java.lang.Object, java.lang.Object, java.lang.Object, java.lang.Object, java.lang.Object, java.lang.Object, java.lang.Object, java.lang.Object, java.lang.Object, java.lang.Object, java.lang.Object, java.lang.Object, java.lang.Object, java.lang.Object, java.lang.Object, java.lang.Object)'> (0x00000000843ed468) 
thrown [s\src\hotspot\share\interpreter\lin
Event: 30.836 Thread 0x000001f077e0e960 Exception <a 'java/lang/NoSuchMethodError'{0x0000000084215ac0}: 'java.lang.Object java.lang.invoke.DirectMethodHandle$Holder.invokeStatic(java.lang.Object, java.lang.Object, java.lang.Object, java.lang.Object, java.lang.Object, java.lang.Object, java.lang.Object, java.lang.Object, java.lang.Object, java.lang.Object, java.lang.Object, java.lang.Object, java.lang.Object, java.lang.Object, java.lang.Object, java.lang.Object, java.lang.Object, java.lang.Object)'> (0x0000000084215ac0) 
thrown [s\src\hotspot\sha
Event: 30.843 Thread 0x000001f077e0e960 Exception <a 'java/lang/NoSuchMethodError'{0x000000008423e658}: 'java.lang.Object java.lang.invoke.DirectMethodHandle$Holder.invokeStatic(java.lang.Object, java.lang.Object, java.lang.Object, java.lang.Object, java.lang.Object, java.lang.Object, java.lang.Object, java.lang.Object, java.lang.Object, java.lang.Object, java.lang.Object, java.lang.Object, java.lang.Object, java.lang.Object, java.lang.Object, java.lang.Object, java.lang.Object, java.lang.Object, java.lang.Object)'> (0x000000008423e658) 
thrown 
Event: 30.851 Thread 0x000001f077e0e960 Exception <a 'java/lang/NoSuchMethodError'{0x00000000842684b0}: 'java.lang.Object java.lang.invoke.DirectMethodHandle$Holder.invokeStatic(java.lang.Object, java.lang.Object, java.lang.Object, java.lang.Object, java.lang.Object, java.lang.Object, java.lang.Object, java.lang.Object, java.lang.Object, java.lang.Object, java.lang.Object, java.lang.Object, java.lang.Object, java.lang.Object, java.lang.Object, java.lang.Object, java.lang.Object, java.lang.Object, java.lang.Object, java.lang.Object)'> (0x00000000
Event: 30.857 Thread 0x000001f077e0e960 Exception <a 'java/lang/NoSuchMethodError'{0x00000000842938e8}: 'java.lang.Object java.lang.invoke.DirectMethodHandle$Holder.invokeStatic(java.lang.Object, java.lang.Object, java.lang.Object, java.lang.Object, java.lang.Object, java.lang.Object, java.lang.Object, java.lang.Object, java.lang.Object, java.lang.Object, java.lang.Object, java.lang.Object, java.lang.Object, java.lang.Object, java.lang.Object, java.lang.Object, java.lang.Object, java.lang.Object, java.lang.Object, java.lang.Object, java.lang.Obj
Event: 30.862 Thread 0x000001f077e0e960 Exception <a 'java/lang/NoSuchMethodError'{0x00000000842bf140}: 'java.lang.Object java.lang.invoke.DirectMethodHandle$Holder.invokeStatic(java.lang.Object, java.lang.Object, java.lang.Object, java.lang.Object, java.lang.Object, java.lang.Object, java.lang.Object, java.lang.Object, java.lang.Object, java.lang.Object, java.lang.Object, java.lang.Object, java.lang.Object, java.lang.Object, java.lang.Object, java.lang.Object, java.lang.Object, java.lang.Object, java.lang.Object, java.lang.Object, java.lang.Obj
Event: 30.864 Thread 0x000001f077e0e960 Exception <a 'java/lang/NoSuchMethodError'{0x00000000842ed0f8}: 'java.lang.Object java.lang.invoke.DirectMethodHandle$Holder.invokeStatic(java.lang.Object, java.lang.Object, java.lang.Object, java.lang.Object, java.lang.Object, java.lang.Object, java.lang.Object, java.lang.Object, java.lang.Object, java.lang.Object, java.lang.Object, java.lang.Object, java.lang.Object, java.lang.Object, java.lang.Object, java.lang.Object, java.lang.Object, java.lang.Object, java.lang.Object, java.lang.Object, java.lang.Obj
Event: 30.866 Thread 0x000001f077e0e960 Exception <a 'java/lang/NoSuchMethodError'{0x000000008411c1d0}: 'java.lang.Object java.lang.invoke.DirectMethodHandle$Holder.invokeStatic(java.lang.Object, java.lang.Object, java.lang.Object, java.lang.Object, java.lang.Object, java.lang.Object, java.lang.Object, java.lang.Object, java.lang.Object, java.lang.Object, java.lang.Object, java.lang.Object, java.lang.Object, java.lang.Object, java.lang.Object, java.lang.Object, java.lang.Object, java.lang.Object, java.lang.Object, java.lang.Object, java.lang.Obj
Event: 31.065 Thread 0x000001f077e0e960 Exception <a 'java/lang/NoSuchMethodError'{0x0000000083fafd18}: 'java.lang.Object java.lang.invoke.DirectMethodHandle$Holder.newInvokeSpecial(java.lang.Object, java.lang.Object, int)'> (0x0000000083fafd18) 
thrown [s\src\hotspot\share\interpreter\linkResolver.cpp, line 771]
Event: 37.322 Thread 0x000001f077e0e960 Exception <a 'java/lang/NoSuchMethodError'{0x00000000838465e8}: 'long java.lang.invoke.DirectMethodHandle$Holder.invokeVirtual(java.lang.Object, java.lang.Object)'> (0x00000000838465e8) 
thrown [s\src\hotspot\share\interpreter\linkResolver.cpp, line 771]
Event: 37.339 Thread 0x000001f077e10b10 Exception <a 'java/lang/NoSuchMethodError'{0x00000000838c99c0}: static Lorg/gradle/internal/build/event/types/DefaultOperationFinishedProgressEvent;.<clinit>()V> (0x00000000838c99c0) 
thrown [s\src\hotspot\share\prims\jni.cpp, line 1108]
Event: 37.341 Thread 0x000001f077e10b10 Exception <a 'java/lang/NoSuchMethodError'{0x00000000838f2490}: static Lorg/gradle/internal/build/event/types/DefaultProjectConfigurationSuccessResult;.<clinit>()V> (0x00000000838f2490) 
thrown [s\src\hotspot\share\prims\jni.cpp, line 1108]
Event: 37.341 Thread 0x000001f077e10b10 Exception <a 'java/lang/NoSuchMethodError'{0x00000000838f3a10}: static Lorg/gradle/internal/build/event/types/AbstractProjectConfigurationResult;.<clinit>()V> (0x00000000838f3a10) 
thrown [s\src\hotspot\share\prims\jni.cpp, line 1108]
Event: 37.342 Thread 0x000001f077e10b10 Exception <a 'java/lang/NoSuchMethodError'{0x00000000838f5168}: static Lorg/gradle/internal/build/event/types/AbstractOperationResult;.<clinit>()V> (0x00000000838f5168) 
thrown [s\src\hotspot\share\prims\jni.cpp, line 1108]
Event: 37.342 Thread 0x000001f077e10b10 Exception <a 'java/lang/NoSuchMethodError'{0x00000000838f65e0}: static Lorg/gradle/internal/build/event/types/AbstractResult;.<clinit>()V> (0x00000000838f65e0) 
thrown [s\src\hotspot\share\prims\jni.cpp, line 1108]
Event: 37.344 Thread 0x000001f077e10b10 Exception <a 'java/lang/NoSuchMethodError'{0x000000008370e828}: static Lorg/gradle/internal/build/event/types/DefaultPluginApplicationResult;.<clinit>()V> (0x000000008370e828) 
thrown [s\src\hotspot\share\prims\jni.cpp, line 1108]
Event: 37.345 Thread 0x000001f077e10b10 Exception <a 'java/lang/NoSuchMethodError'{0x000000008371abc8}: static Lorg/gradle/internal/build/event/types/DefaultBinaryPluginIdentifier;.<clinit>()V> (0x000000008371abc8) 
thrown [s\src\hotspot\share\prims\jni.cpp, line 1108]
Event: 37.349 Thread 0x000001f077e10b10 Exception <a 'java/lang/NoSuchMethodError'{0x0000000083732d00}: static Lorg/gradle/internal/build/event/types/DefaultScriptPluginIdentifier;.<clinit>()V> (0x0000000083732d00) 
thrown [s\src\hotspot\share\prims\jni.cpp, line 1108]
Event: 37.585 Thread 0x000001f077e0e960 Exception <a 'java/lang/ClassNotFoundException'{0x000000008377cf48}: build_68rosf3f091i019qh78rar0u8BeanInfo> (0x000000008377cf48) 
thrown [s\src\hotspot\share\classfile\systemDictionary.cpp, line 256]
Event: 37.585 Thread 0x000001f077e0e960 Exception <a 'java/lang/ClassNotFoundException'{0x00000000837837c8}: build_68rosf3f091i019qh78rar0u8Customizer> (0x00000000837837c8) 
thrown [s\src\hotspot\share\classfile\systemDictionary.cpp, line 256]

VM Operations (20 events):
Event: 37.651 Executing VM operation: G1TryInitiateConcMark done
Event: 37.731 Executing VM operation: G1Concurrent
Event: 37.735 Executing VM operation: G1Concurrent done
Event: 37.769 Executing VM operation: G1Concurrent
Event: 37.769 Executing VM operation: G1Concurrent done
Event: 37.805 Executing VM operation: G1TryInitiateConcMark
Event: 37.809 Executing VM operation: G1TryInitiateConcMark done
Event: 37.884 Executing VM operation: G1Concurrent
Event: 37.888 Executing VM operation: G1Concurrent done
Event: 37.916 Executing VM operation: G1Concurrent
Event: 37.916 Executing VM operation: G1Concurrent done
Event: 38.321 Executing VM operation: G1TryInitiateConcMark
Event: 38.326 Executing VM operation: G1TryInitiateConcMark done
Event: 38.412 Executing VM operation: G1Concurrent
Event: 38.418 Executing VM operation: G1Concurrent done
Event: 38.453 Executing VM operation: G1Concurrent
Event: 38.453 Executing VM operation: G1Concurrent done
Event: 38.749 Executing VM operation: G1TryInitiateConcMark
Event: 38.754 Executing VM operation: G1TryInitiateConcMark done
Event: 38.833 Executing VM operation: G1Concurrent

Events (20 events):
Event: 33.725 Thread 0x000001f0790d2790 Thread added: 0x000001f0790d2790
Event: 33.725 Thread 0x000001f0790d4e10 Thread added: 0x000001f0790d4e10
Event: 33.725 Thread 0x000001f0790d52e0 Thread added: 0x000001f0790d52e0
Event: 33.725 Thread 0x000001f0790d57b0 Thread added: 0x000001f0790d57b0
Event: 33.725 Thread 0x000001f0790d1df0 Thread added: 0x000001f0790d1df0
Event: 33.725 Thread 0x000001f0790ce430 Thread added: 0x000001f0790ce430
Event: 33.726 Thread 0x000001f0790d2c60 Thread added: 0x000001f0790d2c60
Event: 33.726 Thread 0x000001f0790d1450 Thread added: 0x000001f0790d1450
Event: 37.324 loading class java/util/stream/SortedOps
Event: 37.326 loading class java/util/stream/SortedOps done
Event: 37.326 loading class java/util/stream/SortedOps$OfRef
Event: 37.328 loading class java/util/stream/ReferencePipeline$StatefulOp
Event: 37.329 loading class java/util/stream/ReferencePipeline$StatefulOp done
Event: 37.329 loading class java/util/stream/SortedOps$OfRef done
Event: 37.332 loading class java/util/stream/SortedOps$RefSortingSink
Event: 37.333 loading class java/util/stream/SortedOps$AbstractRefSortingSink
Event: 37.334 loading class java/util/stream/SortedOps$AbstractRefSortingSink done
Event: 37.334 loading class java/util/stream/SortedOps$RefSortingSink done
Event: 37.346 loading class java/time/Ser
Event: 37.348 loading class java/time/Ser done


Dynamic libraries:
0x00007ff7a0200000 - 0x00007ff7a020a000 	C:\Program Files\Android\Android Studio\jbr\bin\java.exe
0x00007ffa84c50000 - 0x00007ffa84e64000 	C:\WINDOWS\SYSTEM32\ntdll.dll
0x00007ffa840d0000 - 0x00007ffa84192000 	C:\WINDOWS\System32\KERNEL32.DLL
0x00007ffa82560000 - 0x00007ffa82903000 	C:\WINDOWS\System32\KERNELBASE.dll
0x00007ffa821e0000 - 0x00007ffa822f1000 	C:\WINDOWS\System32\ucrtbase.dll
0x00007ffa5fdd0000 - 0x00007ffa5fdeb000 	C:\Program Files\Android\Android Studio\jbr\bin\VCRUNTIME140.dll
0x00007ffa5c7a0000 - 0x00007ffa5c7b7000 	C:\Program Files\Android\Android Studio\jbr\bin\jli.dll
0x00007ffa84760000 - 0x00007ffa8490b000 	C:\WINDOWS\System32\USER32.dll
0x00007ffa82530000 - 0x00007ffa82556000 	C:\WINDOWS\System32\win32u.dll
0x00007ffa83fd0000 - 0x00007ffa83ff9000 	C:\WINDOWS\System32\GDI32.dll
0x00007ffa82910000 - 0x00007ffa82a29000 	C:\WINDOWS\System32\gdi32full.dll
0x00007ffa82140000 - 0x00007ffa821da000 	C:\WINDOWS\System32\msvcp_win.dll
0x00007ffa6bd10000 - 0x00007ffa6bf9e000 	C:\WINDOWS\WinSxS\amd64_microsoft.windows.common-controls_6595b64144ccf1df_6.0.22621.1635_none_270f70857386168e\COMCTL32.dll
0x00007ffa84000000 - 0x00007ffa840a7000 	C:\WINDOWS\System32\msvcrt.dll
0x00007ffa84910000 - 0x00007ffa84941000 	C:\WINDOWS\System32\IMM32.DLL
0x00007ffa7f070000 - 0x00007ffa7f07c000 	C:\Program Files\Android\Android Studio\jbr\bin\vcruntime140_1.dll
0x00007ffa46bd0000 - 0x00007ffa46c5d000 	C:\Program Files\Android\Android Studio\jbr\bin\msvcp140.dll
0x00007ffa304b0000 - 0x00007ffa3111d000 	C:\Program Files\Android\Android Studio\jbr\bin\server\jvm.dll
0x00007ffa84950000 - 0x00007ffa849fe000 	C:\WINDOWS\System32\ADVAPI32.dll
0x00007ffa846b0000 - 0x00007ffa84754000 	C:\WINDOWS\System32\sechost.dll
0x00007ffa84a00000 - 0x00007ffa84b17000 	C:\WINDOWS\System32\RPCRT4.dll
0x00007ffa7f0b0000 - 0x00007ffa7f0b9000 	C:\WINDOWS\SYSTEM32\WSOCK32.dll
0x00007ffa7a090000 - 0x00007ffa7a09a000 	C:\WINDOWS\SYSTEM32\VERSION.dll
0x00007ffa7a0f0000 - 0x00007ffa7a124000 	C:\WINDOWS\SYSTEM32\WINMM.dll
0x00007ffa83bb0000 - 0x00007ffa83c21000 	C:\WINDOWS\System32\WS2_32.dll
0x00007ffa810a0000 - 0x00007ffa810b8000 	C:\WINDOWS\SYSTEM32\kernel.appcore.dll
0x00007ffa7ba30000 - 0x00007ffa7ba3a000 	C:\Program Files\Android\Android Studio\jbr\bin\jimage.dll
0x00007ffa7fb60000 - 0x00007ffa7fd8e000 	C:\WINDOWS\SYSTEM32\DBGHELP.DLL
0x00007ffa84220000 - 0x00007ffa845a9000 	C:\WINDOWS\System32\combase.dll
0x00007ffa83c50000 - 0x00007ffa83d27000 	C:\WINDOWS\System32\OLEAUT32.dll
0x00007ffa6bfa0000 - 0x00007ffa6bfd2000 	C:\WINDOWS\SYSTEM32\dbgcore.DLL
0x00007ffa820c0000 - 0x00007ffa8213b000 	C:\WINDOWS\System32\bcryptPrimitives.dll
0x00007ffa7b9b0000 - 0x00007ffa7b9d5000 	C:\Program Files\Android\Android Studio\jbr\bin\java.dll
0x00007ffa6f880000 - 0x00007ffa6f898000 	C:\Program Files\Android\Android Studio\jbr\bin\zip.dll
0x00007ffa82a30000 - 0x00007ffa8322a000 	C:\WINDOWS\System32\SHELL32.dll
0x00007ffa80050000 - 0x00007ffa8091e000 	C:\WINDOWS\SYSTEM32\windows.storage.dll
0x00007ffa7ff10000 - 0x00007ffa8004e000 	C:\WINDOWS\SYSTEM32\wintypes.dll
0x00007ffa833f0000 - 0x00007ffa834e1000 	C:\WINDOWS\System32\SHCORE.dll
0x00007ffa841c0000 - 0x00007ffa8421e000 	C:\WINDOWS\System32\shlwapi.dll
0x00007ffa81f80000 - 0x00007ffa81fa1000 	C:\WINDOWS\SYSTEM32\profapi.dll
0x00007ffa6f860000 - 0x00007ffa6f879000 	C:\Program Files\Android\Android Studio\jbr\bin\net.dll
0x00007ffa79bf0000 - 0x00007ffa79d27000 	C:\WINDOWS\SYSTEM32\WINHTTP.dll
0x00007ffa81510000 - 0x00007ffa81579000 	C:\WINDOWS\system32\mswsock.dll
0x00007ffa6f840000 - 0x00007ffa6f856000 	C:\Program Files\Android\Android Studio\jbr\bin\nio.dll
0x00007ffa6f830000 - 0x00007ffa6f840000 	C:\Program Files\Android\Android Studio\jbr\bin\verify.dll
0x00007ffa53980000 - 0x00007ffa539a7000 	C:\Users\leana\.gradle\native\68d5fa5c4cc2d200863cafc0d521ce42e7d3e7ee720ec0a83991735586a16f82\windows-amd64\native-platform.dll
0x00007ffa38540000 - 0x00007ffa38684000 	C:\Users\leana\.gradle\native\e376f236ea51e6404a007f0833ffe2c6e607c4080706a723a18a27aeea778392\windows-amd64\native-platform-file-events.dll
0x00007ffa7b970000 - 0x00007ffa7b979000 	C:\Program Files\Android\Android Studio\jbr\bin\management.dll
0x00007ffa714c0000 - 0x00007ffa714cb000 	C:\Program Files\Android\Android Studio\jbr\bin\management_ext.dll
0x00007ffa83710000 - 0x00007ffa83718000 	C:\WINDOWS\System32\PSAPI.DLL
0x00007ffa81770000 - 0x00007ffa8178b000 	C:\WINDOWS\SYSTEM32\CRYPTSP.dll
0x00007ffa81010000 - 0x00007ffa81045000 	C:\WINDOWS\system32\rsaenh.dll
0x00007ffa81610000 - 0x00007ffa81638000 	C:\WINDOWS\SYSTEM32\USERENV.dll
0x00007ffa81930000 - 0x00007ffa81958000 	C:\WINDOWS\SYSTEM32\bcrypt.dll
0x00007ffa81790000 - 0x00007ffa8179c000 	C:\WINDOWS\SYSTEM32\CRYPTBASE.dll
0x00007ffa80bc0000 - 0x00007ffa80bed000 	C:\WINDOWS\SYSTEM32\IPHLPAPI.DLL
0x00007ffa83720000 - 0x00007ffa83729000 	C:\WINDOWS\System32\NSI.dll
0x00007ffa7a0a0000 - 0x00007ffa7a0b9000 	C:\WINDOWS\SYSTEM32\dhcpcsvc6.DLL
0x00007ffa79260000 - 0x00007ffa7927f000 	C:\WINDOWS\SYSTEM32\dhcpcsvc.DLL
0x00007ffa80bf0000 - 0x00007ffa80ce3000 	C:\WINDOWS\SYSTEM32\DNSAPI.dll
0x00007ffa6f820000 - 0x00007ffa6f828000 	C:\WINDOWS\system32\wshunix.dll

dbghelp: loaded successfully - version: 4.0.5 - missing functions: none
symbol engine: initialized successfully - sym options: 0x614 - pdb path: .;C:\Program Files\Android\Android Studio\jbr\bin;C:\WINDOWS\SYSTEM32;C:\WINDOWS\WinSxS\amd64_microsoft.windows.common-controls_6595b64144ccf1df_6.0.22621.1635_none_270f70857386168e;C:\Program Files\Android\Android Studio\jbr\bin\server;C:\Users\leana\.gradle\native\68d5fa5c4cc2d200863cafc0d521ce42e7d3e7ee720ec0a83991735586a16f82\windows-amd64;C:\Users\leana\.gradle\native\e376f236ea51e6404a007f0833ffe2c6e607c4080706a723a18a27aeea778392\windows-amd64

VM Arguments:
jvm_args: --add-opens=java.base/java.util=ALL-UNNAMED --add-opens=java.base/java.lang=ALL-UNNAMED --add-opens=java.base/java.lang.invoke=ALL-UNNAMED --add-opens=java.prefs/java.util.prefs=ALL-UNNAMED --add-opens=java.base/java.nio.charset=ALL-UNNAMED --add-opens=java.base/java.net=ALL-UNNAMED --add-opens=java.base/java.util.concurrent.atomic=ALL-UNNAMED -Xmx2048m -Dfile.encoding=UTF-8 -Duser.country=CO -Duser.language=es -Duser.variant 
java_command: org.gradle.launcher.daemon.bootstrap.GradleDaemon 7.6
java_class_path (initial): C:\Users\leana\.gradle\wrapper\dists\gradle-7.6-bin\9l9tetv7ltxvx3i8an4pb86ye\gradle-7.6\lib\gradle-launcher-7.6.jar
Launcher Type: SUN_STANDARD

[Global flags]
     intx CICompilerCount                          = 3                                         {product} {ergonomic}
     uint ConcGCThreads                            = 1                                         {product} {ergonomic}
     uint G1ConcRefinementThreads                  = 4                                         {product} {ergonomic}
   size_t G1HeapRegionSize                         = 1048576                                   {product} {ergonomic}
    uintx GCDrainStackTargetSize                   = 64                                        {product} {ergonomic}
   size_t InitialHeapSize                          = 58720256                                  {product} {ergonomic}
   size_t MarkStackSize                            = 4194304                                   {product} {ergonomic}
   size_t MaxHeapSize                              = 2147483648                                {product} {command line}
   size_t MaxNewSize                               = 1287651328                                {product} {ergonomic}
   size_t MinHeapDeltaBytes                        = 1048576                                   {product} {ergonomic}
   size_t MinHeapSize                              = 8388608                                   {product} {ergonomic}
    uintx NonNMethodCodeHeapSize                   = 5832780                                {pd product} {ergonomic}
    uintx NonProfiledCodeHeapSize                  = 122912730                              {pd product} {ergonomic}
    uintx ProfiledCodeHeapSize                     = 122912730                              {pd product} {ergonomic}
    uintx ReservedCodeCacheSize                    = 251658240                              {pd product} {ergonomic}
     bool SegmentedCodeCache                       = true                                      {product} {ergonomic}
   size_t SoftMaxHeapSize                          = 2147483648                             {manageable} {ergonomic}
     bool UseCompressedClassPointers               = true                           {product lp64_product} {ergonomic}
     bool UseCompressedOops                        = true                           {product lp64_product} {ergonomic}
     bool UseG1GC                                  = true                                      {product} {ergonomic}
     bool UseLargePagesIndividualAllocation        = false                                  {pd product} {ergonomic}

Logging:
Log output configuration:
 #0: stdout all=warning uptime,level,tags
 #1: stderr all=off uptime,level,tags

Environment Variables:
PATH=C:\Python311\Scripts\;C:\Python311\;C:\WINDOWS\system32;C:\WINDOWS;C:\WINDOWS\System32\Wbem;C:\WINDOWS\System32\WindowsPowerShell\v1.0\;C:\WINDOWS\System32\OpenSSH\;C:\Program Files\dotnet\;C:\ProgramData\chocolatey\bin;C:\Program Files\Git\cmd;C:\Program Files\Git\get;C:\Users\leana\AppData\Roaming\nvm;C:\Program Files\nodejs;C:\Program Files\MySQL\MySQL Shell 8.0\bin\;C:\Users\leana\AppData\Local\Microsoft\WindowsApps;C:\Users\leana\AppData\Local\Programs\Microsoft VS Code\bin;C:\Users\leana\.dotnet\tools;C:\Users\leana\AppData\Roaming\npm;C:\Users\leana\AppData\Roaming\nvm;C:\Program Files\nodejs
USERNAME=leana
OS=Windows_NT
PROCESSOR_IDENTIFIER=AMD64 Family 23 Model 24 Stepping 1, AuthenticAMD
TMP=C:\Users\leana\AppData\Local\Temp
TEMP=C:\Users\leana\AppData\Local\Temp



---------------  S Y S T E M  ---------------

OS:
 Windows 11 , 64 bit Build 22621 (10.0.22621.1778)
OS uptime: 2 days 1:01 hours

CPU: total 4 (initial active 4) (4 cores per cpu, 2 threads per core) family 23 model 24 stepping 1 microcode 0x0, cx8, cmov, fxsr, ht, mmx, 3dnowpref, sse, sse2, sse3, ssse3, sse4a, sse4.1, sse4.2, popcnt, lzcnt, tsc, tscinvbit, avx, avx2, aes, clmul, bmi1, bmi2, adx, sha, fma, vzeroupper, clflush, clflushopt

Memory: 4k page, system-wide physical 3521M (44M free)
TotalPageFile size 14273M (AvailPageFile size 0M)
current process WorkingSet (physical memory assigned to process): 168M, peak: 200M
current process commit charge ("private bytes"): 247M, peak: 256M

vm_info: OpenJDK 64-Bit Server VM (17.0.6+0-b2043.56-9586694) for windows-amd64 JRE (17.0.6+0-b2043.56-9586694), built on Feb  9 2023 20:06:20 by "androidbuild" with MS VC++ 16.10 / 16.11 (VS2019)

END.
