#
# There is insufficient memory for the Java Runtime Environment to continue.
# Native memory allocation (malloc) failed to allocate 1362608 bytes for Chunk::new
# Possible reasons:
#   The system is out of physical RAM or swap space
#   The process is running with CompressedOops enabled, and the Java Heap may be blocking the growth of the native heap
# Possible solutions:
#   Reduce memory load on the system
#   Increase physical memory or swap space
#   Check if swap backing store is full
#   Decrease Java heap size (-Xmx/-Xms)
#   Decrease number of Java threads
#   Decrease Java thread stack sizes (-Xss)
#   Set larger code cache with -XX:ReservedCodeCacheSize=
#   JVM is running with Unscaled Compressed Oops mode in which the Java heap is
#     placed in the first 4GB address space. The Java Heap base address is the
#     maximum limit for the native heap growth. Please use -XX:HeapBaseMinAddress
#     to set the Java Heap base and to place the Java Heap above 4GB virtual address.
# This output file may be truncated or incomplete.
#
#  Out of Memory Error (arena.cpp:189), pid=15272, tid=15392
#
# JRE version: OpenJDK Runtime Environment (17.0.6) (build 17.0.6+0-b2043.56-9586694)
# Java VM: OpenJDK 64-Bit Server VM (17.0.6+0-b2043.56-9586694, mixed mode, tiered, compressed oops, compressed class ptrs, g1 gc, windows-amd64)
# No core dump will be written. Minidumps are not enabled by default on client versions of Windows
#

---------------  S U M M A R Y ------------

Command Line: --add-opens=java.base/java.util=ALL-UNNAMED --add-opens=java.base/java.lang=ALL-UNNAMED --add-opens=java.base/java.lang.invoke=ALL-UNNAMED --add-opens=java.prefs/java.util.prefs=ALL-UNNAMED --add-opens=java.base/java.nio.charset=ALL-UNNAMED --add-opens=java.base/java.net=ALL-UNNAMED --add-opens=java.base/java.util.concurrent.atomic=ALL-UNNAMED -Xmx2048m -Dfile.encoding=UTF-8 -Duser.country=CO -Duser.language=es -Duser.variant org.gradle.launcher.daemon.bootstrap.GradleDaemon 7.6

Host: AMD Ryzen 3 3250U with Radeon Graphics         , 4 cores, 3G,  Windows 11 , 64 bit Build 22621 (10.0.22621.1778)
Time: Mon Jun 26 10:39:04 2023 Hora est. Pacífico, Sudamérica elapsed time: 81.276480 seconds (0d 0h 1m 21s)

---------------  T H R E A D  ---------------

Current thread (0x00000264cc8104e0):  JavaThread "C2 CompilerThread0" daemon [_thread_in_native, id=15392, stack(0x000000f143300000,0x000000f143400000)]


Current CompileTask:
C2:  81276 2870   !   4       java.lang.reflect.Executable::declaredAnnotations (85 bytes)

Stack: [0x000000f143300000,0x000000f143400000]
Native frames: (J=compiled Java code, j=interpreted, Vv=VM code, C=native code)
V  [jvm.dll+0x683b4a]
V  [jvm.dll+0x842654]
V  [jvm.dll+0x843dfe]
V  [jvm.dll+0x844463]
V  [jvm.dll+0x249b75]
V  [jvm.dll+0xabcac]
V  [jvm.dll+0xac27c]
V  [jvm.dll+0x368857]
V  [jvm.dll+0x332f31]
V  [jvm.dll+0x3323da]
V  [jvm.dll+0x21c201]
V  [jvm.dll+0x21b621]
V  [jvm.dll+0x1a4fdd]
V  [jvm.dll+0x22b098]
V  [jvm.dll+0x229159]
V  [jvm.dll+0x7f809c]
V  [jvm.dll+0x7f25fa]
V  [jvm.dll+0x682985]
C  [ucrtbase.dll+0x29363]
C  [KERNEL32.DLL+0x126ad]
C  [ntdll.dll+0x5a9f8]


---------------  P R O C E S S  ---------------

Threads class SMR info:
_java_thread_list=0x00000264cf1f9880, length=34, elements={
0x00000264b2808ec0, 0x00000264cbdaf170, 0x00000264cbdb04c0, 0x00000264cbd9d4c0,
0x00000264cc80c290, 0x00000264cc80ce40, 0x00000264cc80f800, 0x00000264cc8104e0,
0x00000264cbdf8f40, 0x00000264cc84da80, 0x00000264cc980350, 0x00000264cc980820,
0x00000264cd760ab0, 0x00000264ccb3e0d0, 0x00000264cdded050, 0x00000264cefea5d0,
0x00000264cdabc400, 0x00000264cd62f710, 0x00000264cd631d90, 0x00000264cd62fbe0,
0x00000264cd62f240, 0x00000264cd62ed70, 0x00000264cd6300b0, 0x00000264cd6318c0,
0x00000264cd632260, 0x00000264cd630580, 0x00000264cd630a50, 0x00000264cd630f20,
0x00000264cd632730, 0x00000264cf451a40, 0x00000264cf44c870, 0x00000264cf44e080,
0x00000264cf451f10, 0x00000264cf44f890
}

Java Threads: ( => current thread )
  0x00000264b2808ec0 JavaThread "main" [_thread_blocked, id=13196, stack(0x000000f142500000,0x000000f142600000)]
  0x00000264cbdaf170 JavaThread "Reference Handler" daemon [_thread_blocked, id=9360, stack(0x000000f142c00000,0x000000f142d00000)]
  0x00000264cbdb04c0 JavaThread "Finalizer" daemon [_thread_blocked, id=13784, stack(0x000000f142d00000,0x000000f142e00000)]
  0x00000264cbd9d4c0 JavaThread "Signal Dispatcher" daemon [_thread_blocked, id=15376, stack(0x000000f142f00000,0x000000f143000000)]
  0x00000264cc80c290 JavaThread "Attach Listener" daemon [_thread_blocked, id=15380, stack(0x000000f143000000,0x000000f143100000)]
  0x00000264cc80ce40 JavaThread "Service Thread" daemon [_thread_blocked, id=15384, stack(0x000000f143100000,0x000000f143200000)]
  0x00000264cc80f800 JavaThread "Monitor Deflation Thread" daemon [_thread_blocked, id=15388, stack(0x000000f143200000,0x000000f143300000)]
=>0x00000264cc8104e0 JavaThread "C2 CompilerThread0" daemon [_thread_in_native, id=15392, stack(0x000000f143300000,0x000000f143400000)]
  0x00000264cbdf8f40 JavaThread "C1 CompilerThread0" daemon [_thread_blocked, id=15408, stack(0x000000f143400000,0x000000f143500000)]
  0x00000264cc84da80 JavaThread "Sweeper thread" daemon [_thread_blocked, id=15428, stack(0x000000f143500000,0x000000f143600000)]
  0x00000264cc980350 JavaThread "Common-Cleaner" daemon [_thread_blocked, id=15492, stack(0x000000f143600000,0x000000f143700000)]
  0x00000264cc980820 JavaThread "Notification Thread" daemon [_thread_blocked, id=15496, stack(0x000000f143700000,0x000000f143800000)]
  0x00000264cd760ab0 JavaThread "Daemon health stats" [_thread_blocked, id=16308, stack(0x000000f143c00000,0x000000f143d00000)]
  0x00000264ccb3e0d0 JavaThread "Incoming local TCP Connector on port 57461" [_thread_in_native, id=1784, stack(0x000000f143d00000,0x000000f143e00000)]
  0x00000264cdded050 JavaThread "Daemon periodic checks" [_thread_blocked, id=15632, stack(0x000000f143e00000,0x000000f143f00000)]
  0x00000264cefea5d0 JavaThread "Daemon" [_thread_blocked, id=10084, stack(0x000000f143f00000,0x000000f144000000)]
  0x00000264cdabc400 JavaThread "Handler for socket connection from /127.0.0.1:57461 to /127.0.0.1:57468" [_thread_in_native, id=3836, stack(0x000000f144000000,0x000000f144100000)]
  0x00000264cd62f710 JavaThread "Cancel handler" [_thread_blocked, id=13876, stack(0x000000f144100000,0x000000f144200000)]
  0x00000264cd631d90 JavaThread "Daemon worker" [_thread_in_Java, id=8640, stack(0x000000f142300000,0x000000f142400000)]
  0x00000264cd62fbe0 JavaThread "Asynchronous log dispatcher for DefaultDaemonConnection: socket connection from /127.0.0.1:57461 to /127.0.0.1:57468" [_thread_blocked, id=11288, stack(0x000000f142e00000,0x000000f142f00000)]
  0x00000264cd62f240 JavaThread "Stdin handler" [_thread_blocked, id=5372, stack(0x000000f144200000,0x000000f144300000)]
  0x00000264cd62ed70 JavaThread "Daemon client event forwarder" [_thread_blocked, id=5948, stack(0x000000f144300000,0x000000f144400000)]
  0x00000264cd6300b0 JavaThread "Cache worker for journal cache (C:\Users\leana\.gradle\caches\journal-1)" [_thread_blocked, id=15016, stack(0x000000f144400000,0x000000f144500000)]
  0x00000264cd6318c0 JavaThread "File lock request listener" [_thread_in_native, id=1364, stack(0x000000f144500000,0x000000f144600000)]
  0x00000264cd632260 JavaThread "Cache worker for file hash cache (C:\Users\leana\.gradle\caches\7.6\fileHashes)" [_thread_blocked, id=8676, stack(0x000000f144600000,0x000000f144700000)]
  0x00000264cd630580 JavaThread "File lock release action executor" [_thread_in_native, id=12748, stack(0x000000f144700000,0x000000f144800000)]
  0x00000264cd630a50 JavaThread "File watcher server" daemon [_thread_in_native, id=7140, stack(0x000000f144800000,0x000000f144900000)]
  0x00000264cd630f20 JavaThread "File watcher consumer" daemon [_thread_blocked, id=14400, stack(0x000000f144900000,0x000000f144a00000)]
  0x00000264cd632730 JavaThread "Cache worker for checksums cache (C:\Users\leana\AndroidStudioProjects\ProcexApp2\.gradle\7.6\checksums)" [_thread_blocked, id=13652, stack(0x000000f144c00000,0x000000f144d00000)]
  0x00000264cf451a40 JavaThread "Cache worker for cache directory md-rule (C:\Users\leana\.gradle\caches\7.6\md-rule)" [_thread_blocked, id=15612, stack(0x000000f144d00000,0x000000f144e00000)]
  0x00000264cf44c870 JavaThread "Cache worker for file content cache (C:\Users\leana\.gradle\caches\7.6\fileContent)" [_thread_blocked, id=7248, stack(0x000000f144e00000,0x000000f144f00000)]
  0x00000264cf44e080 JavaThread "Cache worker for file hash cache (C:\Users\leana\AndroidStudioProjects\ProcexApp2\.gradle\7.6\fileHashes)" [_thread_blocked, id=13960, stack(0x000000f144f00000,0x000000f145000000)]
  0x00000264cf451f10 JavaThread "Cache worker for cache directory md-supplier (C:\Users\leana\.gradle\caches\7.6\md-supplier)" [_thread_blocked, id=5728, stack(0x000000f145000000,0x000000f145100000)]
  0x00000264cf44f890 JavaThread "Cache worker for execution history cache (C:\Users\leana\.gradle\caches\7.6\executionHistory)" [_thread_blocked, id=11308, stack(0x000000f145100000,0x000000f145200000)]

Other Threads:
  0x00000264cbd8d9e0 VMThread "VM Thread" [stack: 0x000000f142b00000,0x000000f142c00000] [id=15268]
  0x00000264cc97e020 WatcherThread [stack: 0x000000f143800000,0x000000f143900000] [id=15500]
  0x00000264b28633b0 GCTaskThread "GC Thread#0" [stack: 0x000000f142600000,0x000000f142700000] [id=2604]
  0x00000264ccbf7710 GCTaskThread "GC Thread#1" [stack: 0x000000f143900000,0x000000f143a00000] [id=15596]
  0x00000264cd27dfb0 GCTaskThread "GC Thread#2" [stack: 0x000000f143a00000,0x000000f143b00000] [id=15604]
  0x00000264cce1dbd0 GCTaskThread "GC Thread#3" [stack: 0x000000f143b00000,0x000000f143c00000] [id=16028]
  0x00000264b28742f0 ConcurrentGCThread "G1 Main Marker" [stack: 0x000000f142700000,0x000000f142800000] [id=8620]
  0x00000264b2874d00 ConcurrentGCThread "G1 Conc#0" [stack: 0x000000f142800000,0x000000f142900000] [id=13508]
  0x00000264b28af8f0 ConcurrentGCThread "G1 Refine#0" [stack: 0x000000f142900000,0x000000f142a00000] [id=14920]
  0x00000264b28b0310 ConcurrentGCThread "G1 Service" [stack: 0x000000f142a00000,0x000000f142b00000] [id=14952]

Threads with active compile tasks:
C2 CompilerThread0    81345 2870   !   4       java.lang.reflect.Executable::declaredAnnotations (85 bytes)

VM state: not at safepoint (normal execution)

VM Mutex/Monitor currently owned by a thread: None

Heap address: 0x0000000080000000, size: 2048 MB, Compressed Oops mode: 32-bit

CDS archive(s) not mapped
Compressed class space mapped at: 0x0000000100000000-0x0000000140000000, reserved size: 1073741824
Narrow klass base: 0x0000000000000000, Narrow klass shift: 3, Narrow klass range: 0x140000000

GC Precious Log:
 CPUs: 4 total, 4 available
 Memory: 3521M
 Large Page Support: Disabled
 NUMA Support: Disabled
 Compressed Oops: Enabled (32-bit)
 Heap Region Size: 1M
 Heap Min Capacity: 8M
 Heap Initial Capacity: 56M
 Heap Max Capacity: 2G
 Pre-touch: Disabled
 Parallel Workers: 4
 Concurrent Workers: 1
 Concurrent Refinement Workers: 4
 Periodic GC: Disabled

Heap:
 garbage-first heap   total 57344K, used 31122K [0x0000000080000000, 0x0000000100000000)
  region size 1024K, 13 young (13312K), 3 survivors (3072K)
 Metaspace       used 32926K, committed 33216K, reserved 1081344K
  class space    used 4534K, committed 4672K, reserved 1048576K

Heap Regions: E=young(eden), S=young(survivor), O=old, HS=humongous(starts), HC=humongous(continues), CS=collection set, F=free, OA=open archive, CA=closed archive, TAMS=top-at-mark-start (previous, next)
|   0|0x0000000080000000, 0x0000000080100000, 0x0000000080100000|100%| O|  |TAMS 0x0000000080100000, 0x0000000080000000| Untracked 
|   1|0x0000000080100000, 0x0000000080200000, 0x0000000080200000|100%| O|  |TAMS 0x0000000080200000, 0x0000000080100000| Untracked 
|   2|0x0000000080200000, 0x0000000080300000, 0x0000000080300000|100%|HS|  |TAMS 0x0000000080300000, 0x0000000080200000| Complete 
|   3|0x0000000080300000, 0x0000000080400000, 0x0000000080400000|100%|HC|  |TAMS 0x0000000080400000, 0x0000000080300000| Complete 
|   4|0x0000000080400000, 0x0000000080500000, 0x0000000080500000|100%|HC|  |TAMS 0x0000000080500000, 0x0000000080400000| Complete 
|   5|0x0000000080500000, 0x0000000080600000, 0x0000000080600000|100%| O|  |TAMS 0x0000000080600000, 0x0000000080500000| Untracked 
|   6|0x0000000080600000, 0x0000000080700000, 0x0000000080700000|100%| O|  |TAMS 0x0000000080700000, 0x0000000080600000| Untracked 
|   7|0x0000000080700000, 0x0000000080800000, 0x0000000080800000|100%| O|  |TAMS 0x0000000080800000, 0x0000000080700000| Untracked 
|   8|0x0000000080800000, 0x0000000080900000, 0x0000000080900000|100%| O|  |TAMS 0x0000000080900000, 0x0000000080800000| Untracked 
|   9|0x0000000080900000, 0x0000000080a00000, 0x0000000080a00000|100%| O|  |TAMS 0x0000000080a00000, 0x0000000080900000| Untracked 
|  10|0x0000000080a00000, 0x0000000080b00000, 0x0000000080b00000|100%| O|  |TAMS 0x0000000080a00000, 0x0000000080a00000| Untracked 
|  11|0x0000000080b00000, 0x0000000080c00000, 0x0000000080c00000|100%| O|  |TAMS 0x0000000080c00000, 0x0000000080b00000| Untracked 
|  12|0x0000000080c00000, 0x0000000080d00000, 0x0000000080d00000|100%| O|  |TAMS 0x0000000080d00000, 0x0000000080c00000| Untracked 
|  13|0x0000000080d00000, 0x0000000080e00000, 0x0000000080e00000|100%| O|  |TAMS 0x0000000080d81200, 0x0000000080d00000| Untracked 
|  14|0x0000000080e00000, 0x0000000080f00000, 0x0000000080f00000|100%| O|  |TAMS 0x0000000080e00000, 0x0000000080e00000| Untracked 
|  15|0x0000000080f00000, 0x0000000081000000, 0x0000000081000000|100%| O|  |TAMS 0x0000000080f00000, 0x0000000080f00000| Untracked 
|  16|0x0000000081000000, 0x0000000081100000, 0x0000000081100000|100%| O|  |TAMS 0x0000000081000000, 0x0000000081000000| Untracked 
|  17|0x0000000081100000, 0x0000000081200000, 0x0000000081200000|100%| O|  |TAMS 0x0000000081100000, 0x0000000081100000| Untracked 
|  18|0x0000000081200000, 0x00000000812eee00, 0x0000000081300000| 93%| O|  |TAMS 0x0000000081200000, 0x0000000081200000| Untracked 
|  19|0x0000000081300000, 0x0000000081300000, 0x0000000081400000|  0%| F|  |TAMS 0x0000000081300000, 0x0000000081300000| Untracked 
|  20|0x0000000081400000, 0x0000000081400000, 0x0000000081500000|  0%| F|  |TAMS 0x0000000081400000, 0x0000000081400000| Untracked 
|  21|0x0000000081500000, 0x0000000081500000, 0x0000000081600000|  0%| F|  |TAMS 0x0000000081500000, 0x0000000081500000| Untracked 
|  22|0x0000000081600000, 0x0000000081600000, 0x0000000081700000|  0%| F|  |TAMS 0x0000000081600000, 0x0000000081600000| Untracked 
|  23|0x0000000081700000, 0x0000000081700000, 0x0000000081800000|  0%| F|  |TAMS 0x0000000081700000, 0x0000000081700000| Untracked 
|  24|0x0000000081800000, 0x0000000081800000, 0x0000000081900000|  0%| F|  |TAMS 0x0000000081800000, 0x0000000081800000| Untracked 
|  25|0x0000000081900000, 0x0000000081900000, 0x0000000081a00000|  0%| F|  |TAMS 0x0000000081900000, 0x0000000081900000| Untracked 
|  26|0x0000000081a00000, 0x0000000081a00000, 0x0000000081b00000|  0%| F|  |TAMS 0x0000000081a00000, 0x0000000081a00000| Untracked 
|  27|0x0000000081b00000, 0x0000000081b00000, 0x0000000081c00000|  0%| F|  |TAMS 0x0000000081b00000, 0x0000000081b00000| Untracked 
|  28|0x0000000081c00000, 0x0000000081c00000, 0x0000000081d00000|  0%| F|  |TAMS 0x0000000081c00000, 0x0000000081c00000| Untracked 
|  29|0x0000000081d00000, 0x0000000081d00000, 0x0000000081e00000|  0%| F|  |TAMS 0x0000000081d00000, 0x0000000081d00000| Untracked 
|  30|0x0000000081e00000, 0x0000000081e00000, 0x0000000081f00000|  0%| F|  |TAMS 0x0000000081e00000, 0x0000000081e00000| Untracked 
|  31|0x0000000081f00000, 0x0000000081f75d40, 0x0000000082000000| 46%| S|CS|TAMS 0x0000000081f00000, 0x0000000081f00000| Complete 
|  32|0x0000000082000000, 0x0000000082100000, 0x0000000082100000|100%| S|CS|TAMS 0x0000000082000000, 0x0000000082000000| Complete 
|  33|0x0000000082100000, 0x0000000082200000, 0x0000000082200000|100%| S|CS|TAMS 0x0000000082100000, 0x0000000082100000| Complete 
|  34|0x0000000082200000, 0x0000000082200000, 0x0000000082300000|  0%| F|  |TAMS 0x0000000082200000, 0x0000000082200000| Untracked 
|  35|0x0000000082300000, 0x0000000082300000, 0x0000000082400000|  0%| F|  |TAMS 0x0000000082300000, 0x0000000082300000| Untracked 
|  36|0x0000000082400000, 0x0000000082400000, 0x0000000082500000|  0%| F|  |TAMS 0x0000000082400000, 0x0000000082400000| Untracked 
|  37|0x0000000082500000, 0x0000000082500000, 0x0000000082600000|  0%| F|  |TAMS 0x0000000082500000, 0x0000000082500000| Untracked 
|  38|0x0000000082600000, 0x0000000082600000, 0x0000000082700000|  0%| F|  |TAMS 0x0000000082600000, 0x0000000082600000| Untracked 
|  39|0x0000000082700000, 0x0000000082700000, 0x0000000082800000|  0%| F|  |TAMS 0x0000000082700000, 0x0000000082700000| Untracked 
|  40|0x0000000082800000, 0x0000000082800000, 0x0000000082900000|  0%| F|  |TAMS 0x0000000082800000, 0x0000000082800000| Untracked 
|  41|0x0000000082900000, 0x0000000082900000, 0x0000000082a00000|  0%| F|  |TAMS 0x0000000082900000, 0x0000000082900000| Untracked 
|  42|0x0000000082a00000, 0x0000000082a00000, 0x0000000082b00000|  0%| F|  |TAMS 0x0000000082a00000, 0x0000000082a00000| Untracked 
|  43|0x0000000082b00000, 0x0000000082b00000, 0x0000000082c00000|  0%| F|  |TAMS 0x0000000082b00000, 0x0000000082b00000| Untracked 
|  44|0x0000000082c00000, 0x0000000082c00000, 0x0000000082d00000|  0%| F|  |TAMS 0x0000000082c00000, 0x0000000082c00000| Untracked 
|  45|0x0000000082d00000, 0x0000000082d00000, 0x0000000082e00000|  0%| F|  |TAMS 0x0000000082d00000, 0x0000000082d00000| Untracked 
|  46|0x0000000082e00000, 0x0000000082eba1e8, 0x0000000082f00000| 72%| E|  |TAMS 0x0000000082e00000, 0x0000000082e00000| Complete 
|  47|0x0000000082f00000, 0x0000000083000000, 0x0000000083000000|100%| E|CS|TAMS 0x0000000082f00000, 0x0000000082f00000| Complete 
|  48|0x0000000083000000, 0x0000000083100000, 0x0000000083100000|100%| E|CS|TAMS 0x0000000083000000, 0x0000000083000000| Complete 
|  49|0x0000000083100000, 0x0000000083200000, 0x0000000083200000|100%| E|CS|TAMS 0x0000000083100000, 0x0000000083100000| Complete 
|  50|0x0000000083200000, 0x0000000083300000, 0x0000000083300000|100%| E|CS|TAMS 0x0000000083200000, 0x0000000083200000| Complete 
|  51|0x0000000083300000, 0x0000000083400000, 0x0000000083400000|100%| E|CS|TAMS 0x0000000083300000, 0x0000000083300000| Complete 
|  52|0x0000000083400000, 0x0000000083500000, 0x0000000083500000|100%| E|CS|TAMS 0x0000000083400000, 0x0000000083400000| Complete 
|  53|0x0000000083500000, 0x0000000083600000, 0x0000000083600000|100%| E|CS|TAMS 0x0000000083500000, 0x0000000083500000| Complete 
|  54|0x0000000083600000, 0x0000000083700000, 0x0000000083700000|100%| E|CS|TAMS 0x0000000083600000, 0x0000000083600000| Complete 
|  55|0x0000000083700000, 0x0000000083800000, 0x0000000083800000|100%| E|CS|TAMS 0x0000000083700000, 0x0000000083700000| Complete 

Card table byte_map: [0x00000264c50d0000,0x00000264c54d0000] _byte_map_base: 0x00000264c4cd0000

Marking Bits (Prev, Next): (CMBitMap*) 0x00000264b2863a00, (CMBitMap*) 0x00000264b28639c0
 Prev Bits: [0x00000264c78d0000, 0x00000264c98d0000)
 Next Bits: [0x00000264c58d0000, 0x00000264c78d0000)

Polling page: 0x00000264b06a0000

Metaspace:

Usage:
  Non-class:     27.73 MB used.
      Class:      4.43 MB used.
       Both:     32.16 MB used.

Virtual space:
  Non-class space:       32.00 MB reserved,      27.88 MB ( 87%) committed,  4 nodes.
      Class space:        1.00 GB reserved,       4.56 MB ( <1%) committed,  1 nodes.
             Both:        1.03 GB reserved,      32.44 MB (  3%) committed. 

Chunk freelists:
   Non-Class:  3.83 MB
       Class:  3.42 MB
        Both:  7.25 MB

MaxMetaspaceSize: unlimited
CompressedClassSpaceSize: 1.00 GB
Initial GC threshold: 21.00 MB
Current GC threshold: 35.12 MB
CDS: off
MetaspaceReclaimPolicy: balanced
 - commit_granule_bytes: 65536.
 - commit_granule_words: 8192.
 - virtual_space_node_default_size: 1048576.
 - enlarge_chunks_in_place: 1.
 - new_chunks_are_fully_committed: 0.
 - uncommit_free_chunks: 1.
 - use_allocation_guard: 0.
 - handle_deallocations: 1.


Internal statistics:

num_allocs_failed_limit: 3.
num_arena_births: 238.
num_arena_deaths: 0.
num_vsnodes_births: 5.
num_vsnodes_deaths: 0.
num_space_committed: 519.
num_space_uncommitted: 0.
num_chunks_returned_to_freelist: 3.
num_chunks_taken_from_freelist: 1143.
num_chunk_merges: 3.
num_chunk_splits: 753.
num_chunks_enlarged: 542.
num_purges: 0.
num_inconsistent_stats: 0.

CodeHeap 'non-profiled nmethods': size=120000Kb used=1475Kb max_used=1475Kb free=118524Kb
 bounds [0x00000264bd7a0000, 0x00000264bda10000, 0x00000264c4cd0000]
CodeHeap 'profiled nmethods': size=120000Kb used=6004Kb max_used=6004Kb free=113995Kb
 bounds [0x00000264b5cd0000, 0x00000264b62b0000, 0x00000264bd200000]
CodeHeap 'non-nmethods': size=5760Kb used=1233Kb max_used=1262Kb free=4526Kb
 bounds [0x00000264bd200000, 0x00000264bd470000, 0x00000264bd7a0000]
 total_blobs=3416 nmethods=2872 adapters=456
 compilation: enabled
              stopped_count=0, restarted_count=0
 full_count=0

Compilation events (20 events):
Event: 80.995 Thread 0x00000264cbdf8f40 2880       3       org.gradle.model.internal.asm.ClassVisitorScope::publicMethod (9 bytes)
Event: 80.995 Thread 0x00000264cbdf8f40 nmethod 2880 0x00000264b62a8c90 code [0x00000264b62a8e40, 0x00000264b62a9008]
Event: 81.189 Thread 0x00000264cbdf8f40 2882       3       java.util.regex.Pattern$LastNode::match (45 bytes)
Event: 81.190 Thread 0x00000264cbdf8f40 nmethod 2882 0x00000264b62a9110 code [0x00000264b62a92c0, 0x00000264b62a94d8]
Event: 81.191 Thread 0x00000264cbdf8f40 2883       3       org.gradle.internal.instantiation.generator.AbstractClassGenerator$PropertyMetadata::getType (34 bytes)
Event: 81.192 Thread 0x00000264cbdf8f40 nmethod 2883 0x00000264b62a9610 code [0x00000264b62a9800, 0x00000264b62a9df8]
Event: 81.193 Thread 0x00000264cbdf8f40 2884       3       org.objectweb.asm.MethodWriter::putAbstractTypes (31 bytes)
Event: 81.193 Thread 0x00000264cbdf8f40 nmethod 2884 0x00000264b62aa010 code [0x00000264b62aa1c0, 0x00000264b62aa408]
Event: 81.194 Thread 0x00000264cbdf8f40 2885       3       org.gradle.model.internal.asm.MethodVisitorScope::_INVOKEVIRTUAL (12 bytes)
Event: 81.194 Thread 0x00000264cbdf8f40 nmethod 2885 0x00000264b62aa590 code [0x00000264b62aa720, 0x00000264b62aa888]
Event: 81.197 Thread 0x00000264cbdf8f40 2886       3       org.gradle.internal.service.DefaultServiceRegistry::unwrap (75 bytes)
Event: 81.197 Thread 0x00000264cbdf8f40 nmethod 2886 0x00000264b62aa990 code [0x00000264b62aabe0, 0x00000264b62ab8f8]
Event: 81.199 Thread 0x00000264cbdf8f40 2887       3       java.util.Collections::singletonIterator (9 bytes)
Event: 81.199 Thread 0x00000264cbdf8f40 nmethod 2887 0x00000264b62abb90 code [0x00000264b62abd40, 0x00000264b62abf98]
Event: 81.199 Thread 0x00000264cbdf8f40 2888       3       java.util.Collections$1::next (25 bytes)
Event: 81.200 Thread 0x00000264cbdf8f40 nmethod 2888 0x00000264b62ac090 code [0x00000264b62ac240, 0x00000264b62ac468]
Event: 81.211 Thread 0x00000264cbdf8f40 2889       3       java.lang.reflect.Constructor::getParameterTypes (11 bytes)
Event: 81.212 Thread 0x00000264cbdf8f40 nmethod 2889 0x00000264b62ac590 code [0x00000264b62ac740, 0x00000264b62ac9e8]
Event: 81.216 Thread 0x00000264cbdf8f40 2890       3       java.util.Collections$SingletonList::iterator (8 bytes)
Event: 81.217 Thread 0x00000264cbdf8f40 nmethod 2890 0x00000264b62acb10 code [0x00000264b62accc0, 0x00000264b62acf98]

GC Heap History (16 events):
Event: 10.786 GC heap before
{Heap before GC invocations=0 (full 0):
 garbage-first heap   total 57344K, used 12288K [0x0000000080000000, 0x0000000100000000)
  region size 1024K, 13 young (13312K), 0 survivors (0K)
 Metaspace       used 7079K, committed 7232K, reserved 1056768K
  class space    used 608K, committed 704K, reserved 1048576K
}
Event: 11.041 GC heap after
{Heap after GC invocations=1 (full 0):
 garbage-first heap   total 57344K, used 3663K [0x0000000080000000, 0x0000000100000000)
  region size 1024K, 2 young (2048K), 2 survivors (2048K)
 Metaspace       used 7079K, committed 7232K, reserved 1056768K
  class space    used 608K, committed 704K, reserved 1048576K
}
Event: 22.521 GC heap before
{Heap before GC invocations=1 (full 0):
 garbage-first heap   total 57344K, used 21071K [0x0000000080000000, 0x0000000100000000)
  region size 1024K, 17 young (17408K), 2 survivors (2048K)
 Metaspace       used 11077K, committed 11264K, reserved 1064960K
  class space    used 1163K, committed 1280K, reserved 1048576K
}
Event: 22.527 GC heap after
{Heap after GC invocations=2 (full 0):
 garbage-first heap   total 57344K, used 9513K [0x0000000080000000, 0x0000000100000000)
  region size 1024K, 3 young (3072K), 3 survivors (3072K)
 Metaspace       used 11077K, committed 11264K, reserved 1064960K
  class space    used 1163K, committed 1280K, reserved 1048576K
}
Event: 33.422 GC heap before
{Heap before GC invocations=2 (full 0):
 garbage-first heap   total 57344K, used 26921K [0x0000000080000000, 0x0000000100000000)
  region size 1024K, 20 young (20480K), 3 survivors (3072K)
 Metaspace       used 11149K, committed 11328K, reserved 1064960K
  class space    used 1164K, committed 1280K, reserved 1048576K
}
Event: 33.427 GC heap after
{Heap after GC invocations=3 (full 0):
 garbage-first heap   total 57344K, used 10221K [0x0000000080000000, 0x0000000100000000)
  region size 1024K, 1 young (1024K), 1 survivors (1024K)
 Metaspace       used 11149K, committed 11328K, reserved 1064960K
  class space    used 1164K, committed 1280K, reserved 1048576K
}
Event: 57.202 GC heap before
{Heap before GC invocations=3 (full 0):
 garbage-first heap   total 57344K, used 38893K [0x0000000080000000, 0x0000000100000000)
  region size 1024K, 28 young (28672K), 1 survivors (1024K)
 Metaspace       used 17776K, committed 18048K, reserved 1064960K
  class space    used 2054K, committed 2176K, reserved 1048576K
}
Event: 57.250 GC heap after
{Heap after GC invocations=4 (full 0):
 garbage-first heap   total 57344K, used 16900K [0x0000000080000000, 0x0000000100000000)
  region size 1024K, 4 young (4096K), 4 survivors (4096K)
 Metaspace       used 17776K, committed 18048K, reserved 1064960K
  class space    used 2054K, committed 2176K, reserved 1048576K
}
Event: 65.596 GC heap before
{Heap before GC invocations=4 (full 0):
 garbage-first heap   total 57344K, used 33284K [0x0000000080000000, 0x0000000100000000)
  region size 1024K, 21 young (21504K), 4 survivors (4096K)
 Metaspace       used 21296K, committed 21504K, reserved 1073152K
  class space    used 2577K, committed 2688K, reserved 1048576K
}
Event: 65.605 GC heap after
{Heap after GC invocations=5 (full 0):
 garbage-first heap   total 57344K, used 18236K [0x0000000080000000, 0x0000000100000000)
  region size 1024K, 2 young (2048K), 2 survivors (2048K)
 Metaspace       used 21296K, committed 21504K, reserved 1073152K
  class space    used 2577K, committed 2688K, reserved 1048576K
}
Event: 70.636 GC heap before
{Heap before GC invocations=6 (full 0):
 garbage-first heap   total 57344K, used 38716K [0x0000000080000000, 0x0000000100000000)
  region size 1024K, 22 young (22528K), 2 survivors (2048K)
 Metaspace       used 24524K, committed 24832K, reserved 1073152K
  class space    used 3176K, committed 3328K, reserved 1048576K
}
Event: 70.640 GC heap after
{Heap after GC invocations=7 (full 0):
 garbage-first heap   total 57344K, used 19469K [0x0000000080000000, 0x0000000100000000)
  region size 1024K, 3 young (3072K), 3 survivors (3072K)
 Metaspace       used 24524K, committed 24832K, reserved 1073152K
  class space    used 3176K, committed 3328K, reserved 1048576K
}
Event: 75.781 GC heap before
{Heap before GC invocations=7 (full 0):
 garbage-first heap   total 57344K, used 39949K [0x0000000080000000, 0x0000000100000000)
  region size 1024K, 24 young (24576K), 3 survivors (3072K)
 Metaspace       used 28383K, committed 28608K, reserved 1081344K
  class space    used 3813K, committed 3904K, reserved 1048576K
}
Event: 75.788 GC heap after
{Heap after GC invocations=8 (full 0):
 garbage-first heap   total 57344K, used 20838K [0x0000000080000000, 0x0000000100000000)
  region size 1024K, 3 young (3072K), 3 survivors (3072K)
 Metaspace       used 28383K, committed 28608K, reserved 1081344K
  class space    used 3813K, committed 3904K, reserved 1048576K
}
Event: 79.568 GC heap before
{Heap before GC invocations=8 (full 0):
 garbage-first heap   total 57344K, used 42342K [0x0000000080000000, 0x0000000100000000)
  region size 1024K, 24 young (24576K), 3 survivors (3072K)
 Metaspace       used 31452K, committed 31744K, reserved 1081344K
  class space    used 4284K, committed 4416K, reserved 1048576K
}
Event: 79.576 GC heap after
{Heap after GC invocations=9 (full 0):
 garbage-first heap   total 57344K, used 21906K [0x0000000080000000, 0x0000000100000000)
  region size 1024K, 3 young (3072K), 3 survivors (3072K)
 Metaspace       used 31452K, committed 31744K, reserved 1081344K
  class space    used 4284K, committed 4416K, reserved 1048576K
}

Dll operation events (2 events):
Event: 0.127 Loaded shared library C:\Program Files\Android\Android Studio\jbr\bin\java.dll
Event: 9.097 Loaded shared library C:\Program Files\Android\Android Studio\jbr\bin\verify.dll

Deoptimization events (20 events):
Event: 70.857 Thread 0x00000264cd631d90 DEOPT PACKING pc=0x00000264bd89d674 sp=0x000000f1423fb170
Event: 70.857 Thread 0x00000264cd631d90 DEOPT UNPACKING pc=0x00000264bd2569a3 sp=0x000000f1423fb0b0 mode 2
Event: 70.857 Thread 0x00000264cd631d90 Uncommon trap: trap_request=0xffffff45 fr.pc=0x00000264bd7d9408 relative=0x0000000000000248
Event: 70.857 Thread 0x00000264cd631d90 Uncommon trap: reason=unstable_if action=reinterpret pc=0x00000264bd7d9408 method=java.util.HashMap.getNode(Ljava/lang/Object;)Ljava/util/HashMap$Node; @ 66 c2
Event: 70.857 Thread 0x00000264cd631d90 DEOPT PACKING pc=0x00000264bd7d9408 sp=0x000000f1423fb120
Event: 70.857 Thread 0x00000264cd631d90 DEOPT UNPACKING pc=0x00000264bd2569a3 sp=0x000000f1423fb0b0 mode 2
Event: 71.038 Thread 0x00000264cd631d90 Uncommon trap: trap_request=0xffffff45 fr.pc=0x00000264bd85baac relative=0x00000000000003ec
Event: 71.038 Thread 0x00000264cd631d90 Uncommon trap: reason=unstable_if action=reinterpret pc=0x00000264bd85baac method=java.util.concurrent.ConcurrentHashMap.get(Ljava/lang/Object;)Ljava/lang/Object; @ 152 c2
Event: 71.038 Thread 0x00000264cd631d90 DEOPT PACKING pc=0x00000264bd85baac sp=0x000000f1423fa680
Event: 71.038 Thread 0x00000264cd631d90 DEOPT UNPACKING pc=0x00000264bd2569a3 sp=0x000000f1423fa5f8 mode 2
Event: 74.969 Thread 0x00000264cd631d90 DEOPT PACKING pc=0x00000264b60a0d54 sp=0x000000f1423f6080
Event: 74.969 Thread 0x00000264cd631d90 DEOPT UNPACKING pc=0x00000264bd257143 sp=0x000000f1423f55d8 mode 0
Event: 74.993 Thread 0x00000264cd631d90 Uncommon trap: trap_request=0xffffff76 fr.pc=0x00000264bd8e75a4 relative=0x0000000000000184
Event: 74.993 Thread 0x00000264cd631d90 Uncommon trap: reason=predicate action=maybe_recompile pc=0x00000264bd8e75a4 method=com.google.common.base.CharMatcher.indexIn(Ljava/lang/CharSequence;I)I @ 19 c2
Event: 74.993 Thread 0x00000264cd631d90 DEOPT PACKING pc=0x00000264bd8e75a4 sp=0x000000f1423fbab0
Event: 74.993 Thread 0x00000264cd631d90 DEOPT UNPACKING pc=0x00000264bd2569a3 sp=0x000000f1423fba40 mode 2
Event: 78.392 Thread 0x00000264cd631d90 Uncommon trap: trap_request=0xffffff45 fr.pc=0x00000264bd7eff68 relative=0x00000000000004a8
Event: 78.392 Thread 0x00000264cd631d90 Uncommon trap: reason=unstable_if action=reinterpret pc=0x00000264bd7eff68 method=java.util.HashMap.hash(Ljava/lang/Object;)I @ 1 c2
Event: 78.392 Thread 0x00000264cd631d90 DEOPT PACKING pc=0x00000264bd7eff68 sp=0x000000f1423f81e0
Event: 78.392 Thread 0x00000264cd631d90 DEOPT UNPACKING pc=0x00000264bd2569a3 sp=0x000000f1423f8088 mode 2

Classes unloaded (0 events):
No events

Classes redefined (0 events):
No events

Internal exceptions (20 events):
Event: 73.860 Thread 0x00000264cd631d90 Exception <a 'java/lang/NoSuchMethodError'{0x000000008294bf38}: 'void java.lang.invoke.DirectMethodHandle$Holder.invokeStaticInit(java.lang.Object, java.lang.Object)'> (0x000000008294bf38) 
thrown [s\src\hotspot\share\interpreter\linkResolver.cpp, line 771]
Event: 74.328 Thread 0x00000264cd631d90 Exception <a 'java/lang/NoSuchMethodError'{0x000000008287e560}: 'java.lang.Object java.lang.invoke.DirectMethodHandle$Holder.invokeStaticInit(java.lang.Object, java.lang.Object, java.lang.Object)'> (0x000000008287e560) 
thrown [s\src\hotspot\share\interpreter\linkResolver.cpp, line 771]
Event: 74.338 Thread 0x00000264cd631d90 Exception <a 'java/lang/NoSuchMethodError'{0x00000000828885c0}: 'void java.lang.invoke.DirectMethodHandle$Holder.invokeStatic(java.lang.Object, java.lang.Object, java.lang.Object, java.lang.Object, java.lang.Object, java.lang.Object)'> (0x00000000828885c0) 
thrown [s\src\hotspot\share\interpreter\linkResolver.cpp, line 771]
Event: 75.643 Thread 0x00000264cd631d90 Exception <a 'java/lang/NoSuchMethodError'{0x000000008242cad8}: 'void java.lang.invoke.DirectMethodHandle$Holder.invokeStatic(java.lang.Object, java.lang.Object, java.lang.Object, java.lang.Object)'> (0x000000008242cad8) 
thrown [s\src\hotspot\share\interpreter\linkResolver.cpp, line 771]
Event: 75.650 Thread 0x00000264cd631d90 Exception <a 'java/lang/NoSuchMethodError'{0x000000008243ff28}: 'int java.lang.invoke.DirectMethodHandle$Holder.invokeVirtual(java.lang.Object, java.lang.Object)'> (0x000000008243ff28) 
thrown [s\src\hotspot\share\interpreter\linkResolver.cpp, line 771]
Event: 75.655 Thread 0x00000264cd631d90 Exception <a 'java/lang/NoSuchMethodError'{0x0000000082455470}: 'java.lang.Object java.lang.invoke.DirectMethodHandle$Holder.invokeVirtual(java.lang.Object, java.lang.Object, java.lang.Object)'> (0x0000000082455470) 
thrown [s\src\hotspot\share\interpreter\linkResolver.cpp, line 771]
Event: 75.658 Thread 0x00000264cd631d90 Exception <a 'java/lang/NoSuchMethodError'{0x0000000082466de0}: 'int java.lang.invoke.DirectMethodHandle$Holder.invokeVirtual(java.lang.Object, java.lang.Object, java.lang.Object)'> (0x0000000082466de0) 
thrown [s\src\hotspot\share\interpreter\linkResolver.cpp, line 771]
Event: 77.535 Thread 0x00000264cd631d90 Exception <a 'java/lang/NoSuchMethodError'{0x00000000830ee510}: 'java.lang.Object java.lang.invoke.DirectMethodHandle$Holder.invokeSpecialIFC(java.lang.Object, java.lang.Object, java.lang.Object, java.lang.Object)'> (0x00000000830ee510) 
thrown [s\src\hotspot\share\interpreter\linkResolver.cpp, line 771]
Event: 78.392 Thread 0x00000264cd631d90 Implicit null exception at 0x00000264bd7efb13 to 0x00000264bd7eff4c
Event: 78.853 Thread 0x00000264cd631d90 Exception <a 'java/lang/NoSuchMethodError'{0x0000000082889d40}: 'java.lang.Object java.lang.invoke.DirectMethodHandle$Holder.invokeSpecial(java.lang.Object, java.lang.Object, java.lang.Object, java.lang.Object, java.lang.Object, java.lang.Object, java.lang.Object, java.lang.Object, java.lang.Object, java.lang.Object, java.lang.Object, java.lang.Object, java.lang.Object)'> (0x0000000082889d40) 
thrown [s\src\hotspot\share\interpreter\linkResolver.cpp, line 771]
Event: 78.855 Thread 0x00000264cd631d90 Exception <a 'java/lang/NoSuchMethodError'{0x000000008289b568}: 'java.lang.Object java.lang.invoke.DirectMethodHandle$Holder.newInvokeSpecial(java.lang.Object, java.lang.Object, java.lang.Object, java.lang.Object, java.lang.Object, java.lang.Object, java.lang.Object, java.lang.Object, java.lang.Object, java.lang.Object, java.lang.Object)'> (0x000000008289b568) 
thrown [s\src\hotspot\share\interpreter\linkResolver.cpp, line 771]
Event: 78.856 Thread 0x00000264cd631d90 Exception <a 'java/lang/NoSuchMethodError'{0x00000000828a1198}: 'java.lang.Object java.lang.invoke.DirectMethodHandle$Holder.invokeSpecial(java.lang.Object, java.lang.Object, java.lang.Object, java.lang.Object, java.lang.Object, java.lang.Object, java.lang.Object, java.lang.Object, java.lang.Object, java.lang.Object, java.lang.Object, java.lang.Object)'> (0x00000000828a1198) 
thrown [s\src\hotspot\share\interpreter\linkResolver.cpp, line 771]
Event: 78.857 Thread 0x00000264cd631d90 Exception <a 'java/lang/NoSuchMethodError'{0x00000000828a6588}: 'java.lang.Object java.lang.invoke.Invokers$Holder.linkToTargetMethod(java.lang.Object, java.lang.Object, java.lang.Object, java.lang.Object, java.lang.Object, java.lang.Object, java.lang.Object, java.lang.Object, java.lang.Object, java.lang.Object, java.lang.Object)'> (0x00000000828a6588) 
thrown [s\src\hotspot\share\interpreter\linkResolver.cpp, line 771]
Event: 78.872 Thread 0x00000264cd631d90 Exception <a 'java/lang/NoSuchMethodError'{0x00000000828ec6c8}: 'java.lang.Object java.lang.invoke.DirectMethodHandle$Holder.invokeSpecial(java.lang.Object, java.lang.Object, java.lang.Object, java.lang.Object, java.lang.Object, java.lang.Object, java.lang.Object, java.lang.Object, java.lang.Object, java.lang.Object, java.lang.Object, java.lang.Object, java.lang.Object, java.lang.Object)'> (0x00000000828ec6c8) 
thrown [s\src\hotspot\share\interpreter\linkResolver.cpp, line 771]
Event: 78.876 Thread 0x00000264cd631d90 Exception <a 'java/lang/NoSuchMethodError'{0x00000000828feb08}: 'java.lang.Object java.lang.invoke.DirectMethodHandle$Holder.newInvokeSpecial(java.lang.Object, java.lang.Object, java.lang.Object, java.lang.Object, java.lang.Object, java.lang.Object, java.lang.Object, java.lang.Object, java.lang.Object, java.lang.Object, java.lang.Object, java.lang.Object)'> (0x00000000828feb08) 
thrown [s\src\hotspot\share\interpreter\linkResolver.cpp, line 771]
Event: 78.883 Thread 0x00000264cd631d90 Exception <a 'java/lang/NoSuchMethodError'{0x0000000082704700}: 'java.lang.Object java.lang.invoke.Invokers$Holder.linkToTargetMethod(java.lang.Object, java.lang.Object, java.lang.Object, java.lang.Object, java.lang.Object, java.lang.Object, java.lang.Object, java.lang.Object, java.lang.Object, java.lang.Object, java.lang.Object, java.lang.Object)'> (0x0000000082704700) 
thrown [s\src\hotspot\share\interpreter\linkResolver.cpp, line 771]
Event: 79.116 Thread 0x00000264cd631d90 Exception <a 'java/lang/NoSuchMethodError'{0x0000000082792cd8}: 'java.lang.Object java.lang.invoke.DirectMethodHandle$Holder.invokeStaticInit(java.lang.Object, java.lang.Object, java.lang.Object, java.lang.Object)'> (0x0000000082792cd8) 
thrown [s\src\hotspot\share\interpreter\linkResolver.cpp, line 771]
Event: 80.276 Thread 0x00000264cd631d90 Exception <a 'java/lang/NoSuchMethodError'{0x0000000083613228}: 'java.lang.Object java.lang.invoke.DirectMethodHandle$Holder.newInvokeSpecial(java.lang.Object, java.lang.Object, java.lang.Object, java.lang.Object, java.lang.Object, java.lang.Object, java.lang.Object, java.lang.Object)'> (0x0000000083613228) 
thrown [s\src\hotspot\share\interpreter\linkResolver.cpp, line 771]
Event: 80.276 Thread 0x00000264cd631d90 Exception <a 'java/lang/NoSuchMethodError'{0x0000000083619008}: 'java.lang.Object java.lang.invoke.Invokers$Holder.linkToTargetMethod(java.lang.Object, java.lang.Object, java.lang.Object, java.lang.Object, java.lang.Object, java.lang.Object, java.lang.Object, java.lang.Object)'> (0x0000000083619008) 
thrown [s\src\hotspot\share\interpreter\linkResolver.cpp, line 771]
Event: 80.313 Thread 0x00000264cd631d90 Exception <a 'java/lang/IncompatibleClassChangeError'{0x0000000083689000}: Found class java.lang.Object, but interface was expected> (0x0000000083689000) 
thrown [s\src\hotspot\share\interpreter\linkResolver.cpp, line 838]

VM Operations (20 events):
Event: 73.809 Executing VM operation: Cleanup
Event: 73.809 Executing VM operation: Cleanup done
Event: 74.817 Executing VM operation: Cleanup
Event: 74.818 Executing VM operation: Cleanup done
Event: 75.781 Executing VM operation: G1CollectForAllocation
Event: 75.788 Executing VM operation: G1CollectForAllocation done
Event: 76.803 Executing VM operation: Cleanup
Event: 76.899 Executing VM operation: Cleanup done
Event: 77.909 Executing VM operation: Cleanup
Event: 77.910 Executing VM operation: Cleanup done
Event: 78.399 Executing VM operation: HandshakeAllThreads
Event: 78.399 Executing VM operation: HandshakeAllThreads done
Event: 79.409 Executing VM operation: Cleanup
Event: 79.508 Executing VM operation: Cleanup done
Event: 79.568 Executing VM operation: G1CollectForAllocation
Event: 79.576 Executing VM operation: G1CollectForAllocation done
Event: 80.579 Executing VM operation: Cleanup
Event: 80.675 Executing VM operation: Cleanup done
Event: 80.839 Executing VM operation: HandshakeAllThreads
Event: 80.840 Executing VM operation: HandshakeAllThreads done

Events (20 events):
Event: 75.641 loading class java/io/InterruptedIOException done
Event: 75.644 Thread 0x00000264cd630f20 Thread added: 0x00000264cd630f20
Event: 75.659 loading class java/util/ArrayDeque$DeqSpliterator
Event: 75.660 loading class java/util/ArrayDeque$DeqSpliterator done
Event: 77.355 Thread 0x00000264cd632730 Thread added: 0x00000264cd632730
Event: 77.640 Thread 0x00000264cf451a40 Thread added: 0x00000264cf451a40
Event: 77.825 Thread 0x00000264cf44c870 Thread added: 0x00000264cf44c870
Event: 78.402 loading class java/lang/Class$EnclosingMethodInfo
Event: 78.402 loading class java/lang/Class$EnclosingMethodInfo done
Event: 78.421 loading class sun/reflect/generics/tree/IntSignature
Event: 78.421 loading class sun/reflect/generics/tree/IntSignature done
Event: 78.421 loading class sun/reflect/generics/tree/ArrayTypeSignature
Event: 78.423 loading class sun/reflect/generics/tree/ArrayTypeSignature done
Event: 78.453 loading class java/lang/SafeVarargs
Event: 78.453 loading class java/lang/SafeVarargs done
Event: 78.643 loading class java/util/regex/Pattern$GroupCurly
Event: 78.643 loading class java/util/regex/Pattern$GroupCurly done
Event: 79.036 Thread 0x00000264cf44e080 Thread added: 0x00000264cf44e080
Event: 79.170 Thread 0x00000264cf451f10 Thread added: 0x00000264cf451f10
Event: 80.530 Thread 0x00000264cf44f890 Thread added: 0x00000264cf44f890


Dynamic libraries:
0x00007ff7ac340000 - 0x00007ff7ac34a000 	C:\Program Files\Android\Android Studio\jbr\bin\java.exe
0x00007ffb09f90000 - 0x00007ffb0a1a4000 	C:\WINDOWS\SYSTEM32\ntdll.dll
0x00007ffb09670000 - 0x00007ffb09732000 	C:\WINDOWS\System32\KERNEL32.DLL
0x00007ffb07720000 - 0x00007ffb07ac3000 	C:\WINDOWS\System32\KERNELBASE.dll
0x00007ffb07600000 - 0x00007ffb07711000 	C:\WINDOWS\System32\ucrtbase.dll
0x00007ffafbd50000 - 0x00007ffafbd67000 	C:\Program Files\Android\Android Studio\jbr\bin\jli.dll
0x00007ffb08320000 - 0x00007ffb084cb000 	C:\WINDOWS\System32\USER32.dll
0x00007ffb07390000 - 0x00007ffb073b6000 	C:\WINDOWS\System32\win32u.dll
0x00007ffb09520000 - 0x00007ffb09549000 	C:\WINDOWS\System32\GDI32.dll
0x00007ffb073c0000 - 0x00007ffb074d9000 	C:\WINDOWS\System32\gdi32full.dll
0x00007ffb07560000 - 0x00007ffb075fa000 	C:\WINDOWS\System32\msvcp_win.dll
0x00007ffb02770000 - 0x00007ffb0278b000 	C:\Program Files\Android\Android Studio\jbr\bin\VCRUNTIME140.dll
0x00007ffaf4350000 - 0x00007ffaf45de000 	C:\WINDOWS\WinSxS\amd64_microsoft.windows.common-controls_6595b64144ccf1df_6.0.22621.1635_none_270f70857386168e\COMCTL32.dll
0x00007ffb09b00000 - 0x00007ffb09ba7000 	C:\WINDOWS\System32\msvcrt.dll
0x00007ffb093d0000 - 0x00007ffb09401000 	C:\WINDOWS\System32\IMM32.DLL
0x00007ffafec10000 - 0x00007ffafec1c000 	C:\Program Files\Android\Android Studio\jbr\bin\vcruntime140_1.dll
0x00007ffae1b40000 - 0x00007ffae1bcd000 	C:\Program Files\Android\Android Studio\jbr\bin\msvcp140.dll
0x00007ffabd040000 - 0x00007ffabdcad000 	C:\Program Files\Android\Android Studio\jbr\bin\server\jvm.dll
0x00007ffb09470000 - 0x00007ffb0951e000 	C:\WINDOWS\System32\ADVAPI32.dll
0x00007ffb09e10000 - 0x00007ffb09eb4000 	C:\WINDOWS\System32\sechost.dll
0x00007ffb08200000 - 0x00007ffb08317000 	C:\WINDOWS\System32\RPCRT4.dll
0x00007ffae1500000 - 0x00007ffae1509000 	C:\WINDOWS\SYSTEM32\WSOCK32.dll
0x00007ffb09bb0000 - 0x00007ffb09c21000 	C:\WINDOWS\System32\WS2_32.dll
0x00007ffafebd0000 - 0x00007ffafec04000 	C:\WINDOWS\SYSTEM32\WINMM.dll
0x00007ffaff580000 - 0x00007ffaff58a000 	C:\WINDOWS\SYSTEM32\VERSION.dll
0x00007ffb063e0000 - 0x00007ffb063f8000 	C:\WINDOWS\SYSTEM32\kernel.appcore.dll
0x00007ffae14f0000 - 0x00007ffae14fa000 	C:\Program Files\Android\Android Studio\jbr\bin\jimage.dll
0x00007ffb04eb0000 - 0x00007ffb050de000 	C:\WINDOWS\SYSTEM32\DBGHELP.DLL
0x00007ffb09040000 - 0x00007ffb093c9000 	C:\WINDOWS\System32\combase.dll
0x00007ffb09990000 - 0x00007ffb09a67000 	C:\WINDOWS\System32\OLEAUT32.dll
0x00007ffaeab50000 - 0x00007ffaeab82000 	C:\WINDOWS\SYSTEM32\dbgcore.DLL
0x00007ffb074e0000 - 0x00007ffb0755b000 	C:\WINDOWS\System32\bcryptPrimitives.dll
0x00007ffabd010000 - 0x00007ffabd035000 	C:\Program Files\Android\Android Studio\jbr\bin\java.dll
0x00007ffac0b90000 - 0x00007ffac0ba8000 	C:\Program Files\Android\Android Studio\jbr\bin\zip.dll
0x00007ffb086d0000 - 0x00007ffb08eca000 	C:\WINDOWS\System32\SHELL32.dll
0x00007ffb05390000 - 0x00007ffb05c5e000 	C:\WINDOWS\SYSTEM32\windows.storage.dll
0x00007ffb050e0000 - 0x00007ffb0521e000 	C:\WINDOWS\SYSTEM32\wintypes.dll
0x00007ffb09740000 - 0x00007ffb09831000 	C:\WINDOWS\System32\SHCORE.dll
0x00007ffb084d0000 - 0x00007ffb0852e000 	C:\WINDOWS\System32\shlwapi.dll
0x00007ffb072c0000 - 0x00007ffb072e1000 	C:\WINDOWS\SYSTEM32\profapi.dll
0x00007ffabcff0000 - 0x00007ffabd009000 	C:\Program Files\Android\Android Studio\jbr\bin\net.dll
0x00007ffafe140000 - 0x00007ffafe277000 	C:\WINDOWS\SYSTEM32\WINHTTP.dll
0x00007ffb06850000 - 0x00007ffb068b9000 	C:\WINDOWS\system32\mswsock.dll
0x00007ffabcfd0000 - 0x00007ffabcfe6000 	C:\Program Files\Android\Android Studio\jbr\bin\nio.dll
0x00007ffabcd70000 - 0x00007ffabcd80000 	C:\Program Files\Android\Android Studio\jbr\bin\verify.dll
0x00007ffaf78f0000 - 0x00007ffaf7917000 	C:\Users\leana\.gradle\native\68d5fa5c4cc2d200863cafc0d521ce42e7d3e7ee720ec0a83991735586a16f82\windows-amd64\native-platform.dll
0x00007ffada320000 - 0x00007ffada464000 	C:\Users\leana\.gradle\native\e376f236ea51e6404a007f0833ffe2c6e607c4080706a723a18a27aeea778392\windows-amd64\native-platform-file-events.dll
0x00007ffabcfc0000 - 0x00007ffabcfc9000 	C:\Program Files\Android\Android Studio\jbr\bin\management.dll
0x00007ffabcfb0000 - 0x00007ffabcfbb000 	C:\Program Files\Android\Android Studio\jbr\bin\management_ext.dll
0x00007ffb09f40000 - 0x00007ffb09f48000 	C:\WINDOWS\System32\PSAPI.DLL
0x00007ffb06ac0000 - 0x00007ffb06adb000 	C:\WINDOWS\SYSTEM32\CRYPTSP.dll
0x00007ffb06350000 - 0x00007ffb06385000 	C:\WINDOWS\system32\rsaenh.dll
0x00007ffb06950000 - 0x00007ffb06978000 	C:\WINDOWS\SYSTEM32\USERENV.dll
0x00007ffb06c70000 - 0x00007ffb06c98000 	C:\WINDOWS\SYSTEM32\bcrypt.dll
0x00007ffb06ab0000 - 0x00007ffb06abc000 	C:\WINDOWS\SYSTEM32\CRYPTBASE.dll
0x00007ffb05ec0000 - 0x00007ffb05eed000 	C:\WINDOWS\SYSTEM32\IPHLPAPI.DLL
0x00007ffb09550000 - 0x00007ffb09559000 	C:\WINDOWS\System32\NSI.dll
0x00007ffafe3d0000 - 0x00007ffafe3e9000 	C:\WINDOWS\SYSTEM32\dhcpcsvc6.DLL
0x00007ffafe100000 - 0x00007ffafe11f000 	C:\WINDOWS\SYSTEM32\dhcpcsvc.DLL
0x00007ffb05f30000 - 0x00007ffb06023000 	C:\WINDOWS\SYSTEM32\DNSAPI.dll
0x00007ffabcc30000 - 0x00007ffabcc38000 	C:\WINDOWS\system32\wshunix.dll

dbghelp: loaded successfully - version: 4.0.5 - missing functions: none
symbol engine: initialized successfully - sym options: 0x614 - pdb path: .;C:\Program Files\Android\Android Studio\jbr\bin;C:\WINDOWS\SYSTEM32;C:\WINDOWS\WinSxS\amd64_microsoft.windows.common-controls_6595b64144ccf1df_6.0.22621.1635_none_270f70857386168e;C:\Program Files\Android\Android Studio\jbr\bin\server;C:\Users\leana\.gradle\native\68d5fa5c4cc2d200863cafc0d521ce42e7d3e7ee720ec0a83991735586a16f82\windows-amd64;C:\Users\leana\.gradle\native\e376f236ea51e6404a007f0833ffe2c6e607c4080706a723a18a27aeea778392\windows-amd64

VM Arguments:
jvm_args: --add-opens=java.base/java.util=ALL-UNNAMED --add-opens=java.base/java.lang=ALL-UNNAMED --add-opens=java.base/java.lang.invoke=ALL-UNNAMED --add-opens=java.prefs/java.util.prefs=ALL-UNNAMED --add-opens=java.base/java.nio.charset=ALL-UNNAMED --add-opens=java.base/java.net=ALL-UNNAMED --add-opens=java.base/java.util.concurrent.atomic=ALL-UNNAMED -Xmx2048m -Dfile.encoding=UTF-8 -Duser.country=CO -Duser.language=es -Duser.variant 
java_command: org.gradle.launcher.daemon.bootstrap.GradleDaemon 7.6
java_class_path (initial): C:\Users\leana\.gradle\wrapper\dists\gradle-7.6-bin\9l9tetv7ltxvx3i8an4pb86ye\gradle-7.6\lib\gradle-launcher-7.6.jar
Launcher Type: SUN_STANDARD

[Global flags]
     intx CICompilerCount                          = 3                                         {product} {ergonomic}
     uint ConcGCThreads                            = 1                                         {product} {ergonomic}
     uint G1ConcRefinementThreads                  = 4                                         {product} {ergonomic}
   size_t G1HeapRegionSize                         = 1048576                                   {product} {ergonomic}
    uintx GCDrainStackTargetSize                   = 64                                        {product} {ergonomic}
   size_t InitialHeapSize                          = 58720256                                  {product} {ergonomic}
   size_t MarkStackSize                            = 4194304                                   {product} {ergonomic}
   size_t MaxHeapSize                              = 2147483648                                {product} {command line}
   size_t MaxNewSize                               = 1287651328                                {product} {ergonomic}
   size_t MinHeapDeltaBytes                        = 1048576                                   {product} {ergonomic}
   size_t MinHeapSize                              = 8388608                                   {product} {ergonomic}
    uintx NonNMethodCodeHeapSize                   = 5832780                                {pd product} {ergonomic}
    uintx NonProfiledCodeHeapSize                  = 122912730                              {pd product} {ergonomic}
    uintx ProfiledCodeHeapSize                     = 122912730                              {pd product} {ergonomic}
    uintx ReservedCodeCacheSize                    = 251658240                              {pd product} {ergonomic}
     bool SegmentedCodeCache                       = true                                      {product} {ergonomic}
   size_t SoftMaxHeapSize                          = 2147483648                             {manageable} {ergonomic}
     bool UseCompressedClassPointers               = true                           {product lp64_product} {ergonomic}
     bool UseCompressedOops                        = true                           {product lp64_product} {ergonomic}
     bool UseG1GC                                  = true                                      {product} {ergonomic}
     bool UseLargePagesIndividualAllocation        = false                                  {pd product} {ergonomic}

Logging:
Log output configuration:
 #0: stdout all=warning uptime,level,tags
 #1: stderr all=off uptime,level,tags

Environment Variables:
PATH=C:\Python311\Scripts\;C:\Python311\;C:\WINDOWS\system32;C:\WINDOWS;C:\WINDOWS\System32\Wbem;C:\WINDOWS\System32\WindowsPowerShell\v1.0\;C:\WINDOWS\System32\OpenSSH\;C:\Program Files\dotnet\;C:\ProgramData\chocolatey\bin;C:\Program Files\Git\cmd;C:\Program Files\Git\get;C:\Users\leana\AppData\Roaming\nvm;C:\Program Files\nodejs;C:\Program Files\MySQL\MySQL Shell 8.0\bin\;C:\Users\leana\AppData\Local\Microsoft\WindowsApps;C:\Users\leana\AppData\Local\Programs\Microsoft VS Code\bin;C:\Users\leana\.dotnet\tools;C:\Users\leana\AppData\Roaming\npm;C:\Users\leana\AppData\Roaming\nvm;C:\Program Files\nodejs
USERNAME=leana
OS=Windows_NT
PROCESSOR_IDENTIFIER=AMD64 Family 23 Model 24 Stepping 1, AuthenticAMD
TMP=C:\Users\leana\AppData\Local\Temp
TEMP=C:\Users\leana\AppData\Local\Temp



---------------  S Y S T E M  ---------------

OS:
 Windows 11 , 64 bit Build 22621 (10.0.22621.1778)
OS uptime: 0 days 1:08 hours

CPU: total 4 (initial active 4) (4 cores per cpu, 2 threads per core) family 23 model 24 stepping 1 microcode 0x0, cx8, cmov, fxsr, ht, mmx, 3dnowpref, sse, sse2, sse3, ssse3, sse4a, sse4.1, sse4.2, popcnt, lzcnt, tsc, tscinvbit, avx, avx2, aes, clmul, bmi1, bmi2, adx, sha, fma, vzeroupper, clflush, clflushopt

Memory: 4k page, system-wide physical 3521M (102M free)
TotalPageFile size 14273M (AvailPageFile size 9M)
current process WorkingSet (physical memory assigned to process): 130M, peak: 131M
current process commit charge ("private bytes"): 192M, peak: 193M

vm_info: OpenJDK 64-Bit Server VM (17.0.6+0-b2043.56-9586694) for windows-amd64 JRE (17.0.6+0-b2043.56-9586694), built on Feb  9 2023 20:06:20 by "androidbuild" with MS VC++ 16.10 / 16.11 (VS2019)

END.
