#
# There is insufficient memory for the Java Runtime Environment to continue.
# Native memory allocation (malloc) failed to allocate 32744 bytes for ChunkPool::allocate
# Possible reasons:
#   The system is out of physical RAM or swap space
#   The process is running with CompressedOops enabled, and the Java Heap may be blocking the growth of the native heap
# Possible solutions:
#   Reduce memory load on the system
#   Increase physical memory or swap space
#   Check if swap backing store is full
#   Decrease Java heap size (-Xmx/-Xms)
#   Decrease number of Java threads
#   Decrease Java thread stack sizes (-Xss)
#   Set larger code cache with -XX:ReservedCodeCacheSize=
#   JVM is running with Unscaled Compressed Oops mode in which the Java heap is
#     placed in the first 4GB address space. The Java Heap base address is the
#     maximum limit for the native heap growth. Please use -XX:HeapBaseMinAddress
#     to set the Java Heap base and to place the Java Heap above 4GB virtual address.
# This output file may be truncated or incomplete.
#
#  Out of Memory Error (arena.cpp:78), pid=12280, tid=15024
#
# JRE version: OpenJDK Runtime Environment (17.0.6) (build 17.0.6+0-b2043.56-9586694)
# Java VM: OpenJDK 64-Bit Server VM (17.0.6+0-b2043.56-9586694, mixed mode, tiered, compressed oops, compressed class ptrs, g1 gc, windows-amd64)
# No core dump will be written. Minidumps are not enabled by default on client versions of Windows
#

---------------  S U M M A R Y ------------

Command Line: --add-opens=java.base/java.util=ALL-UNNAMED --add-opens=java.base/java.lang=ALL-UNNAMED --add-opens=java.base/java.lang.invoke=ALL-UNNAMED --add-opens=java.prefs/java.util.prefs=ALL-UNNAMED --add-opens=java.base/java.nio.charset=ALL-UNNAMED --add-opens=java.base/java.net=ALL-UNNAMED --add-opens=java.base/java.util.concurrent.atomic=ALL-UNNAMED -Xmx2048m -Dfile.encoding=UTF-8 -Duser.country=CO -Duser.language=es -Duser.variant org.gradle.launcher.daemon.bootstrap.GradleDaemon 7.6

Host: AMD Ryzen 3 3250U with Radeon Graphics         , 4 cores, 3G,  Windows 11 , 64 bit Build 22621 (10.0.22621.1778)
Time: Mon Jun 26 10:39:06 2023 Hora est. Pacífico, Sudamérica elapsed time: 85.391167 seconds (0d 0h 1m 25s)

---------------  T H R E A D  ---------------

Current thread (0x0000013dff04ebc0):  JavaThread "C1 CompilerThread0" daemon [_thread_in_native, id=15024, stack(0x0000003716900000,0x0000003716a00000)]


Current CompileTask:
C1:  85391 2944       3       java.net.InetAddress::getByAddress (114 bytes)

Stack: [0x0000003716900000,0x0000003716a00000]
Native frames: (J=compiled Java code, j=interpreted, Vv=VM code, C=native code)
V  [jvm.dll+0x683b4a]
V  [jvm.dll+0x842654]
V  [jvm.dll+0x843dfe]
V  [jvm.dll+0x844463]
V  [jvm.dll+0x249b75]
V  [jvm.dll+0xabecc]
V  [jvm.dll+0xac27c]
V  [jvm.dll+0xb87cd]
V  [jvm.dll+0x160674]
V  [jvm.dll+0x16c9b8]
V  [jvm.dll+0x16cb10]
V  [jvm.dll+0x1621ce]
V  [jvm.dll+0x15f10e]
V  [jvm.dll+0x14d410]
V  [jvm.dll+0x135ef7]
V  [jvm.dll+0x13587f]
V  [jvm.dll+0x135ab6]
V  [jvm.dll+0x134f4a]
V  [jvm.dll+0x136c11]
V  [jvm.dll+0x22b098]
V  [jvm.dll+0x229159]
V  [jvm.dll+0x7f809c]
V  [jvm.dll+0x7f25fa]
V  [jvm.dll+0x682985]
C  [ucrtbase.dll+0x29363]
C  [KERNEL32.DLL+0x126ad]
C  [ntdll.dll+0x5a9f8]


---------------  P R O C E S S  ---------------

Threads class SMR info:
_java_thread_list=0x0000013d914f86e0, length=35, elements={
0x0000013df3e98ec0, 0x0000013dfe434490, 0x0000013dfe430690, 0x0000013dff00a1a0,
0x0000013dff00cc70, 0x0000013dff00d820, 0x0000013dff0101e0, 0x0000013dff010ec0,
0x0000013dff04ebc0, 0x0000013dff0548d0, 0x0000013dff170340, 0x0000013dff174820,
0x0000013d8fdc2d30, 0x0000013d8fe2bc80, 0x0000013d908e4ab0, 0x0000013dffae7190,
0x0000013d8fd9a750, 0x0000013d8fe48200, 0x0000013d8fe47860, 0x0000013d8fe49ee0,
0x0000013d8fe49070, 0x0000013d8fe49540, 0x0000013d8fe46520, 0x0000013d8fe47d30,
0x0000013d8fe49a10, 0x0000013d8fe469f0, 0x0000013d8fe46ec0, 0x0000013d8fe47390,
0x0000013d8fe48ba0, 0x0000013d8fcc4900, 0x0000013d8fcc0f40, 0x0000013d8fcc05a0,
0x0000013d8fcc30f0, 0x0000013d8fcc0a70, 0x0000013d8fcc35c0
}

Java Threads: ( => current thread )
  0x0000013df3e98ec0 JavaThread "main" [_thread_blocked, id=9484, stack(0x0000003715a00000,0x0000003715b00000)]
  0x0000013dfe434490 JavaThread "Reference Handler" daemon [_thread_blocked, id=4680, stack(0x0000003716200000,0x0000003716300000)]
  0x0000013dfe430690 JavaThread "Finalizer" daemon [_thread_blocked, id=11780, stack(0x0000003716300000,0x0000003716400000)]
  0x0000013dff00a1a0 JavaThread "Signal Dispatcher" daemon [_thread_blocked, id=14188, stack(0x0000003716400000,0x0000003716500000)]
  0x0000013dff00cc70 JavaThread "Attach Listener" daemon [_thread_blocked, id=14088, stack(0x0000003716500000,0x0000003716600000)]
  0x0000013dff00d820 JavaThread "Service Thread" daemon [_thread_blocked, id=14988, stack(0x0000003716600000,0x0000003716700000)]
  0x0000013dff0101e0 JavaThread "Monitor Deflation Thread" daemon [_thread_blocked, id=15008, stack(0x0000003716700000,0x0000003716800000)]
  0x0000013dff010ec0 JavaThread "C2 CompilerThread0" daemon [_thread_blocked, id=7748, stack(0x0000003716800000,0x0000003716900000)]
=>0x0000013dff04ebc0 JavaThread "C1 CompilerThread0" daemon [_thread_in_native, id=15024, stack(0x0000003716900000,0x0000003716a00000)]
  0x0000013dff0548d0 JavaThread "Sweeper thread" daemon [_thread_blocked, id=15284, stack(0x0000003716a00000,0x0000003716b00000)]
  0x0000013dff170340 JavaThread "Common-Cleaner" daemon [_thread_blocked, id=15416, stack(0x0000003716b00000,0x0000003716c00000)]
  0x0000013dff174820 JavaThread "Notification Thread" daemon [_thread_blocked, id=15436, stack(0x0000003716c00000,0x0000003716d00000)]
  0x0000013d8fdc2d30 JavaThread "Daemon health stats" [_thread_blocked, id=16312, stack(0x0000003717100000,0x0000003717200000)]
  0x0000013d8fe2bc80 JavaThread "Incoming local TCP Connector on port 57459" [_thread_in_native, id=16356, stack(0x0000003717200000,0x0000003717300000)]
  0x0000013d908e4ab0 JavaThread "Daemon periodic checks" [_thread_blocked, id=3968, stack(0x0000003717300000,0x0000003717400000)]
  0x0000013dffae7190 JavaThread "Daemon" [_thread_blocked, id=596, stack(0x0000003717400000,0x0000003717500000)]
  0x0000013d8fd9a750 JavaThread "Handler for socket connection from /127.0.0.1:57459 to /127.0.0.1:57464" [_thread_in_native, id=6852, stack(0x0000003717500000,0x0000003717600000)]
  0x0000013d8fe48200 JavaThread "Cancel handler" [_thread_blocked, id=11652, stack(0x0000003717600000,0x0000003717700000)]
  0x0000013d8fe47860 JavaThread "Daemon worker" [_thread_blocked, id=6636, stack(0x0000003715800000,0x0000003715900000)]
  0x0000013d8fe49ee0 JavaThread "Asynchronous log dispatcher for DefaultDaemonConnection: socket connection from /127.0.0.1:57459 to /127.0.0.1:57464" [_thread_blocked, id=6436, stack(0x0000003716000000,0x0000003716100000)]
  0x0000013d8fe49070 JavaThread "Stdin handler" [_thread_blocked, id=5716, stack(0x0000003717700000,0x0000003717800000)]
  0x0000013d8fe49540 JavaThread "Daemon client event forwarder" [_thread_blocked, id=15760, stack(0x0000003717800000,0x0000003717900000)]
  0x0000013d8fe46520 JavaThread "Cache worker for journal cache (C:\Users\leana\.gradle\caches\journal-1)" [_thread_blocked, id=992, stack(0x0000003717900000,0x0000003717a00000)]
  0x0000013d8fe47d30 JavaThread "File lock request listener" [_thread_in_native, id=1728, stack(0x0000003717a00000,0x0000003717b00000)]
  0x0000013d8fe49a10 JavaThread "File lock release action executor" [_thread_blocked, id=2400, stack(0x0000003717b00000,0x0000003717c00000)]
  0x0000013d8fe469f0 JavaThread "Cache worker for file hash cache (C:\Users\leana\.gradle\caches\7.6\fileHashes)" [_thread_blocked, id=15012, stack(0x0000003717c00000,0x0000003717d00000)]
  0x0000013d8fe46ec0 JavaThread "File watcher server" daemon [_thread_in_native, id=13504, stack(0x0000003717d00000,0x0000003717e00000)]
  0x0000013d8fe47390 JavaThread "File watcher consumer" daemon [_thread_blocked, id=14824, stack(0x0000003717e00000,0x0000003717f00000)]
  0x0000013d8fe48ba0 JavaThread "Cache worker for checksums cache (C:\Users\leana\AndroidStudioProjects\ProcexApp2\.gradle\7.6\checksums)" [_thread_blocked, id=15064, stack(0x0000003717f00000,0x0000003718000000)]
  0x0000013d8fcc4900 JavaThread "Cache worker for cache directory md-rule (C:\Users\leana\.gradle\caches\7.6\md-rule)" [_thread_blocked, id=14404, stack(0x0000003718000000,0x0000003718100000)]
  0x0000013d8fcc0f40 JavaThread "Cache worker for file content cache (C:\Users\leana\.gradle\caches\7.6\fileContent)" [_thread_blocked, id=15280, stack(0x0000003718100000,0x0000003718200000)]
  0x0000013d8fcc05a0 JavaThread "Cache worker for file hash cache (C:\Users\leana\AndroidStudioProjects\ProcexApp2\.gradle\7.6\fileHashes)" [_thread_blocked, id=14852, stack(0x0000003718400000,0x0000003718500000)]
  0x0000013d8fcc30f0 JavaThread "Cache worker for cache directory md-supplier (C:\Users\leana\.gradle\caches\7.6\md-supplier)" [_thread_blocked, id=7152, stack(0x0000003718500000,0x0000003718600000)]
  0x0000013d8fcc0a70 JavaThread "Cache worker for execution history cache (C:\Users\leana\.gradle\caches\7.6\executionHistory)" [_thread_blocked, id=6676, stack(0x0000003718600000,0x0000003718700000)]
  0x0000013d8fcc35c0 JavaThread "jar transforms" [_thread_blocked, id=15804, stack(0x0000003718700000,0x0000003718800000)]

Other Threads:
  0x0000013dfe41e7d0 VMThread "VM Thread" [stack: 0x0000003716100000,0x0000003716200000] [id=13992]
  0x0000013dff16e010 WatcherThread [stack: 0x0000003716d00000,0x0000003716e00000] [id=15440]
  0x0000013df3ef33b0 GCTaskThread "GC Thread#0" [stack: 0x0000003715b00000,0x0000003715c00000] [id=14676]
  0x0000013dff5a6a40 GCTaskThread "GC Thread#1" [stack: 0x0000003716e00000,0x0000003716f00000] [id=15608]
  0x0000013dff3cc8d0 GCTaskThread "GC Thread#2" [stack: 0x0000003716f00000,0x0000003717000000] [id=15660]
  0x0000013dffb2f180 GCTaskThread "GC Thread#3" [stack: 0x0000003717000000,0x0000003717100000] [id=16040]
  0x0000013df3f042f0 ConcurrentGCThread "G1 Main Marker" [stack: 0x0000003715c00000,0x0000003715d00000] [id=9408]
  0x0000013df3f04d00 ConcurrentGCThread "G1 Conc#0" [stack: 0x0000003715d00000,0x0000003715e00000] [id=14760]
  0x0000013df3f3fa50 ConcurrentGCThread "G1 Refine#0" [stack: 0x0000003715e00000,0x0000003715f00000] [id=12200]
  0x0000013df3f40470 ConcurrentGCThread "G1 Service" [stack: 0x0000003715f00000,0x0000003716000000] [id=11012]

Threads with active compile tasks:
C1 CompilerThread0    85442 2944       3       java.net.InetAddress::getByAddress (114 bytes)

VM state: not at safepoint (normal execution)

VM Mutex/Monitor currently owned by a thread: None

Heap address: 0x0000000080000000, size: 2048 MB, Compressed Oops mode: 32-bit

CDS archive(s) not mapped
Compressed class space mapped at: 0x0000000100000000-0x0000000140000000, reserved size: 1073741824
Narrow klass base: 0x0000000000000000, Narrow klass shift: 3, Narrow klass range: 0x140000000

GC Precious Log:
 CPUs: 4 total, 4 available
 Memory: 3521M
 Large Page Support: Disabled
 NUMA Support: Disabled
 Compressed Oops: Enabled (32-bit)
 Heap Region Size: 1M
 Heap Min Capacity: 8M
 Heap Initial Capacity: 56M
 Heap Max Capacity: 2G
 Pre-touch: Disabled
 Parallel Workers: 4
 Concurrent Workers: 1
 Concurrent Refinement Workers: 4
 Periodic GC: Disabled

Heap:
 garbage-first heap   total 57344K, used 37032K [0x0000000080000000, 0x0000000100000000)
  region size 1024K, 19 young (19456K), 3 survivors (3072K)
 Metaspace       used 34061K, committed 34368K, reserved 1081344K
  class space    used 4701K, committed 4800K, reserved 1048576K

Heap Regions: E=young(eden), S=young(survivor), O=old, HS=humongous(starts), HC=humongous(continues), CS=collection set, F=free, OA=open archive, CA=closed archive, TAMS=top-at-mark-start (previous, next)
|   0|0x0000000080000000, 0x0000000080100000, 0x0000000080100000|100%| O|  |TAMS 0x0000000080100000, 0x0000000080000000| Untracked 
|   1|0x0000000080100000, 0x0000000080200000, 0x0000000080200000|100%| O|  |TAMS 0x0000000080200000, 0x0000000080100000| Untracked 
|   2|0x0000000080200000, 0x0000000080300000, 0x0000000080300000|100%|HS|  |TAMS 0x0000000080300000, 0x0000000080200000| Complete 
|   3|0x0000000080300000, 0x0000000080400000, 0x0000000080400000|100%|HC|  |TAMS 0x0000000080400000, 0x0000000080300000| Complete 
|   4|0x0000000080400000, 0x0000000080500000, 0x0000000080500000|100%|HC|  |TAMS 0x0000000080500000, 0x0000000080400000| Complete 
|   5|0x0000000080500000, 0x0000000080600000, 0x0000000080600000|100%| O|  |TAMS 0x0000000080600000, 0x0000000080500000| Untracked 
|   6|0x0000000080600000, 0x0000000080700000, 0x0000000080700000|100%| O|  |TAMS 0x0000000080700000, 0x0000000080600000| Untracked 
|   7|0x0000000080700000, 0x0000000080800000, 0x0000000080800000|100%| O|  |TAMS 0x0000000080800000, 0x0000000080700000| Untracked 
|   8|0x0000000080800000, 0x0000000080900000, 0x0000000080900000|100%| O|  |TAMS 0x0000000080900000, 0x0000000080800000| Untracked 
|   9|0x0000000080900000, 0x0000000080a00000, 0x0000000080a00000|100%| O|  |TAMS 0x0000000080a00000, 0x0000000080900000| Untracked 
|  10|0x0000000080a00000, 0x0000000080b00000, 0x0000000080b00000|100%| O|  |TAMS 0x0000000080a00000, 0x0000000080a00000| Untracked 
|  11|0x0000000080b00000, 0x0000000080c00000, 0x0000000080c00000|100%| O|  |TAMS 0x0000000080c00000, 0x0000000080b00000| Untracked 
|  12|0x0000000080c00000, 0x0000000080d00000, 0x0000000080d00000|100%| O|  |TAMS 0x0000000080d00000, 0x0000000080c00000| Untracked 
|  13|0x0000000080d00000, 0x0000000080e00000, 0x0000000080e00000|100%| O|  |TAMS 0x0000000080dc0a00, 0x0000000080d00000| Untracked 
|  14|0x0000000080e00000, 0x0000000080f00000, 0x0000000080f00000|100%| O|  |TAMS 0x0000000080e00000, 0x0000000080e00000| Untracked 
|  15|0x0000000080f00000, 0x0000000081000000, 0x0000000081000000|100%| O|  |TAMS 0x0000000080f00000, 0x0000000080f00000| Untracked 
|  16|0x0000000081000000, 0x0000000081100000, 0x0000000081100000|100%| O|  |TAMS 0x0000000081000000, 0x0000000081000000| Untracked 
|  17|0x0000000081100000, 0x0000000081200000, 0x0000000081200000|100%| O|  |TAMS 0x0000000081100000, 0x0000000081100000| Untracked 
|  18|0x0000000081200000, 0x00000000812b6a00, 0x0000000081300000| 71%| O|  |TAMS 0x0000000081200000, 0x0000000081200000| Untracked 
|  19|0x0000000081300000, 0x0000000081300000, 0x0000000081400000|  0%| F|  |TAMS 0x0000000081300000, 0x0000000081300000| Untracked 
|  20|0x0000000081400000, 0x0000000081400000, 0x0000000081500000|  0%| F|  |TAMS 0x0000000081400000, 0x0000000081400000| Untracked 
|  21|0x0000000081500000, 0x0000000081500000, 0x0000000081600000|  0%| F|  |TAMS 0x0000000081500000, 0x0000000081500000| Untracked 
|  22|0x0000000081600000, 0x0000000081600000, 0x0000000081700000|  0%| F|  |TAMS 0x0000000081600000, 0x0000000081600000| Untracked 
|  23|0x0000000081700000, 0x0000000081700000, 0x0000000081800000|  0%| F|  |TAMS 0x0000000081700000, 0x0000000081700000| Untracked 
|  24|0x0000000081800000, 0x0000000081800000, 0x0000000081900000|  0%| F|  |TAMS 0x0000000081800000, 0x0000000081800000| Untracked 
|  25|0x0000000081900000, 0x0000000081900000, 0x0000000081a00000|  0%| F|  |TAMS 0x0000000081900000, 0x0000000081900000| Untracked 
|  26|0x0000000081a00000, 0x0000000081a00000, 0x0000000081b00000|  0%| F|  |TAMS 0x0000000081a00000, 0x0000000081a00000| Untracked 
|  27|0x0000000081b00000, 0x0000000081b00000, 0x0000000081c00000|  0%| F|  |TAMS 0x0000000081b00000, 0x0000000081b00000| Untracked 
|  28|0x0000000081c00000, 0x0000000081c00000, 0x0000000081d00000|  0%| F|  |TAMS 0x0000000081c00000, 0x0000000081c00000| Untracked 
|  29|0x0000000081d00000, 0x0000000081d00000, 0x0000000081e00000|  0%| F|  |TAMS 0x0000000081d00000, 0x0000000081d00000| Untracked 
|  30|0x0000000081e00000, 0x0000000081e00000, 0x0000000081f00000|  0%| F|  |TAMS 0x0000000081e00000, 0x0000000081e00000| Untracked 
|  31|0x0000000081f00000, 0x0000000081f73800, 0x0000000082000000| 45%| S|CS|TAMS 0x0000000081f00000, 0x0000000081f00000| Complete 
|  32|0x0000000082000000, 0x0000000082100000, 0x0000000082100000|100%| S|CS|TAMS 0x0000000082000000, 0x0000000082000000| Complete 
|  33|0x0000000082100000, 0x0000000082200000, 0x0000000082200000|100%| S|CS|TAMS 0x0000000082100000, 0x0000000082100000| Complete 
|  34|0x0000000082200000, 0x0000000082200000, 0x0000000082300000|  0%| F|  |TAMS 0x0000000082200000, 0x0000000082200000| Untracked 
|  35|0x0000000082300000, 0x0000000082300000, 0x0000000082400000|  0%| F|  |TAMS 0x0000000082300000, 0x0000000082300000| Untracked 
|  36|0x0000000082400000, 0x0000000082400000, 0x0000000082500000|  0%| F|  |TAMS 0x0000000082400000, 0x0000000082400000| Untracked 
|  37|0x0000000082500000, 0x0000000082500000, 0x0000000082600000|  0%| F|  |TAMS 0x0000000082500000, 0x0000000082500000| Untracked 
|  38|0x0000000082600000, 0x0000000082600000, 0x0000000082700000|  0%| F|  |TAMS 0x0000000082600000, 0x0000000082600000| Untracked 
|  39|0x0000000082700000, 0x0000000082700000, 0x0000000082800000|  0%| F|  |TAMS 0x0000000082700000, 0x0000000082700000| Untracked 
|  40|0x0000000082800000, 0x00000000828197c8, 0x0000000082900000|  9%| E|  |TAMS 0x0000000082800000, 0x0000000082800000| Complete 
|  41|0x0000000082900000, 0x0000000082a00000, 0x0000000082a00000|100%| E|CS|TAMS 0x0000000082900000, 0x0000000082900000| Complete 
|  42|0x0000000082a00000, 0x0000000082b00000, 0x0000000082b00000|100%| E|CS|TAMS 0x0000000082a00000, 0x0000000082a00000| Complete 
|  43|0x0000000082b00000, 0x0000000082c00000, 0x0000000082c00000|100%| E|CS|TAMS 0x0000000082b00000, 0x0000000082b00000| Complete 
|  44|0x0000000082c00000, 0x0000000082d00000, 0x0000000082d00000|100%| E|CS|TAMS 0x0000000082c00000, 0x0000000082c00000| Complete 
|  45|0x0000000082d00000, 0x0000000082e00000, 0x0000000082e00000|100%| E|CS|TAMS 0x0000000082d00000, 0x0000000082d00000| Complete 
|  46|0x0000000082e00000, 0x0000000082f00000, 0x0000000082f00000|100%| E|CS|TAMS 0x0000000082e00000, 0x0000000082e00000| Complete 
|  47|0x0000000082f00000, 0x0000000083000000, 0x0000000083000000|100%| E|CS|TAMS 0x0000000082f00000, 0x0000000082f00000| Complete 
|  48|0x0000000083000000, 0x0000000083100000, 0x0000000083100000|100%| E|CS|TAMS 0x0000000083000000, 0x0000000083000000| Complete 
|  49|0x0000000083100000, 0x0000000083200000, 0x0000000083200000|100%| E|CS|TAMS 0x0000000083100000, 0x0000000083100000| Complete 
|  50|0x0000000083200000, 0x0000000083300000, 0x0000000083300000|100%| E|CS|TAMS 0x0000000083200000, 0x0000000083200000| Complete 
|  51|0x0000000083300000, 0x0000000083400000, 0x0000000083400000|100%| E|CS|TAMS 0x0000000083300000, 0x0000000083300000| Complete 
|  52|0x0000000083400000, 0x0000000083500000, 0x0000000083500000|100%| E|CS|TAMS 0x0000000083400000, 0x0000000083400000| Complete 
|  53|0x0000000083500000, 0x0000000083600000, 0x0000000083600000|100%| E|CS|TAMS 0x0000000083500000, 0x0000000083500000| Complete 
|  54|0x0000000083600000, 0x0000000083700000, 0x0000000083700000|100%| E|CS|TAMS 0x0000000083600000, 0x0000000083600000| Complete 
|  55|0x0000000083700000, 0x0000000083800000, 0x0000000083800000|100%| E|CS|TAMS 0x0000000083700000, 0x0000000083700000| Complete 

Card table byte_map: [0x0000013df7760000,0x0000013df7b60000] _byte_map_base: 0x0000013df7360000

Marking Bits (Prev, Next): (CMBitMap*) 0x0000013df3ef3a00, (CMBitMap*) 0x0000013df3ef39c0
 Prev Bits: [0x0000013df9f60000, 0x0000013dfbf60000)
 Next Bits: [0x0000013df7f60000, 0x0000013df9f60000)

Polling page: 0x0000013df1d70000

Metaspace:

Usage:
  Non-class:     28.67 MB used.
      Class:      4.59 MB used.
       Both:     33.26 MB used.

Virtual space:
  Non-class space:       32.00 MB reserved,      28.88 MB ( 90%) committed,  4 nodes.
      Class space:        1.00 GB reserved,       4.69 MB ( <1%) committed,  1 nodes.
             Both:        1.03 GB reserved,      33.56 MB (  3%) committed. 

Chunk freelists:
   Non-Class:  3.05 MB
       Class:  3.25 MB
        Both:  6.30 MB

MaxMetaspaceSize: unlimited
CompressedClassSpaceSize: 1.00 GB
Initial GC threshold: 21.00 MB
Current GC threshold: 35.25 MB
CDS: off
MetaspaceReclaimPolicy: balanced
 - commit_granule_bytes: 65536.
 - commit_granule_words: 8192.
 - virtual_space_node_default_size: 1048576.
 - enlarge_chunks_in_place: 1.
 - new_chunks_are_fully_committed: 0.
 - uncommit_free_chunks: 1.
 - use_allocation_guard: 0.
 - handle_deallocations: 1.


Internal statistics:

num_allocs_failed_limit: 3.
num_arena_births: 256.
num_arena_deaths: 0.
num_vsnodes_births: 5.
num_vsnodes_deaths: 0.
num_space_committed: 537.
num_space_uncommitted: 0.
num_chunks_returned_to_freelist: 3.
num_chunks_taken_from_freelist: 1194.
num_chunk_merges: 3.
num_chunk_splits: 782.
num_chunks_enlarged: 588.
num_purges: 0.
num_inconsistent_stats: 0.

CodeHeap 'non-profiled nmethods': size=120000Kb used=1539Kb max_used=1539Kb free=118460Kb
 bounds [0x0000013d87ad0000, 0x0000013d87d40000, 0x0000013d8f000000]
CodeHeap 'profiled nmethods': size=120000Kb used=6073Kb max_used=6073Kb free=113926Kb
 bounds [0x0000013d80000000, 0x0000013d805f0000, 0x0000013d87530000]
CodeHeap 'non-nmethods': size=5760Kb used=1235Kb max_used=1266Kb free=4524Kb
 bounds [0x0000013d87530000, 0x0000013d877a0000, 0x0000013d87ad0000]
 total_blobs=3477 nmethods=2931 adapters=458
 compilation: enabled
              stopped_count=0, restarted_count=0
 full_count=0

Compilation events (20 events):
Event: 84.617 Thread 0x0000013dff04ebc0 nmethod 2935 0x0000013d805eb090 code [0x0000013d805eb3c0, 0x0000013d805ec288]
Event: 84.617 Thread 0x0000013dff04ebc0 2936       3       org.gradle.internal.io.IOQuery$Result::<init> (5 bytes)
Event: 84.617 Thread 0x0000013dff04ebc0 nmethod 2936 0x0000013d805ecb10 code [0x0000013d805ecca0, 0x0000013d805ecdf8]
Event: 84.669 Thread 0x0000013dff04ebc0 2937       1       org.gradle.cache.internal.DefaultFileLockManager$DefaultFileLock::access$400 (5 bytes)
Event: 84.669 Thread 0x0000013dff04ebc0 nmethod 2937 0x0000013d87c50590 code [0x0000013d87c50720, 0x0000013d87c507d8]
Event: 84.747 Thread 0x0000013dff04ebc0 2938       1       org.gradle.cache.internal.filelock.FileLockOutcome::isLockWasAcquired (2 bytes)
Event: 84.747 Thread 0x0000013dff04ebc0 nmethod 2938 0x0000013d87c50890 code [0x0000013d87c50a20, 0x0000013d87c50af8]
Event: 84.747 Thread 0x0000013dff04ebc0 2939       1       org.gradle.internal.io.IOQuery$Result$2::isSuccessful (2 bytes)
Event: 84.748 Thread 0x0000013dff04ebc0 nmethod 2939 0x0000013d87c50b90 code [0x0000013d87c50d20, 0x0000013d87c50df8]
Event: 84.912 Thread 0x0000013dff04ebc0 2940       3       java.util.HashSet::remove (20 bytes)
Event: 84.912 Thread 0x0000013dff04ebc0 nmethod 2940 0x0000013d805ece90 code [0x0000013d805ed040, 0x0000013d805ed268]
Event: 85.347 Thread 0x0000013dff04ebc0 2941       3       java.net.InetAddress::<init> (21 bytes)
Event: 85.348 Thread 0x0000013dff04ebc0 nmethod 2941 0x0000013d805ed310 code [0x0000013d805ed4c0, 0x0000013d805ed7d8]
Event: 85.348 Thread 0x0000013dff04ebc0 2942       3       java.net.InetAddress$InetAddressHolder::<init> (5 bytes)
Event: 85.348 Thread 0x0000013dff04ebc0 nmethod 2942 0x0000013d805ed910 code [0x0000013d805edaa0, 0x0000013d805edbf8]
Event: 85.349 Thread 0x0000013dff04ebc0 2943       3       java.net.InetAddress::getByAddress (6 bytes)
Event: 85.350 Thread 0x0000013dff04ebc0 nmethod 2943 0x0000013d805edc90 code [0x0000013d805ede20, 0x0000013d805edf48]
Event: 85.350 Thread 0x0000013dff04ebc0 2945       3       org.gradle.internal.serialize.AbstractDecoder::readBinary (16 bytes)
Event: 85.350 Thread 0x0000013dff04ebc0 nmethod 2945 0x0000013d805ee010 code [0x0000013d805ee1c0, 0x0000013d805ee5d8]
Event: 85.350 Thread 0x0000013dff04ebc0 2944       3       java.net.InetAddress::getByAddress (114 bytes)

GC Heap History (16 events):
Event: 13.261 GC heap before
{Heap before GC invocations=0 (full 0):
 garbage-first heap   total 57344K, used 12288K [0x0000000080000000, 0x0000000100000000)
  region size 1024K, 13 young (13312K), 0 survivors (0K)
 Metaspace       used 7076K, committed 7232K, reserved 1056768K
  class space    used 608K, committed 704K, reserved 1048576K
}
Event: 13.612 GC heap after
{Heap after GC invocations=1 (full 0):
 garbage-first heap   total 57344K, used 3663K [0x0000000080000000, 0x0000000100000000)
  region size 1024K, 2 young (2048K), 2 survivors (2048K)
 Metaspace       used 7076K, committed 7232K, reserved 1056768K
  class space    used 608K, committed 704K, reserved 1048576K
}
Event: 25.578 GC heap before
{Heap before GC invocations=1 (full 0):
 garbage-first heap   total 57344K, used 21071K [0x0000000080000000, 0x0000000100000000)
  region size 1024K, 17 young (17408K), 2 survivors (2048K)
 Metaspace       used 11108K, committed 11264K, reserved 1064960K
  class space    used 1163K, committed 1280K, reserved 1048576K
}
Event: 25.594 GC heap after
{Heap after GC invocations=2 (full 0):
 garbage-first heap   total 57344K, used 9487K [0x0000000080000000, 0x0000000100000000)
  region size 1024K, 3 young (3072K), 3 survivors (3072K)
 Metaspace       used 11108K, committed 11264K, reserved 1064960K
  class space    used 1163K, committed 1280K, reserved 1048576K
}
Event: 36.019 GC heap before
{Heap before GC invocations=2 (full 0):
 garbage-first heap   total 57344K, used 26895K [0x0000000080000000, 0x0000000100000000)
  region size 1024K, 20 young (20480K), 3 survivors (3072K)
 Metaspace       used 11169K, committed 11328K, reserved 1064960K
  class space    used 1163K, committed 1280K, reserved 1048576K
}
Event: 36.040 GC heap after
{Heap after GC invocations=3 (full 0):
 garbage-first heap   total 57344K, used 10085K [0x0000000080000000, 0x0000000100000000)
  region size 1024K, 1 young (1024K), 1 survivors (1024K)
 Metaspace       used 11169K, committed 11328K, reserved 1064960K
  class space    used 1163K, committed 1280K, reserved 1048576K
}
Event: 56.251 GC heap before
{Heap before GC invocations=3 (full 0):
 garbage-first heap   total 57344K, used 38757K [0x0000000080000000, 0x0000000100000000)
  region size 1024K, 28 young (28672K), 1 survivors (1024K)
 Metaspace       used 17825K, committed 18112K, reserved 1064960K
  class space    used 2056K, committed 2176K, reserved 1048576K
}
Event: 56.263 GC heap after
{Heap after GC invocations=4 (full 0):
 garbage-first heap   total 57344K, used 17154K [0x0000000080000000, 0x0000000100000000)
  region size 1024K, 4 young (4096K), 4 survivors (4096K)
 Metaspace       used 17825K, committed 18112K, reserved 1064960K
  class space    used 2056K, committed 2176K, reserved 1048576K
}
Event: 65.078 GC heap before
{Heap before GC invocations=4 (full 0):
 garbage-first heap   total 57344K, used 33538K [0x0000000080000000, 0x0000000100000000)
  region size 1024K, 21 young (21504K), 4 survivors (4096K)
 Metaspace       used 21309K, committed 21504K, reserved 1073152K
  class space    used 2575K, committed 2624K, reserved 1048576K
}
Event: 65.098 GC heap after
{Heap after GC invocations=5 (full 0):
 garbage-first heap   total 57344K, used 17983K [0x0000000080000000, 0x0000000100000000)
  region size 1024K, 2 young (2048K), 2 survivors (2048K)
 Metaspace       used 21309K, committed 21504K, reserved 1073152K
  class space    used 2575K, committed 2624K, reserved 1048576K
}
Event: 70.547 GC heap before
{Heap before GC invocations=6 (full 0):
 garbage-first heap   total 57344K, used 38463K [0x0000000080000000, 0x0000000100000000)
  region size 1024K, 22 young (22528K), 2 survivors (2048K)
 Metaspace       used 24521K, committed 24832K, reserved 1073152K
  class space    used 3175K, committed 3328K, reserved 1048576K
}
Event: 70.554 GC heap after
{Heap after GC invocations=7 (full 0):
 garbage-first heap   total 57344K, used 19115K [0x0000000080000000, 0x0000000100000000)
  region size 1024K, 3 young (3072K), 3 survivors (3072K)
 Metaspace       used 24521K, committed 24832K, reserved 1073152K
  class space    used 3175K, committed 3328K, reserved 1048576K
}
Event: 75.206 GC heap before
{Heap before GC invocations=7 (full 0):
 garbage-first heap   total 57344K, used 40619K [0x0000000080000000, 0x0000000100000000)
  region size 1024K, 24 young (24576K), 3 survivors (3072K)
 Metaspace       used 28392K, committed 28672K, reserved 1081344K
  class space    used 3812K, committed 3904K, reserved 1048576K
}
Event: 75.212 GC heap after
{Heap after GC invocations=8 (full 0):
 garbage-first heap   total 57344K, used 20631K [0x0000000080000000, 0x0000000100000000)
  region size 1024K, 3 young (3072K), 3 survivors (3072K)
 Metaspace       used 28392K, committed 28672K, reserved 1081344K
  class space    used 3812K, committed 3904K, reserved 1048576K
}
Event: 80.486 GC heap before
{Heap before GC invocations=8 (full 0):
 garbage-first heap   total 57344K, used 42135K [0x0000000080000000, 0x0000000100000000)
  region size 1024K, 24 young (24576K), 3 survivors (3072K)
 Metaspace       used 31467K, committed 31808K, reserved 1081344K
  class space    used 4282K, committed 4416K, reserved 1048576K
}
Event: 80.494 GC heap after
{Heap after GC invocations=9 (full 0):
 garbage-first heap   total 57344K, used 21672K [0x0000000080000000, 0x0000000100000000)
  region size 1024K, 3 young (3072K), 3 survivors (3072K)
 Metaspace       used 31467K, committed 31808K, reserved 1081344K
  class space    used 4282K, committed 4416K, reserved 1048576K
}

Dll operation events (2 events):
Event: 0.028 Loaded shared library C:\Program Files\Android\Android Studio\jbr\bin\java.dll
Event: 12.136 Loaded shared library C:\Program Files\Android\Android Studio\jbr\bin\verify.dll

Deoptimization events (20 events):
Event: 70.688 Thread 0x0000013d8fe47860 DEOPT PACKING pc=0x0000013d87bc66f0 sp=0x00000037158fad70
Event: 70.688 Thread 0x0000013d8fe47860 DEOPT UNPACKING pc=0x0000013d875869a3 sp=0x00000037158facb0 mode 2
Event: 70.688 Thread 0x0000013d8fe47860 Uncommon trap: trap_request=0xffffff45 fr.pc=0x0000013d87b07a10 relative=0x0000000000000450
Event: 70.688 Thread 0x0000013d8fe47860 Uncommon trap: reason=unstable_if action=reinterpret pc=0x0000013d87b07a10 method=java.util.HashMap.getNode(Ljava/lang/Object;)Ljava/util/HashMap$Node; @ 131 c2
Event: 70.688 Thread 0x0000013d8fe47860 DEOPT PACKING pc=0x0000013d87b07a10 sp=0x00000037158fad20
Event: 70.688 Thread 0x0000013d8fe47860 DEOPT UNPACKING pc=0x0000013d875869a3 sp=0x00000037158facb0 mode 2
Event: 70.845 Thread 0x0000013d8fe47860 Uncommon trap: trap_request=0xffffff45 fr.pc=0x0000013d87b6c1ec relative=0x00000000000003ac
Event: 70.845 Thread 0x0000013d8fe47860 Uncommon trap: reason=unstable_if action=reinterpret pc=0x0000013d87b6c1ec method=java.util.concurrent.ConcurrentHashMap.get(Ljava/lang/Object;)Ljava/lang/Object; @ 76 c2
Event: 70.846 Thread 0x0000013d8fe47860 DEOPT PACKING pc=0x0000013d87b6c1ec sp=0x00000037158fa310
Event: 70.846 Thread 0x0000013d8fe47860 DEOPT UNPACKING pc=0x0000013d875869a3 sp=0x00000037158fa298 mode 2
Event: 74.175 Thread 0x0000013d8fe47860 Uncommon trap: trap_request=0xffffff76 fr.pc=0x0000013d87c16f80 relative=0x0000000000000160
Event: 74.175 Thread 0x0000013d8fe47860 Uncommon trap: reason=predicate action=maybe_recompile pc=0x0000013d87c16f80 method=com.google.common.base.CharMatcher.indexIn(Ljava/lang/CharSequence;I)I @ 19 c2
Event: 74.175 Thread 0x0000013d8fe47860 DEOPT PACKING pc=0x0000013d87c16f80 sp=0x00000037158fb6b0
Event: 74.175 Thread 0x0000013d8fe47860 DEOPT UNPACKING pc=0x0000013d875869a3 sp=0x00000037158fb640 mode 2
Event: 79.112 Thread 0x0000013d8fe47860 Uncommon trap: trap_request=0xffffff45 fr.pc=0x0000013d87b1de68 relative=0x00000000000004a8
Event: 79.112 Thread 0x0000013d8fe47860 Uncommon trap: reason=unstable_if action=reinterpret pc=0x0000013d87b1de68 method=java.util.HashMap.hash(Ljava/lang/Object;)I @ 1 c2
Event: 79.112 Thread 0x0000013d8fe47860 DEOPT PACKING pc=0x0000013d87b1de68 sp=0x00000037158f7e00
Event: 79.112 Thread 0x0000013d8fe47860 DEOPT UNPACKING pc=0x0000013d875869a3 sp=0x00000037158f7ca8 mode 2
Event: 82.656 Thread 0x0000013d8fe47860 DEOPT PACKING pc=0x0000013d80412754 sp=0x00000037158f9e30
Event: 82.656 Thread 0x0000013d8fe47860 DEOPT UNPACKING pc=0x0000013d87587143 sp=0x00000037158f9388 mode 0

Classes unloaded (0 events):
No events

Classes redefined (0 events):
No events

Internal exceptions (20 events):
Event: 74.484 Thread 0x0000013d8fe47860 Exception <a 'java/lang/NoSuchMethodError'{0x0000000082462910}: 'int java.lang.invoke.DirectMethodHandle$Holder.invokeVirtual(java.lang.Object, java.lang.Object, java.lang.Object)'> (0x0000000082462910) 
thrown [s\src\hotspot\share\interpreter\linkResolver.cpp, line 771]
Event: 76.994 Thread 0x0000013d8fe47860 Exception <a 'java/lang/NoSuchMethodError'{0x00000000830f3d20}: 'java.lang.Object java.lang.invoke.DirectMethodHandle$Holder.invokeSpecialIFC(java.lang.Object, java.lang.Object, java.lang.Object, java.lang.Object)'> (0x00000000830f3d20) 
thrown [s\src\hotspot\share\interpreter\linkResolver.cpp, line 771]
Event: 79.112 Thread 0x0000013d8fe47860 Implicit null exception at 0x0000013d87b1da13 to 0x0000013d87b1de4c
Event: 79.501 Thread 0x0000013d8fe47860 Exception <a 'java/lang/NoSuchMethodError'{0x00000000828b0578}: 'java.lang.Object java.lang.invoke.DirectMethodHandle$Holder.invokeSpecial(java.lang.Object, java.lang.Object, java.lang.Object, java.lang.Object, java.lang.Object, java.lang.Object, java.lang.Object, java.lang.Object, java.lang.Object, java.lang.Object, java.lang.Object, java.lang.Object, java.lang.Object)'> (0x00000000828b0578) 
thrown [s\src\hotspot\share\interpreter\linkResolver.cpp, line 771]
Event: 79.503 Thread 0x0000013d8fe47860 Exception <a 'java/lang/NoSuchMethodError'{0x00000000828c1da0}: 'java.lang.Object java.lang.invoke.DirectMethodHandle$Holder.newInvokeSpecial(java.lang.Object, java.lang.Object, java.lang.Object, java.lang.Object, java.lang.Object, java.lang.Object, java.lang.Object, java.lang.Object, java.lang.Object, java.lang.Object, java.lang.Object)'> (0x00000000828c1da0) 
thrown [s\src\hotspot\share\interpreter\linkResolver.cpp, line 771]
Event: 79.504 Thread 0x0000013d8fe47860 Exception <a 'java/lang/NoSuchMethodError'{0x00000000828c79d0}: 'java.lang.Object java.lang.invoke.DirectMethodHandle$Holder.invokeSpecial(java.lang.Object, java.lang.Object, java.lang.Object, java.lang.Object, java.lang.Object, java.lang.Object, java.lang.Object, java.lang.Object, java.lang.Object, java.lang.Object, java.lang.Object, java.lang.Object)'> (0x00000000828c79d0) 
thrown [s\src\hotspot\share\interpreter\linkResolver.cpp, line 771]
Event: 79.506 Thread 0x0000013d8fe47860 Exception <a 'java/lang/NoSuchMethodError'{0x00000000828ccdc0}: 'java.lang.Object java.lang.invoke.Invokers$Holder.linkToTargetMethod(java.lang.Object, java.lang.Object, java.lang.Object, java.lang.Object, java.lang.Object, java.lang.Object, java.lang.Object, java.lang.Object, java.lang.Object, java.lang.Object, java.lang.Object)'> (0x00000000828ccdc0) 
thrown [s\src\hotspot\share\interpreter\linkResolver.cpp, line 771]
Event: 79.530 Thread 0x0000013d8fe47860 Exception <a 'java/lang/NoSuchMethodError'{0x0000000082712f70}: 'java.lang.Object java.lang.invoke.DirectMethodHandle$Holder.invokeSpecial(java.lang.Object, java.lang.Object, java.lang.Object, java.lang.Object, java.lang.Object, java.lang.Object, java.lang.Object, java.lang.Object, java.lang.Object, java.lang.Object, java.lang.Object, java.lang.Object, java.lang.Object, java.lang.Object)'> (0x0000000082712f70) 
thrown [s\src\hotspot\share\interpreter\linkResolver.cpp, line 771]
Event: 79.532 Thread 0x0000013d8fe47860 Exception <a 'java/lang/NoSuchMethodError'{0x00000000827253b0}: 'java.lang.Object java.lang.invoke.DirectMethodHandle$Holder.newInvokeSpecial(java.lang.Object, java.lang.Object, java.lang.Object, java.lang.Object, java.lang.Object, java.lang.Object, java.lang.Object, java.lang.Object, java.lang.Object, java.lang.Object, java.lang.Object, java.lang.Object)'> (0x00000000827253b0) 
thrown [s\src\hotspot\share\interpreter\linkResolver.cpp, line 771]
Event: 79.533 Thread 0x0000013d8fe47860 Exception <a 'java/lang/NoSuchMethodError'{0x000000008272aaa0}: 'java.lang.Object java.lang.invoke.Invokers$Holder.linkToTargetMethod(java.lang.Object, java.lang.Object, java.lang.Object, java.lang.Object, java.lang.Object, java.lang.Object, java.lang.Object, java.lang.Object, java.lang.Object, java.lang.Object, java.lang.Object, java.lang.Object)'> (0x000000008272aaa0) 
thrown [s\src\hotspot\share\interpreter\linkResolver.cpp, line 771]
Event: 80.023 Thread 0x0000013d8fe47860 Exception <a 'java/lang/NoSuchMethodError'{0x00000000827c8518}: 'java.lang.Object java.lang.invoke.DirectMethodHandle$Holder.invokeStaticInit(java.lang.Object, java.lang.Object, java.lang.Object, java.lang.Object)'> (0x00000000827c8518) 
thrown [s\src\hotspot\share\interpreter\linkResolver.cpp, line 771]
Event: 80.874 Thread 0x0000013d8fe47860 Exception <a 'java/lang/NoSuchMethodError'{0x000000008362bf80}: 'java.lang.Object java.lang.invoke.DirectMethodHandle$Holder.newInvokeSpecial(java.lang.Object, java.lang.Object, java.lang.Object, java.lang.Object, java.lang.Object, java.lang.Object, java.lang.Object, java.lang.Object)'> (0x000000008362bf80) 
thrown [s\src\hotspot\share\interpreter\linkResolver.cpp, line 771]
Event: 80.875 Thread 0x0000013d8fe47860 Exception <a 'java/lang/NoSuchMethodError'{0x0000000083631d60}: 'java.lang.Object java.lang.invoke.Invokers$Holder.linkToTargetMethod(java.lang.Object, java.lang.Object, java.lang.Object, java.lang.Object, java.lang.Object, java.lang.Object, java.lang.Object, java.lang.Object)'> (0x0000000083631d60) 
thrown [s\src\hotspot\share\interpreter\linkResolver.cpp, line 771]
Event: 80.989 Thread 0x0000013d8fe47860 Exception <a 'java/lang/IncompatibleClassChangeError'{0x00000000836a1ab8}: Found class java.lang.Object, but interface was expected> (0x00000000836a1ab8) 
thrown [s\src\hotspot\share\interpreter\linkResolver.cpp, line 838]
Event: 82.555 Thread 0x0000013d8fe47860 Exception <a 'java/lang/NoSuchMethodError'{0x0000000082c83508}: 'java.lang.Object java.lang.invoke.DirectMethodHandle$Holder.newInvokeSpecial(java.lang.Object, java.lang.Object, long)'> (0x0000000082c83508) 
thrown [s\src\hotspot\share\interpreter\linkResolver.cpp, line 771]
Event: 82.555 Thread 0x0000013d8fe47860 Exception <a 'java/lang/NoSuchMethodError'{0x0000000082c87b18}: 'java.lang.Object java.lang.invoke.Invokers$Holder.linkToTargetMethod(java.lang.Object, long, java.lang.Object)'> (0x0000000082c87b18) 
thrown [s\src\hotspot\share\interpreter\linkResolver.cpp, line 771]
Event: 82.653 Thread 0x0000013d8fe47860 Exception <a 'java/lang/NoSuchMethodError'{0x0000000082b7d1f8}: 'int java.lang.invoke.DirectMethodHandle$Holder.invokeInterface(java.lang.Object, java.lang.Object)'> (0x0000000082b7d1f8) 
thrown [s\src\hotspot\share\interpreter\linkResolver.cpp, line 771]
Event: 82.662 Thread 0x0000013d8fe47860 Exception <a 'java/lang/NoSuchMethodError'{0x0000000082ba0b50}: 'java.lang.Object java.lang.invoke.DirectMethodHandle$Holder.invokeStatic(java.lang.Object, java.lang.Object, int, java.lang.Object)'> (0x0000000082ba0b50) 
thrown [s\src\hotspot\share\interpreter\linkResolver.cpp, line 771]
Event: 82.664 Thread 0x0000013d8fe47860 Exception <a 'java/lang/NoSuchMethodError'{0x0000000082ba8708}: 'java.lang.Object java.lang.invoke.DirectMethodHandle$Holder.newInvokeSpecial(java.lang.Object, java.lang.Object, int, java.lang.Object)'> (0x0000000082ba8708) 
thrown [s\src\hotspot\share\interpreter\linkResolver.cpp, line 771]
Event: 82.665 Thread 0x0000013d8fe47860 Exception <a 'java/lang/NoSuchMethodError'{0x0000000082bacff0}: 'java.lang.Object java.lang.invoke.DirectMethodHandle$Holder.invokeSpecial(java.lang.Object, java.lang.Object, java.lang.Object, int, java.lang.Object)'> (0x0000000082bacff0) 
thrown [s\src\hotspot\share\interpreter\linkResolver.cpp, line 771]

VM Operations (20 events):
Event: 77.238 Executing VM operation: Cleanup
Event: 77.260 Executing VM operation: Cleanup done
Event: 78.276 Executing VM operation: Cleanup
Event: 78.276 Executing VM operation: Cleanup done
Event: 79.160 Executing VM operation: HandshakeAllThreads
Event: 79.223 Executing VM operation: HandshakeAllThreads done
Event: 80.223 Executing VM operation: Cleanup
Event: 80.246 Executing VM operation: Cleanup done
Event: 80.486 Executing VM operation: G1CollectForAllocation
Event: 80.495 Executing VM operation: G1CollectForAllocation done
Event: 81.233 Executing VM operation: HandshakeAllThreads
Event: 81.233 Executing VM operation: HandshakeAllThreads done
Event: 82.248 Executing VM operation: Cleanup
Event: 82.248 Executing VM operation: Cleanup done
Event: 82.818 Executing VM operation: HandshakeAllThreads
Event: 82.818 Executing VM operation: HandshakeAllThreads done
Event: 82.820 Executing VM operation: HandshakeAllThreads
Event: 82.820 Executing VM operation: HandshakeAllThreads done
Event: 83.820 Executing VM operation: Cleanup
Event: 83.820 Executing VM operation: Cleanup done

Events (20 events):
Event: 82.156 loading class java/lang/Process done
Event: 82.156 loading class java/lang/ProcessBuilder
Event: 82.157 loading class java/lang/ProcessBuilder done
Event: 82.588 loading class java/nio/file/FileTreeWalker
Event: 82.588 loading class java/nio/file/FileTreeWalker done
Event: 82.589 loading class java/nio/file/FileTreeWalker$DirectoryNode
Event: 82.589 loading class java/nio/file/FileTreeWalker$DirectoryNode done
Event: 82.589 loading class java/nio/file/FileTreeWalker$Event
Event: 82.589 loading class java/nio/file/FileTreeWalker$Event done
Event: 82.589 loading class java/nio/file/FileTreeWalker$EventType
Event: 82.589 loading class java/nio/file/FileTreeWalker$EventType done
Event: 82.589 loading class java/nio/file/Files$3
Event: 82.589 loading class java/nio/file/Files$3 done
Event: 82.591 loading class java/nio/file/FileVisitResult
Event: 82.591 loading class java/nio/file/FileVisitResult done
Event: 82.668 Thread 0x0000013d8fcc35c0 Thread added: 0x0000013d8fcc35c0
Event: 82.693 loading class sun/nio/fs/WindowsPath$1
Event: 82.707 loading class sun/nio/fs/WindowsPath$1 done
Event: 82.832 loading class java/nio/charset/CharacterCodingException
Event: 82.832 loading class java/nio/charset/CharacterCodingException done


Dynamic libraries:
0x00007ff7ac340000 - 0x00007ff7ac34a000 	C:\Program Files\Android\Android Studio\jbr\bin\java.exe
0x00007ffb09f90000 - 0x00007ffb0a1a4000 	C:\WINDOWS\SYSTEM32\ntdll.dll
0x00007ffb09670000 - 0x00007ffb09732000 	C:\WINDOWS\System32\KERNEL32.DLL
0x00007ffb07720000 - 0x00007ffb07ac3000 	C:\WINDOWS\System32\KERNELBASE.dll
0x00007ffb07600000 - 0x00007ffb07711000 	C:\WINDOWS\System32\ucrtbase.dll
0x00007ffafbd50000 - 0x00007ffafbd67000 	C:\Program Files\Android\Android Studio\jbr\bin\jli.dll
0x00007ffb08320000 - 0x00007ffb084cb000 	C:\WINDOWS\System32\USER32.dll
0x00007ffb07390000 - 0x00007ffb073b6000 	C:\WINDOWS\System32\win32u.dll
0x00007ffb09520000 - 0x00007ffb09549000 	C:\WINDOWS\System32\GDI32.dll
0x00007ffb073c0000 - 0x00007ffb074d9000 	C:\WINDOWS\System32\gdi32full.dll
0x00007ffb07560000 - 0x00007ffb075fa000 	C:\WINDOWS\System32\msvcp_win.dll
0x00007ffb02770000 - 0x00007ffb0278b000 	C:\Program Files\Android\Android Studio\jbr\bin\VCRUNTIME140.dll
0x00007ffaf4350000 - 0x00007ffaf45de000 	C:\WINDOWS\WinSxS\amd64_microsoft.windows.common-controls_6595b64144ccf1df_6.0.22621.1635_none_270f70857386168e\COMCTL32.dll
0x00007ffb09b00000 - 0x00007ffb09ba7000 	C:\WINDOWS\System32\msvcrt.dll
0x00007ffb093d0000 - 0x00007ffb09401000 	C:\WINDOWS\System32\IMM32.DLL
0x00007ffafec10000 - 0x00007ffafec1c000 	C:\Program Files\Android\Android Studio\jbr\bin\vcruntime140_1.dll
0x00007ffae1b40000 - 0x00007ffae1bcd000 	C:\Program Files\Android\Android Studio\jbr\bin\msvcp140.dll
0x00007ffabd040000 - 0x00007ffabdcad000 	C:\Program Files\Android\Android Studio\jbr\bin\server\jvm.dll
0x00007ffb09470000 - 0x00007ffb0951e000 	C:\WINDOWS\System32\ADVAPI32.dll
0x00007ffb09e10000 - 0x00007ffb09eb4000 	C:\WINDOWS\System32\sechost.dll
0x00007ffb08200000 - 0x00007ffb08317000 	C:\WINDOWS\System32\RPCRT4.dll
0x00007ffae1500000 - 0x00007ffae1509000 	C:\WINDOWS\SYSTEM32\WSOCK32.dll
0x00007ffb09bb0000 - 0x00007ffb09c21000 	C:\WINDOWS\System32\WS2_32.dll
0x00007ffafebd0000 - 0x00007ffafec04000 	C:\WINDOWS\SYSTEM32\WINMM.dll
0x00007ffaff580000 - 0x00007ffaff58a000 	C:\WINDOWS\SYSTEM32\VERSION.dll
0x00007ffb063e0000 - 0x00007ffb063f8000 	C:\WINDOWS\SYSTEM32\kernel.appcore.dll
0x00007ffae14f0000 - 0x00007ffae14fa000 	C:\Program Files\Android\Android Studio\jbr\bin\jimage.dll
0x00007ffb04eb0000 - 0x00007ffb050de000 	C:\WINDOWS\SYSTEM32\DBGHELP.DLL
0x00007ffb09040000 - 0x00007ffb093c9000 	C:\WINDOWS\System32\combase.dll
0x00007ffb09990000 - 0x00007ffb09a67000 	C:\WINDOWS\System32\OLEAUT32.dll
0x00007ffaeab50000 - 0x00007ffaeab82000 	C:\WINDOWS\SYSTEM32\dbgcore.DLL
0x00007ffb074e0000 - 0x00007ffb0755b000 	C:\WINDOWS\System32\bcryptPrimitives.dll
0x00007ffabd010000 - 0x00007ffabd035000 	C:\Program Files\Android\Android Studio\jbr\bin\java.dll
0x00007ffac0b90000 - 0x00007ffac0ba8000 	C:\Program Files\Android\Android Studio\jbr\bin\zip.dll
0x00007ffb086d0000 - 0x00007ffb08eca000 	C:\WINDOWS\System32\SHELL32.dll
0x00007ffb05390000 - 0x00007ffb05c5e000 	C:\WINDOWS\SYSTEM32\windows.storage.dll
0x00007ffb050e0000 - 0x00007ffb0521e000 	C:\WINDOWS\SYSTEM32\wintypes.dll
0x00007ffb09740000 - 0x00007ffb09831000 	C:\WINDOWS\System32\SHCORE.dll
0x00007ffb084d0000 - 0x00007ffb0852e000 	C:\WINDOWS\System32\shlwapi.dll
0x00007ffb072c0000 - 0x00007ffb072e1000 	C:\WINDOWS\SYSTEM32\profapi.dll
0x00007ffabcff0000 - 0x00007ffabd009000 	C:\Program Files\Android\Android Studio\jbr\bin\net.dll
0x00007ffafe140000 - 0x00007ffafe277000 	C:\WINDOWS\SYSTEM32\WINHTTP.dll
0x00007ffb06850000 - 0x00007ffb068b9000 	C:\WINDOWS\system32\mswsock.dll
0x00007ffabcfd0000 - 0x00007ffabcfe6000 	C:\Program Files\Android\Android Studio\jbr\bin\nio.dll
0x00007ffabcd70000 - 0x00007ffabcd80000 	C:\Program Files\Android\Android Studio\jbr\bin\verify.dll
0x00007ffaf78f0000 - 0x00007ffaf7917000 	C:\Users\leana\.gradle\native\68d5fa5c4cc2d200863cafc0d521ce42e7d3e7ee720ec0a83991735586a16f82\windows-amd64\native-platform.dll
0x00007ffada320000 - 0x00007ffada464000 	C:\Users\leana\.gradle\native\e376f236ea51e6404a007f0833ffe2c6e607c4080706a723a18a27aeea778392\windows-amd64\native-platform-file-events.dll
0x00007ffabcfc0000 - 0x00007ffabcfc9000 	C:\Program Files\Android\Android Studio\jbr\bin\management.dll
0x00007ffabcfb0000 - 0x00007ffabcfbb000 	C:\Program Files\Android\Android Studio\jbr\bin\management_ext.dll
0x00007ffb09f40000 - 0x00007ffb09f48000 	C:\WINDOWS\System32\PSAPI.DLL
0x00007ffb06ac0000 - 0x00007ffb06adb000 	C:\WINDOWS\SYSTEM32\CRYPTSP.dll
0x00007ffb06350000 - 0x00007ffb06385000 	C:\WINDOWS\system32\rsaenh.dll
0x00007ffb06950000 - 0x00007ffb06978000 	C:\WINDOWS\SYSTEM32\USERENV.dll
0x00007ffb06c70000 - 0x00007ffb06c98000 	C:\WINDOWS\SYSTEM32\bcrypt.dll
0x00007ffb06ab0000 - 0x00007ffb06abc000 	C:\WINDOWS\SYSTEM32\CRYPTBASE.dll
0x00007ffb05ec0000 - 0x00007ffb05eed000 	C:\WINDOWS\SYSTEM32\IPHLPAPI.DLL
0x00007ffb09550000 - 0x00007ffb09559000 	C:\WINDOWS\System32\NSI.dll
0x00007ffafe3d0000 - 0x00007ffafe3e9000 	C:\WINDOWS\SYSTEM32\dhcpcsvc6.DLL
0x00007ffafe100000 - 0x00007ffafe11f000 	C:\WINDOWS\SYSTEM32\dhcpcsvc.DLL
0x00007ffb05f30000 - 0x00007ffb06023000 	C:\WINDOWS\SYSTEM32\DNSAPI.dll
0x00007ffabcc30000 - 0x00007ffabcc38000 	C:\WINDOWS\system32\wshunix.dll

dbghelp: loaded successfully - version: 4.0.5 - missing functions: none
symbol engine: initialized successfully - sym options: 0x614 - pdb path: .;C:\Program Files\Android\Android Studio\jbr\bin;C:\WINDOWS\SYSTEM32;C:\WINDOWS\WinSxS\amd64_microsoft.windows.common-controls_6595b64144ccf1df_6.0.22621.1635_none_270f70857386168e;C:\Program Files\Android\Android Studio\jbr\bin\server;C:\Users\leana\.gradle\native\68d5fa5c4cc2d200863cafc0d521ce42e7d3e7ee720ec0a83991735586a16f82\windows-amd64;C:\Users\leana\.gradle\native\e376f236ea51e6404a007f0833ffe2c6e607c4080706a723a18a27aeea778392\windows-amd64

VM Arguments:
jvm_args: --add-opens=java.base/java.util=ALL-UNNAMED --add-opens=java.base/java.lang=ALL-UNNAMED --add-opens=java.base/java.lang.invoke=ALL-UNNAMED --add-opens=java.prefs/java.util.prefs=ALL-UNNAMED --add-opens=java.base/java.nio.charset=ALL-UNNAMED --add-opens=java.base/java.net=ALL-UNNAMED --add-opens=java.base/java.util.concurrent.atomic=ALL-UNNAMED -Xmx2048m -Dfile.encoding=UTF-8 -Duser.country=CO -Duser.language=es -Duser.variant 
java_command: org.gradle.launcher.daemon.bootstrap.GradleDaemon 7.6
java_class_path (initial): C:\Users\leana\.gradle\wrapper\dists\gradle-7.6-bin\9l9tetv7ltxvx3i8an4pb86ye\gradle-7.6\lib\gradle-launcher-7.6.jar
Launcher Type: SUN_STANDARD

[Global flags]
     intx CICompilerCount                          = 3                                         {product} {ergonomic}
     uint ConcGCThreads                            = 1                                         {product} {ergonomic}
     uint G1ConcRefinementThreads                  = 4                                         {product} {ergonomic}
   size_t G1HeapRegionSize                         = 1048576                                   {product} {ergonomic}
    uintx GCDrainStackTargetSize                   = 64                                        {product} {ergonomic}
   size_t InitialHeapSize                          = 58720256                                  {product} {ergonomic}
   size_t MarkStackSize                            = 4194304                                   {product} {ergonomic}
   size_t MaxHeapSize                              = 2147483648                                {product} {command line}
   size_t MaxNewSize                               = 1287651328                                {product} {ergonomic}
   size_t MinHeapDeltaBytes                        = 1048576                                   {product} {ergonomic}
   size_t MinHeapSize                              = 8388608                                   {product} {ergonomic}
    uintx NonNMethodCodeHeapSize                   = 5832780                                {pd product} {ergonomic}
    uintx NonProfiledCodeHeapSize                  = 122912730                              {pd product} {ergonomic}
    uintx ProfiledCodeHeapSize                     = 122912730                              {pd product} {ergonomic}
    uintx ReservedCodeCacheSize                    = 251658240                              {pd product} {ergonomic}
     bool SegmentedCodeCache                       = true                                      {product} {ergonomic}
   size_t SoftMaxHeapSize                          = 2147483648                             {manageable} {ergonomic}
     bool UseCompressedClassPointers               = true                           {product lp64_product} {ergonomic}
     bool UseCompressedOops                        = true                           {product lp64_product} {ergonomic}
     bool UseG1GC                                  = true                                      {product} {ergonomic}
     bool UseLargePagesIndividualAllocation        = false                                  {pd product} {ergonomic}

Logging:
Log output configuration:
 #0: stdout all=warning uptime,level,tags
 #1: stderr all=off uptime,level,tags

Environment Variables:
PATH=C:\Python311\Scripts\;C:\Python311\;C:\WINDOWS\system32;C:\WINDOWS;C:\WINDOWS\System32\Wbem;C:\WINDOWS\System32\WindowsPowerShell\v1.0\;C:\WINDOWS\System32\OpenSSH\;C:\Program Files\dotnet\;C:\ProgramData\chocolatey\bin;C:\Program Files\Git\cmd;C:\Program Files\Git\get;C:\Users\leana\AppData\Roaming\nvm;C:\Program Files\nodejs;C:\Program Files\MySQL\MySQL Shell 8.0\bin\;C:\Users\leana\AppData\Local\Microsoft\WindowsApps;C:\Users\leana\AppData\Local\Programs\Microsoft VS Code\bin;C:\Users\leana\.dotnet\tools;C:\Users\leana\AppData\Roaming\npm;C:\Users\leana\AppData\Roaming\nvm;C:\Program Files\nodejs
USERNAME=leana
OS=Windows_NT
PROCESSOR_IDENTIFIER=AMD64 Family 23 Model 24 Stepping 1, AuthenticAMD
TMP=C:\Users\leana\AppData\Local\Temp
TEMP=C:\Users\leana\AppData\Local\Temp



---------------  S Y S T E M  ---------------

OS:
 Windows 11 , 64 bit Build 22621 (10.0.22621.1778)
OS uptime: 0 days 1:08 hours

CPU: total 4 (initial active 4) (4 cores per cpu, 2 threads per core) family 23 model 24 stepping 1 microcode 0x0, cx8, cmov, fxsr, ht, mmx, 3dnowpref, sse, sse2, sse3, ssse3, sse4a, sse4.1, sse4.2, popcnt, lzcnt, tsc, tscinvbit, avx, avx2, aes, clmul, bmi1, bmi2, adx, sha, fma, vzeroupper, clflush, clflushopt

Memory: 4k page, system-wide physical 3521M (68M free)
TotalPageFile size 14273M (AvailPageFile size 0M)
current process WorkingSet (physical memory assigned to process): 122M, peak: 133M
current process commit charge ("private bytes"): 184M, peak: 194M

vm_info: OpenJDK 64-Bit Server VM (17.0.6+0-b2043.56-9586694) for windows-amd64 JRE (17.0.6+0-b2043.56-9586694), built on Feb  9 2023 20:06:20 by "androidbuild" with MS VC++ 16.10 / 16.11 (VS2019)

END.
