#
# There is insufficient memory for the Java Runtime Environment to continue.
# Native memory allocation (mmap) failed to map 19922944 bytes for G1 virtual space
# Possible reasons:
#   The system is out of physical RAM or swap space
#   The process is running with CompressedOops enabled, and the Java Heap may be blocking the growth of the native heap
# Possible solutions:
#   Reduce memory load on the system
#   Increase physical memory or swap space
#   Check if swap backing store is full
#   Decrease Java heap size (-Xmx/-Xms)
#   Decrease number of Java threads
#   Decrease Java thread stack sizes (-Xss)
#   Set larger code cache with -XX:ReservedCodeCacheSize=
#   JVM is running with Unscaled Compressed Oops mode in which the Java heap is
#     placed in the first 4GB address space. The Java Heap base address is the
#     maximum limit for the native heap growth. Please use -XX:HeapBaseMinAddress
#     to set the Java Heap base and to place the Java Heap above 4GB virtual address.
# This output file may be truncated or incomplete.
#
#  Out of Memory Error (os_windows.cpp:3769), pid=23408, tid=17424
#
# JRE version: OpenJDK Runtime Environment (17.0.6) (build 17.0.6+0-b2043.56-9586694)
# Java VM: OpenJDK 64-Bit Server VM (17.0.6+0-b2043.56-9586694, mixed mode, tiered, compressed oops, compressed class ptrs, g1 gc, windows-amd64)
# No core dump will be written. Minidumps are not enabled by default on client versions of Windows
#

---------------  S U M M A R Y ------------

Command Line: --add-opens=java.base/java.util=ALL-UNNAMED --add-opens=java.base/java.lang=ALL-UNNAMED --add-opens=java.base/java.lang.invoke=ALL-UNNAMED --add-opens=java.prefs/java.util.prefs=ALL-UNNAMED --add-opens=java.base/java.nio.charset=ALL-UNNAMED --add-opens=java.base/java.net=ALL-UNNAMED --add-opens=java.base/java.util.concurrent.atomic=ALL-UNNAMED -Xmx2048m -Dfile.encoding=UTF-8 -Duser.country=CO -Duser.language=es -Duser.variant org.gradle.launcher.daemon.bootstrap.GradleDaemon 7.6

Host: AMD Ryzen 3 3250U with Radeon Graphics         , 4 cores, 3G,  Windows 11 , 64 bit Build 22621 (10.0.22621.1778)
Time: Thu Jun 22 08:59:12 2023 Hora est. Pacífico, Sudamérica elapsed time: 16.364972 seconds (0d 0h 0m 16s)

---------------  T H R E A D  ---------------

Current thread (0x0000020953d1f620):  VMThread "VM Thread" [stack: 0x0000009d44700000,0x0000009d44800000] [id=17424]

Stack: [0x0000009d44700000,0x0000009d44800000]
Native frames: (J=compiled Java code, j=interpreted, Vv=VM code, C=native code)
V  [jvm.dll+0x683b4a]
V  [jvm.dll+0x842654]
V  [jvm.dll+0x843dfe]
V  [jvm.dll+0x844463]
V  [jvm.dll+0x249b75]
V  [jvm.dll+0x680a19]
V  [jvm.dll+0x674f0a]
V  [jvm.dll+0x309acb]
V  [jvm.dll+0x310f86]
V  [jvm.dll+0x3608ee]
V  [jvm.dll+0x360b1f]
V  [jvm.dll+0x2dfbf8]
V  [jvm.dll+0x2ddec4]
V  [jvm.dll+0x2dd4cc]
V  [jvm.dll+0x321f3b]
V  [jvm.dll+0x84893b]
V  [jvm.dll+0x849674]
V  [jvm.dll+0x849b8d]
V  [jvm.dll+0x849f64]
V  [jvm.dll+0x84a030]
V  [jvm.dll+0x7f25fa]
V  [jvm.dll+0x682985]
C  [ucrtbase.dll+0x29363]
C  [KERNEL32.DLL+0x126ad]
C  [ntdll.dll+0x5a9f8]

VM_Operation (0x0000009d45ef4300): G1CollectForAllocation, mode: safepoint, requested by thread 0x0000020956378a10


---------------  P R O C E S S  ---------------

Threads class SMR info:
_java_thread_list=0x0000020954975880, length=80, elements={
0x000002093a798640, 0x0000020953d240f0, 0x0000020953d24f20, 0x0000020953d2d760,
0x0000020953d2e310, 0x0000020953d2edc0, 0x000002095480a080, 0x000002095480ac70,
0x000002095480d580, 0x0000020953d8e7f0, 0x0000020954977290, 0x0000020954977f80,
0x00000209562ab490, 0x0000020955afed60, 0x000002095585c4c0, 0x000002095731ce10,
0x0000020955994a40, 0x0000020956378540, 0x0000020956378a10, 0x000002095637ba30,
0x0000020956378070, 0x000002095637abc0, 0x0000020956378ee0, 0x00000209563793b0,
0x0000020956379880, 0x000002095637a220, 0x000002095637a6f0, 0x000002095637b090,
0x000002095637b560, 0x00000209574ebe70, 0x00000209574ec340, 0x00000209574ea660,
0x00000209574eab30, 0x00000209574e7fe0, 0x00000209574e84b0, 0x00000209574eee90,
0x00000209574e7640, 0x00000209574eb000, 0x00000209574edb50, 0x00000209574e97f0,
0x00000209574e8980, 0x00000209574ed680, 0x00000209574ed1b0, 0x00000209574e7b10,
0x00000209574e8e50, 0x00000209574ee020, 0x00000209574e9cc0, 0x00000209574ee4f0,
0x00000209574ee9c0, 0x0000020956f62590, 0x0000020956f603e0, 0x0000020956f5c550,
0x0000020956f638d0, 0x0000020956f5cef0, 0x0000020956f60d80, 0x0000020956f5d890,
0x0000020956f5ca20, 0x0000020956f62a60, 0x0000020956f62f30, 0x0000020956f5e700,
0x0000020956f5d3c0, 0x0000020956f5f570, 0x0000020956f5dd60, 0x0000020956f5fa40,
0x0000020956f5ff10, 0x0000020956f61250, 0x0000020956f63400, 0x0000020956f5f0a0,
0x0000020956f5e230, 0x0000020956f5ebd0, 0x0000020956f608b0, 0x0000020956f61720,
0x0000020956f61bf0, 0x0000020956f620c0, 0x0000020956f5c080, 0x0000020958958290,
0x0000020958955270, 0x00000209589560e0, 0x0000020958958760, 0x00000209589595d0
}

Java Threads: ( => current thread )
  0x000002093a798640 JavaThread "main" [_thread_blocked, id=19468, stack(0x0000009d44100000,0x0000009d44200000)]
  0x0000020953d240f0 JavaThread "Reference Handler" daemon [_thread_blocked, id=19636, stack(0x0000009d44800000,0x0000009d44900000)]
  0x0000020953d24f20 JavaThread "Finalizer" daemon [_thread_blocked, id=22316, stack(0x0000009d44900000,0x0000009d44a00000)]
  0x0000020953d2d760 JavaThread "Signal Dispatcher" daemon [_thread_blocked, id=21884, stack(0x0000009d44a00000,0x0000009d44b00000)]
  0x0000020953d2e310 JavaThread "Attach Listener" daemon [_thread_blocked, id=19728, stack(0x0000009d44b00000,0x0000009d44c00000)]
  0x0000020953d2edc0 JavaThread "Service Thread" daemon [_thread_blocked, id=19916, stack(0x0000009d44c00000,0x0000009d44d00000)]
  0x000002095480a080 JavaThread "Monitor Deflation Thread" daemon [_thread_blocked, id=21628, stack(0x0000009d44d00000,0x0000009d44e00000)]
  0x000002095480ac70 JavaThread "C2 CompilerThread0" daemon [_thread_in_native, id=20932, stack(0x0000009d44e00000,0x0000009d44f00000)]
  0x000002095480d580 JavaThread "C1 CompilerThread0" daemon [_thread_blocked, id=18876, stack(0x0000009d44f00000,0x0000009d45000000)]
  0x0000020953d8e7f0 JavaThread "Sweeper thread" daemon [_thread_blocked, id=23268, stack(0x0000009d45000000,0x0000009d45100000)]
  0x0000020954977290 JavaThread "Common-Cleaner" daemon [_thread_blocked, id=23496, stack(0x0000009d45100000,0x0000009d45200000)]
  0x0000020954977f80 JavaThread "Notification Thread" daemon [_thread_blocked, id=22240, stack(0x0000009d45200000,0x0000009d45300000)]
  0x00000209562ab490 JavaThread "Daemon health stats" [_thread_blocked, id=2540, stack(0x0000009d45800000,0x0000009d45900000)]
  0x0000020955afed60 JavaThread "Incoming local TCP Connector on port 55605" [_thread_in_native, id=14332, stack(0x0000009d45900000,0x0000009d45a00000)]
  0x000002095585c4c0 JavaThread "Daemon periodic checks" [_thread_blocked, id=12440, stack(0x0000009d45a00000,0x0000009d45b00000)]
  0x000002095731ce10 JavaThread "Daemon" [_thread_blocked, id=20540, stack(0x0000009d45b00000,0x0000009d45c00000)]
  0x0000020955994a40 JavaThread "Handler for socket connection from /127.0.0.1:55605 to /127.0.0.1:55606" [_thread_in_native, id=19984, stack(0x0000009d45c00000,0x0000009d45d00000)]
  0x0000020956378540 JavaThread "Cancel handler" [_thread_blocked, id=22292, stack(0x0000009d45d00000,0x0000009d45e00000)]
  0x0000020956378a10 JavaThread "Daemon worker" [_thread_blocked, id=23504, stack(0x0000009d45e00000,0x0000009d45f00000)]
  0x000002095637ba30 JavaThread "Asynchronous log dispatcher for DefaultDaemonConnection: socket connection from /127.0.0.1:55605 to /127.0.0.1:55606" [_thread_blocked, id=13276, stack(0x0000009d45f00000,0x0000009d46000000)]
  0x0000020956378070 JavaThread "Stdin handler" [_thread_blocked, id=20148, stack(0x0000009d46000000,0x0000009d46100000)]
  0x000002095637abc0 JavaThread "Daemon client event forwarder" [_thread_blocked, id=13264, stack(0x0000009d46100000,0x0000009d46200000)]
  0x0000020956378ee0 JavaThread "Cache worker for journal cache (C:\Users\leana\.gradle\caches\journal-1)" [_thread_blocked, id=20132, stack(0x0000009d46200000,0x0000009d46300000)]
  0x00000209563793b0 JavaThread "File lock request listener" [_thread_in_native, id=20696, stack(0x0000009d46300000,0x0000009d46400000)]
  0x0000020956379880 JavaThread "Cache worker for file hash cache (C:\Users\leana\.gradle\caches\7.6\fileHashes)" [_thread_blocked, id=20052, stack(0x0000009d45700000,0x0000009d45800000)]
  0x000002095637a220 JavaThread "File watcher server" daemon [_thread_in_native, id=20236, stack(0x0000009d46500000,0x0000009d46600000)]
  0x000002095637a6f0 JavaThread "File watcher consumer" daemon [_thread_blocked, id=22664, stack(0x0000009d46600000,0x0000009d46700000)]
  0x000002095637b090 JavaThread "Cache worker for checksums cache (C:\Users\leana\AndroidStudioProjects\ProcexApp2\.gradle\7.6\checksums)" [_thread_blocked, id=22916, stack(0x0000009d46700000,0x0000009d46800000)]
  0x000002095637b560 JavaThread "Cache worker for cache directory md-rule (C:\Users\leana\.gradle\caches\7.6\md-rule)" [_thread_blocked, id=21640, stack(0x0000009d46800000,0x0000009d46900000)]
  0x00000209574ebe70 JavaThread "Cache worker for file content cache (C:\Users\leana\.gradle\caches\7.6\fileContent)" [_thread_blocked, id=19600, stack(0x0000009d46900000,0x0000009d46a00000)]
  0x00000209574ec340 JavaThread "Cache worker for file hash cache (C:\Users\leana\AndroidStudioProjects\ProcexApp2\.gradle\7.6\fileHashes)" [_thread_blocked, id=23328, stack(0x0000009d46a00000,0x0000009d46b00000)]
  0x00000209574ea660 JavaThread "Cache worker for cache directory md-supplier (C:\Users\leana\.gradle\caches\7.6\md-supplier)" [_thread_blocked, id=23292, stack(0x0000009d46b00000,0x0000009d46c00000)]
  0x00000209574eab30 JavaThread "Cache worker for execution history cache (C:\Users\leana\.gradle\caches\7.6\executionHistory)" [_thread_blocked, id=23044, stack(0x0000009d46c00000,0x0000009d46d00000)]
  0x00000209574e7fe0 JavaThread "jar transforms" [_thread_blocked, id=18992, stack(0x0000009d46d00000,0x0000009d46e00000)]
  0x00000209574e84b0 JavaThread "jar transforms Thread 2" [_thread_blocked, id=21148, stack(0x0000009d46e00000,0x0000009d46f00000)]
  0x00000209574eee90 JavaThread "jar transforms Thread 3" [_thread_blocked, id=23320, stack(0x0000009d46f00000,0x0000009d47000000)]
  0x00000209574e7640 JavaThread "jar transforms Thread 4" [_thread_blocked, id=20008, stack(0x0000009d47000000,0x0000009d47100000)]
  0x00000209574eb000 JavaThread "Cache worker for dependencies-accessors (C:\Users\leana\AndroidStudioProjects\ProcexApp2\.gradle\7.6\dependencies-accessors)" [_thread_blocked, id=22028, stack(0x0000009d47100000,0x0000009d47200000)]
  0x00000209574edb50 JavaThread "Cache worker for Build Output Cleanup Cache (C:\Users\leana\AndroidStudioProjects\ProcexApp2\.gradle\buildOutputCleanup)" [_thread_blocked, id=23024, stack(0x0000009d46400000,0x0000009d46500000)]
  0x00000209574e97f0 JavaThread "Unconstrained build operations" [_thread_blocked, id=3300, stack(0x0000009d47200000,0x0000009d47300000)]
  0x00000209574e8980 JavaThread "Unconstrained build operations Thread 2" [_thread_blocked, id=22712, stack(0x0000009d47300000,0x0000009d47400000)]
  0x00000209574ed680 JavaThread "Unconstrained build operations Thread 3" [_thread_blocked, id=23412, stack(0x0000009d47400000,0x0000009d47500000)]
  0x00000209574ed1b0 JavaThread "Unconstrained build operations Thread 4" [_thread_blocked, id=22896, stack(0x0000009d47500000,0x0000009d47600000)]
  0x00000209574e7b10 JavaThread "Unconstrained build operations Thread 5" [_thread_blocked, id=21840, stack(0x0000009d47600000,0x0000009d47700000)]
  0x00000209574e8e50 JavaThread "Unconstrained build operations Thread 6" [_thread_blocked, id=22584, stack(0x0000009d47700000,0x0000009d47800000)]
  0x00000209574ee020 JavaThread "Unconstrained build operations Thread 7" [_thread_blocked, id=16864, stack(0x0000009d47800000,0x0000009d47900000)]
  0x00000209574e9cc0 JavaThread "Unconstrained build operations Thread 8" [_thread_blocked, id=21508, stack(0x0000009d47900000,0x0000009d47a00000)]
  0x00000209574ee4f0 JavaThread "Unconstrained build operations Thread 9" [_thread_blocked, id=5952, stack(0x0000009d47a00000,0x0000009d47b00000)]
  0x00000209574ee9c0 JavaThread "Unconstrained build operations Thread 10" [_thread_blocked, id=23316, stack(0x0000009d47b00000,0x0000009d47c00000)]
  0x0000020956f62590 JavaThread "Unconstrained build operations Thread 11" [_thread_blocked, id=23272, stack(0x0000009d47c00000,0x0000009d47d00000)]
  0x0000020956f603e0 JavaThread "Unconstrained build operations Thread 12" [_thread_blocked, id=11484, stack(0x0000009d47d00000,0x0000009d47e00000)]
  0x0000020956f5c550 JavaThread "Unconstrained build operations Thread 13" [_thread_blocked, id=13880, stack(0x0000009d47e00000,0x0000009d47f00000)]
  0x0000020956f638d0 JavaThread "Unconstrained build operations Thread 14" [_thread_blocked, id=19960, stack(0x0000009d47f00000,0x0000009d48000000)]
  0x0000020956f5cef0 JavaThread "Unconstrained build operations Thread 15" [_thread_blocked, id=21204, stack(0x0000009d48000000,0x0000009d48100000)]
  0x0000020956f60d80 JavaThread "Unconstrained build operations Thread 16" [_thread_blocked, id=22928, stack(0x0000009d48100000,0x0000009d48200000)]
  0x0000020956f5d890 JavaThread "Unconstrained build operations Thread 17" [_thread_blocked, id=22944, stack(0x0000009d48200000,0x0000009d48300000)]
  0x0000020956f5ca20 JavaThread "Unconstrained build operations Thread 18" [_thread_blocked, id=22924, stack(0x0000009d48300000,0x0000009d48400000)]
  0x0000020956f62a60 JavaThread "Unconstrained build operations Thread 19" [_thread_blocked, id=18452, stack(0x0000009d48400000,0x0000009d48500000)]
  0x0000020956f62f30 JavaThread "Unconstrained build operations Thread 20" [_thread_blocked, id=22832, stack(0x0000009d48500000,0x0000009d48600000)]
  0x0000020956f5e700 JavaThread "Unconstrained build operations Thread 21" [_thread_blocked, id=2472, stack(0x0000009d48600000,0x0000009d48700000)]
  0x0000020956f5d3c0 JavaThread "Unconstrained build operations Thread 22" [_thread_blocked, id=19324, stack(0x0000009d48700000,0x0000009d48800000)]
  0x0000020956f5f570 JavaThread "Unconstrained build operations Thread 23" [_thread_blocked, id=22884, stack(0x0000009d48800000,0x0000009d48900000)]
  0x0000020956f5dd60 JavaThread "Unconstrained build operations Thread 24" [_thread_blocked, id=18564, stack(0x0000009d48900000,0x0000009d48a00000)]
  0x0000020956f5fa40 JavaThread "Unconstrained build operations Thread 25" [_thread_blocked, id=9476, stack(0x0000009d48a00000,0x0000009d48b00000)]
  0x0000020956f5ff10 JavaThread "Unconstrained build operations Thread 26" [_thread_blocked, id=22268, stack(0x0000009d48b00000,0x0000009d48c00000)]
  0x0000020956f61250 JavaThread "Unconstrained build operations Thread 27" [_thread_blocked, id=19376, stack(0x0000009d48c00000,0x0000009d48d00000)]
  0x0000020956f63400 JavaThread "Unconstrained build operations Thread 28" [_thread_blocked, id=21440, stack(0x0000009d48d00000,0x0000009d48e00000)]
  0x0000020956f5f0a0 JavaThread "Unconstrained build operations Thread 29" [_thread_blocked, id=1484, stack(0x0000009d48e00000,0x0000009d48f00000)]
  0x0000020956f5e230 JavaThread "Unconstrained build operations Thread 30" [_thread_blocked, id=22044, stack(0x0000009d48f00000,0x0000009d49000000)]
  0x0000020956f5ebd0 JavaThread "Unconstrained build operations Thread 31" [_thread_blocked, id=23548, stack(0x0000009d49000000,0x0000009d49100000)]
  0x0000020956f608b0 JavaThread "Unconstrained build operations Thread 32" [_thread_blocked, id=22868, stack(0x0000009d49100000,0x0000009d49200000)]
  0x0000020956f61720 JavaThread "Unconstrained build operations Thread 33" [_thread_blocked, id=20816, stack(0x0000009d49200000,0x0000009d49300000)]
  0x0000020956f61bf0 JavaThread "Unconstrained build operations Thread 34" [_thread_blocked, id=18620, stack(0x0000009d49300000,0x0000009d49400000)]
  0x0000020956f620c0 JavaThread "Unconstrained build operations Thread 35" [_thread_blocked, id=22464, stack(0x0000009d49400000,0x0000009d49500000)]
  0x0000020956f5c080 JavaThread "Unconstrained build operations Thread 36" [_thread_blocked, id=19920, stack(0x0000009d49500000,0x0000009d49600000)]
  0x0000020958958290 JavaThread "Unconstrained build operations Thread 37" [_thread_blocked, id=22660, stack(0x0000009d49600000,0x0000009d49700000)]
  0x0000020958955270 JavaThread "Unconstrained build operations Thread 38" [_thread_blocked, id=20648, stack(0x0000009d49700000,0x0000009d49800000)]
  0x00000209589560e0 JavaThread "Unconstrained build operations Thread 39" [_thread_blocked, id=19888, stack(0x0000009d49800000,0x0000009d49900000)]
  0x0000020958958760 JavaThread "Unconstrained build operations Thread 40" [_thread_blocked, id=23540, stack(0x0000009d49900000,0x0000009d49a00000)]
  0x00000209589595d0 JavaThread "Memory manager" [_thread_blocked, id=21960, stack(0x0000009d49a00000,0x0000009d49b00000)]

Other Threads:
=>0x0000020953d1f620 VMThread "VM Thread" [stack: 0x0000009d44700000,0x0000009d44800000] [id=17424]
  0x000002093a812e80 WatcherThread [stack: 0x0000009d45300000,0x0000009d45400000] [id=19664]
  0x000002093a7fa220 GCTaskThread "GC Thread#0" [stack: 0x0000009d44200000,0x0000009d44300000] [id=21716]
  0x0000020954bbb9c0 GCTaskThread "GC Thread#1" [stack: 0x0000009d45400000,0x0000009d45500000] [id=3412]
  0x0000020954bbbc70 GCTaskThread "GC Thread#2" [stack: 0x0000009d45500000,0x0000009d45600000] [id=10464]
  0x000002095579ac60 GCTaskThread "GC Thread#3" [stack: 0x0000009d45600000,0x0000009d45700000] [id=20668]
  0x000002093a80b2c0 ConcurrentGCThread "G1 Main Marker" [stack: 0x0000009d44300000,0x0000009d44400000] [id=22484]
  0x000002093a80c470 ConcurrentGCThread "G1 Conc#0" [stack: 0x0000009d44400000,0x0000009d44500000] [id=14000]
  0x000002093a84c9f0 ConcurrentGCThread "G1 Refine#0" [stack: 0x0000009d44500000,0x0000009d44600000] [id=7828]
  0x000002093a84d2b0 ConcurrentGCThread "G1 Service" [stack: 0x0000009d44600000,0x0000009d44700000] [id=22960]

Threads with active compile tasks:
C2 CompilerThread0    16418 6500       4       org.objectweb.asm.Frame::execute (2318 bytes)

VM state: at safepoint (normal execution)

VM Mutex/Monitor currently owned by a thread:  ([mutex/lock_event])
[0x000002093a794730] Threads_lock - owner thread: 0x0000020953d1f620
[0x000002093a7950c0] Heap_lock - owner thread: 0x0000020956378a10

Heap address: 0x0000000080000000, size: 2048 MB, Compressed Oops mode: 32-bit

CDS archive(s) not mapped
Compressed class space mapped at: 0x0000000100000000-0x0000000140000000, reserved size: 1073741824
Narrow klass base: 0x0000000000000000, Narrow klass shift: 3, Narrow klass range: 0x140000000

GC Precious Log:
 CPUs: 4 total, 4 available
 Memory: 3521M
 Large Page Support: Disabled
 NUMA Support: Disabled
 Compressed Oops: Enabled (32-bit)
 Heap Region Size: 1M
 Heap Min Capacity: 8M
 Heap Initial Capacity: 56M
 Heap Max Capacity: 2G
 Pre-touch: Disabled
 Parallel Workers: 4
 Concurrent Workers: 1
 Concurrent Refinement Workers: 4
 Periodic GC: Disabled

Heap:
 garbage-first heap   total 97280K, used 55001K [0x0000000080000000, 0x0000000100000000)
  region size 1024K, 1 young (1024K), 1 survivors (1024K)
 Metaspace       used 63493K, committed 64064K, reserved 1105920K
  class space    used 8329K, committed 8576K, reserved 1048576K

Heap Regions: E=young(eden), S=young(survivor), O=old, HS=humongous(starts), HC=humongous(continues), CS=collection set, F=free, OA=open archive, CA=closed archive, TAMS=top-at-mark-start (previous, next)
|   0|0x0000000080000000, 0x0000000080100000, 0x0000000080100000|100%| O|  |TAMS 0x0000000080100000, 0x0000000080000000| Untracked 
|   1|0x0000000080100000, 0x0000000080200000, 0x0000000080200000|100%| O|  |TAMS 0x0000000080200000, 0x0000000080100000| Untracked 
|   2|0x0000000080200000, 0x0000000080300000, 0x0000000080300000|100%|HS|  |TAMS 0x0000000080300000, 0x0000000080200000| Complete 
|   3|0x0000000080300000, 0x0000000080400000, 0x0000000080400000|100%|HC|  |TAMS 0x0000000080400000, 0x0000000080300000| Complete 
|   4|0x0000000080400000, 0x0000000080500000, 0x0000000080500000|100%|HC|  |TAMS 0x0000000080500000, 0x0000000080400000| Complete 
|   5|0x0000000080500000, 0x0000000080600000, 0x0000000080600000|100%| O|  |TAMS 0x0000000080600000, 0x0000000080500000| Untracked 
|   6|0x0000000080600000, 0x0000000080700000, 0x0000000080700000|100%| O|  |TAMS 0x0000000080700000, 0x0000000080600000| Untracked 
|   7|0x0000000080700000, 0x0000000080800000, 0x0000000080800000|100%| O|  |TAMS 0x0000000080800000, 0x0000000080700000| Untracked 
|   8|0x0000000080800000, 0x0000000080900000, 0x0000000080900000|100%| O|  |TAMS 0x0000000080900000, 0x0000000080800000| Untracked 
|   9|0x0000000080900000, 0x0000000080a00000, 0x0000000080a00000|100%| O|  |TAMS 0x0000000080a00000, 0x0000000080900000| Untracked 
|  10|0x0000000080a00000, 0x0000000080a00000, 0x0000000080b00000|  0%| F|  |TAMS 0x0000000080a00000, 0x0000000080a00000| Untracked 
|  11|0x0000000080b00000, 0x0000000080c00000, 0x0000000080c00000|100%| O|  |TAMS 0x0000000080c00000, 0x0000000080b00000| Untracked 
|  12|0x0000000080c00000, 0x0000000080d00000, 0x0000000080d00000|100%| O|  |TAMS 0x0000000080d00000, 0x0000000080c00000| Untracked 
|  13|0x0000000080d00000, 0x0000000080e00000, 0x0000000080e00000|100%| O|  |TAMS 0x0000000080e00000, 0x0000000080d00000| Untracked 
|  14|0x0000000080e00000, 0x0000000080f00000, 0x0000000080f00000|100%| O|  |TAMS 0x0000000080f00000, 0x0000000080e00000| Untracked 
|  15|0x0000000080f00000, 0x0000000081000000, 0x0000000081000000|100%| O|  |TAMS 0x0000000081000000, 0x0000000080f00000| Untracked 
|  16|0x0000000081000000, 0x0000000081100000, 0x0000000081100000|100%| O|  |TAMS 0x0000000081100000, 0x0000000081000000| Untracked 
|  17|0x0000000081100000, 0x0000000081200000, 0x0000000081200000|100%| O|  |TAMS 0x0000000081200000, 0x0000000081100000| Untracked 
|  18|0x0000000081200000, 0x0000000081300000, 0x0000000081300000|100%| O|  |TAMS 0x0000000081300000, 0x0000000081200000| Untracked 
|  19|0x0000000081300000, 0x0000000081400000, 0x0000000081400000|100%| O|  |TAMS 0x0000000081400000, 0x0000000081300000| Untracked 
|  20|0x0000000081400000, 0x0000000081500000, 0x0000000081500000|100%| O|  |TAMS 0x0000000081500000, 0x0000000081400000| Untracked 
|  21|0x0000000081500000, 0x0000000081600000, 0x0000000081600000|100%| O|  |TAMS 0x0000000081600000, 0x0000000081500000| Untracked 
|  22|0x0000000081600000, 0x0000000081700000, 0x0000000081700000|100%| O|  |TAMS 0x0000000081700000, 0x0000000081600000| Untracked 
|  23|0x0000000081700000, 0x0000000081800000, 0x0000000081800000|100%| O|  |TAMS 0x0000000081800000, 0x0000000081700000| Untracked 
|  24|0x0000000081800000, 0x0000000081900000, 0x0000000081900000|100%| O|  |TAMS 0x0000000081900000, 0x0000000081800000| Untracked 
|  25|0x0000000081900000, 0x0000000081a00000, 0x0000000081a00000|100%| O|  |TAMS 0x0000000081a00000, 0x0000000081900000| Untracked 
|  26|0x0000000081a00000, 0x0000000081b00000, 0x0000000081b00000|100%| O|  |TAMS 0x0000000081b00000, 0x0000000081a00000| Untracked 
|  27|0x0000000081b00000, 0x0000000081c00000, 0x0000000081c00000|100%| O|  |TAMS 0x0000000081c00000, 0x0000000081b00000| Untracked 
|  28|0x0000000081c00000, 0x0000000081d00000, 0x0000000081d00000|100%| O|  |TAMS 0x0000000081d00000, 0x0000000081c00000| Untracked 
|  29|0x0000000081d00000, 0x0000000081e00000, 0x0000000081e00000|100%| O|  |TAMS 0x0000000081e00000, 0x0000000081d00000| Untracked 
|  30|0x0000000081e00000, 0x0000000081f00000, 0x0000000081f00000|100%| O|  |TAMS 0x0000000081f00000, 0x0000000081e00000| Untracked 
|  31|0x0000000081f00000, 0x0000000082000000, 0x0000000082000000|100%| O|  |TAMS 0x0000000082000000, 0x0000000081f00000| Untracked 
|  32|0x0000000082000000, 0x0000000082100000, 0x0000000082100000|100%|HS|  |TAMS 0x0000000082100000, 0x0000000082000000| Complete 
|  33|0x0000000082100000, 0x0000000082200000, 0x0000000082200000|100%|HS|  |TAMS 0x0000000082200000, 0x0000000082100000| Complete 
|  34|0x0000000082200000, 0x0000000082300000, 0x0000000082300000|100%|HS|  |TAMS 0x0000000082300000, 0x0000000082200000| Complete 
|  35|0x0000000082300000, 0x0000000082400000, 0x0000000082400000|100%| O|  |TAMS 0x0000000082400000, 0x0000000082300000| Untracked 
|  36|0x0000000082400000, 0x0000000082500000, 0x0000000082500000|100%| O|  |TAMS 0x0000000082500000, 0x0000000082400000| Untracked 
|  37|0x0000000082500000, 0x0000000082600000, 0x0000000082600000|100%| O|  |TAMS 0x0000000082600000, 0x0000000082500000| Untracked 
|  38|0x0000000082600000, 0x0000000082700000, 0x0000000082700000|100%|HS|  |TAMS 0x0000000082700000, 0x0000000082600000| Complete 
|  39|0x0000000082700000, 0x0000000082800000, 0x0000000082800000|100%|HC|  |TAMS 0x0000000082800000, 0x0000000082700000| Complete 
|  40|0x0000000082800000, 0x0000000082900000, 0x0000000082900000|100%|HC|  |TAMS 0x0000000082900000, 0x0000000082800000| Complete 
|  41|0x0000000082900000, 0x0000000082a00000, 0x0000000082a00000|100%|HC|  |TAMS 0x0000000082a00000, 0x0000000082900000| Complete 
|  42|0x0000000082a00000, 0x0000000082b00000, 0x0000000082b00000|100%| O|  |TAMS 0x0000000082b00000, 0x0000000082a00000| Untracked 
|  43|0x0000000082b00000, 0x0000000082c00000, 0x0000000082c00000|100%| O|  |TAMS 0x0000000082c00000, 0x0000000082b00000| Untracked 
|  44|0x0000000082c00000, 0x0000000082d00000, 0x0000000082d00000|100%| O|  |TAMS 0x0000000082d00000, 0x0000000082c00000| Untracked 
|  45|0x0000000082d00000, 0x0000000082e00000, 0x0000000082e00000|100%| O|  |TAMS 0x0000000082e00000, 0x0000000082d00000| Untracked 
|  46|0x0000000082e00000, 0x0000000082f00000, 0x0000000082f00000|100%| O|  |TAMS 0x0000000082f00000, 0x0000000082e00000| Untracked 
|  47|0x0000000082f00000, 0x0000000083000000, 0x0000000083000000|100%|HS|  |TAMS 0x0000000083000000, 0x0000000082f00000| Complete 
|  48|0x0000000083000000, 0x0000000083100000, 0x0000000083100000|100%|HC|  |TAMS 0x0000000083100000, 0x0000000083000000| Complete 
|  49|0x0000000083100000, 0x0000000083200000, 0x0000000083200000|100%| O|  |TAMS 0x0000000083200000, 0x0000000083100000| Untracked 
|  50|0x0000000083200000, 0x0000000083300000, 0x0000000083300000|100%| O|  |TAMS 0x0000000083300000, 0x0000000083200000| Untracked 
|  51|0x0000000083300000, 0x0000000083400000, 0x0000000083400000|100%| O|  |TAMS 0x000000008332be00, 0x0000000083300000| Untracked 
|  52|0x0000000083400000, 0x0000000083500000, 0x0000000083500000|100%| O|  |TAMS 0x0000000083400000, 0x0000000083400000| Untracked 
|  53|0x0000000083500000, 0x0000000083600000, 0x0000000083600000|100%| O|  |TAMS 0x0000000083500000, 0x0000000083500000| Untracked 
|  54|0x0000000083600000, 0x0000000083668c00, 0x0000000083700000| 40%| O|  |TAMS 0x0000000083600000, 0x0000000083600000| Untracked 
|  55|0x0000000083700000, 0x0000000083700000, 0x0000000083800000|  0%| F|  |TAMS 0x0000000083700000, 0x0000000083700000| Untracked 
|  56|0x0000000083800000, 0x0000000083800000, 0x0000000083900000|  0%| F|  |TAMS 0x0000000083800000, 0x0000000083800000| Untracked 
|  57|0x0000000083900000, 0x0000000083900000, 0x0000000083a00000|  0%| F|  |TAMS 0x0000000083900000, 0x0000000083900000| Untracked 
|  58|0x0000000083a00000, 0x0000000083a00000, 0x0000000083b00000|  0%| F|  |TAMS 0x0000000083a00000, 0x0000000083a00000| Untracked 
|  59|0x0000000083b00000, 0x0000000083b00000, 0x0000000083c00000|  0%| F|  |TAMS 0x0000000083b00000, 0x0000000083b00000| Untracked 
|  60|0x0000000083c00000, 0x0000000083c00000, 0x0000000083d00000|  0%| F|  |TAMS 0x0000000083c00000, 0x0000000083c00000| Untracked 
|  61|0x0000000083d00000, 0x0000000083d00000, 0x0000000083e00000|  0%| F|  |TAMS 0x0000000083d00000, 0x0000000083d00000| Untracked 
|  62|0x0000000083e00000, 0x0000000083e00000, 0x0000000083f00000|  0%| F|  |TAMS 0x0000000083e00000, 0x0000000083e00000| Untracked 
|  63|0x0000000083f00000, 0x0000000083f00000, 0x0000000084000000|  0%| F|  |TAMS 0x0000000083f00000, 0x0000000083f00000| Untracked 
|  64|0x0000000084000000, 0x0000000084000000, 0x0000000084100000|  0%| F|  |TAMS 0x0000000084000000, 0x0000000084000000| Untracked 
|  65|0x0000000084100000, 0x0000000084100000, 0x0000000084200000|  0%| F|  |TAMS 0x0000000084100000, 0x0000000084100000| Untracked 
|  66|0x0000000084200000, 0x0000000084200000, 0x0000000084300000|  0%| F|  |TAMS 0x0000000084200000, 0x0000000084200000| Untracked 
|  67|0x0000000084300000, 0x0000000084300000, 0x0000000084400000|  0%| F|  |TAMS 0x0000000084300000, 0x0000000084300000| Untracked 
|  68|0x0000000084400000, 0x0000000084400000, 0x0000000084500000|  0%| F|  |TAMS 0x0000000084400000, 0x0000000084400000| Untracked 
|  69|0x0000000084500000, 0x0000000084500000, 0x0000000084600000|  0%| F|  |TAMS 0x0000000084500000, 0x0000000084500000| Untracked 
|  70|0x0000000084600000, 0x0000000084600000, 0x0000000084700000|  0%| F|  |TAMS 0x0000000084600000, 0x0000000084600000| Untracked 
|  71|0x0000000084700000, 0x0000000084700000, 0x0000000084800000|  0%| F|  |TAMS 0x0000000084700000, 0x0000000084700000| Untracked 
|  72|0x0000000084800000, 0x0000000084800000, 0x0000000084900000|  0%| F|  |TAMS 0x0000000084800000, 0x0000000084800000| Untracked 
|  73|0x0000000084900000, 0x0000000084900000, 0x0000000084a00000|  0%| F|  |TAMS 0x0000000084900000, 0x0000000084900000| Untracked 
|  74|0x0000000084a00000, 0x0000000084a00000, 0x0000000084b00000|  0%| F|  |TAMS 0x0000000084a00000, 0x0000000084a00000| Untracked 
|  75|0x0000000084b00000, 0x0000000084b00000, 0x0000000084c00000|  0%| F|  |TAMS 0x0000000084b00000, 0x0000000084b00000| Untracked 
|  76|0x0000000084c00000, 0x0000000084c00000, 0x0000000084d00000|  0%| F|  |TAMS 0x0000000084c00000, 0x0000000084c00000| Untracked 
|  77|0x0000000084d00000, 0x0000000084d00000, 0x0000000084e00000|  0%| F|  |TAMS 0x0000000084d00000, 0x0000000084d00000| Untracked 
|  78|0x0000000084e00000, 0x0000000084e00000, 0x0000000084f00000|  0%| F|  |TAMS 0x0000000084e00000, 0x0000000084e00000| Untracked 
|  79|0x0000000084f00000, 0x0000000084f00000, 0x0000000085000000|  0%| F|  |TAMS 0x0000000084f00000, 0x0000000084f00000| Untracked 
|  80|0x0000000085000000, 0x0000000085000000, 0x0000000085100000|  0%| F|  |TAMS 0x0000000085000000, 0x0000000085000000| Untracked 
|  81|0x0000000085100000, 0x0000000085100000, 0x0000000085200000|  0%| F|  |TAMS 0x0000000085100000, 0x0000000085100000| Untracked 
|  82|0x0000000085200000, 0x0000000085200000, 0x0000000085300000|  0%| F|  |TAMS 0x0000000085200000, 0x0000000085200000| Untracked 
|  83|0x0000000085300000, 0x0000000085300000, 0x0000000085400000|  0%| F|  |TAMS 0x0000000085300000, 0x0000000085300000| Untracked 
|  84|0x0000000085400000, 0x0000000085400000, 0x0000000085500000|  0%| F|  |TAMS 0x0000000085400000, 0x0000000085400000| Untracked 
|  85|0x0000000085500000, 0x0000000085500000, 0x0000000085600000|  0%| F|  |TAMS 0x0000000085500000, 0x0000000085500000| Untracked 
|  86|0x0000000085600000, 0x0000000085600000, 0x0000000085700000|  0%| F|  |TAMS 0x0000000085600000, 0x0000000085600000| Untracked 
|  87|0x0000000085700000, 0x0000000085700000, 0x0000000085800000|  0%| F|  |TAMS 0x0000000085700000, 0x0000000085700000| Untracked 
|  88|0x0000000085800000, 0x0000000085800000, 0x0000000085900000|  0%| F|  |TAMS 0x0000000085800000, 0x0000000085800000| Untracked 
|  89|0x0000000085900000, 0x0000000085900000, 0x0000000085a00000|  0%| F|  |TAMS 0x0000000085900000, 0x0000000085900000| Untracked 
|  90|0x0000000085a00000, 0x0000000085a00000, 0x0000000085b00000|  0%| F|  |TAMS 0x0000000085a00000, 0x0000000085a00000| Untracked 
|  91|0x0000000085b00000, 0x0000000085b00000, 0x0000000085c00000|  0%| F|  |TAMS 0x0000000085b00000, 0x0000000085b00000| Untracked 
|  92|0x0000000085c00000, 0x0000000085c00000, 0x0000000085d00000|  0%| F|  |TAMS 0x0000000085c00000, 0x0000000085c00000| Untracked 
|  93|0x0000000085d00000, 0x0000000085d4d8c8, 0x0000000085e00000| 30%| S|CS|TAMS 0x0000000085d00000, 0x0000000085d00000| Complete 
|  94|0x0000000085e00000, 0x0000000085e00000, 0x0000000085f00000|  0%| F|  |TAMS 0x0000000085e00000, 0x0000000085e00000| Untracked 

Card table byte_map: [0x000002094d060000,0x000002094d460000] _byte_map_base: 0x000002094cc60000

Marking Bits (Prev, Next): (CMBitMap*) 0x000002093a7fa830, (CMBitMap*) 0x000002093a7fa870
 Prev Bits: [0x000002094d860000, 0x000002094f860000)
 Next Bits: [0x000002094f860000, 0x0000020951860000)

Polling page: 0x0000020938690000

Metaspace:

Usage:
  Non-class:     53.87 MB used.
      Class:      8.13 MB used.
       Both:     62.01 MB used.

Virtual space:
  Non-class space:       56.00 MB reserved,      54.19 MB ( 97%) committed,  7 nodes.
      Class space:        1.00 GB reserved,       8.38 MB ( <1%) committed,  1 nodes.
             Both:        1.05 GB reserved,      62.56 MB (  6%) committed. 

Chunk freelists:
   Non-Class:  1.80 MB
       Class:  3.67 MB
        Both:  5.47 MB

MaxMetaspaceSize: unlimited
CompressedClassSpaceSize: 1.00 GB
Initial GC threshold: 21.00 MB
Current GC threshold: 99.62 MB
CDS: off
MetaspaceReclaimPolicy: balanced
 - commit_granule_bytes: 65536.
 - commit_granule_words: 8192.
 - virtual_space_node_default_size: 1048576.
 - enlarge_chunks_in_place: 1.
 - new_chunks_are_fully_committed: 0.
 - uncommit_free_chunks: 1.
 - use_allocation_guard: 0.
 - handle_deallocations: 1.


Internal statistics:

num_allocs_failed_limit: 6.
num_arena_births: 548.
num_arena_deaths: 0.
num_vsnodes_births: 8.
num_vsnodes_deaths: 0.
num_space_committed: 1001.
num_space_uncommitted: 0.
num_chunks_returned_to_freelist: 6.
num_chunks_taken_from_freelist: 2548.
num_chunk_merges: 6.
num_chunk_splits: 1753.
num_chunks_enlarged: 1258.
num_purges: 0.
num_inconsistent_stats: 0.

CodeHeap 'non-profiled nmethods': size=120000Kb used=2637Kb max_used=3391Kb free=117362Kb
 bounds [0x0000020945730000, 0x0000020945a80000, 0x000002094cc60000]
CodeHeap 'profiled nmethods': size=120000Kb used=11072Kb max_used=12449Kb free=108928Kb
 bounds [0x000002093dc60000, 0x000002093e890000, 0x0000020945190000]
CodeHeap 'non-nmethods': size=5760Kb used=2345Kb max_used=2377Kb free=3415Kb
 bounds [0x0000020945190000, 0x0000020945400000, 0x0000020945730000]
 total_blobs=6563 nmethods=5696 adapters=779
 compilation: enabled
              stopped_count=0, restarted_count=0
 full_count=0

Compilation events (20 events):
Event: 16.305 Thread 0x000002095480d580 6515       3       org.gradle.api.internal.DefaultMutationGuard$1::initialValue (5 bytes)
Event: 16.305 Thread 0x000002095480d580 nmethod 6515 0x000002093e11f710 code [0x000002093e11f8a0, 0x000002093e11fa18]
Event: 16.315 Thread 0x000002095480d580 6516       3       java.security.SecureClassLoader::defineClass (16 bytes)
Event: 16.315 Thread 0x000002095480d580 nmethod 6516 0x000002093e1d5890 code [0x000002093e1d5a40, 0x000002093e1d5bd8]
Event: 16.322 Thread 0x000002095480d580 6518       3       com.google.common.collect.RegularImmutableMap::createEntrySet (13 bytes)
Event: 16.323 Thread 0x000002095480d580 nmethod 6518 0x000002093dd3f310 code [0x000002093dd3f500, 0x000002093dd3fae8]
Event: 16.323 Thread 0x000002095480d580 6522       3       com.google.common.collect.ImmutableCollection$Builder::expandedCapacity (45 bytes)
Event: 16.323 Thread 0x000002095480d580 nmethod 6522 0x000002093de02610 code [0x000002093de027e0, 0x000002093de02af8]
Event: 16.323 Thread 0x000002095480d580 6519       3       com.google.common.collect.ImmutableMapEntrySet$RegularEntrySet::<init> (10 bytes)
Event: 16.323 Thread 0x000002095480d580 nmethod 6519 0x000002093ddc1490 code [0x000002093ddc1680, 0x000002093ddc1ba8]
Event: 16.323 Thread 0x000002095480d580 6520       3       com.google.common.collect.ImmutableMapEntrySet$RegularEntrySet::<init> (15 bytes)
Event: 16.324 Thread 0x000002095480d580 nmethod 6520 0x000002093dcf9490 code [0x000002093dcf9660, 0x000002093dcf9a58]
Event: 16.324 Thread 0x000002095480d580 6521       3       com.google.common.collect.ImmutableMapEntrySet::<init> (5 bytes)
Event: 16.324 Thread 0x000002095480d580 nmethod 6521 0x000002093e109e10 code [0x000002093e109fc0, 0x000002093e10a298]
Event: 16.324 Thread 0x000002095480d580 6523       3       org.gradle.internal.instantiation.generator.AsmBackedClassGenerator$ClassBuilderImpl$$Lambda$149/0x000000010035ad20::<init> (50 bytes)
Event: 16.324 Thread 0x000002095480d580 nmethod 6523 0x000002093ddc0e10 code [0x000002093ddc0fc0, 0x000002093ddc1378]
Event: 16.324 Thread 0x000002095480d580 6524       3       org.gradle.internal.instantiation.generator.AsmBackedClassGenerator$ClassBuilderImpl::addActionMethod (97 bytes)
Event: 16.326 Thread 0x000002095480d580 nmethod 6524 0x000002093dce6090 code [0x000002093dce6380, 0x000002093dce77d8]
Event: 16.326 Thread 0x000002095480d580 6525       1       org.gradle.internal.instantiation.generator.AbstractClassGenerator::getRoleHandler (5 bytes)
Event: 16.326 Thread 0x000002095480d580 nmethod 6525 0x000002094577d710 code [0x000002094577d8a0, 0x000002094577d978]

GC Heap History (20 events):
Event: 12.314 GC heap after
{Heap after GC invocations=21 (full 0):
 garbage-first heap   total 82944K, used 32665K [0x0000000080000000, 0x0000000100000000)
  region size 1024K, 2 young (2048K), 2 survivors (2048K)
 Metaspace       used 45791K, committed 46144K, reserved 1089536K
  class space    used 6080K, committed 6272K, reserved 1048576K
}
Event: 13.066 GC heap before
{Heap before GC invocations=21 (full 0):
 garbage-first heap   total 82944K, used 62361K [0x0000000080000000, 0x0000000100000000)
  region size 1024K, 30 young (30720K), 2 survivors (2048K)
 Metaspace       used 50100K, committed 50496K, reserved 1097728K
  class space    used 6642K, committed 6784K, reserved 1048576K
}
Event: 13.073 GC heap after
{Heap after GC invocations=22 (full 0):
 garbage-first heap   total 82944K, used 33460K [0x0000000080000000, 0x0000000100000000)
  region size 1024K, 3 young (3072K), 3 survivors (3072K)
 Metaspace       used 50100K, committed 50496K, reserved 1097728K
  class space    used 6642K, committed 6784K, reserved 1048576K
}
Event: 13.949 GC heap before
{Heap before GC invocations=22 (full 0):
 garbage-first heap   total 82944K, used 61108K [0x0000000080000000, 0x0000000100000000)
  region size 1024K, 31 young (31744K), 3 survivors (3072K)
 Metaspace       used 51379K, committed 51840K, reserved 1097728K
  class space    used 6769K, committed 6976K, reserved 1048576K
}
Event: 13.961 GC heap after
{Heap after GC invocations=23 (full 0):
 garbage-first heap   total 82944K, used 35762K [0x0000000080000000, 0x0000000100000000)
  region size 1024K, 4 young (4096K), 4 survivors (4096K)
 Metaspace       used 51379K, committed 51840K, reserved 1097728K
  class space    used 6769K, committed 6976K, reserved 1048576K
}
Event: 14.308 GC heap before
{Heap before GC invocations=23 (full 0):
 garbage-first heap   total 82944K, used 46002K [0x0000000080000000, 0x0000000100000000)
  region size 1024K, 13 young (13312K), 4 survivors (4096K)
 Metaspace       used 51636K, committed 52160K, reserved 1097728K
  class space    used 6812K, committed 7040K, reserved 1048576K
}
Event: 14.316 GC heap after
{Heap after GC invocations=24 (full 0):
 garbage-first heap   total 82944K, used 42670K [0x0000000080000000, 0x0000000100000000)
  region size 1024K, 4 young (4096K), 4 survivors (4096K)
 Metaspace       used 51636K, committed 52160K, reserved 1097728K
  class space    used 6812K, committed 7040K, reserved 1048576K
}
Event: 14.443 GC heap before
{Heap before GC invocations=25 (full 0):
 garbage-first heap   total 86016K, used 50862K [0x0000000080000000, 0x0000000100000000)
  region size 1024K, 8 young (8192K), 4 survivors (4096K)
 Metaspace       used 51636K, committed 52160K, reserved 1097728K
  class space    used 6812K, committed 7040K, reserved 1048576K
}
Event: 14.446 GC heap after
{Heap after GC invocations=26 (full 0):
 garbage-first heap   total 86016K, used 49488K [0x0000000080000000, 0x0000000100000000)
  region size 1024K, 3 young (3072K), 3 survivors (3072K)
 Metaspace       used 51636K, committed 52160K, reserved 1097728K
  class space    used 6812K, committed 7040K, reserved 1048576K
}
Event: 14.687 GC heap before
{Heap before GC invocations=27 (full 0):
 garbage-first heap   total 91136K, used 62800K [0x0000000080000000, 0x0000000100000000)
  region size 1024K, 14 young (14336K), 3 survivors (3072K)
 Metaspace       used 53083K, committed 53568K, reserved 1097728K
  class space    used 6987K, committed 7232K, reserved 1048576K
}
Event: 14.690 GC heap after
{Heap after GC invocations=28 (full 0):
 garbage-first heap   total 91136K, used 52296K [0x0000000080000000, 0x0000000100000000)
  region size 1024K, 2 young (2048K), 2 survivors (2048K)
 Metaspace       used 53083K, committed 53568K, reserved 1097728K
  class space    used 6987K, committed 7232K, reserved 1048576K
}
Event: 14.988 GC heap before
{Heap before GC invocations=28 (full 0):
 garbage-first heap   total 91136K, used 64584K [0x0000000080000000, 0x0000000100000000)
  region size 1024K, 15 young (15360K), 2 survivors (2048K)
 Metaspace       used 55006K, committed 55488K, reserved 1097728K
  class space    used 7260K, committed 7488K, reserved 1048576K
}
Event: 14.993 GC heap after
{Heap after GC invocations=29 (full 0):
 garbage-first heap   total 91136K, used 52872K [0x0000000080000000, 0x0000000100000000)
  region size 1024K, 1 young (1024K), 1 survivors (1024K)
 Metaspace       used 55006K, committed 55488K, reserved 1097728K
  class space    used 7260K, committed 7488K, reserved 1048576K
}
Event: 15.494 GC heap before
{Heap before GC invocations=30 (full 0):
 garbage-first heap   total 94208K, used 66184K [0x0000000080000000, 0x0000000100000000)
  region size 1024K, 14 young (14336K), 1 survivors (1024K)
 Metaspace       used 57259K, committed 57792K, reserved 1105920K
  class space    used 7579K, committed 7808K, reserved 1048576K
}
Event: 15.498 GC heap after
{Heap after GC invocations=31 (full 0):
 garbage-first heap   total 94208K, used 53613K [0x0000000080000000, 0x0000000100000000)
  region size 1024K, 2 young (2048K), 2 survivors (2048K)
 Metaspace       used 57259K, committed 57792K, reserved 1105920K
  class space    used 7579K, committed 7808K, reserved 1048576K
}
Event: 15.831 GC heap before
{Heap before GC invocations=31 (full 0):
 garbage-first heap   total 94208K, used 68973K [0x0000000080000000, 0x0000000100000000)
  region size 1024K, 17 young (17408K), 2 survivors (2048K)
 Metaspace       used 60368K, committed 60928K, reserved 1105920K
  class space    used 7869K, committed 8128K, reserved 1048576K
}
Event: 15.834 GC heap after
{Heap after GC invocations=32 (full 0):
 garbage-first heap   total 94208K, used 54280K [0x0000000080000000, 0x0000000100000000)
  region size 1024K, 2 young (2048K), 2 survivors (2048K)
 Metaspace       used 60368K, committed 60928K, reserved 1105920K
  class space    used 7869K, committed 8128K, reserved 1048576K
}
Event: 16.335 GC heap before
{Heap before GC invocations=33 (full 0):
 garbage-first heap   total 97280K, used 70664K [0x0000000080000000, 0x0000000100000000)
  region size 1024K, 19 young (19456K), 2 survivors (2048K)
 Metaspace       used 63342K, committed 63808K, reserved 1105920K
  class space    used 8307K, committed 8512K, reserved 1048576K
}
Event: 16.340 GC heap after
{Heap after GC invocations=34 (full 0):
 garbage-first heap   total 97280K, used 55349K [0x0000000080000000, 0x0000000100000000)
  region size 1024K, 3 young (3072K), 3 survivors (3072K)
 Metaspace       used 63342K, committed 63808K, reserved 1105920K
  class space    used 8307K, committed 8512K, reserved 1048576K
}
Event: 16.353 GC heap before
{Heap before GC invocations=34 (full 0):
 garbage-first heap   total 97280K, used 55349K [0x0000000080000000, 0x0000000100000000)
  region size 1024K, 4 young (4096K), 3 survivors (3072K)
 Metaspace       used 63493K, committed 64064K, reserved 1105920K
  class space    used 8329K, committed 8576K, reserved 1048576K
}

Dll operation events (2 events):
Event: 0.052 Loaded shared library C:\Program Files\Android\Android Studio\jbr\bin\java.dll
Event: 1.498 Loaded shared library C:\Program Files\Android\Android Studio\jbr\bin\verify.dll

Deoptimization events (20 events):
Event: 16.102 Thread 0x0000020956378a10 Uncommon trap: trap_request=0xffffff45 fr.pc=0x000002094580221c relative=0x0000000000000a5c
Event: 16.102 Thread 0x0000020956378a10 Uncommon trap: reason=unstable_if action=reinterpret pc=0x000002094580221c method=java.util.concurrent.ConcurrentHashMap.addCount(JI)V @ 110 c2
Event: 16.102 Thread 0x0000020956378a10 DEOPT PACKING pc=0x000002094580221c sp=0x0000009d45ef6c40
Event: 16.102 Thread 0x0000020956378a10 DEOPT UNPACKING pc=0x00000209451e69a3 sp=0x0000009d45ef6b08 mode 2
Event: 16.167 Thread 0x0000020956378a10 Uncommon trap: trap_request=0xffffff76 fr.pc=0x00000209459901d8 relative=0x0000000000000198
Event: 16.167 Thread 0x0000020956378a10 Uncommon trap: reason=predicate action=maybe_recompile pc=0x00000209459901d8 method=java.util.Arrays.binarySearch0([Ljava/lang/Object;IILjava/lang/Object;Ljava/util/Comparator;)I @ 25 c2
Event: 16.167 Thread 0x0000020956378a10 DEOPT PACKING pc=0x00000209459901d8 sp=0x0000009d45ef3e50
Event: 16.167 Thread 0x0000020956378a10 DEOPT UNPACKING pc=0x00000209451e69a3 sp=0x0000009d45ef3d60 mode 2
Event: 16.167 Thread 0x0000020956378a10 Uncommon trap: trap_request=0xffffff76 fr.pc=0x000002094598f7dc relative=0x000000000000019c
Event: 16.167 Thread 0x0000020956378a10 Uncommon trap: reason=predicate action=maybe_recompile pc=0x000002094598f7dc method=java.util.Arrays.binarySearch0([Ljava/lang/Object;IILjava/lang/Object;Ljava/util/Comparator;)I @ 25 c2
Event: 16.167 Thread 0x0000020956378a10 DEOPT PACKING pc=0x000002094598f7dc sp=0x0000009d45ef3dd0
Event: 16.167 Thread 0x0000020956378a10 DEOPT UNPACKING pc=0x00000209451e69a3 sp=0x0000009d45ef3d60 mode 2
Event: 16.227 Thread 0x0000020956378a10 Uncommon trap: trap_request=0xffffff45 fr.pc=0x0000020945a53004 relative=0x00000000000001e4
Event: 16.227 Thread 0x0000020956378a10 Uncommon trap: reason=unstable_if action=reinterpret pc=0x0000020945a53004 method=java.security.SecureClassLoader$CodeSourceKey.hashCode()I @ 9 c2
Event: 16.227 Thread 0x0000020956378a10 DEOPT PACKING pc=0x0000020945a53004 sp=0x0000009d45ef2eb0
Event: 16.227 Thread 0x0000020956378a10 DEOPT UNPACKING pc=0x00000209451e69a3 sp=0x0000009d45ef2e40 mode 2
Event: 16.227 Thread 0x0000020956378a10 Uncommon trap: trap_request=0xffffff45 fr.pc=0x0000020945978630 relative=0x0000000000002970
Event: 16.227 Thread 0x0000020956378a10 Uncommon trap: reason=unstable_if action=reinterpret pc=0x0000020945978630 method=java.lang.ClassLoader.defineClassSourceLocation(Ljava/security/ProtectionDomain;)Ljava/lang/String; @ 15 c2
Event: 16.227 Thread 0x0000020956378a10 DEOPT PACKING pc=0x0000020945978630 sp=0x0000009d45ef3030
Event: 16.227 Thread 0x0000020956378a10 DEOPT UNPACKING pc=0x00000209451e69a3 sp=0x0000009d45ef2f60 mode 2

Classes unloaded (0 events):
No events

Classes redefined (0 events):
No events

Internal exceptions (20 events):
Event: 14.020 Thread 0x0000020956378a10 Exception <a 'java/lang/NoSuchMethodError'{0x0000000084ef9180}: 'long java.lang.invoke.DirectMethodHandle$Holder.invokeVirtual(java.lang.Object, java.lang.Object)'> (0x0000000084ef9180) 
thrown [s\src\hotspot\share\interpreter\linkResolver.cpp, line 771]
Event: 14.026 Thread 0x000002095637abc0 Exception <a 'java/lang/NoSuchMethodError'{0x0000000084d7b198}: static Lorg/gradle/internal/build/event/types/DefaultOperationFinishedProgressEvent;.<clinit>()V> (0x0000000084d7b198) 
thrown [s\src\hotspot\share\prims\jni.cpp, line 1108]
Event: 14.033 Thread 0x000002095637abc0 Exception <a 'java/lang/NoSuchMethodError'{0x0000000084da3c68}: static Lorg/gradle/internal/build/event/types/DefaultProjectConfigurationSuccessResult;.<clinit>()V> (0x0000000084da3c68) 
thrown [s\src\hotspot\share\prims\jni.cpp, line 1108]
Event: 14.033 Thread 0x000002095637abc0 Exception <a 'java/lang/NoSuchMethodError'{0x0000000084da51e8}: static Lorg/gradle/internal/build/event/types/AbstractProjectConfigurationResult;.<clinit>()V> (0x0000000084da51e8) 
thrown [s\src\hotspot\share\prims\jni.cpp, line 1108]
Event: 14.033 Thread 0x000002095637abc0 Exception <a 'java/lang/NoSuchMethodError'{0x0000000084da6940}: static Lorg/gradle/internal/build/event/types/AbstractOperationResult;.<clinit>()V> (0x0000000084da6940) 
thrown [s\src\hotspot\share\prims\jni.cpp, line 1108]
Event: 14.033 Thread 0x000002095637abc0 Exception <a 'java/lang/NoSuchMethodError'{0x0000000084da7db8}: static Lorg/gradle/internal/build/event/types/AbstractResult;.<clinit>()V> (0x0000000084da7db8) 
thrown [s\src\hotspot\share\prims\jni.cpp, line 1108]
Event: 14.035 Thread 0x000002095637abc0 Exception <a 'java/lang/NoSuchMethodError'{0x0000000084dc1760}: static Lorg/gradle/internal/build/event/types/DefaultPluginApplicationResult;.<clinit>()V> (0x0000000084dc1760) 
thrown [s\src\hotspot\share\prims\jni.cpp, line 1108]
Event: 14.036 Thread 0x000002095637abc0 Exception <a 'java/lang/NoSuchMethodError'{0x0000000084dcdb18}: static Lorg/gradle/internal/build/event/types/DefaultBinaryPluginIdentifier;.<clinit>()V> (0x0000000084dcdb18) 
thrown [s\src\hotspot\share\prims\jni.cpp, line 1108]
Event: 14.044 Thread 0x000002095637abc0 Exception <a 'java/lang/NoSuchMethodError'{0x0000000084de5df8}: static Lorg/gradle/internal/build/event/types/DefaultScriptPluginIdentifier;.<clinit>()V> (0x0000000084de5df8) 
thrown [s\src\hotspot\share\prims\jni.cpp, line 1108]
Event: 14.064 Thread 0x0000020956378a10 Exception <a 'java/lang/ClassNotFoundException'{0x0000000084c25d40}: build_68rosf3f091i019qh78rar0u8BeanInfo> (0x0000000084c25d40) 
thrown [s\src\hotspot\share\classfile\systemDictionary.cpp, line 256]
Event: 14.064 Thread 0x0000020956378a10 Exception <a 'java/lang/ClassNotFoundException'{0x0000000084c2c5c0}: build_68rosf3f091i019qh78rar0u8Customizer> (0x0000000084c2c5c0) 
thrown [s\src\hotspot\share\classfile\systemDictionary.cpp, line 256]
Event: 14.547 Thread 0x0000020956378a10 Exception <a 'java/lang/ClassNotFoundException'{0x000000008589ced8}: org/gradle/api/internal/plugins/DefaultObjectConfigurationActionBeanInfo> (0x000000008589ced8) 
thrown [s\src\hotspot\share\classfile\systemDictionary.cpp, line 256]
Event: 14.547 Thread 0x0000020956378a10 Exception <a 'java/lang/ClassNotFoundException'{0x00000000858af470}: org/gradle/api/internal/plugins/DefaultObjectConfigurationActionCustomizer> (0x00000000858af470) 
thrown [s\src\hotspot\share\classfile\systemDictionary.cpp, line 256]
Event: 14.719 Thread 0x0000020956378a10 Exception <a 'java/lang/NoSuchMethodError'{0x00000000857b2040}: 'java.lang.Object java.lang.invoke.DirectMethodHandle$Holder.newInvokeSpecial(java.lang.Object, java.lang.Object, java.lang.Object, java.lang.Object, int)'> (0x00000000857b2040) 
thrown [s\src\hotspot\share\interpreter\linkResolver.cpp, line 771]
Event: 14.719 Thread 0x0000020956378a10 Exception <a 'java/lang/NoSuchMethodError'{0x00000000857b71e0}: 'java.lang.Object java.lang.invoke.DirectMethodHandle$Holder.invokeSpecial(java.lang.Object, java.lang.Object, java.lang.Object, java.lang.Object, java.lang.Object, int)'> (0x00000000857b71e0) 
thrown [s\src\hotspot\share\interpreter\linkResolver.cpp, line 771]
Event: 14.720 Thread 0x0000020956378a10 Exception <a 'java/lang/NoSuchMethodError'{0x00000000857bbcb8}: 'java.lang.Object java.lang.invoke.Invokers$Holder.linkToTargetMethod(java.lang.Object, java.lang.Object, java.lang.Object, int, java.lang.Object)'> (0x00000000857bbcb8) 
thrown [s\src\hotspot\share\interpreter\linkResolver.cpp, line 771]
Event: 14.736 Thread 0x0000020956378a10 Exception <a 'java/lang/NoSuchMethodError'{0x0000000085672660}: 'java.lang.Object java.lang.invoke.DirectMethodHandle$Holder.newInvokeSpecial(java.lang.Object, java.lang.Object, int, int)'> (0x0000000085672660) 
thrown [s\src\hotspot\share\interpreter\linkResolver.cpp, line 771]
Event: 15.461 Thread 0x0000020956378a10 Exception <a 'java/lang/NoSuchMethodError'{0x0000000085081a90}: 'int java.lang.invoke.DirectMethodHandle$Holder.invokeInterface(java.lang.Object, java.lang.Object, java.lang.Object, java.lang.Object)'> (0x0000000085081a90) 
thrown [s\src\hotspot\share\interpreter\linkResolver.cpp, line 771]
Event: 16.152 Thread 0x0000020956378a10 Exception <a 'java/lang/IncompatibleClassChangeError'{0x00000000855cbf28}: Found class java.lang.Object, but interface was expected> (0x00000000855cbf28) 
thrown [s\src\hotspot\share\interpreter\linkResolver.cpp, line 838]
Event: 16.227 Thread 0x0000020956378a10 Implicit null exception at 0x0000020945a52e59 to 0x0000020945a52ff4

VM Operations (20 events):
Event: 15.460 Executing VM operation: HandshakeAllThreads done
Event: 15.494 Executing VM operation: G1CollectForAllocation
Event: 15.498 Executing VM operation: G1CollectForAllocation done
Event: 15.716 Executing VM operation: HandshakeAllThreads
Event: 15.717 Executing VM operation: HandshakeAllThreads done
Event: 15.739 Executing VM operation: HandshakeAllThreads
Event: 15.739 Executing VM operation: HandshakeAllThreads done
Event: 15.778 Executing VM operation: HandshakeAllThreads
Event: 15.778 Executing VM operation: HandshakeAllThreads done
Event: 15.831 Executing VM operation: G1CollectForAllocation
Event: 15.834 Executing VM operation: G1CollectForAllocation done
Event: 15.927 Executing VM operation: G1Concurrent
Event: 15.933 Executing VM operation: G1Concurrent done
Event: 15.971 Executing VM operation: G1Concurrent
Event: 15.971 Executing VM operation: G1Concurrent done
Event: 16.084 Executing VM operation: HandshakeAllThreads
Event: 16.084 Executing VM operation: HandshakeAllThreads done
Event: 16.335 Executing VM operation: G1CollectForAllocation
Event: 16.340 Executing VM operation: G1CollectForAllocation done
Event: 16.353 Executing VM operation: G1CollectForAllocation

Events (20 events):
Event: 16.223 loading class javax/management/NotificationFilter done
Event: 16.223 loading class javax/management/ListenerNotFoundException
Event: 16.223 loading class javax/management/ListenerNotFoundException done
Event: 16.223 loading class jdk/jfr/Recording
Event: 16.224 loading class jdk/jfr/Recording done
Event: 16.224 loading class jdk/jfr/FlightRecorder
Event: 16.224 loading class jdk/jfr/FlightRecorder done
Event: 16.224 loading class jdk/management/jfr/FlightRecorderMXBeanImpl$MXBeanListener
Event: 16.225 loading class jdk/jfr/FlightRecorderListener
Event: 16.225 loading class jdk/jfr/FlightRecorderListener done
Event: 16.225 loading class jdk/management/jfr/FlightRecorderMXBeanImpl$MXBeanListener done
Event: 16.226 loading class sun/reflect/misc/MethodUtil
Event: 16.226 loading class sun/reflect/misc/MethodUtil done
Event: 16.226 loading class sun/reflect/misc/MethodUtil$1
Event: 16.226 loading class sun/reflect/misc/MethodUtil$1 done
Event: 16.229 Thread 0x00000209589595d0 Thread added: 0x00000209589595d0
Event: 16.232 loading class java/lang/Byte$ByteCache
Event: 16.232 loading class java/lang/Byte$ByteCache done
Event: 16.285 loading class java/util/regex/Pattern$SliceI
Event: 16.285 loading class java/util/regex/Pattern$SliceI done


Dynamic libraries:
0x00007ff7cb0b0000 - 0x00007ff7cb0ba000 	C:\Program Files\Android\Android Studio\jbr\bin\java.exe
0x00007ffa84c50000 - 0x00007ffa84e64000 	C:\WINDOWS\SYSTEM32\ntdll.dll
0x00007ffa840d0000 - 0x00007ffa84192000 	C:\WINDOWS\System32\KERNEL32.DLL
0x00007ffa82560000 - 0x00007ffa82903000 	C:\WINDOWS\System32\KERNELBASE.dll
0x00007ffa821e0000 - 0x00007ffa822f1000 	C:\WINDOWS\System32\ucrtbase.dll
0x00007ffa7b9e0000 - 0x00007ffa7b9fb000 	C:\Program Files\Android\Android Studio\jbr\bin\VCRUNTIME140.dll
0x00007ffa7bdd0000 - 0x00007ffa7bde7000 	C:\Program Files\Android\Android Studio\jbr\bin\jli.dll
0x00007ffa84760000 - 0x00007ffa8490b000 	C:\WINDOWS\System32\USER32.dll
0x00007ffa82530000 - 0x00007ffa82556000 	C:\WINDOWS\System32\win32u.dll
0x00007ffa83fd0000 - 0x00007ffa83ff9000 	C:\WINDOWS\System32\GDI32.dll
0x00007ffa82910000 - 0x00007ffa82a29000 	C:\WINDOWS\System32\gdi32full.dll
0x00007ffa6bd10000 - 0x00007ffa6bf9e000 	C:\WINDOWS\WinSxS\amd64_microsoft.windows.common-controls_6595b64144ccf1df_6.0.22621.1635_none_270f70857386168e\COMCTL32.dll
0x00007ffa82140000 - 0x00007ffa821da000 	C:\WINDOWS\System32\msvcp_win.dll
0x00007ffa84000000 - 0x00007ffa840a7000 	C:\WINDOWS\System32\msvcrt.dll
0x00007ffa84910000 - 0x00007ffa84941000 	C:\WINDOWS\System32\IMM32.DLL
0x00007ffa7f130000 - 0x00007ffa7f13c000 	C:\Program Files\Android\Android Studio\jbr\bin\vcruntime140_1.dll
0x00007ffa5b240000 - 0x00007ffa5b2cd000 	C:\Program Files\Android\Android Studio\jbr\bin\msvcp140.dll
0x00007ffa304b0000 - 0x00007ffa3111d000 	C:\Program Files\Android\Android Studio\jbr\bin\server\jvm.dll
0x00007ffa84950000 - 0x00007ffa849fe000 	C:\WINDOWS\System32\ADVAPI32.dll
0x00007ffa846b0000 - 0x00007ffa84754000 	C:\WINDOWS\System32\sechost.dll
0x00007ffa84a00000 - 0x00007ffa84b17000 	C:\WINDOWS\System32\RPCRT4.dll
0x00007ffa7a0f0000 - 0x00007ffa7a124000 	C:\WINDOWS\SYSTEM32\WINMM.dll
0x00007ffa7f0b0000 - 0x00007ffa7f0b9000 	C:\WINDOWS\SYSTEM32\WSOCK32.dll
0x00007ffa7a090000 - 0x00007ffa7a09a000 	C:\WINDOWS\SYSTEM32\VERSION.dll
0x00007ffa83bb0000 - 0x00007ffa83c21000 	C:\WINDOWS\System32\WS2_32.dll
0x00007ffa810a0000 - 0x00007ffa810b8000 	C:\WINDOWS\SYSTEM32\kernel.appcore.dll
0x00007ffa7ba30000 - 0x00007ffa7ba3a000 	C:\Program Files\Android\Android Studio\jbr\bin\jimage.dll
0x00007ffa7fb60000 - 0x00007ffa7fd8e000 	C:\WINDOWS\SYSTEM32\DBGHELP.DLL
0x00007ffa84220000 - 0x00007ffa845a9000 	C:\WINDOWS\System32\combase.dll
0x00007ffa83c50000 - 0x00007ffa83d27000 	C:\WINDOWS\System32\OLEAUT32.dll
0x00007ffa6bfa0000 - 0x00007ffa6bfd2000 	C:\WINDOWS\SYSTEM32\dbgcore.DLL
0x00007ffa820c0000 - 0x00007ffa8213b000 	C:\WINDOWS\System32\bcryptPrimitives.dll
0x00007ffa7b9b0000 - 0x00007ffa7b9d5000 	C:\Program Files\Android\Android Studio\jbr\bin\java.dll
0x00007ffa6f880000 - 0x00007ffa6f898000 	C:\Program Files\Android\Android Studio\jbr\bin\zip.dll
0x00007ffa82a30000 - 0x00007ffa8322a000 	C:\WINDOWS\System32\SHELL32.dll
0x00007ffa80050000 - 0x00007ffa8091e000 	C:\WINDOWS\SYSTEM32\windows.storage.dll
0x00007ffa7ff10000 - 0x00007ffa8004e000 	C:\WINDOWS\SYSTEM32\wintypes.dll
0x00007ffa833f0000 - 0x00007ffa834e1000 	C:\WINDOWS\System32\SHCORE.dll
0x00007ffa841c0000 - 0x00007ffa8421e000 	C:\WINDOWS\System32\shlwapi.dll
0x00007ffa81f80000 - 0x00007ffa81fa1000 	C:\WINDOWS\SYSTEM32\profapi.dll
0x00007ffa6f860000 - 0x00007ffa6f879000 	C:\Program Files\Android\Android Studio\jbr\bin\net.dll
0x00007ffa79bf0000 - 0x00007ffa79d27000 	C:\WINDOWS\SYSTEM32\WINHTTP.dll
0x00007ffa81510000 - 0x00007ffa81579000 	C:\WINDOWS\system32\mswsock.dll
0x00007ffa6f840000 - 0x00007ffa6f856000 	C:\Program Files\Android\Android Studio\jbr\bin\nio.dll
0x00007ffa6f830000 - 0x00007ffa6f840000 	C:\Program Files\Android\Android Studio\jbr\bin\verify.dll
0x00007ffa53980000 - 0x00007ffa539a7000 	C:\Users\leana\.gradle\native\68d5fa5c4cc2d200863cafc0d521ce42e7d3e7ee720ec0a83991735586a16f82\windows-amd64\native-platform.dll
0x00007ffa43570000 - 0x00007ffa436b4000 	C:\Users\leana\.gradle\native\e376f236ea51e6404a007f0833ffe2c6e607c4080706a723a18a27aeea778392\windows-amd64\native-platform-file-events.dll
0x00007ffa7b970000 - 0x00007ffa7b979000 	C:\Program Files\Android\Android Studio\jbr\bin\management.dll
0x00007ffa714c0000 - 0x00007ffa714cb000 	C:\Program Files\Android\Android Studio\jbr\bin\management_ext.dll
0x00007ffa83710000 - 0x00007ffa83718000 	C:\WINDOWS\System32\PSAPI.DLL
0x00007ffa81770000 - 0x00007ffa8178b000 	C:\WINDOWS\SYSTEM32\CRYPTSP.dll
0x00007ffa81010000 - 0x00007ffa81045000 	C:\WINDOWS\system32\rsaenh.dll
0x00007ffa81610000 - 0x00007ffa81638000 	C:\WINDOWS\SYSTEM32\USERENV.dll
0x00007ffa81930000 - 0x00007ffa81958000 	C:\WINDOWS\SYSTEM32\bcrypt.dll
0x00007ffa81790000 - 0x00007ffa8179c000 	C:\WINDOWS\SYSTEM32\CRYPTBASE.dll
0x00007ffa80bc0000 - 0x00007ffa80bed000 	C:\WINDOWS\SYSTEM32\IPHLPAPI.DLL
0x00007ffa83720000 - 0x00007ffa83729000 	C:\WINDOWS\System32\NSI.dll
0x00007ffa7a0a0000 - 0x00007ffa7a0b9000 	C:\WINDOWS\SYSTEM32\dhcpcsvc6.DLL
0x00007ffa79260000 - 0x00007ffa7927f000 	C:\WINDOWS\SYSTEM32\dhcpcsvc.DLL
0x00007ffa80bf0000 - 0x00007ffa80ce3000 	C:\WINDOWS\SYSTEM32\DNSAPI.dll
0x00007ffa6f820000 - 0x00007ffa6f828000 	C:\WINDOWS\system32\wshunix.dll

dbghelp: loaded successfully - version: 4.0.5 - missing functions: none
symbol engine: initialized successfully - sym options: 0x614 - pdb path: .;C:\Program Files\Android\Android Studio\jbr\bin;C:\WINDOWS\SYSTEM32;C:\WINDOWS\WinSxS\amd64_microsoft.windows.common-controls_6595b64144ccf1df_6.0.22621.1635_none_270f70857386168e;C:\Program Files\Android\Android Studio\jbr\bin\server;C:\Users\leana\.gradle\native\68d5fa5c4cc2d200863cafc0d521ce42e7d3e7ee720ec0a83991735586a16f82\windows-amd64;C:\Users\leana\.gradle\native\e376f236ea51e6404a007f0833ffe2c6e607c4080706a723a18a27aeea778392\windows-amd64

VM Arguments:
jvm_args: --add-opens=java.base/java.util=ALL-UNNAMED --add-opens=java.base/java.lang=ALL-UNNAMED --add-opens=java.base/java.lang.invoke=ALL-UNNAMED --add-opens=java.prefs/java.util.prefs=ALL-UNNAMED --add-opens=java.base/java.nio.charset=ALL-UNNAMED --add-opens=java.base/java.net=ALL-UNNAMED --add-opens=java.base/java.util.concurrent.atomic=ALL-UNNAMED -Xmx2048m -Dfile.encoding=UTF-8 -Duser.country=CO -Duser.language=es -Duser.variant 
java_command: org.gradle.launcher.daemon.bootstrap.GradleDaemon 7.6
java_class_path (initial): C:\Users\leana\.gradle\wrapper\dists\gradle-7.6-bin\9l9tetv7ltxvx3i8an4pb86ye\gradle-7.6\lib\gradle-launcher-7.6.jar
Launcher Type: SUN_STANDARD

[Global flags]
     intx CICompilerCount                          = 3                                         {product} {ergonomic}
     uint ConcGCThreads                            = 1                                         {product} {ergonomic}
     uint G1ConcRefinementThreads                  = 4                                         {product} {ergonomic}
   size_t G1HeapRegionSize                         = 1048576                                   {product} {ergonomic}
    uintx GCDrainStackTargetSize                   = 64                                        {product} {ergonomic}
   size_t InitialHeapSize                          = 58720256                                  {product} {ergonomic}
   size_t MarkStackSize                            = 4194304                                   {product} {ergonomic}
   size_t MaxHeapSize                              = 2147483648                                {product} {command line}
   size_t MaxNewSize                               = 1287651328                                {product} {ergonomic}
   size_t MinHeapDeltaBytes                        = 1048576                                   {product} {ergonomic}
   size_t MinHeapSize                              = 8388608                                   {product} {ergonomic}
    uintx NonNMethodCodeHeapSize                   = 5832780                                {pd product} {ergonomic}
    uintx NonProfiledCodeHeapSize                  = 122912730                              {pd product} {ergonomic}
    uintx ProfiledCodeHeapSize                     = 122912730                              {pd product} {ergonomic}
    uintx ReservedCodeCacheSize                    = 251658240                              {pd product} {ergonomic}
     bool SegmentedCodeCache                       = true                                      {product} {ergonomic}
   size_t SoftMaxHeapSize                          = 2147483648                             {manageable} {ergonomic}
     bool UseCompressedClassPointers               = true                           {product lp64_product} {ergonomic}
     bool UseCompressedOops                        = true                           {product lp64_product} {ergonomic}
     bool UseG1GC                                  = true                                      {product} {ergonomic}
     bool UseLargePagesIndividualAllocation        = false                                  {pd product} {ergonomic}

Logging:
Log output configuration:
 #0: stdout all=warning uptime,level,tags
 #1: stderr all=off uptime,level,tags

Environment Variables:
PATH=C:\Python311\Scripts\;C:\Python311\;C:\WINDOWS\system32;C:\WINDOWS;C:\WINDOWS\System32\Wbem;C:\WINDOWS\System32\WindowsPowerShell\v1.0\;C:\WINDOWS\System32\OpenSSH\;C:\Program Files\dotnet\;C:\ProgramData\chocolatey\bin;C:\Program Files\Git\cmd;C:\Program Files\Git\get;C:\Users\leana\AppData\Roaming\nvm;C:\Program Files\nodejs;C:\Program Files\MySQL\MySQL Shell 8.0\bin\;C:\Users\leana\AppData\Local\Microsoft\WindowsApps;C:\Users\leana\AppData\Local\Programs\Microsoft VS Code\bin;C:\Users\leana\.dotnet\tools;C:\Users\leana\AppData\Roaming\npm;C:\Users\leana\AppData\Roaming\nvm;C:\Program Files\nodejs
USERNAME=leana
OS=Windows_NT
PROCESSOR_IDENTIFIER=AMD64 Family 23 Model 24 Stepping 1, AuthenticAMD
TMP=C:\Users\leana\AppData\Local\Temp
TEMP=C:\Users\leana\AppData\Local\Temp



---------------  S Y S T E M  ---------------

OS:
 Windows 11 , 64 bit Build 22621 (10.0.22621.1778)
OS uptime: 2 days 1:06 hours

CPU: total 4 (initial active 4) (4 cores per cpu, 2 threads per core) family 23 model 24 stepping 1 microcode 0x0, cx8, cmov, fxsr, ht, mmx, 3dnowpref, sse, sse2, sse3, ssse3, sse4a, sse4.1, sse4.2, popcnt, lzcnt, tsc, tscinvbit, avx, avx2, aes, clmul, bmi1, bmi2, adx, sha, fma, vzeroupper, clflush, clflushopt

Memory: 4k page, system-wide physical 3521M (240M free)
TotalPageFile size 14273M (AvailPageFile size 19M)
current process WorkingSet (physical memory assigned to process): 254M, peak: 257M
current process commit charge ("private bytes"): 303M, peak: 321M

vm_info: OpenJDK 64-Bit Server VM (17.0.6+0-b2043.56-9586694) for windows-amd64 JRE (17.0.6+0-b2043.56-9586694), built on Feb  9 2023 20:06:20 by "androidbuild" with MS VC++ 16.10 / 16.11 (VS2019)

END.
