#
# There is insufficient memory for the Java Runtime Environment to continue.
# Native memory allocation (malloc) failed to allocate 1238736 bytes for Chunk::new
# Possible reasons:
#   The system is out of physical RAM or swap space
#   The process is running with CompressedOops enabled, and the Java Heap may be blocking the growth of the native heap
# Possible solutions:
#   Reduce memory load on the system
#   Increase physical memory or swap space
#   Check if swap backing store is full
#   Decrease Java heap size (-Xmx/-Xms)
#   Decrease number of Java threads
#   Decrease Java thread stack sizes (-Xss)
#   Set larger code cache with -XX:ReservedCodeCacheSize=
#   JVM is running with Unscaled Compressed Oops mode in which the Java heap is
#     placed in the first 4GB address space. The Java Heap base address is the
#     maximum limit for the native heap growth. Please use -XX:HeapBaseMinAddress
#     to set the Java Heap base and to place the Java Heap above 4GB virtual address.
# This output file may be truncated or incomplete.
#
#  Out of Memory Error (arena.cpp:189), pid=14956, tid=4720
#
# JRE version: OpenJDK Runtime Environment (17.0.6) (build 17.0.6+0-b2043.56-9586694)
# Java VM: OpenJDK 64-Bit Server VM (17.0.6+0-b2043.56-9586694, mixed mode, tiered, compressed oops, compressed class ptrs, g1 gc, windows-amd64)
# No core dump will be written. Minidumps are not enabled by default on client versions of Windows
#

---------------  S U M M A R Y ------------

Command Line: --add-opens=java.base/java.util=ALL-UNNAMED --add-opens=java.base/java.lang=ALL-UNNAMED --add-opens=java.base/java.lang.invoke=ALL-UNNAMED --add-opens=java.prefs/java.util.prefs=ALL-UNNAMED --add-opens=java.base/java.nio.charset=ALL-UNNAMED --add-opens=java.base/java.net=ALL-UNNAMED --add-opens=java.base/java.util.concurrent.atomic=ALL-UNNAMED -Xmx2048m -Dfile.encoding=UTF-8 -Duser.country=CO -Duser.language=es -Duser.variant org.gradle.launcher.daemon.bootstrap.GradleDaemon 7.6

Host: AMD Ryzen 3 3250U with Radeon Graphics         , 4 cores, 3G,  Windows 11 , 64 bit Build 22621 (10.0.22621.1778)
Time: Mon Jun 26 10:39:04 2023 Hora est. Pacífico, Sudamérica elapsed time: 90.239201 seconds (0d 0h 1m 30s)

---------------  T H R E A D  ---------------

Current thread (0x000002827d40efa0):  JavaThread "C2 CompilerThread0" daemon [_thread_in_native, id=4720, stack(0x0000008933d00000,0x0000008933e00000)]


Current CompileTask:
C2:  90239 2866   !   4       java.lang.reflect.Executable::declaredAnnotations (85 bytes)

Stack: [0x0000008933d00000,0x0000008933e00000]
Native frames: (J=compiled Java code, j=interpreted, Vv=VM code, C=native code)
V  [jvm.dll+0x683b4a]
V  [jvm.dll+0x842654]
V  [jvm.dll+0x843dfe]
V  [jvm.dll+0x844463]
V  [jvm.dll+0x249b75]
V  [jvm.dll+0xabcac]
V  [jvm.dll+0xac27c]
V  [jvm.dll+0x368802]
V  [jvm.dll+0x332f31]
V  [jvm.dll+0x3323da]
V  [jvm.dll+0x21c201]
V  [jvm.dll+0x21b621]
V  [jvm.dll+0x1a4fdd]
V  [jvm.dll+0x22b098]
V  [jvm.dll+0x229159]
V  [jvm.dll+0x7f809c]
V  [jvm.dll+0x7f25fa]
V  [jvm.dll+0x682985]
C  [ucrtbase.dll+0x29363]
C  [KERNEL32.DLL+0x126ad]
C  [ntdll.dll+0x5a9f8]


---------------  P R O C E S S  ---------------

Threads class SMR info:
_java_thread_list=0x000002820f8b5720, length=35, elements={
0x00000282704e8f40, 0x000002827ca306a0, 0x000002827ca314d0, 0x000002827d408190,
0x000002827d40ad50, 0x000002827d40b900, 0x000002827d40e2c0, 0x000002827d40efa0,
0x000002827d449850, 0x000002827ca9d750, 0x000002827d57d300, 0x000002827d57fbf0,
0x000002827ed398f0, 0x000002827d7d21c0, 0x000002820f4ad010, 0x000002827d5b42b0,
0x000002827d5b4b50, 0x000002827e1219d0, 0x000002827e1249f0, 0x000002827e124520,
0x000002827e124050, 0x000002827e124ec0, 0x000002827e123b80, 0x000002827e121ea0,
0x000002827e125390, 0x000002827e122370, 0x000002827e122d10, 0x000002827e1231e0,
0x000002827e1236b0, 0x000002820f8ef3d0, 0x000002820f8f3c00, 0x000002820f8f0240,
0x000002820f8f5410, 0x000002820f8f40d0, 0x000002820f8eef00
}

Java Threads: ( => current thread )
  0x00000282704e8f40 JavaThread "main" [_thread_blocked, id=15068, stack(0x0000008932e00000,0x0000008932f00000)]
  0x000002827ca306a0 JavaThread "Reference Handler" daemon [_thread_blocked, id=15328, stack(0x0000008933600000,0x0000008933700000)]
  0x000002827ca314d0 JavaThread "Finalizer" daemon [_thread_blocked, id=15332, stack(0x0000008933700000,0x0000008933800000)]
  0x000002827d408190 JavaThread "Signal Dispatcher" daemon [_thread_blocked, id=15348, stack(0x0000008933900000,0x0000008933a00000)]
  0x000002827d40ad50 JavaThread "Attach Listener" daemon [_thread_blocked, id=15352, stack(0x0000008933a00000,0x0000008933b00000)]
  0x000002827d40b900 JavaThread "Service Thread" daemon [_thread_blocked, id=15356, stack(0x0000008933b00000,0x0000008933c00000)]
  0x000002827d40e2c0 JavaThread "Monitor Deflation Thread" daemon [_thread_blocked, id=12800, stack(0x0000008933c00000,0x0000008933d00000)]
=>0x000002827d40efa0 JavaThread "C2 CompilerThread0" daemon [_thread_in_native, id=4720, stack(0x0000008933d00000,0x0000008933e00000)]
  0x000002827d449850 JavaThread "C1 CompilerThread0" daemon [_thread_blocked, id=9716, stack(0x0000008933e00000,0x0000008933f00000)]
  0x000002827ca9d750 JavaThread "Sweeper thread" daemon [_thread_blocked, id=3992, stack(0x0000008933f00000,0x0000008934000000)]
  0x000002827d57d300 JavaThread "Common-Cleaner" daemon [_thread_blocked, id=4496, stack(0x0000008934000000,0x0000008934100000)]
  0x000002827d57fbf0 JavaThread "Notification Thread" daemon [_thread_blocked, id=14716, stack(0x0000008934100000,0x0000008934200000)]
  0x000002827ed398f0 JavaThread "Daemon health stats" [_thread_blocked, id=16216, stack(0x0000008934600000,0x0000008934700000)]
  0x000002827d7d21c0 JavaThread "Incoming local TCP Connector on port 57460" [_thread_in_native, id=16380, stack(0x0000008932d00000,0x0000008932e00000)]
  0x000002820f4ad010 JavaThread "Daemon periodic checks" [_thread_blocked, id=8204, stack(0x0000008933800000,0x0000008933900000)]
  0x000002827d5b42b0 JavaThread "Daemon" [_thread_blocked, id=9388, stack(0x0000008934700000,0x0000008934800000)]
  0x000002827d5b4b50 JavaThread "Handler for socket connection from /127.0.0.1:57460 to /127.0.0.1:57467" [_thread_in_native, id=11576, stack(0x0000008934800000,0x0000008934900000)]
  0x000002827e1219d0 JavaThread "Cancel handler" [_thread_blocked, id=4104, stack(0x0000008934900000,0x0000008934a00000)]
  0x000002827e1249f0 JavaThread "Daemon worker" [_thread_in_native, id=13204, stack(0x0000008934a00000,0x0000008934b00000)]
  0x000002827e124520 JavaThread "Asynchronous log dispatcher for DefaultDaemonConnection: socket connection from /127.0.0.1:57460 to /127.0.0.1:57467" [_thread_blocked, id=2928, stack(0x0000008934b00000,0x0000008934c00000)]
  0x000002827e124050 JavaThread "Stdin handler" [_thread_blocked, id=12904, stack(0x0000008934c00000,0x0000008934d00000)]
  0x000002827e124ec0 JavaThread "Daemon client event forwarder" [_thread_blocked, id=736, stack(0x0000008934d00000,0x0000008934e00000)]
  0x000002827e123b80 JavaThread "Cache worker for journal cache (C:\Users\leana\.gradle\caches\journal-1)" [_thread_blocked, id=15044, stack(0x0000008934e00000,0x0000008934f00000)]
  0x000002827e121ea0 JavaThread "File lock request listener" [_thread_in_native, id=13544, stack(0x0000008934f00000,0x0000008935000000)]
  0x000002827e125390 JavaThread "File lock release action executor" [_thread_blocked, id=14252, stack(0x0000008935000000,0x0000008935100000)]
  0x000002827e122370 JavaThread "Cache worker for file hash cache (C:\Users\leana\.gradle\caches\7.6\fileHashes)" [_thread_blocked, id=14696, stack(0x0000008935100000,0x0000008935200000)]
  0x000002827e122d10 JavaThread "File watcher server" daemon [_thread_in_native, id=15692, stack(0x0000008935400000,0x0000008935500000)]
  0x000002827e1231e0 JavaThread "File watcher consumer" daemon [_thread_blocked, id=15700, stack(0x0000008935500000,0x0000008935600000)]
  0x000002827e1236b0 JavaThread "Cache worker for checksums cache (C:\Users\leana\AndroidStudioProjects\ProcexApp2\.gradle\7.6\checksums)" [_thread_blocked, id=832, stack(0x0000008935600000,0x0000008935700000)]
  0x000002820f8ef3d0 JavaThread "Cache worker for cache directory md-rule (C:\Users\leana\.gradle\caches\7.6\md-rule)" [_thread_blocked, id=15628, stack(0x0000008935700000,0x0000008935800000)]
  0x000002820f8f3c00 JavaThread "Cache worker for file content cache (C:\Users\leana\.gradle\caches\7.6\fileContent)" [_thread_blocked, id=2124, stack(0x0000008935800000,0x0000008935900000)]
  0x000002820f8f0240 JavaThread "Cache worker for file hash cache (C:\Users\leana\AndroidStudioProjects\ProcexApp2\.gradle\7.6\fileHashes)" [_thread_blocked, id=9172, stack(0x0000008935900000,0x0000008935a00000)]
  0x000002820f8f5410 JavaThread "Cache worker for cache directory md-supplier (C:\Users\leana\.gradle\caches\7.6\md-supplier)" [_thread_blocked, id=15768, stack(0x0000008935a00000,0x0000008935b00000)]
  0x000002820f8f40d0 JavaThread "File lock release action executor Thread 2" [_thread_blocked, id=15752, stack(0x0000008932f00000,0x0000008933000000)]
  0x000002820f8eef00 JavaThread "Cache worker for execution history cache (C:\Users\leana\.gradle\caches\7.6\executionHistory)" [_thread_blocked, id=15712, stack(0x0000008935b00000,0x0000008935c00000)]

Other Threads:
  0x000002827ca2b650 VMThread "VM Thread" [stack: 0x0000008933500000,0x0000008933600000] [id=15264]
  0x000002827d5820d0 WatcherThread [stack: 0x0000008934200000,0x0000008934300000] [id=9572]
  0x0000028270543430 GCTaskThread "GC Thread#0" [stack: 0x0000008933000000,0x0000008933100000] [id=15208]
  0x000002827d4f3a60 GCTaskThread "GC Thread#1" [stack: 0x0000008934300000,0x0000008934400000] [id=15520]
  0x000002827d76abe0 GCTaskThread "GC Thread#2" [stack: 0x0000008934400000,0x0000008934500000] [id=15528]
  0x000002827e2b9c90 GCTaskThread "GC Thread#3" [stack: 0x0000008934500000,0x0000008934600000] [id=15820]
  0x0000028270554370 ConcurrentGCThread "G1 Main Marker" [stack: 0x0000008933100000,0x0000008933200000] [id=15212]
  0x0000028270554d80 ConcurrentGCThread "G1 Conc#0" [stack: 0x0000008933200000,0x0000008933300000] [id=15216]
  0x000002827058f980 ConcurrentGCThread "G1 Refine#0" [stack: 0x0000008933300000,0x0000008933400000] [id=15220]
  0x00000282705903a0 ConcurrentGCThread "G1 Service" [stack: 0x0000008933400000,0x0000008933500000] [id=15224]

Threads with active compile tasks:
C2 CompilerThread0    90308 2866   !   4       java.lang.reflect.Executable::declaredAnnotations (85 bytes)

VM state: not at safepoint (normal execution)

VM Mutex/Monitor currently owned by a thread: None

Heap address: 0x0000000080000000, size: 2048 MB, Compressed Oops mode: 32-bit

CDS archive(s) not mapped
Compressed class space mapped at: 0x0000000100000000-0x0000000140000000, reserved size: 1073741824
Narrow klass base: 0x0000000000000000, Narrow klass shift: 3, Narrow klass range: 0x140000000

GC Precious Log:
 CPUs: 4 total, 4 available
 Memory: 3521M
 Large Page Support: Disabled
 NUMA Support: Disabled
 Compressed Oops: Enabled (32-bit)
 Heap Region Size: 1M
 Heap Min Capacity: 8M
 Heap Initial Capacity: 56M
 Heap Max Capacity: 2G
 Pre-touch: Disabled
 Parallel Workers: 4
 Concurrent Workers: 1
 Concurrent Refinement Workers: 4
 Periodic GC: Disabled

Heap:
 garbage-first heap   total 57344K, used 29387K [0x0000000080000000, 0x0000000100000000)
  region size 1024K, 12 young (12288K), 3 survivors (3072K)
 Metaspace       used 32953K, committed 33280K, reserved 1081344K
  class space    used 4547K, committed 4672K, reserved 1048576K

Heap Regions: E=young(eden), S=young(survivor), O=old, HS=humongous(starts), HC=humongous(continues), CS=collection set, F=free, OA=open archive, CA=closed archive, TAMS=top-at-mark-start (previous, next)
|   0|0x0000000080000000, 0x0000000080100000, 0x0000000080100000|100%| O|  |TAMS 0x0000000080100000, 0x0000000080000000| Untracked 
|   1|0x0000000080100000, 0x0000000080100000, 0x0000000080200000|  0%| F|  |TAMS 0x0000000080100000, 0x0000000080100000| Untracked 
|   2|0x0000000080200000, 0x0000000080300000, 0x0000000080300000|100%|HS|  |TAMS 0x0000000080300000, 0x0000000080200000| Complete 
|   3|0x0000000080300000, 0x0000000080400000, 0x0000000080400000|100%|HC|  |TAMS 0x0000000080400000, 0x0000000080300000| Complete 
|   4|0x0000000080400000, 0x0000000080500000, 0x0000000080500000|100%|HC|  |TAMS 0x0000000080500000, 0x0000000080400000| Complete 
|   5|0x0000000080500000, 0x0000000080600000, 0x0000000080600000|100%| O|  |TAMS 0x0000000080600000, 0x0000000080500000| Untracked 
|   6|0x0000000080600000, 0x0000000080700000, 0x0000000080700000|100%| O|  |TAMS 0x0000000080700000, 0x0000000080600000| Untracked 
|   7|0x0000000080700000, 0x0000000080800000, 0x0000000080800000|100%| O|  |TAMS 0x0000000080800000, 0x0000000080700000| Untracked 
|   8|0x0000000080800000, 0x0000000080900000, 0x0000000080900000|100%| O|  |TAMS 0x0000000080900000, 0x0000000080800000| Untracked 
|   9|0x0000000080900000, 0x0000000080a00000, 0x0000000080a00000|100%| O|  |TAMS 0x0000000080a00000, 0x0000000080900000| Untracked 
|  10|0x0000000080a00000, 0x0000000080b00000, 0x0000000080b00000|100%| O|  |TAMS 0x0000000080a00000, 0x0000000080a00000| Untracked 
|  11|0x0000000080b00000, 0x0000000080c00000, 0x0000000080c00000|100%| O|  |TAMS 0x0000000080c00000, 0x0000000080b00000| Untracked 
|  12|0x0000000080c00000, 0x0000000080d00000, 0x0000000080d00000|100%| O|  |TAMS 0x0000000080d00000, 0x0000000080c00000| Untracked 
|  13|0x0000000080d00000, 0x0000000080e00000, 0x0000000080e00000|100%| O|  |TAMS 0x0000000080d1ba00, 0x0000000080d00000| Untracked 
|  14|0x0000000080e00000, 0x0000000080f00000, 0x0000000080f00000|100%| O|  |TAMS 0x0000000080e00000, 0x0000000080e00000| Untracked 
|  15|0x0000000080f00000, 0x0000000081000000, 0x0000000081000000|100%| O|  |TAMS 0x0000000080f00000, 0x0000000080f00000| Untracked 
|  16|0x0000000081000000, 0x0000000081100000, 0x0000000081100000|100%| O|  |TAMS 0x0000000081000000, 0x0000000081000000| Untracked 
|  17|0x0000000081100000, 0x0000000081200000, 0x0000000081200000|100%| O|  |TAMS 0x0000000081100000, 0x0000000081100000| Untracked 
|  18|0x0000000081200000, 0x0000000081300000, 0x0000000081300000|100%| O|  |TAMS 0x0000000081200000, 0x0000000081200000| Untracked 
|  19|0x0000000081300000, 0x0000000081358200, 0x0000000081400000| 34%| O|  |TAMS 0x0000000081300000, 0x0000000081300000| Untracked 
|  20|0x0000000081400000, 0x0000000081400000, 0x0000000081500000|  0%| F|  |TAMS 0x0000000081400000, 0x0000000081400000| Untracked 
|  21|0x0000000081500000, 0x0000000081500000, 0x0000000081600000|  0%| F|  |TAMS 0x0000000081500000, 0x0000000081500000| Untracked 
|  22|0x0000000081600000, 0x0000000081600000, 0x0000000081700000|  0%| F|  |TAMS 0x0000000081600000, 0x0000000081600000| Untracked 
|  23|0x0000000081700000, 0x0000000081700000, 0x0000000081800000|  0%| F|  |TAMS 0x0000000081700000, 0x0000000081700000| Untracked 
|  24|0x0000000081800000, 0x0000000081800000, 0x0000000081900000|  0%| F|  |TAMS 0x0000000081800000, 0x0000000081800000| Untracked 
|  25|0x0000000081900000, 0x0000000081900000, 0x0000000081a00000|  0%| F|  |TAMS 0x0000000081900000, 0x0000000081900000| Untracked 
|  26|0x0000000081a00000, 0x0000000081a00000, 0x0000000081b00000|  0%| F|  |TAMS 0x0000000081a00000, 0x0000000081a00000| Untracked 
|  27|0x0000000081b00000, 0x0000000081b00000, 0x0000000081c00000|  0%| F|  |TAMS 0x0000000081b00000, 0x0000000081b00000| Untracked 
|  28|0x0000000081c00000, 0x0000000081c00000, 0x0000000081d00000|  0%| F|  |TAMS 0x0000000081c00000, 0x0000000081c00000| Untracked 
|  29|0x0000000081d00000, 0x0000000081d00000, 0x0000000081e00000|  0%| F|  |TAMS 0x0000000081d00000, 0x0000000081d00000| Untracked 
|  30|0x0000000081e00000, 0x0000000081e5ac30, 0x0000000081f00000| 35%| S|CS|TAMS 0x0000000081e00000, 0x0000000081e00000| Complete 
|  31|0x0000000081f00000, 0x0000000082000000, 0x0000000082000000|100%| S|CS|TAMS 0x0000000081f00000, 0x0000000081f00000| Complete 
|  32|0x0000000082000000, 0x0000000082000000, 0x0000000082100000|  0%| F|  |TAMS 0x0000000082000000, 0x0000000082000000| Untracked 
|  33|0x0000000082100000, 0x0000000082100000, 0x0000000082200000|  0%| F|  |TAMS 0x0000000082100000, 0x0000000082100000| Untracked 
|  34|0x0000000082200000, 0x0000000082300000, 0x0000000082300000|100%| S|CS|TAMS 0x0000000082200000, 0x0000000082200000| Complete 
|  35|0x0000000082300000, 0x0000000082300000, 0x0000000082400000|  0%| F|  |TAMS 0x0000000082300000, 0x0000000082300000| Untracked 
|  36|0x0000000082400000, 0x0000000082400000, 0x0000000082500000|  0%| F|  |TAMS 0x0000000082400000, 0x0000000082400000| Untracked 
|  37|0x0000000082500000, 0x0000000082500000, 0x0000000082600000|  0%| F|  |TAMS 0x0000000082500000, 0x0000000082500000| Untracked 
|  38|0x0000000082600000, 0x0000000082600000, 0x0000000082700000|  0%| F|  |TAMS 0x0000000082600000, 0x0000000082600000| Untracked 
|  39|0x0000000082700000, 0x0000000082700000, 0x0000000082800000|  0%| F|  |TAMS 0x0000000082700000, 0x0000000082700000| Untracked 
|  40|0x0000000082800000, 0x0000000082800000, 0x0000000082900000|  0%| F|  |TAMS 0x0000000082800000, 0x0000000082800000| Untracked 
|  41|0x0000000082900000, 0x0000000082900000, 0x0000000082a00000|  0%| F|  |TAMS 0x0000000082900000, 0x0000000082900000| Untracked 
|  42|0x0000000082a00000, 0x0000000082a00000, 0x0000000082b00000|  0%| F|  |TAMS 0x0000000082a00000, 0x0000000082a00000| Untracked 
|  43|0x0000000082b00000, 0x0000000082b00000, 0x0000000082c00000|  0%| F|  |TAMS 0x0000000082b00000, 0x0000000082b00000| Untracked 
|  44|0x0000000082c00000, 0x0000000082c00000, 0x0000000082d00000|  0%| F|  |TAMS 0x0000000082c00000, 0x0000000082c00000| Untracked 
|  45|0x0000000082d00000, 0x0000000082d00000, 0x0000000082e00000|  0%| F|  |TAMS 0x0000000082d00000, 0x0000000082d00000| Untracked 
|  46|0x0000000082e00000, 0x0000000082e00000, 0x0000000082f00000|  0%| F|  |TAMS 0x0000000082e00000, 0x0000000082e00000| Untracked 
|  47|0x0000000082f00000, 0x0000000082fc3928, 0x0000000083000000| 76%| E|  |TAMS 0x0000000082f00000, 0x0000000082f00000| Complete 
|  48|0x0000000083000000, 0x0000000083100000, 0x0000000083100000|100%| E|CS|TAMS 0x0000000083000000, 0x0000000083000000| Complete 
|  49|0x0000000083100000, 0x0000000083200000, 0x0000000083200000|100%| E|CS|TAMS 0x0000000083100000, 0x0000000083100000| Complete 
|  50|0x0000000083200000, 0x0000000083300000, 0x0000000083300000|100%| E|CS|TAMS 0x0000000083200000, 0x0000000083200000| Complete 
|  51|0x0000000083300000, 0x0000000083400000, 0x0000000083400000|100%| E|CS|TAMS 0x0000000083300000, 0x0000000083300000| Complete 
|  52|0x0000000083400000, 0x0000000083500000, 0x0000000083500000|100%| E|CS|TAMS 0x0000000083400000, 0x0000000083400000| Complete 
|  53|0x0000000083500000, 0x0000000083600000, 0x0000000083600000|100%| E|CS|TAMS 0x0000000083500000, 0x0000000083500000| Complete 
|  54|0x0000000083600000, 0x0000000083700000, 0x0000000083700000|100%| E|CS|TAMS 0x0000000083600000, 0x0000000083600000| Complete 
|  55|0x0000000083700000, 0x0000000083800000, 0x0000000083800000|100%| E|CS|TAMS 0x0000000083700000, 0x0000000083700000| Complete 

Card table byte_map: [0x0000028275bf0000,0x0000028275ff0000] _byte_map_base: 0x00000282757f0000

Marking Bits (Prev, Next): (CMBitMap*) 0x0000028270543a80, (CMBitMap*) 0x0000028270543a40
 Prev Bits: [0x00000282783f0000, 0x000002827a3f0000)
 Next Bits: [0x00000282763f0000, 0x00000282783f0000)

Polling page: 0x00000282705b0000

Metaspace:

Usage:
  Non-class:     27.74 MB used.
      Class:      4.44 MB used.
       Both:     32.18 MB used.

Virtual space:
  Non-class space:       32.00 MB reserved,      27.94 MB ( 87%) committed,  4 nodes.
      Class space:        1.00 GB reserved,       4.56 MB ( <1%) committed,  1 nodes.
             Both:        1.03 GB reserved,      32.50 MB (  3%) committed. 

Chunk freelists:
   Non-Class:  3.78 MB
       Class:  3.41 MB
        Both:  7.19 MB

MaxMetaspaceSize: unlimited
CompressedClassSpaceSize: 1.00 GB
Initial GC threshold: 21.00 MB
Current GC threshold: 35.25 MB
CDS: off
MetaspaceReclaimPolicy: balanced
 - commit_granule_bytes: 65536.
 - commit_granule_words: 8192.
 - virtual_space_node_default_size: 1048576.
 - enlarge_chunks_in_place: 1.
 - new_chunks_are_fully_committed: 0.
 - uncommit_free_chunks: 1.
 - use_allocation_guard: 0.
 - handle_deallocations: 1.


Internal statistics:

num_allocs_failed_limit: 3.
num_arena_births: 238.
num_arena_deaths: 0.
num_vsnodes_births: 5.
num_vsnodes_deaths: 0.
num_space_committed: 520.
num_space_uncommitted: 0.
num_chunks_returned_to_freelist: 3.
num_chunks_taken_from_freelist: 1141.
num_chunk_merges: 3.
num_chunk_splits: 749.
num_chunks_enlarged: 553.
num_purges: 0.
num_inconsistent_stats: 0.

CodeHeap 'non-profiled nmethods': size=120000Kb used=1516Kb max_used=1516Kb free=118483Kb
 bounds [0x0000028207ad0000, 0x0000028207d40000, 0x000002820f000000]
CodeHeap 'profiled nmethods': size=120000Kb used=5926Kb max_used=5926Kb free=114073Kb
 bounds [0x0000028200000000, 0x00000282005d0000, 0x0000028207530000]
CodeHeap 'non-nmethods': size=5760Kb used=1233Kb max_used=1268Kb free=4526Kb
 bounds [0x0000028207530000, 0x00000282077a0000, 0x0000028207ad0000]
 total_blobs=3428 nmethods=2884 adapters=456
 compilation: enabled
              stopped_count=0, restarted_count=0
 full_count=0

Compilation events (20 events):
Event: 90.003 Thread 0x000002827d449850 2885       3       org.objectweb.asm.MethodWriter::putFrame (549 bytes)
Event: 90.005 Thread 0x000002827d449850 nmethod 2885 0x00000282005c2790 code [0x00000282005c2be0, 0x00000282005c46d8]
Event: 90.006 Thread 0x000002827d449850 2886       3       org.gradle.model.internal.asm.MethodVisitorScope::_IRETURN_OF (12 bytes)
Event: 90.006 Thread 0x000002827d449850 nmethod 2886 0x00000282005c5310 code [0x00000282005c54c0, 0x00000282005c5778]
Event: 90.007 Thread 0x000002827d449850 2887       3       org.gradle.model.internal.asm.ClassVisitorScope::publicMethod (9 bytes)
Event: 90.007 Thread 0x000002827d449850 nmethod 2887 0x00000282005c5890 code [0x00000282005c5a40, 0x00000282005c5c08]
Event: 90.008 Thread 0x000002827d449850 2888       3       org.objectweb.asm.SymbolTable::addTypeInternal (85 bytes)
Event: 90.008 Thread 0x000002827d449850 nmethod 2888 0x00000282005c5d10 code [0x00000282005c5ee0, 0x00000282005c64f8]
Event: 90.032 Thread 0x000002827d449850 2890       3       org.gradle.internal.instantiation.generator.AbstractClassGenerator$PropertyMetadata::getType (34 bytes)
Event: 90.034 Thread 0x000002827d449850 nmethod 2890 0x00000282005c6690 code [0x00000282005c6880, 0x00000282005c6e78]
Event: 90.037 Thread 0x000002827d449850 2891       3       org.gradle.model.internal.asm.MethodVisitorScope::_INVOKEVIRTUAL (12 bytes)
Event: 90.038 Thread 0x000002827d449850 nmethod 2891 0x00000282005c7090 code [0x00000282005c7220, 0x00000282005c7388]
Event: 90.047 Thread 0x000002827d449850 2892       3       org.gradle.internal.service.DefaultServiceRegistry::unwrap (75 bytes)
Event: 90.048 Thread 0x000002827d449850 nmethod 2892 0x00000282005c7490 code [0x00000282005c76e0, 0x00000282005c83f8]
Event: 90.207 Thread 0x000002827d449850 2893       3       java.util.Collections::singletonIterator (9 bytes)
Event: 90.207 Thread 0x000002827d449850 nmethod 2893 0x00000282005c8690 code [0x00000282005c8840, 0x00000282005c8a98]
Event: 90.208 Thread 0x000002827d449850 2894       3       java.util.Collections$1::next (25 bytes)
Event: 90.208 Thread 0x000002827d449850 nmethod 2894 0x00000282005c8b90 code [0x00000282005c8d40, 0x00000282005c8f68]
Event: 90.217 Thread 0x000002827d449850 2895       3       java.lang.reflect.Constructor::getParameterTypes (11 bytes)
Event: 90.218 Thread 0x000002827d449850 nmethod 2895 0x00000282005c9090 code [0x00000282005c9240, 0x00000282005c94e8]

GC Heap History (18 events):
Event: 15.419 GC heap before
{Heap before GC invocations=0 (full 0):
 garbage-first heap   total 57344K, used 12288K [0x0000000080000000, 0x0000000100000000)
  region size 1024K, 13 young (13312K), 0 survivors (0K)
 Metaspace       used 7082K, committed 7232K, reserved 1056768K
  class space    used 608K, committed 704K, reserved 1048576K
}
Event: 15.706 GC heap after
{Heap after GC invocations=1 (full 0):
 garbage-first heap   total 57344K, used 3659K [0x0000000080000000, 0x0000000100000000)
  region size 1024K, 2 young (2048K), 2 survivors (2048K)
 Metaspace       used 7082K, committed 7232K, reserved 1056768K
  class space    used 608K, committed 704K, reserved 1048576K
}
Event: 25.303 GC heap before
{Heap before GC invocations=1 (full 0):
 garbage-first heap   total 57344K, used 21067K [0x0000000080000000, 0x0000000100000000)
  region size 1024K, 17 young (17408K), 2 survivors (2048K)
 Metaspace       used 11100K, committed 11264K, reserved 1064960K
  class space    used 1163K, committed 1280K, reserved 1048576K
}
Event: 25.317 GC heap after
{Heap after GC invocations=2 (full 0):
 garbage-first heap   total 57344K, used 9487K [0x0000000080000000, 0x0000000100000000)
  region size 1024K, 3 young (3072K), 3 survivors (3072K)
 Metaspace       used 11100K, committed 11264K, reserved 1064960K
  class space    used 1163K, committed 1280K, reserved 1048576K
}
Event: 33.600 GC heap before
{Heap before GC invocations=2 (full 0):
 garbage-first heap   total 57344K, used 26895K [0x0000000080000000, 0x0000000100000000)
  region size 1024K, 20 young (20480K), 3 survivors (3072K)
 Metaspace       used 11171K, committed 11328K, reserved 1064960K
  class space    used 1164K, committed 1280K, reserved 1048576K
}
Event: 33.614 GC heap after
{Heap after GC invocations=3 (full 0):
 garbage-first heap   total 57344K, used 10070K [0x0000000080000000, 0x0000000100000000)
  region size 1024K, 1 young (1024K), 1 survivors (1024K)
 Metaspace       used 11171K, committed 11328K, reserved 1064960K
  class space    used 1164K, committed 1280K, reserved 1048576K
}
Event: 66.216 GC heap before
{Heap before GC invocations=3 (full 0):
 garbage-first heap   total 57344K, used 37718K [0x0000000080000000, 0x0000000100000000)
  region size 1024K, 28 young (28672K), 1 survivors (1024K)
 Metaspace       used 17865K, committed 18112K, reserved 1064960K
  class space    used 2063K, committed 2176K, reserved 1048576K
}
Event: 66.286 GC heap after
{Heap after GC invocations=4 (full 0):
 garbage-first heap   total 57344K, used 16494K [0x0000000080000000, 0x0000000100000000)
  region size 1024K, 4 young (4096K), 4 survivors (4096K)
 Metaspace       used 17865K, committed 18112K, reserved 1064960K
  class space    used 2063K, committed 2176K, reserved 1048576K
}
Event: 74.204 GC heap before
{Heap before GC invocations=4 (full 0):
 garbage-first heap   total 57344K, used 32878K [0x0000000080000000, 0x0000000100000000)
  region size 1024K, 22 young (22528K), 4 survivors (4096K)
 Metaspace       used 21342K, committed 21504K, reserved 1073152K
  class space    used 2587K, committed 2688K, reserved 1048576K
}
Event: 74.227 GC heap after
{Heap after GC invocations=5 (full 0):
 garbage-first heap   total 57344K, used 17903K [0x0000000080000000, 0x0000000100000000)
  region size 1024K, 2 young (2048K), 2 survivors (2048K)
 Metaspace       used 21342K, committed 21504K, reserved 1073152K
  class space    used 2587K, committed 2688K, reserved 1048576K
}
Event: 79.898 GC heap before
{Heap before GC invocations=6 (full 0):
 garbage-first heap   total 57344K, used 38383K [0x0000000080000000, 0x0000000100000000)
  region size 1024K, 22 young (22528K), 2 survivors (2048K)
 Metaspace       used 24595K, committed 24896K, reserved 1073152K
  class space    used 3185K, committed 3328K, reserved 1048576K
}
Event: 79.904 GC heap after
{Heap after GC invocations=7 (full 0):
 garbage-first heap   total 57344K, used 19110K [0x0000000080000000, 0x0000000100000000)
  region size 1024K, 3 young (3072K), 3 survivors (3072K)
 Metaspace       used 24595K, committed 24896K, reserved 1073152K
  class space    used 3185K, committed 3328K, reserved 1048576K
}
Event: 80.158 GC heap before
{Heap before GC invocations=7 (full 0):
 garbage-first heap   total 57344K, used 20134K [0x0000000080000000, 0x0000000100000000)
  region size 1024K, 4 young (4096K), 3 survivors (3072K)
 Metaspace       used 24867K, committed 25152K, reserved 1073152K
  class space    used 3219K, committed 3328K, reserved 1048576K
}
Event: 80.204 GC heap after
{Heap after GC invocations=8 (full 0):
 garbage-first heap   total 57344K, used 19152K [0x0000000080000000, 0x0000000100000000)
  region size 1024K, 1 young (1024K), 1 survivors (1024K)
 Metaspace       used 24867K, committed 25152K, reserved 1073152K
  class space    used 3219K, committed 3328K, reserved 1048576K
}
Event: 84.938 GC heap before
{Heap before GC invocations=8 (full 0):
 garbage-first heap   total 57344K, used 40656K [0x0000000080000000, 0x0000000100000000)
  region size 1024K, 22 young (22528K), 1 survivors (1024K)
 Metaspace       used 28655K, committed 28992K, reserved 1081344K
  class space    used 3838K, committed 3968K, reserved 1048576K
}
Event: 84.951 GC heap after
{Heap after GC invocations=9 (full 0):
 garbage-first heap   total 57344K, used 20236K [0x0000000080000000, 0x0000000100000000)
  region size 1024K, 2 young (2048K), 2 survivors (2048K)
 Metaspace       used 28655K, committed 28992K, reserved 1081344K
  class space    used 3838K, committed 3968K, reserved 1048576K
}
Event: 89.186 GC heap before
{Heap before GC invocations=9 (full 0):
 garbage-first heap   total 57344K, used 41740K [0x0000000080000000, 0x0000000100000000)
  region size 1024K, 23 young (23552K), 2 survivors (2048K)
 Metaspace       used 31600K, committed 31936K, reserved 1081344K
  class space    used 4326K, committed 4480K, reserved 1048576K
}
Event: 89.192 GC heap after
{Heap after GC invocations=10 (full 0):
 garbage-first heap   total 57344K, used 21195K [0x0000000080000000, 0x0000000100000000)
  region size 1024K, 3 young (3072K), 3 survivors (3072K)
 Metaspace       used 31600K, committed 31936K, reserved 1081344K
  class space    used 4326K, committed 4480K, reserved 1048576K
}

Dll operation events (2 events):
Event: 1.215 Loaded shared library C:\Program Files\Android\Android Studio\jbr\bin\java.dll
Event: 15.006 Loaded shared library C:\Program Files\Android\Android Studio\jbr\bin\verify.dll

Deoptimization events (20 events):
Event: 80.132 Thread 0x000002827e1249f0 Uncommon trap: trap_request=0xffffffc6 fr.pc=0x0000028207bd0e14 relative=0x0000000000000c14
Event: 80.132 Thread 0x000002827e1249f0 Uncommon trap: reason=bimorphic_or_optimized_type_check action=maybe_recompile pc=0x0000028207bd0e14 method=java.util.HashMap.getNode(Ljava/lang/Object;)Ljava/util/HashMap$Node; @ 63 c2
Event: 80.132 Thread 0x000002827e1249f0 DEOPT PACKING pc=0x0000028207bd0e14 sp=0x0000008934afadb0
Event: 80.132 Thread 0x000002827e1249f0 DEOPT UNPACKING pc=0x00000282075869a3 sp=0x0000008934aface8 mode 2
Event: 80.132 Thread 0x000002827e1249f0 Uncommon trap: trap_request=0xffffff45 fr.pc=0x0000028207b0e704 relative=0x0000000000000244
Event: 80.132 Thread 0x000002827e1249f0 Uncommon trap: reason=unstable_if action=reinterpret pc=0x0000028207b0e704 method=java.util.HashMap.getNode(Ljava/lang/Object;)Ljava/util/HashMap$Node; @ 66 c2
Event: 80.132 Thread 0x000002827e1249f0 DEOPT PACKING pc=0x0000028207b0e704 sp=0x0000008934afad60
Event: 80.132 Thread 0x000002827e1249f0 DEOPT UNPACKING pc=0x00000282075869a3 sp=0x0000008934afacf0 mode 2
Event: 80.374 Thread 0x000002827e1249f0 Uncommon trap: trap_request=0xffffff45 fr.pc=0x0000028207b9b470 relative=0x00000000000003b0
Event: 80.374 Thread 0x000002827e1249f0 Uncommon trap: reason=unstable_if action=reinterpret pc=0x0000028207b9b470 method=java.util.concurrent.ConcurrentHashMap.get(Ljava/lang/Object;)Ljava/lang/Object; @ 76 c2
Event: 80.374 Thread 0x000002827e1249f0 DEOPT PACKING pc=0x0000028207b9b470 sp=0x0000008934afa200
Event: 80.374 Thread 0x000002827e1249f0 DEOPT UNPACKING pc=0x00000282075869a3 sp=0x0000008934afa178 mode 2
Event: 84.099 Thread 0x000002827e1249f0 Uncommon trap: trap_request=0xffffff76 fr.pc=0x0000028207c23b80 relative=0x0000000000000160
Event: 84.099 Thread 0x000002827e1249f0 Uncommon trap: reason=predicate action=maybe_recompile pc=0x0000028207c23b80 method=com.google.common.base.CharMatcher.indexIn(Ljava/lang/CharSequence;I)I @ 19 c2
Event: 84.099 Thread 0x000002827e1249f0 DEOPT PACKING pc=0x0000028207c23b80 sp=0x0000008934afb640
Event: 84.099 Thread 0x000002827e1249f0 DEOPT UNPACKING pc=0x00000282075869a3 sp=0x0000008934afb5d0 mode 2
Event: 87.413 Thread 0x000002827e1249f0 Uncommon trap: trap_request=0xffffff45 fr.pc=0x0000028207b202e8 relative=0x00000000000004a8
Event: 87.413 Thread 0x000002827e1249f0 Uncommon trap: reason=unstable_if action=reinterpret pc=0x0000028207b202e8 method=java.util.HashMap.hash(Ljava/lang/Object;)I @ 1 c2
Event: 87.413 Thread 0x000002827e1249f0 DEOPT PACKING pc=0x0000028207b202e8 sp=0x0000008934af7e20
Event: 87.413 Thread 0x000002827e1249f0 DEOPT UNPACKING pc=0x00000282075869a3 sp=0x0000008934af7cc8 mode 2

Classes unloaded (0 events):
No events

Classes redefined (0 events):
No events

Internal exceptions (20 events):
Event: 83.421 Thread 0x000002827e1249f0 Exception <a 'java/lang/NoSuchMethodError'{0x0000000082afb668}: 'void java.lang.invoke.DirectMethodHandle$Holder.invokeStaticInit(java.lang.Object, java.lang.Object)'> (0x0000000082afb668) 
thrown [s\src\hotspot\share\interpreter\linkResolver.cpp, line 771]
Event: 83.693 Thread 0x000002827e1249f0 Exception <a 'java/lang/NoSuchMethodError'{0x000000008282dd70}: 'java.lang.Object java.lang.invoke.DirectMethodHandle$Holder.invokeStaticInit(java.lang.Object, java.lang.Object, java.lang.Object)'> (0x000000008282dd70) 
thrown [s\src\hotspot\share\interpreter\linkResolver.cpp, line 771]
Event: 83.697 Thread 0x000002827e1249f0 Exception <a 'java/lang/NoSuchMethodError'{0x0000000082837dd0}: 'void java.lang.invoke.DirectMethodHandle$Holder.invokeStatic(java.lang.Object, java.lang.Object, java.lang.Object, java.lang.Object, java.lang.Object, java.lang.Object)'> (0x0000000082837dd0) 
thrown [s\src\hotspot\share\interpreter\linkResolver.cpp, line 771]
Event: 84.473 Thread 0x000002827e1249f0 Exception <a 'java/lang/NoSuchMethodError'{0x0000000082403860}: 'void java.lang.invoke.DirectMethodHandle$Holder.invokeStatic(java.lang.Object, java.lang.Object, java.lang.Object, java.lang.Object)'> (0x0000000082403860) 
thrown [s\src\hotspot\share\interpreter\linkResolver.cpp, line 771]
Event: 84.487 Thread 0x000002827e1249f0 Exception <a 'java/lang/NoSuchMethodError'{0x0000000082416c50}: 'int java.lang.invoke.DirectMethodHandle$Holder.invokeVirtual(java.lang.Object, java.lang.Object)'> (0x0000000082416c50) 
thrown [s\src\hotspot\share\interpreter\linkResolver.cpp, line 771]
Event: 84.503 Thread 0x000002827e1249f0 Exception <a 'java/lang/NoSuchMethodError'{0x000000008242bec0}: 'java.lang.Object java.lang.invoke.DirectMethodHandle$Holder.invokeVirtual(java.lang.Object, java.lang.Object, java.lang.Object)'> (0x000000008242bec0) 
thrown [s\src\hotspot\share\interpreter\linkResolver.cpp, line 771]
Event: 84.507 Thread 0x000002827e1249f0 Exception <a 'java/lang/NoSuchMethodError'{0x000000008243d7a0}: 'int java.lang.invoke.DirectMethodHandle$Holder.invokeVirtual(java.lang.Object, java.lang.Object, java.lang.Object)'> (0x000000008243d7a0) 
thrown [s\src\hotspot\share\interpreter\linkResolver.cpp, line 771]
Event: 86.639 Thread 0x000002827e1249f0 Exception <a 'java/lang/NoSuchMethodError'{0x00000000831a1488}: 'java.lang.Object java.lang.invoke.DirectMethodHandle$Holder.invokeSpecialIFC(java.lang.Object, java.lang.Object, java.lang.Object, java.lang.Object)'> (0x00000000831a1488) 
thrown [s\src\hotspot\share\interpreter\linkResolver.cpp, line 771]
Event: 87.413 Thread 0x000002827e1249f0 Implicit null exception at 0x0000028207b1fe93 to 0x0000028207b202cc
Event: 87.861 Thread 0x000002827e1249f0 Exception <a 'java/lang/NoSuchMethodError'{0x0000000082932f18}: 'java.lang.Object java.lang.invoke.DirectMethodHandle$Holder.invokeSpecial(java.lang.Object, java.lang.Object, java.lang.Object, java.lang.Object, java.lang.Object, java.lang.Object, java.lang.Object, java.lang.Object, java.lang.Object, java.lang.Object, java.lang.Object, java.lang.Object, java.lang.Object)'> (0x0000000082932f18) 
thrown [s\src\hotspot\share\interpreter\linkResolver.cpp, line 771]
Event: 87.863 Thread 0x000002827e1249f0 Exception <a 'java/lang/NoSuchMethodError'{0x0000000082944740}: 'java.lang.Object java.lang.invoke.DirectMethodHandle$Holder.newInvokeSpecial(java.lang.Object, java.lang.Object, java.lang.Object, java.lang.Object, java.lang.Object, java.lang.Object, java.lang.Object, java.lang.Object, java.lang.Object, java.lang.Object, java.lang.Object)'> (0x0000000082944740) 
thrown [s\src\hotspot\share\interpreter\linkResolver.cpp, line 771]
Event: 87.865 Thread 0x000002827e1249f0 Exception <a 'java/lang/NoSuchMethodError'{0x000000008294a370}: 'java.lang.Object java.lang.invoke.DirectMethodHandle$Holder.invokeSpecial(java.lang.Object, java.lang.Object, java.lang.Object, java.lang.Object, java.lang.Object, java.lang.Object, java.lang.Object, java.lang.Object, java.lang.Object, java.lang.Object, java.lang.Object, java.lang.Object)'> (0x000000008294a370) 
thrown [s\src\hotspot\share\interpreter\linkResolver.cpp, line 771]
Event: 87.866 Thread 0x000002827e1249f0 Exception <a 'java/lang/NoSuchMethodError'{0x000000008294f760}: 'java.lang.Object java.lang.invoke.Invokers$Holder.linkToTargetMethod(java.lang.Object, java.lang.Object, java.lang.Object, java.lang.Object, java.lang.Object, java.lang.Object, java.lang.Object, java.lang.Object, java.lang.Object, java.lang.Object, java.lang.Object)'> (0x000000008294f760) 
thrown [s\src\hotspot\share\interpreter\linkResolver.cpp, line 771]
Event: 87.982 Thread 0x000002827e1249f0 Exception <a 'java/lang/NoSuchMethodError'{0x000000008299bec0}: 'java.lang.Object java.lang.invoke.DirectMethodHandle$Holder.invokeSpecial(java.lang.Object, java.lang.Object, java.lang.Object, java.lang.Object, java.lang.Object, java.lang.Object, java.lang.Object, java.lang.Object, java.lang.Object, java.lang.Object, java.lang.Object, java.lang.Object, java.lang.Object, java.lang.Object)'> (0x000000008299bec0) 
thrown [s\src\hotspot\share\interpreter\linkResolver.cpp, line 771]
Event: 87.984 Thread 0x000002827e1249f0 Exception <a 'java/lang/NoSuchMethodError'{0x00000000829ae290}: 'java.lang.Object java.lang.invoke.DirectMethodHandle$Holder.newInvokeSpecial(java.lang.Object, java.lang.Object, java.lang.Object, java.lang.Object, java.lang.Object, java.lang.Object, java.lang.Object, java.lang.Object, java.lang.Object, java.lang.Object, java.lang.Object, java.lang.Object)'> (0x00000000829ae290) 
thrown [s\src\hotspot\share\interpreter\linkResolver.cpp, line 771]
Event: 87.986 Thread 0x000002827e1249f0 Exception <a 'java/lang/NoSuchMethodError'{0x00000000829b3980}: 'java.lang.Object java.lang.invoke.Invokers$Holder.linkToTargetMethod(java.lang.Object, java.lang.Object, java.lang.Object, java.lang.Object, java.lang.Object, java.lang.Object, java.lang.Object, java.lang.Object, java.lang.Object, java.lang.Object, java.lang.Object, java.lang.Object)'> (0x00000000829b3980) 
thrown [s\src\hotspot\share\interpreter\linkResolver.cpp, line 771]
Event: 88.234 Thread 0x000002827e1249f0 Exception <a 'java/lang/NoSuchMethodError'{0x0000000082856a40}: 'java.lang.Object java.lang.invoke.DirectMethodHandle$Holder.invokeStaticInit(java.lang.Object, java.lang.Object, java.lang.Object, java.lang.Object)'> (0x0000000082856a40) 
thrown [s\src\hotspot\share\interpreter\linkResolver.cpp, line 771]
Event: 89.113 Thread 0x000002827e1249f0 Exception <a 'java/lang/NoSuchMethodError'{0x00000000823c2158}: 'java.lang.Object java.lang.invoke.DirectMethodHandle$Holder.newInvokeSpecial(java.lang.Object, java.lang.Object, java.lang.Object, java.lang.Object, java.lang.Object, java.lang.Object, java.lang.Object, java.lang.Object)'> (0x00000000823c2158) 
thrown [s\src\hotspot\share\interpreter\linkResolver.cpp, line 771]
Event: 89.114 Thread 0x000002827e1249f0 Exception <a 'java/lang/NoSuchMethodError'{0x00000000823c7f38}: 'java.lang.Object java.lang.invoke.Invokers$Holder.linkToTargetMethod(java.lang.Object, java.lang.Object, java.lang.Object, java.lang.Object, java.lang.Object, java.lang.Object, java.lang.Object, java.lang.Object)'> (0x00000000823c7f38) 
thrown [s\src\hotspot\share\interpreter\linkResolver.cpp, line 771]
Event: 89.206 Thread 0x000002827e1249f0 Exception <a 'java/lang/IncompatibleClassChangeError'{0x0000000083754d28}: Found class java.lang.Object, but interface was expected> (0x0000000083754d28) 
thrown [s\src\hotspot\share\interpreter\linkResolver.cpp, line 838]

VM Operations (20 events):
Event: 82.265 Executing VM operation: Cleanup
Event: 82.391 Executing VM operation: Cleanup done
Event: 83.404 Executing VM operation: Cleanup
Event: 83.420 Executing VM operation: Cleanup done
Event: 84.427 Executing VM operation: Cleanup
Event: 84.466 Executing VM operation: Cleanup done
Event: 84.923 Executing VM operation: G1CollectForAllocation
Event: 84.952 Executing VM operation: G1CollectForAllocation done
Event: 85.953 Executing VM operation: Cleanup
Event: 85.986 Executing VM operation: Cleanup done
Event: 86.997 Executing VM operation: Cleanup
Event: 87.017 Executing VM operation: Cleanup done
Event: 87.424 Executing VM operation: HandshakeAllThreads
Event: 87.424 Executing VM operation: HandshakeAllThreads done
Event: 88.436 Executing VM operation: Cleanup
Event: 88.436 Executing VM operation: Cleanup done
Event: 89.168 Executing VM operation: G1CollectForAllocation
Event: 89.192 Executing VM operation: G1CollectForAllocation done
Event: 89.766 Executing VM operation: HandshakeAllThreads
Event: 89.766 Executing VM operation: HandshakeAllThreads done

Events (20 events):
Event: 84.475 Thread 0x000002827e1231e0 Thread added: 0x000002827e1231e0
Event: 84.508 loading class java/util/ArrayDeque$DeqSpliterator
Event: 84.508 loading class java/util/ArrayDeque$DeqSpliterator done
Event: 86.431 Thread 0x000002827e1236b0 Thread added: 0x000002827e1236b0
Event: 86.758 Thread 0x000002820f8ef3d0 Thread added: 0x000002820f8ef3d0
Event: 87.027 Thread 0x000002820f8f3c00 Thread added: 0x000002820f8f3c00
Event: 87.426 loading class java/lang/Class$EnclosingMethodInfo
Event: 87.426 loading class java/lang/Class$EnclosingMethodInfo done
Event: 87.429 loading class sun/reflect/generics/tree/IntSignature
Event: 87.429 loading class sun/reflect/generics/tree/IntSignature done
Event: 87.430 loading class sun/reflect/generics/tree/ArrayTypeSignature
Event: 87.430 loading class sun/reflect/generics/tree/ArrayTypeSignature done
Event: 87.556 loading class java/lang/SafeVarargs
Event: 87.556 loading class java/lang/SafeVarargs done
Event: 87.579 loading class java/util/regex/Pattern$GroupCurly
Event: 87.579 loading class java/util/regex/Pattern$GroupCurly done
Event: 88.004 Thread 0x000002820f8f0240 Thread added: 0x000002820f8f0240
Event: 88.269 Thread 0x000002820f8f5410 Thread added: 0x000002820f8f5410
Event: 89.161 Thread 0x000002820f8f40d0 Thread added: 0x000002820f8f40d0
Event: 89.395 Thread 0x000002820f8eef00 Thread added: 0x000002820f8eef00


Dynamic libraries:
0x00007ff7ac340000 - 0x00007ff7ac34a000 	C:\Program Files\Android\Android Studio\jbr\bin\java.exe
0x00007ffb09f90000 - 0x00007ffb0a1a4000 	C:\WINDOWS\SYSTEM32\ntdll.dll
0x00007ffb09670000 - 0x00007ffb09732000 	C:\WINDOWS\System32\KERNEL32.DLL
0x00007ffb07720000 - 0x00007ffb07ac3000 	C:\WINDOWS\System32\KERNELBASE.dll
0x00007ffb07600000 - 0x00007ffb07711000 	C:\WINDOWS\System32\ucrtbase.dll
0x00007ffafbd50000 - 0x00007ffafbd67000 	C:\Program Files\Android\Android Studio\jbr\bin\jli.dll
0x00007ffb08320000 - 0x00007ffb084cb000 	C:\WINDOWS\System32\USER32.dll
0x00007ffb07390000 - 0x00007ffb073b6000 	C:\WINDOWS\System32\win32u.dll
0x00007ffb09520000 - 0x00007ffb09549000 	C:\WINDOWS\System32\GDI32.dll
0x00007ffb073c0000 - 0x00007ffb074d9000 	C:\WINDOWS\System32\gdi32full.dll
0x00007ffb07560000 - 0x00007ffb075fa000 	C:\WINDOWS\System32\msvcp_win.dll
0x00007ffb02770000 - 0x00007ffb0278b000 	C:\Program Files\Android\Android Studio\jbr\bin\VCRUNTIME140.dll
0x00007ffaf4350000 - 0x00007ffaf45de000 	C:\WINDOWS\WinSxS\amd64_microsoft.windows.common-controls_6595b64144ccf1df_6.0.22621.1635_none_270f70857386168e\COMCTL32.dll
0x00007ffb09b00000 - 0x00007ffb09ba7000 	C:\WINDOWS\System32\msvcrt.dll
0x00007ffb093d0000 - 0x00007ffb09401000 	C:\WINDOWS\System32\IMM32.DLL
0x00007ffafec10000 - 0x00007ffafec1c000 	C:\Program Files\Android\Android Studio\jbr\bin\vcruntime140_1.dll
0x00007ffae1b40000 - 0x00007ffae1bcd000 	C:\Program Files\Android\Android Studio\jbr\bin\msvcp140.dll
0x00007ffabd040000 - 0x00007ffabdcad000 	C:\Program Files\Android\Android Studio\jbr\bin\server\jvm.dll
0x00007ffb09470000 - 0x00007ffb0951e000 	C:\WINDOWS\System32\ADVAPI32.dll
0x00007ffb09e10000 - 0x00007ffb09eb4000 	C:\WINDOWS\System32\sechost.dll
0x00007ffb08200000 - 0x00007ffb08317000 	C:\WINDOWS\System32\RPCRT4.dll
0x00007ffae1500000 - 0x00007ffae1509000 	C:\WINDOWS\SYSTEM32\WSOCK32.dll
0x00007ffb09bb0000 - 0x00007ffb09c21000 	C:\WINDOWS\System32\WS2_32.dll
0x00007ffafebd0000 - 0x00007ffafec04000 	C:\WINDOWS\SYSTEM32\WINMM.dll
0x00007ffaff580000 - 0x00007ffaff58a000 	C:\WINDOWS\SYSTEM32\VERSION.dll
0x00007ffb063e0000 - 0x00007ffb063f8000 	C:\WINDOWS\SYSTEM32\kernel.appcore.dll
0x00007ffae14f0000 - 0x00007ffae14fa000 	C:\Program Files\Android\Android Studio\jbr\bin\jimage.dll
0x00007ffb04eb0000 - 0x00007ffb050de000 	C:\WINDOWS\SYSTEM32\DBGHELP.DLL
0x00007ffb09040000 - 0x00007ffb093c9000 	C:\WINDOWS\System32\combase.dll
0x00007ffb09990000 - 0x00007ffb09a67000 	C:\WINDOWS\System32\OLEAUT32.dll
0x00007ffaeab50000 - 0x00007ffaeab82000 	C:\WINDOWS\SYSTEM32\dbgcore.DLL
0x00007ffb074e0000 - 0x00007ffb0755b000 	C:\WINDOWS\System32\bcryptPrimitives.dll
0x00007ffabd010000 - 0x00007ffabd035000 	C:\Program Files\Android\Android Studio\jbr\bin\java.dll
0x00007ffac0b90000 - 0x00007ffac0ba8000 	C:\Program Files\Android\Android Studio\jbr\bin\zip.dll
0x00007ffb086d0000 - 0x00007ffb08eca000 	C:\WINDOWS\System32\SHELL32.dll
0x00007ffb05390000 - 0x00007ffb05c5e000 	C:\WINDOWS\SYSTEM32\windows.storage.dll
0x00007ffb050e0000 - 0x00007ffb0521e000 	C:\WINDOWS\SYSTEM32\wintypes.dll
0x00007ffb09740000 - 0x00007ffb09831000 	C:\WINDOWS\System32\SHCORE.dll
0x00007ffb084d0000 - 0x00007ffb0852e000 	C:\WINDOWS\System32\shlwapi.dll
0x00007ffb072c0000 - 0x00007ffb072e1000 	C:\WINDOWS\SYSTEM32\profapi.dll
0x00007ffabcff0000 - 0x00007ffabd009000 	C:\Program Files\Android\Android Studio\jbr\bin\net.dll
0x00007ffafe140000 - 0x00007ffafe277000 	C:\WINDOWS\SYSTEM32\WINHTTP.dll
0x00007ffb06850000 - 0x00007ffb068b9000 	C:\WINDOWS\system32\mswsock.dll
0x00007ffabcfd0000 - 0x00007ffabcfe6000 	C:\Program Files\Android\Android Studio\jbr\bin\nio.dll
0x00007ffabcd70000 - 0x00007ffabcd80000 	C:\Program Files\Android\Android Studio\jbr\bin\verify.dll
0x00007ffaf78f0000 - 0x00007ffaf7917000 	C:\Users\leana\.gradle\native\68d5fa5c4cc2d200863cafc0d521ce42e7d3e7ee720ec0a83991735586a16f82\windows-amd64\native-platform.dll
0x00007ffada320000 - 0x00007ffada464000 	C:\Users\leana\.gradle\native\e376f236ea51e6404a007f0833ffe2c6e607c4080706a723a18a27aeea778392\windows-amd64\native-platform-file-events.dll
0x00007ffabcfc0000 - 0x00007ffabcfc9000 	C:\Program Files\Android\Android Studio\jbr\bin\management.dll
0x00007ffabcfb0000 - 0x00007ffabcfbb000 	C:\Program Files\Android\Android Studio\jbr\bin\management_ext.dll
0x00007ffb09f40000 - 0x00007ffb09f48000 	C:\WINDOWS\System32\PSAPI.DLL
0x00007ffb06ac0000 - 0x00007ffb06adb000 	C:\WINDOWS\SYSTEM32\CRYPTSP.dll
0x00007ffb06350000 - 0x00007ffb06385000 	C:\WINDOWS\system32\rsaenh.dll
0x00007ffb06950000 - 0x00007ffb06978000 	C:\WINDOWS\SYSTEM32\USERENV.dll
0x00007ffb06c70000 - 0x00007ffb06c98000 	C:\WINDOWS\SYSTEM32\bcrypt.dll
0x00007ffb06ab0000 - 0x00007ffb06abc000 	C:\WINDOWS\SYSTEM32\CRYPTBASE.dll
0x00007ffb05ec0000 - 0x00007ffb05eed000 	C:\WINDOWS\SYSTEM32\IPHLPAPI.DLL
0x00007ffb09550000 - 0x00007ffb09559000 	C:\WINDOWS\System32\NSI.dll
0x00007ffafe3d0000 - 0x00007ffafe3e9000 	C:\WINDOWS\SYSTEM32\dhcpcsvc6.DLL
0x00007ffafe100000 - 0x00007ffafe11f000 	C:\WINDOWS\SYSTEM32\dhcpcsvc.DLL
0x00007ffb05f30000 - 0x00007ffb06023000 	C:\WINDOWS\SYSTEM32\DNSAPI.dll
0x00007ffabcc30000 - 0x00007ffabcc38000 	C:\WINDOWS\system32\wshunix.dll

dbghelp: loaded successfully - version: 4.0.5 - missing functions: none
symbol engine: initialized successfully - sym options: 0x614 - pdb path: .;C:\Program Files\Android\Android Studio\jbr\bin;C:\WINDOWS\SYSTEM32;C:\WINDOWS\WinSxS\amd64_microsoft.windows.common-controls_6595b64144ccf1df_6.0.22621.1635_none_270f70857386168e;C:\Program Files\Android\Android Studio\jbr\bin\server;C:\Users\leana\.gradle\native\68d5fa5c4cc2d200863cafc0d521ce42e7d3e7ee720ec0a83991735586a16f82\windows-amd64;C:\Users\leana\.gradle\native\e376f236ea51e6404a007f0833ffe2c6e607c4080706a723a18a27aeea778392\windows-amd64

VM Arguments:
jvm_args: --add-opens=java.base/java.util=ALL-UNNAMED --add-opens=java.base/java.lang=ALL-UNNAMED --add-opens=java.base/java.lang.invoke=ALL-UNNAMED --add-opens=java.prefs/java.util.prefs=ALL-UNNAMED --add-opens=java.base/java.nio.charset=ALL-UNNAMED --add-opens=java.base/java.net=ALL-UNNAMED --add-opens=java.base/java.util.concurrent.atomic=ALL-UNNAMED -Xmx2048m -Dfile.encoding=UTF-8 -Duser.country=CO -Duser.language=es -Duser.variant 
java_command: org.gradle.launcher.daemon.bootstrap.GradleDaemon 7.6
java_class_path (initial): C:\Users\leana\.gradle\wrapper\dists\gradle-7.6-bin\9l9tetv7ltxvx3i8an4pb86ye\gradle-7.6\lib\gradle-launcher-7.6.jar
Launcher Type: SUN_STANDARD

[Global flags]
     intx CICompilerCount                          = 3                                         {product} {ergonomic}
     uint ConcGCThreads                            = 1                                         {product} {ergonomic}
     uint G1ConcRefinementThreads                  = 4                                         {product} {ergonomic}
   size_t G1HeapRegionSize                         = 1048576                                   {product} {ergonomic}
    uintx GCDrainStackTargetSize                   = 64                                        {product} {ergonomic}
   size_t InitialHeapSize                          = 58720256                                  {product} {ergonomic}
   size_t MarkStackSize                            = 4194304                                   {product} {ergonomic}
   size_t MaxHeapSize                              = 2147483648                                {product} {command line}
   size_t MaxNewSize                               = 1287651328                                {product} {ergonomic}
   size_t MinHeapDeltaBytes                        = 1048576                                   {product} {ergonomic}
   size_t MinHeapSize                              = 8388608                                   {product} {ergonomic}
    uintx NonNMethodCodeHeapSize                   = 5832780                                {pd product} {ergonomic}
    uintx NonProfiledCodeHeapSize                  = 122912730                              {pd product} {ergonomic}
    uintx ProfiledCodeHeapSize                     = 122912730                              {pd product} {ergonomic}
    uintx ReservedCodeCacheSize                    = 251658240                              {pd product} {ergonomic}
     bool SegmentedCodeCache                       = true                                      {product} {ergonomic}
   size_t SoftMaxHeapSize                          = 2147483648                             {manageable} {ergonomic}
     bool UseCompressedClassPointers               = true                           {product lp64_product} {ergonomic}
     bool UseCompressedOops                        = true                           {product lp64_product} {ergonomic}
     bool UseG1GC                                  = true                                      {product} {ergonomic}
     bool UseLargePagesIndividualAllocation        = false                                  {pd product} {ergonomic}

Logging:
Log output configuration:
 #0: stdout all=warning uptime,level,tags
 #1: stderr all=off uptime,level,tags

Environment Variables:
PATH=C:\Python311\Scripts\;C:\Python311\;C:\WINDOWS\system32;C:\WINDOWS;C:\WINDOWS\System32\Wbem;C:\WINDOWS\System32\WindowsPowerShell\v1.0\;C:\WINDOWS\System32\OpenSSH\;C:\Program Files\dotnet\;C:\ProgramData\chocolatey\bin;C:\Program Files\Git\cmd;C:\Program Files\Git\get;C:\Users\leana\AppData\Roaming\nvm;C:\Program Files\nodejs;C:\Program Files\MySQL\MySQL Shell 8.0\bin\;C:\Users\leana\AppData\Local\Microsoft\WindowsApps;C:\Users\leana\AppData\Local\Programs\Microsoft VS Code\bin;C:\Users\leana\.dotnet\tools;C:\Users\leana\AppData\Roaming\npm;C:\Users\leana\AppData\Roaming\nvm;C:\Program Files\nodejs
USERNAME=leana
OS=Windows_NT
PROCESSOR_IDENTIFIER=AMD64 Family 23 Model 24 Stepping 1, AuthenticAMD
TMP=C:\Users\leana\AppData\Local\Temp
TEMP=C:\Users\leana\AppData\Local\Temp



---------------  S Y S T E M  ---------------

OS:
 Windows 11 , 64 bit Build 22621 (10.0.22621.1778)
OS uptime: 0 days 1:08 hours

CPU: total 4 (initial active 4) (4 cores per cpu, 2 threads per core) family 23 model 24 stepping 1 microcode 0x0, cx8, cmov, fxsr, ht, mmx, 3dnowpref, sse, sse2, sse3, ssse3, sse4a, sse4.1, sse4.2, popcnt, lzcnt, tsc, tscinvbit, avx, avx2, aes, clmul, bmi1, bmi2, adx, sha, fma, vzeroupper, clflush, clflushopt

Memory: 4k page, system-wide physical 3521M (102M free)
TotalPageFile size 14273M (AvailPageFile size 9M)
current process WorkingSet (physical memory assigned to process): 130M, peak: 134M
current process commit charge ("private bytes"): 192M, peak: 195M

vm_info: OpenJDK 64-Bit Server VM (17.0.6+0-b2043.56-9586694) for windows-amd64 JRE (17.0.6+0-b2043.56-9586694), built on Feb  9 2023 20:06:20 by "androidbuild" with MS VC++ 16.10 / 16.11 (VS2019)

END.
