#
# There is insufficient memory for the Java Runtime Environment to continue.
# Native memory allocation (malloc) failed to allocate 1282736 bytes for Chunk::new
# Possible reasons:
#   The system is out of physical RAM or swap space
#   The process is running with CompressedOops enabled, and the Java Heap may be blocking the growth of the native heap
# Possible solutions:
#   Reduce memory load on the system
#   Increase physical memory or swap space
#   Check if swap backing store is full
#   Decrease Java heap size (-Xmx/-Xms)
#   Decrease number of Java threads
#   Decrease Java thread stack sizes (-Xss)
#   Set larger code cache with -XX:ReservedCodeCacheSize=
#   JVM is running with Unscaled Compressed Oops mode in which the Java heap is
#     placed in the first 4GB address space. The Java Heap base address is the
#     maximum limit for the native heap growth. Please use -XX:HeapBaseMinAddress
#     to set the Java Heap base and to place the Java Heap above 4GB virtual address.
# This output file may be truncated or incomplete.
#
#  Out of Memory Error (arena.cpp:189), pid=15232, tid=15372
#
# JRE version: OpenJDK Runtime Environment (17.0.6) (build 17.0.6+0-b2043.56-9586694)
# Java VM: OpenJDK 64-Bit Server VM (17.0.6+0-b2043.56-9586694, mixed mode, tiered, compressed oops, compressed class ptrs, g1 gc, windows-amd64)
# No core dump will be written. Minidumps are not enabled by default on client versions of Windows
#

---------------  S U M M A R Y ------------

Command Line: --add-opens=java.base/java.util=ALL-UNNAMED --add-opens=java.base/java.lang=ALL-UNNAMED --add-opens=java.base/java.lang.invoke=ALL-UNNAMED --add-opens=java.prefs/java.util.prefs=ALL-UNNAMED --add-opens=java.base/java.nio.charset=ALL-UNNAMED --add-opens=java.base/java.net=ALL-UNNAMED --add-opens=java.base/java.util.concurrent.atomic=ALL-UNNAMED -Xmx2048m -Dfile.encoding=UTF-8 -Duser.country=CO -Duser.language=es -Duser.variant org.gradle.launcher.daemon.bootstrap.GradleDaemon 7.6

Host: AMD Ryzen 3 3250U with Radeon Graphics         , 4 cores, 3G,  Windows 11 , 64 bit Build 22621 (10.0.22621.1778)
Time: Mon Jun 26 10:39:06 2023 Hora est. Pacífico, Sudamérica elapsed time: 84.919174 seconds (0d 0h 1m 24s)

---------------  T H R E A D  ---------------

Current thread (0x000001dd4300dcc0):  JavaThread "C2 CompilerThread0" daemon [_thread_in_native, id=15372, stack(0x000000be2c100000,0x000000be2c200000)]


Current CompileTask:
C2:  84919 3196       4       java.util.AbstractCollection::addAll (42 bytes)

Stack: [0x000000be2c100000,0x000000be2c200000]
Native frames: (J=compiled Java code, j=interpreted, Vv=VM code, C=native code)
V  [jvm.dll+0x683b4a]
V  [jvm.dll+0x842654]
V  [jvm.dll+0x843dfe]
V  [jvm.dll+0x844463]
V  [jvm.dll+0x249b75]
V  [jvm.dll+0xabcac]
V  [jvm.dll+0xac27c]
V  [jvm.dll+0x368802]
V  [jvm.dll+0x332f31]
V  [jvm.dll+0x3323da]
V  [jvm.dll+0x21c201]
V  [jvm.dll+0x21b621]
V  [jvm.dll+0x1a4fdd]
V  [jvm.dll+0x22b098]
V  [jvm.dll+0x229159]
V  [jvm.dll+0x7f809c]
V  [jvm.dll+0x7f25fa]
V  [jvm.dll+0x682985]
C  [ucrtbase.dll+0x29363]
C  [KERNEL32.DLL+0x126ad]
C  [ntdll.dll+0x5a9f8]


---------------  P R O C E S S  ---------------

Threads class SMR info:
_java_thread_list=0x000001dd466aaa30, length=36, elements={
0x000001dd28ed8010, 0x000001dd42481270, 0x000001dd42482840, 0x000001dd4246b0f0,
0x000001dd4246bca0, 0x000001dd4300a570, 0x000001dd4300cf30, 0x000001dd4300dcc0,
0x000001dd424c7470, 0x000001dd424ce660, 0x000001dd43178420, 0x000001dd4317c900,
0x000001dd433eb520, 0x000001dd446c90a0, 0x000001dd444b6000, 0x000001dd44678ca0,
0x000001dd44a7dad0, 0x000001dd44a7dfa0, 0x000001dd43b0a720, 0x000001dd43f9cdd0,
0x000001dd43f9d770, 0x000001dd43f9e110, 0x000001dd43f9dc40, 0x000001dd43f9c900,
0x000001dd43f9d2a0, 0x000001dd460faa90, 0x000001dd460f9c20, 0x000001dd460fa5c0,
0x000001dd460fb430, 0x000001dd460f9280, 0x000001dd460fbdd0, 0x000001dd460fe920,
0x000001dd460faf60, 0x000001dd460ff2c0, 0x000001dd460fd110, 0x000001dd460ff790
}

Java Threads: ( => current thread )
  0x000001dd28ed8010 JavaThread "main" [_thread_blocked, id=8664, stack(0x000000be2b300000,0x000000be2b400000)]
  0x000001dd42481270 JavaThread "Reference Handler" daemon [_thread_blocked, id=15320, stack(0x000000be2ba00000,0x000000be2bb00000)]
  0x000001dd42482840 JavaThread "Finalizer" daemon [_thread_blocked, id=12220, stack(0x000000be2bb00000,0x000000be2bc00000)]
  0x000001dd4246b0f0 JavaThread "Signal Dispatcher" daemon [_thread_blocked, id=9152, stack(0x000000be2bd00000,0x000000be2be00000)]
  0x000001dd4246bca0 JavaThread "Attach Listener" daemon [_thread_blocked, id=5764, stack(0x000000be2be00000,0x000000be2bf00000)]
  0x000001dd4300a570 JavaThread "Service Thread" daemon [_thread_blocked, id=15364, stack(0x000000be2bf00000,0x000000be2c000000)]
  0x000001dd4300cf30 JavaThread "Monitor Deflation Thread" daemon [_thread_blocked, id=15368, stack(0x000000be2c000000,0x000000be2c100000)]
=>0x000001dd4300dcc0 JavaThread "C2 CompilerThread0" daemon [_thread_in_native, id=15372, stack(0x000000be2c100000,0x000000be2c200000)]
  0x000001dd424c7470 JavaThread "C1 CompilerThread0" daemon [_thread_blocked, id=15396, stack(0x000000be2c200000,0x000000be2c300000)]
  0x000001dd424ce660 JavaThread "Sweeper thread" daemon [_thread_blocked, id=15412, stack(0x000000be2c300000,0x000000be2c400000)]
  0x000001dd43178420 JavaThread "Common-Cleaner" daemon [_thread_blocked, id=15456, stack(0x000000be2c400000,0x000000be2c500000)]
  0x000001dd4317c900 JavaThread "Notification Thread" daemon [_thread_blocked, id=15464, stack(0x000000be2c500000,0x000000be2c600000)]
  0x000001dd433eb520 JavaThread "Daemon health stats" [_thread_blocked, id=16264, stack(0x000000be2ca00000,0x000000be2cb00000)]
  0x000001dd446c90a0 JavaThread "Incoming local TCP Connector on port 57458" [_thread_in_native, id=16348, stack(0x000000be2cb00000,0x000000be2cc00000)]
  0x000001dd444b6000 JavaThread "Daemon periodic checks" [_thread_blocked, id=3232, stack(0x000000be2cc00000,0x000000be2cd00000)]
  0x000001dd44678ca0 JavaThread "Daemon" [_thread_blocked, id=12320, stack(0x000000be2cd00000,0x000000be2ce00000)]
  0x000001dd44a7dad0 JavaThread "Handler for socket connection from /127.0.0.1:57458 to /127.0.0.1:57465" [_thread_in_native, id=12020, stack(0x000000be2ce00000,0x000000be2cf00000)]
  0x000001dd44a7dfa0 JavaThread "Cancel handler" [_thread_blocked, id=1072, stack(0x000000be2cf00000,0x000000be2d000000)]
  0x000001dd43b0a720 JavaThread "Daemon worker" [_thread_in_vm, id=10028, stack(0x000000be2b200000,0x000000be2b300000)]
  0x000001dd43f9cdd0 JavaThread "Asynchronous log dispatcher for DefaultDaemonConnection: socket connection from /127.0.0.1:57458 to /127.0.0.1:57465" [_thread_blocked, id=15668, stack(0x000000be2d000000,0x000000be2d100000)]
  0x000001dd43f9d770 JavaThread "Stdin handler" [_thread_blocked, id=14856, stack(0x000000be2d100000,0x000000be2d200000)]
  0x000001dd43f9e110 JavaThread "Daemon client event forwarder" [_thread_blocked, id=14880, stack(0x000000be2d200000,0x000000be2d300000)]
  0x000001dd43f9dc40 JavaThread "Cache worker for journal cache (C:\Users\leana\.gradle\caches\journal-1)" [_thread_blocked, id=9000, stack(0x000000be2d300000,0x000000be2d400000)]
  0x000001dd43f9c900 JavaThread "File lock request listener" [_thread_in_native, id=2388, stack(0x000000be2d400000,0x000000be2d500000)]
  0x000001dd43f9d2a0 JavaThread "File lock release action executor" [_thread_blocked, id=7596, stack(0x000000be2d500000,0x000000be2d600000)]
  0x000001dd460faa90 JavaThread "Cache worker for file hash cache (C:\Users\leana\.gradle\caches\7.6\fileHashes)" [_thread_blocked, id=10676, stack(0x000000be2d600000,0x000000be2d700000)]
  0x000001dd460f9c20 JavaThread "File watcher server" daemon [_thread_in_native, id=14888, stack(0x000000be2d700000,0x000000be2d800000)]
  0x000001dd460fa5c0 JavaThread "File watcher consumer" daemon [_thread_blocked, id=13480, stack(0x000000be2d800000,0x000000be2d900000)]
  0x000001dd460fb430 JavaThread "Cache worker for checksums cache (C:\Users\leana\AndroidStudioProjects\ProcexApp2\.gradle\7.6\checksums)" [_thread_blocked, id=14424, stack(0x000000be2db00000,0x000000be2dc00000)]
  0x000001dd460f9280 JavaThread "Cache worker for cache directory md-rule (C:\Users\leana\.gradle\caches\7.6\md-rule)" [_thread_blocked, id=14932, stack(0x000000be2dc00000,0x000000be2dd00000)]
  0x000001dd460fbdd0 JavaThread "Cache worker for file content cache (C:\Users\leana\.gradle\caches\7.6\fileContent)" [_thread_blocked, id=1344, stack(0x000000be2dd00000,0x000000be2de00000)]
  0x000001dd460fe920 JavaThread "Cache worker for file hash cache (C:\Users\leana\AndroidStudioProjects\ProcexApp2\.gradle\7.6\fileHashes)" [_thread_blocked, id=2236, stack(0x000000be2de00000,0x000000be2df00000)]
  0x000001dd460faf60 JavaThread "Cache worker for cache directory md-supplier (C:\Users\leana\.gradle\caches\7.6\md-supplier)" [_thread_blocked, id=1744, stack(0x000000be2df00000,0x000000be2e000000)]
  0x000001dd460ff2c0 JavaThread "Cache worker for execution history cache (C:\Users\leana\.gradle\caches\7.6\executionHistory)" [_thread_blocked, id=2380, stack(0x000000be2e000000,0x000000be2e100000)]
  0x000001dd460fd110 JavaThread "jar transforms" [_thread_blocked, id=13664, stack(0x000000be2e100000,0x000000be2e200000)]
  0x000001dd460ff790 JavaThread "jar transforms Thread 2" [_thread_blocked, id=8092, stack(0x000000be2e200000,0x000000be2e300000)]

Other Threads:
  0x000001dd4245c720 VMThread "VM Thread" [stack: 0x000000be2b900000,0x000000be2ba00000] [id=4784]
  0x000001dd43182df0 WatcherThread [stack: 0x000000be2c600000,0x000000be2c700000] [id=15468]
  0x000001dd28f325b0 GCTaskThread "GC Thread#0" [stack: 0x000000be2b400000,0x000000be2b500000] [id=11876]
  0x000001dd435c7fe0 GCTaskThread "GC Thread#1" [stack: 0x000000be2c700000,0x000000be2c800000] [id=15592]
  0x000001dd437ba390 GCTaskThread "GC Thread#2" [stack: 0x000000be2c800000,0x000000be2c900000] [id=15600]
  0x000001dd433e6b50 GCTaskThread "GC Thread#3" [stack: 0x000000be2c900000,0x000000be2ca00000] [id=15996]
  0x000001dd28f434f0 ConcurrentGCThread "G1 Main Marker" [stack: 0x000000be2b500000,0x000000be2b600000] [id=9812]
  0x000001dd28f43f00 ConcurrentGCThread "G1 Conc#0" [stack: 0x000000be2b600000,0x000000be2b700000] [id=3044]
  0x000001dd28f7f3f0 ConcurrentGCThread "G1 Refine#0" [stack: 0x000000be2b700000,0x000000be2b800000] [id=14784]
  0x000001dd28f7fe10 ConcurrentGCThread "G1 Service" [stack: 0x000000be2b800000,0x000000be2b900000] [id=9100]

Threads with active compile tasks:
C2 CompilerThread0    84983 3196       4       java.util.AbstractCollection::addAll (42 bytes)

VM state: not at safepoint (normal execution)

VM Mutex/Monitor currently owned by a thread:  ([mutex/lock_event])
[0x000001dd28ebfe50] Metaspace_lock - owner thread: 0x000001dd43b0a720

Heap address: 0x0000000080000000, size: 2048 MB, Compressed Oops mode: 32-bit

CDS archive(s) not mapped
Compressed class space mapped at: 0x0000000100000000-0x0000000140000000, reserved size: 1073741824
Narrow klass base: 0x0000000000000000, Narrow klass shift: 3, Narrow klass range: 0x140000000

GC Precious Log:
 CPUs: 4 total, 4 available
 Memory: 3521M
 Large Page Support: Disabled
 NUMA Support: Disabled
 Compressed Oops: Enabled (32-bit)
 Heap Region Size: 1M
 Heap Min Capacity: 8M
 Heap Initial Capacity: 56M
 Heap Max Capacity: 2G
 Pre-touch: Disabled
 Parallel Workers: 4
 Concurrent Workers: 1
 Concurrent Refinement Workers: 4
 Periodic GC: Disabled

Heap:
 garbage-first heap   total 57344K, used 26163K [0x0000000080000000, 0x0000000100000000)
  region size 1024K, 6 young (6144K), 2 survivors (2048K)
 Metaspace       used 36895K, committed 37184K, reserved 1081344K
  class space    used 4987K, committed 5120K, reserved 1048576K

Heap Regions: E=young(eden), S=young(survivor), O=old, HS=humongous(starts), HC=humongous(continues), CS=collection set, F=free, OA=open archive, CA=closed archive, TAMS=top-at-mark-start (previous, next)
|   0|0x0000000080000000, 0x0000000080100000, 0x0000000080100000|100%| O|  |TAMS 0x0000000080100000, 0x0000000080000000| Untracked 
|   1|0x0000000080100000, 0x0000000080200000, 0x0000000080200000|100%| O|  |TAMS 0x0000000080200000, 0x0000000080100000| Untracked 
|   2|0x0000000080200000, 0x0000000080300000, 0x0000000080300000|100%|HS|  |TAMS 0x0000000080300000, 0x0000000080200000| Complete 
|   3|0x0000000080300000, 0x0000000080400000, 0x0000000080400000|100%|HC|  |TAMS 0x0000000080400000, 0x0000000080300000| Complete 
|   4|0x0000000080400000, 0x0000000080500000, 0x0000000080500000|100%|HC|  |TAMS 0x0000000080500000, 0x0000000080400000| Complete 
|   5|0x0000000080500000, 0x0000000080600000, 0x0000000080600000|100%| O|  |TAMS 0x0000000080600000, 0x0000000080500000| Untracked 
|   6|0x0000000080600000, 0x0000000080700000, 0x0000000080700000|100%| O|  |TAMS 0x0000000080700000, 0x0000000080600000| Untracked 
|   7|0x0000000080700000, 0x0000000080800000, 0x0000000080800000|100%| O|  |TAMS 0x0000000080800000, 0x0000000080700000| Untracked 
|   8|0x0000000080800000, 0x0000000080900000, 0x0000000080900000|100%| O|  |TAMS 0x0000000080900000, 0x0000000080800000| Untracked 
|   9|0x0000000080900000, 0x0000000080a00000, 0x0000000080a00000|100%| O|  |TAMS 0x0000000080a00000, 0x0000000080900000| Untracked 
|  10|0x0000000080a00000, 0x0000000080b00000, 0x0000000080b00000|100%| O|  |TAMS 0x0000000080b00000, 0x0000000080a00000| Untracked 
|  11|0x0000000080b00000, 0x0000000080c00000, 0x0000000080c00000|100%| O|  |TAMS 0x0000000080c00000, 0x0000000080b00000| Untracked 
|  12|0x0000000080c00000, 0x0000000080d00000, 0x0000000080d00000|100%| O|  |TAMS 0x0000000080d00000, 0x0000000080c00000| Untracked 
|  13|0x0000000080d00000, 0x0000000080e00000, 0x0000000080e00000|100%| O|  |TAMS 0x0000000080e00000, 0x0000000080d00000| Untracked 
|  14|0x0000000080e00000, 0x0000000080f00000, 0x0000000080f00000|100%| O|  |TAMS 0x0000000080f00000, 0x0000000080e00000| Untracked 
|  15|0x0000000080f00000, 0x0000000081000000, 0x0000000081000000|100%| O|  |TAMS 0x0000000081000000, 0x0000000080f00000| Untracked 
|  16|0x0000000081000000, 0x0000000081100000, 0x0000000081100000|100%| O|  |TAMS 0x0000000081100000, 0x0000000081000000| Untracked 
|  17|0x0000000081100000, 0x0000000081200000, 0x0000000081200000|100%| O|  |TAMS 0x0000000081200000, 0x0000000081100000| Untracked 
|  18|0x0000000081200000, 0x0000000081300000, 0x0000000081300000|100%| O|  |TAMS 0x0000000081300000, 0x0000000081200000| Untracked 
|  19|0x0000000081300000, 0x0000000081400000, 0x0000000081400000|100%| O|  |TAMS 0x00000000813c1e00, 0x0000000081300000| Untracked 
|  20|0x0000000081400000, 0x00000000814c6e00, 0x0000000081500000| 77%| O|  |TAMS 0x0000000081400000, 0x0000000081400000| Untracked 
|  21|0x0000000081500000, 0x0000000081500000, 0x0000000081600000|  0%| F|  |TAMS 0x0000000081500000, 0x0000000081500000| Untracked 
|  22|0x0000000081600000, 0x0000000081600000, 0x0000000081700000|  0%| F|  |TAMS 0x0000000081600000, 0x0000000081600000| Untracked 
|  23|0x0000000081700000, 0x0000000081700000, 0x0000000081800000|  0%| F|  |TAMS 0x0000000081700000, 0x0000000081700000| Untracked 
|  24|0x0000000081800000, 0x0000000081800000, 0x0000000081900000|  0%| F|  |TAMS 0x0000000081800000, 0x0000000081800000| Untracked 
|  25|0x0000000081900000, 0x0000000081900000, 0x0000000081a00000|  0%| F|  |TAMS 0x0000000081900000, 0x0000000081900000| Untracked 
|  26|0x0000000081a00000, 0x0000000081a00000, 0x0000000081b00000|  0%| F|  |TAMS 0x0000000081a00000, 0x0000000081a00000| Untracked 
|  27|0x0000000081b00000, 0x0000000081b00000, 0x0000000081c00000|  0%| F|  |TAMS 0x0000000081b00000, 0x0000000081b00000| Untracked 
|  28|0x0000000081c00000, 0x0000000081c00000, 0x0000000081d00000|  0%| F|  |TAMS 0x0000000081c00000, 0x0000000081c00000| Untracked 
|  29|0x0000000081d00000, 0x0000000081d00000, 0x0000000081e00000|  0%| F|  |TAMS 0x0000000081d00000, 0x0000000081d00000| Untracked 
|  30|0x0000000081e00000, 0x0000000081e00000, 0x0000000081f00000|  0%| F|  |TAMS 0x0000000081e00000, 0x0000000081e00000| Untracked 
|  31|0x0000000081f00000, 0x0000000081f00000, 0x0000000082000000|  0%| F|  |TAMS 0x0000000081f00000, 0x0000000081f00000| Untracked 
|  32|0x0000000082000000, 0x0000000082000000, 0x0000000082100000|  0%| F|  |TAMS 0x0000000082000000, 0x0000000082000000| Untracked 
|  33|0x0000000082100000, 0x0000000082100000, 0x0000000082200000|  0%| F|  |TAMS 0x0000000082100000, 0x0000000082100000| Untracked 
|  34|0x0000000082200000, 0x0000000082200000, 0x0000000082300000|  0%| F|  |TAMS 0x0000000082200000, 0x0000000082200000| Untracked 
|  35|0x0000000082300000, 0x0000000082300000, 0x0000000082400000|  0%| F|  |TAMS 0x0000000082300000, 0x0000000082300000| Untracked 
|  36|0x0000000082400000, 0x0000000082400000, 0x0000000082500000|  0%| F|  |TAMS 0x0000000082400000, 0x0000000082400000| Untracked 
|  37|0x0000000082500000, 0x0000000082500000, 0x0000000082600000|  0%| F|  |TAMS 0x0000000082500000, 0x0000000082500000| Untracked 
|  38|0x0000000082600000, 0x0000000082600000, 0x0000000082700000|  0%| F|  |TAMS 0x0000000082600000, 0x0000000082600000| Untracked 
|  39|0x0000000082700000, 0x0000000082700000, 0x0000000082800000|  0%| F|  |TAMS 0x0000000082700000, 0x0000000082700000| Untracked 
|  40|0x0000000082800000, 0x0000000082800000, 0x0000000082900000|  0%| F|  |TAMS 0x0000000082800000, 0x0000000082800000| Untracked 
|  41|0x0000000082900000, 0x0000000082900000, 0x0000000082a00000|  0%| F|  |TAMS 0x0000000082900000, 0x0000000082900000| Untracked 
|  42|0x0000000082a00000, 0x0000000082a00000, 0x0000000082b00000|  0%| F|  |TAMS 0x0000000082a00000, 0x0000000082a00000| Untracked 
|  43|0x0000000082b00000, 0x0000000082b00000, 0x0000000082c00000|  0%| F|  |TAMS 0x0000000082b00000, 0x0000000082b00000| Untracked 
|  44|0x0000000082c00000, 0x0000000082c00000, 0x0000000082d00000|  0%| F|  |TAMS 0x0000000082c00000, 0x0000000082c00000| Untracked 
|  45|0x0000000082d00000, 0x0000000082d00000, 0x0000000082e00000|  0%| F|  |TAMS 0x0000000082d00000, 0x0000000082d00000| Untracked 
|  46|0x0000000082e00000, 0x0000000082e00000, 0x0000000082f00000|  0%| F|  |TAMS 0x0000000082e00000, 0x0000000082e00000| Untracked 
|  47|0x0000000082f00000, 0x0000000082f00000, 0x0000000083000000|  0%| F|  |TAMS 0x0000000082f00000, 0x0000000082f00000| Untracked 
|  48|0x0000000083000000, 0x0000000083000000, 0x0000000083100000|  0%| F|  |TAMS 0x0000000083000000, 0x0000000083000000| Untracked 
|  49|0x0000000083100000, 0x0000000083100000, 0x0000000083200000|  0%| F|  |TAMS 0x0000000083100000, 0x0000000083100000| Untracked 
|  50|0x0000000083200000, 0x000000008324d718, 0x0000000083300000| 30%| E|  |TAMS 0x0000000083200000, 0x0000000083200000| Complete 
|  51|0x0000000083300000, 0x0000000083400000, 0x0000000083400000|100%| E|CS|TAMS 0x0000000083300000, 0x0000000083300000| Complete 
|  52|0x0000000083400000, 0x00000000834c61b0, 0x0000000083500000| 77%| S|CS|TAMS 0x0000000083400000, 0x0000000083400000| Complete 
|  53|0x0000000083500000, 0x0000000083600000, 0x0000000083600000|100%| S|CS|TAMS 0x0000000083500000, 0x0000000083500000| Complete 
|  54|0x0000000083600000, 0x0000000083700000, 0x0000000083700000|100%| E|CS|TAMS 0x0000000083600000, 0x0000000083600000| Complete 
|  55|0x0000000083700000, 0x0000000083800000, 0x0000000083800000|100%| E|CS|TAMS 0x0000000083700000, 0x0000000083700000| Complete 

Card table byte_map: [0x000001dd3b7a0000,0x000001dd3bba0000] _byte_map_base: 0x000001dd3b3a0000

Marking Bits (Prev, Next): (CMBitMap*) 0x000001dd28f32bc0, (CMBitMap*) 0x000001dd28f32c00
 Prev Bits: [0x000001dd3bfa0000, 0x000001dd3dfa0000)
 Next Bits: [0x000001dd3dfa0000, 0x000001dd3ffa0000)

Polling page: 0x000001dd26db0000

Metaspace:

Usage:
  Non-class:     31.16 MB used.
      Class:      4.87 MB used.
       Both:     36.03 MB used.

Virtual space:
  Non-class space:       32.00 MB reserved,      31.31 MB ( 98%) committed,  4 nodes.
      Class space:        1.00 GB reserved,       5.00 MB ( <1%) committed,  1 nodes.
             Both:        1.03 GB reserved,      36.31 MB (  3%) committed. 

Chunk freelists:
   Non-Class:  176.00 KB
       Class:  3.02 MB
        Both:  3.20 MB

MaxMetaspaceSize: unlimited
CompressedClassSpaceSize: 1.00 GB
Initial GC threshold: 21.00 MB
Current GC threshold: 58.88 MB
CDS: off
MetaspaceReclaimPolicy: balanced
 - commit_granule_bytes: 65536.
 - commit_granule_words: 8192.
 - virtual_space_node_default_size: 1048576.
 - enlarge_chunks_in_place: 1.
 - new_chunks_are_fully_committed: 0.
 - uncommit_free_chunks: 1.
 - use_allocation_guard: 0.
 - handle_deallocations: 1.


Internal statistics:

num_allocs_failed_limit: 6.
num_arena_births: 284.
num_arena_deaths: 0.
num_vsnodes_births: 5.
num_vsnodes_deaths: 0.
num_space_committed: 581.
num_space_uncommitted: 0.
num_chunks_returned_to_freelist: 6.
num_chunks_taken_from_freelist: 1335.
num_chunk_merges: 6.
num_chunk_splits: 881.
num_chunks_enlarged: 621.
num_purges: 0.
num_inconsistent_stats: 0.

CodeHeap 'non-profiled nmethods': size=120000Kb used=1724Kb max_used=1724Kb free=118275Kb
 bounds [0x000001dd33e70000, 0x000001dd340e0000, 0x000001dd3b3a0000]
CodeHeap 'profiled nmethods': size=120000Kb used=6564Kb max_used=6564Kb free=113436Kb
 bounds [0x000001dd2c3a0000, 0x000001dd2ca10000, 0x000001dd338d0000]
CodeHeap 'non-nmethods': size=5760Kb used=1237Kb max_used=1277Kb free=4522Kb
 bounds [0x000001dd338d0000, 0x000001dd33b40000, 0x000001dd33e70000]
 total_blobs=3752 nmethods=3204 adapters=460
 compilation: enabled
              stopped_count=0, restarted_count=0
 full_count=0

Compilation events (20 events):
Event: 84.799 Thread 0x000001dd424c7470 3206       3       java.util.regex.Pattern$BitClass::is (22 bytes)
Event: 84.799 Thread 0x000001dd424c7470 nmethod 3206 0x000001dd2ca01e90 code [0x000001dd2ca02020, 0x000001dd2ca021f8]
Event: 84.860 Thread 0x000001dd424c7470 3207   !   3       java.util.zip.Inflater::end (37 bytes)
Event: 84.861 Thread 0x000001dd424c7470 nmethod 3207 0x000001dd2ca02310 code [0x000001dd2ca02500, 0x000001dd2ca02ae8]
Event: 84.863 Thread 0x000001dd424c7470 3208       3       java.nio.HeapByteBuffer::<init> (23 bytes)
Event: 84.863 Thread 0x000001dd424c7470 nmethod 3208 0x000001dd2ca02d90 code [0x000001dd2ca02f40, 0x000001dd2ca030c8]
Event: 84.865 Thread 0x000001dd424c7470 3209       3       org.codehaus.groovy.reflection.CachedClass$3$$Lambda$380/0x00000001004dfbd0::test (8 bytes)
Event: 84.865 Thread 0x000001dd424c7470 nmethod 3209 0x000001dd2ca03190 code [0x000001dd2ca03340, 0x000001dd2ca03648]
Event: 84.865 Thread 0x000001dd424c7470 3210       3       org.codehaus.groovy.reflection.CachedClass$3::lambda$initValue$1 (7 bytes)
Event: 84.866 Thread 0x000001dd424c7470 nmethod 3210 0x000001dd2ca03790 code [0x000001dd2ca03940, 0x000001dd2ca03ae8]
Event: 84.866 Thread 0x000001dd424c7470 3211       3       org.codehaus.groovy.reflection.ReflectionUtils::checkCanSetAccessible (11 bytes)
Event: 84.866 Thread 0x000001dd424c7470 nmethod 3211 0x000001dd2ca03c10 code [0x000001dd2ca03da0, 0x000001dd2ca03ec8]
Event: 84.866 Thread 0x000001dd424c7470 3212       3       org.codehaus.groovy.vmplugin.v9.Java9::checkCanSetAccessible (137 bytes)
Event: 84.867 Thread 0x000001dd424c7470 nmethod 3212 0x000001dd2ca03f90 code [0x000001dd2ca042a0, 0x000001dd2ca05318]
Event: 84.867 Thread 0x000001dd424c7470 3213   !   3       org.codehaus.groovy.vmplugin.v8.Java8::checkCanSetAccessible (49 bytes)
Event: 84.868 Thread 0x000001dd424c7470 nmethod 3213 0x000001dd2ca05890 code [0x000001dd2ca05a80, 0x000001dd2ca060e8]
Event: 84.868 Thread 0x000001dd424c7470 3214       3       org.codehaus.groovy.reflection.CachedClass$3$$Lambda$381/0x00000001004e0000::apply (12 bytes)
Event: 84.868 Thread 0x000001dd424c7470 nmethod 3214 0x000001dd2ca06310 code [0x000001dd2ca064e0, 0x000001dd2ca069d8]
Event: 84.873 Thread 0x000001dd424c7470 3215       3       sun.nio.fs.WindowsPath::toWindowsPath (32 bytes)
Event: 84.873 Thread 0x000001dd424c7470 nmethod 3215 0x000001dd2ca06b90 code [0x000001dd2ca06d60, 0x000001dd2ca071d8]

GC Heap History (20 events):
Event: 12.089 GC heap before
{Heap before GC invocations=0 (full 0):
 garbage-first heap   total 57344K, used 13312K [0x0000000080000000, 0x0000000100000000)
  region size 1024K, 13 young (13312K), 0 survivors (0K)
 Metaspace       used 7065K, committed 7232K, reserved 1056768K
  class space    used 608K, committed 704K, reserved 1048576K
}
Event: 12.659 GC heap after
{Heap after GC invocations=1 (full 0):
 garbage-first heap   total 57344K, used 3716K [0x0000000080000000, 0x0000000100000000)
  region size 1024K, 2 young (2048K), 2 survivors (2048K)
 Metaspace       used 7065K, committed 7232K, reserved 1056768K
  class space    used 608K, committed 704K, reserved 1048576K
}
Event: 22.741 GC heap before
{Heap before GC invocations=1 (full 0):
 garbage-first heap   total 57344K, used 21124K [0x0000000080000000, 0x0000000100000000)
  region size 1024K, 17 young (17408K), 2 survivors (2048K)
 Metaspace       used 11080K, committed 11264K, reserved 1064960K
  class space    used 1163K, committed 1280K, reserved 1048576K
}
Event: 22.749 GC heap after
{Heap after GC invocations=2 (full 0):
 garbage-first heap   total 57344K, used 9375K [0x0000000080000000, 0x0000000100000000)
  region size 1024K, 3 young (3072K), 3 survivors (3072K)
 Metaspace       used 11080K, committed 11264K, reserved 1064960K
  class space    used 1163K, committed 1280K, reserved 1048576K
}
Event: 29.312 GC heap before
{Heap before GC invocations=2 (full 0):
 garbage-first heap   total 57344K, used 26783K [0x0000000080000000, 0x0000000100000000)
  region size 1024K, 20 young (20480K), 3 survivors (3072K)
 Metaspace       used 11160K, committed 11328K, reserved 1064960K
  class space    used 1164K, committed 1280K, reserved 1048576K
}
Event: 29.317 GC heap after
{Heap after GC invocations=3 (full 0):
 garbage-first heap   total 57344K, used 9976K [0x0000000080000000, 0x0000000100000000)
  region size 1024K, 1 young (1024K), 1 survivors (1024K)
 Metaspace       used 11160K, committed 11328K, reserved 1064960K
  class space    used 1164K, committed 1280K, reserved 1048576K
}
Event: 56.112 GC heap before
{Heap before GC invocations=3 (full 0):
 garbage-first heap   total 57344K, used 38648K [0x0000000080000000, 0x0000000100000000)
  region size 1024K, 28 young (28672K), 1 survivors (1024K)
 Metaspace       used 17854K, committed 18112K, reserved 1064960K
  class space    used 2065K, committed 2176K, reserved 1048576K
}
Event: 56.124 GC heap after
{Heap after GC invocations=4 (full 0):
 garbage-first heap   total 57344K, used 16487K [0x0000000080000000, 0x0000000100000000)
  region size 1024K, 4 young (4096K), 4 survivors (4096K)
 Metaspace       used 17854K, committed 18112K, reserved 1064960K
  class space    used 2065K, committed 2176K, reserved 1048576K
}
Event: 65.460 GC heap before
{Heap before GC invocations=4 (full 0):
 garbage-first heap   total 57344K, used 31847K [0x0000000080000000, 0x0000000100000000)
  region size 1024K, 21 young (21504K), 4 survivors (4096K)
 Metaspace       used 21282K, committed 21504K, reserved 1073152K
  class space    used 2577K, committed 2624K, reserved 1048576K
}
Event: 65.482 GC heap after
{Heap after GC invocations=5 (full 0):
 garbage-first heap   total 57344K, used 17686K [0x0000000080000000, 0x0000000100000000)
  region size 1024K, 2 young (2048K), 2 survivors (2048K)
 Metaspace       used 21282K, committed 21504K, reserved 1073152K
  class space    used 2577K, committed 2624K, reserved 1048576K
}
Event: 69.832 GC heap before
{Heap before GC invocations=6 (full 0):
 garbage-first heap   total 57344K, used 38166K [0x0000000080000000, 0x0000000100000000)
  region size 1024K, 22 young (22528K), 2 survivors (2048K)
 Metaspace       used 24529K, committed 24832K, reserved 1073152K
  class space    used 3175K, committed 3328K, reserved 1048576K
}
Event: 69.841 GC heap after
{Heap after GC invocations=7 (full 0):
 garbage-first heap   total 57344K, used 18957K [0x0000000080000000, 0x0000000100000000)
  region size 1024K, 3 young (3072K), 3 survivors (3072K)
 Metaspace       used 24529K, committed 24832K, reserved 1073152K
  class space    used 3175K, committed 3328K, reserved 1048576K
}
Event: 76.125 GC heap before
{Heap before GC invocations=7 (full 0):
 garbage-first heap   total 57344K, used 40461K [0x0000000080000000, 0x0000000100000000)
  region size 1024K, 24 young (24576K), 3 survivors (3072K)
 Metaspace       used 28367K, committed 28608K, reserved 1081344K
  class space    used 3818K, committed 3904K, reserved 1048576K
}
Event: 76.134 GC heap after
{Heap after GC invocations=8 (full 0):
 garbage-first heap   total 57344K, used 20331K [0x0000000080000000, 0x0000000100000000)
  region size 1024K, 3 young (3072K), 3 survivors (3072K)
 Metaspace       used 28367K, committed 28608K, reserved 1081344K
  class space    used 3818K, committed 3904K, reserved 1048576K
}
Event: 79.996 GC heap before
{Heap before GC invocations=8 (full 0):
 garbage-first heap   total 57344K, used 41835K [0x0000000080000000, 0x0000000100000000)
  region size 1024K, 24 young (24576K), 3 survivors (3072K)
 Metaspace       used 31458K, committed 31808K, reserved 1081344K
  class space    used 4289K, committed 4416K, reserved 1048576K
}
Event: 80.005 GC heap after
{Heap after GC invocations=9 (full 0):
 garbage-first heap   total 57344K, used 21357K [0x0000000080000000, 0x0000000100000000)
  region size 1024K, 3 young (3072K), 3 survivors (3072K)
 Metaspace       used 31458K, committed 31808K, reserved 1081344K
  class space    used 4289K, committed 4416K, reserved 1048576K
}
Event: 84.313 GC heap before
{Heap before GC invocations=9 (full 0):
 garbage-first heap   total 57344K, used 42861K [0x0000000080000000, 0x0000000100000000)
  region size 1024K, 24 young (24576K), 3 survivors (3072K)
 Metaspace       used 35343K, committed 35712K, reserved 1081344K
  class space    used 4891K, committed 5056K, reserved 1048576K
}
Event: 84.320 GC heap after
{Heap after GC invocations=10 (full 0):
 garbage-first heap   total 57344K, used 22653K [0x0000000080000000, 0x0000000100000000)
  region size 1024K, 3 young (3072K), 3 survivors (3072K)
 Metaspace       used 35343K, committed 35712K, reserved 1081344K
  class space    used 4891K, committed 5056K, reserved 1048576K
}
Event: 84.476 GC heap before
{Heap before GC invocations=10 (full 0):
 garbage-first heap   total 57344K, used 23677K [0x0000000080000000, 0x0000000100000000)
  region size 1024K, 5 young (5120K), 3 survivors (3072K)
 Metaspace       used 35824K, committed 36096K, reserved 1081344K
  class space    used 4910K, committed 5056K, reserved 1048576K
}
Event: 84.482 GC heap after
{Heap after GC invocations=11 (full 0):
 garbage-first heap   total 57344K, used 23091K [0x0000000080000000, 0x0000000100000000)
  region size 1024K, 2 young (2048K), 2 survivors (2048K)
 Metaspace       used 35824K, committed 36096K, reserved 1081344K
  class space    used 4910K, committed 5056K, reserved 1048576K
}

Dll operation events (2 events):
Event: 1.061 Loaded shared library C:\Program Files\Android\Android Studio\jbr\bin\java.dll
Event: 11.330 Loaded shared library C:\Program Files\Android\Android Studio\jbr\bin\verify.dll

Deoptimization events (20 events):
Event: 84.586 Thread 0x000001dd43b0a720 Uncommon trap: trap_request=0xffffffde fr.pc=0x000001dd3401c368 relative=0x00000000000002a8
Event: 84.586 Thread 0x000001dd43b0a720 Uncommon trap: reason=class_check action=maybe_recompile pc=0x000001dd3401c368 method=java.lang.reflect.Executable.getAnnotation(Ljava/lang/Class;)Ljava/lang/annotation/Annotation; @ 19 c2
Event: 84.586 Thread 0x000001dd43b0a720 DEOPT PACKING pc=0x000001dd3401c368 sp=0x000000be2b2f8590
Event: 84.586 Thread 0x000001dd43b0a720 DEOPT UNPACKING pc=0x000001dd339269a3 sp=0x000000be2b2f84e8 mode 2
Event: 84.594 Thread 0x000001dd43b0a720 Uncommon trap: trap_request=0xffffffde fr.pc=0x000001dd3401c368 relative=0x00000000000002a8
Event: 84.594 Thread 0x000001dd43b0a720 Uncommon trap: reason=class_check action=maybe_recompile pc=0x000001dd3401c368 method=java.lang.reflect.Executable.getAnnotation(Ljava/lang/Class;)Ljava/lang/annotation/Annotation; @ 19 c2
Event: 84.594 Thread 0x000001dd43b0a720 DEOPT PACKING pc=0x000001dd3401c368 sp=0x000000be2b2f8590
Event: 84.594 Thread 0x000001dd43b0a720 DEOPT UNPACKING pc=0x000001dd339269a3 sp=0x000000be2b2f84e8 mode 2
Event: 84.594 Thread 0x000001dd43b0a720 Uncommon trap: trap_request=0xffffffde fr.pc=0x000001dd3401c368 relative=0x00000000000002a8
Event: 84.594 Thread 0x000001dd43b0a720 Uncommon trap: reason=class_check action=maybe_recompile pc=0x000001dd3401c368 method=java.lang.reflect.Executable.getAnnotation(Ljava/lang/Class;)Ljava/lang/annotation/Annotation; @ 19 c2
Event: 84.594 Thread 0x000001dd43b0a720 DEOPT PACKING pc=0x000001dd3401c368 sp=0x000000be2b2f8590
Event: 84.594 Thread 0x000001dd43b0a720 DEOPT UNPACKING pc=0x000001dd339269a3 sp=0x000000be2b2f84e8 mode 2
Event: 84.594 Thread 0x000001dd43b0a720 Uncommon trap: trap_request=0xffffffde fr.pc=0x000001dd3401c368 relative=0x00000000000002a8
Event: 84.594 Thread 0x000001dd43b0a720 Uncommon trap: reason=class_check action=maybe_recompile pc=0x000001dd3401c368 method=java.lang.reflect.Executable.getAnnotation(Ljava/lang/Class;)Ljava/lang/annotation/Annotation; @ 19 c2
Event: 84.594 Thread 0x000001dd43b0a720 DEOPT PACKING pc=0x000001dd3401c368 sp=0x000000be2b2f8590
Event: 84.594 Thread 0x000001dd43b0a720 DEOPT UNPACKING pc=0x000001dd339269a3 sp=0x000000be2b2f84e8 mode 2
Event: 84.795 Thread 0x000001dd43b0a720 Uncommon trap: trap_request=0xffffffc6 fr.pc=0x000001dd33ed3b94 relative=0x0000000000000e54
Event: 84.795 Thread 0x000001dd43b0a720 Uncommon trap: reason=bimorphic_or_optimized_type_check action=maybe_recompile pc=0x000001dd33ed3b94 method=java.util.Properties$LineReader.readLine()I @ 70 c2
Event: 84.797 Thread 0x000001dd43b0a720 DEOPT PACKING pc=0x000001dd33ed3b94 sp=0x000000be2b2f8400
Event: 84.797 Thread 0x000001dd43b0a720 DEOPT UNPACKING pc=0x000001dd339269a3 sp=0x000000be2b2f83a0 mode 2

Classes unloaded (0 events):
No events

Classes redefined (0 events):
No events

Internal exceptions (20 events):
Event: 79.151 Thread 0x000001dd43b0a720 Exception <a 'java/lang/NoSuchMethodError'{0x0000000082895508}: 'java.lang.Object java.lang.invoke.DirectMethodHandle$Holder.invokeSpecial(java.lang.Object, java.lang.Object, java.lang.Object, java.lang.Object, java.lang.Object, java.lang.Object, java.lang.Object, java.lang.Object, java.lang.Object, java.lang.Object, java.lang.Object, java.lang.Object)'> (0x0000000082895508) 
thrown [s\src\hotspot\share\interpreter\linkResolver.cpp, line 771]
Event: 79.153 Thread 0x000001dd43b0a720 Exception <a 'java/lang/NoSuchMethodError'{0x000000008289a8f8}: 'java.lang.Object java.lang.invoke.Invokers$Holder.linkToTargetMethod(java.lang.Object, java.lang.Object, java.lang.Object, java.lang.Object, java.lang.Object, java.lang.Object, java.lang.Object, java.lang.Object, java.lang.Object, java.lang.Object, java.lang.Object)'> (0x000000008289a8f8) 
thrown [s\src\hotspot\share\interpreter\linkResolver.cpp, line 771]
Event: 79.202 Thread 0x000001dd43b0a720 Exception <a 'java/lang/NoSuchMethodError'{0x00000000828e8468}: 'java.lang.Object java.lang.invoke.DirectMethodHandle$Holder.invokeSpecial(java.lang.Object, java.lang.Object, java.lang.Object, java.lang.Object, java.lang.Object, java.lang.Object, java.lang.Object, java.lang.Object, java.lang.Object, java.lang.Object, java.lang.Object, java.lang.Object, java.lang.Object, java.lang.Object)'> (0x00000000828e8468) 
thrown [s\src\hotspot\share\interpreter\linkResolver.cpp, line 771]
Event: 79.204 Thread 0x000001dd43b0a720 Exception <a 'java/lang/NoSuchMethodError'{0x00000000828fa8a8}: 'java.lang.Object java.lang.invoke.DirectMethodHandle$Holder.newInvokeSpecial(java.lang.Object, java.lang.Object, java.lang.Object, java.lang.Object, java.lang.Object, java.lang.Object, java.lang.Object, java.lang.Object, java.lang.Object, java.lang.Object, java.lang.Object, java.lang.Object)'> (0x00000000828fa8a8) 
thrown [s\src\hotspot\share\interpreter\linkResolver.cpp, line 771]
Event: 79.204 Thread 0x000001dd43b0a720 Exception <a 'java/lang/NoSuchMethodError'{0x0000000082700210}: 'java.lang.Object java.lang.invoke.Invokers$Holder.linkToTargetMethod(java.lang.Object, java.lang.Object, java.lang.Object, java.lang.Object, java.lang.Object, java.lang.Object, java.lang.Object, java.lang.Object, java.lang.Object, java.lang.Object, java.lang.Object, java.lang.Object)'> (0x0000000082700210) 
thrown [s\src\hotspot\share\interpreter\linkResolver.cpp, line 771]
Event: 79.522 Thread 0x000001dd43b0a720 Exception <a 'java/lang/NoSuchMethodError'{0x0000000082793210}: 'java.lang.Object java.lang.invoke.DirectMethodHandle$Holder.invokeStaticInit(java.lang.Object, java.lang.Object, java.lang.Object, java.lang.Object)'> (0x0000000082793210) 
thrown [s\src\hotspot\share\interpreter\linkResolver.cpp, line 771]
Event: 80.247 Thread 0x000001dd43b0a720 Exception <a 'java/lang/NoSuchMethodError'{0x00000000836197e0}: 'java.lang.Object java.lang.invoke.DirectMethodHandle$Holder.newInvokeSpecial(java.lang.Object, java.lang.Object, java.lang.Object, java.lang.Object, java.lang.Object, java.lang.Object, java.lang.Object, java.lang.Object)'> (0x00000000836197e0) 
thrown [s\src\hotspot\share\interpreter\linkResolver.cpp, line 771]
Event: 80.248 Thread 0x000001dd43b0a720 Exception <a 'java/lang/NoSuchMethodError'{0x000000008361f5c0}: 'java.lang.Object java.lang.invoke.Invokers$Holder.linkToTargetMethod(java.lang.Object, java.lang.Object, java.lang.Object, java.lang.Object, java.lang.Object, java.lang.Object, java.lang.Object, java.lang.Object)'> (0x000000008361f5c0) 
thrown [s\src\hotspot\share\interpreter\linkResolver.cpp, line 771]
Event: 80.263 Thread 0x000001dd43b0a720 Exception <a 'java/lang/IncompatibleClassChangeError'{0x000000008368f2a8}: Found class java.lang.Object, but interface was expected> (0x000000008368f2a8) 
thrown [s\src\hotspot\share\interpreter\linkResolver.cpp, line 838]
Event: 81.796 Thread 0x000001dd43b0a720 Exception <a 'java/lang/NoSuchMethodError'{0x0000000082c699a8}: 'java.lang.Object java.lang.invoke.DirectMethodHandle$Holder.newInvokeSpecial(java.lang.Object, java.lang.Object, long)'> (0x0000000082c699a8) 
thrown [s\src\hotspot\share\interpreter\linkResolver.cpp, line 771]
Event: 81.797 Thread 0x000001dd43b0a720 Exception <a 'java/lang/NoSuchMethodError'{0x0000000082c6e268}: 'java.lang.Object java.lang.invoke.Invokers$Holder.linkToTargetMethod(java.lang.Object, long, java.lang.Object)'> (0x0000000082c6e268) 
thrown [s\src\hotspot\share\interpreter\linkResolver.cpp, line 771]
Event: 81.930 Thread 0x000001dd43b0a720 Exception <a 'java/lang/NoSuchMethodError'{0x0000000082b63708}: 'int java.lang.invoke.DirectMethodHandle$Holder.invokeInterface(java.lang.Object, java.lang.Object)'> (0x0000000082b63708) 
thrown [s\src\hotspot\share\interpreter\linkResolver.cpp, line 771]
Event: 81.935 Thread 0x000001dd43b0a720 Exception <a 'java/lang/NoSuchMethodError'{0x0000000082b87060}: 'java.lang.Object java.lang.invoke.DirectMethodHandle$Holder.invokeStatic(java.lang.Object, java.lang.Object, int, java.lang.Object)'> (0x0000000082b87060) 
thrown [s\src\hotspot\share\interpreter\linkResolver.cpp, line 771]
Event: 81.936 Thread 0x000001dd43b0a720 Exception <a 'java/lang/NoSuchMethodError'{0x0000000082b8ec18}: 'java.lang.Object java.lang.invoke.DirectMethodHandle$Holder.newInvokeSpecial(java.lang.Object, java.lang.Object, int, java.lang.Object)'> (0x0000000082b8ec18) 
thrown [s\src\hotspot\share\interpreter\linkResolver.cpp, line 771]
Event: 81.937 Thread 0x000001dd43b0a720 Exception <a 'java/lang/NoSuchMethodError'{0x0000000082b93500}: 'java.lang.Object java.lang.invoke.DirectMethodHandle$Holder.invokeSpecial(java.lang.Object, java.lang.Object, java.lang.Object, int, java.lang.Object)'> (0x0000000082b93500) 
thrown [s\src\hotspot\share\interpreter\linkResolver.cpp, line 771]
Event: 83.535 Thread 0x000001dd43b0a720 Exception <a 'java/lang/NoSuchMethodError'{0x0000000082713cf8}: 'java.lang.Object java.lang.invoke.DirectMethodHandle$Holder.invokeSpecial(java.lang.Object, java.lang.Object, java.lang.Object, int, java.lang.Object, java.lang.Object)'> (0x0000000082713cf8) 
thrown [s\src\hotspot\share\interpreter\linkResolver.cpp, line 771]
Event: 84.164 Thread 0x000001dd43b0a720 Exception <a 'java/lang/NoSuchMethodError'{0x0000000082347a28}: 'void java.lang.invoke.DirectMethodHandle$Holder.invokeStaticInit(java.lang.Object, java.lang.Object, java.lang.Object)'> (0x0000000082347a28) 
thrown [s\src\hotspot\share\interpreter\linkResolver.cpp, line 771]
Event: 84.187 Thread 0x000001dd43b0a720 Exception <a 'java/lang/NoSuchMethodError'{0x000000008234eec8}: 'void java.lang.invoke.DirectMethodHandle$Holder.invokeStaticInit(java.lang.Object, java.lang.Object, java.lang.Object, java.lang.Object)'> (0x000000008234eec8) 
thrown [s\src\hotspot\share\interpreter\linkResolver.cpp, line 771]
Event: 84.196 Thread 0x000001dd43b0a720 Exception <a 'java/lang/NoSuchMethodError'{0x0000000082373db8}: 'void java.lang.invoke.DirectMethodHandle$Holder.invokeStaticInit(java.lang.Object, java.lang.Object, java.lang.Object, java.lang.Object, java.lang.Object)'> (0x0000000082373db8) 
thrown [s\src\hotspot\share\interpreter\linkResolver.cpp, line 771]
Event: 84.240 Thread 0x000001dd43b0a720 Exception <a 'java/lang/NoSuchMethodError'{0x00000000823ce0b8}: 'int java.lang.invoke.DirectMethodHandle$Holder.invokeStaticInit(java.lang.Object, java.lang.Object, java.lang.Object, java.lang.Object)'> (0x00000000823ce0b8) 
thrown [s\src\hotspot\share\interpreter\linkResolver.cpp, line 771]

VM Operations (20 events):
Event: 81.879 Executing VM operation: Cleanup
Event: 81.911 Executing VM operation: Cleanup done
Event: 82.057 Executing VM operation: HandshakeAllThreads
Event: 82.065 Executing VM operation: HandshakeAllThreads done
Event: 82.067 Executing VM operation: HandshakeAllThreads
Event: 82.067 Executing VM operation: HandshakeAllThreads done
Event: 83.079 Executing VM operation: Cleanup
Event: 83.079 Executing VM operation: Cleanup done
Event: 83.419 Executing VM operation: HandshakeAllThreads
Event: 83.419 Executing VM operation: HandshakeAllThreads done
Event: 83.763 Executing VM operation: HandshakeAllThreads
Event: 83.763 Executing VM operation: HandshakeAllThreads done
Event: 84.313 Executing VM operation: G1CollectForAllocation
Event: 84.320 Executing VM operation: G1CollectForAllocation done
Event: 84.476 Executing VM operation: CollectForMetadataAllocation
Event: 84.482 Executing VM operation: CollectForMetadataAllocation done
Event: 84.520 Executing VM operation: G1Concurrent
Event: 84.523 Executing VM operation: G1Concurrent done
Event: 84.538 Executing VM operation: G1Concurrent
Event: 84.539 Executing VM operation: G1Concurrent done

Events (20 events):
Event: 84.726 loading class java/time/Month
Event: 84.727 loading class java/time/Month done
Event: 84.727 loading class java/time/MonthDay
Event: 84.727 loading class java/time/MonthDay done
Event: 84.730 loading class java/time/temporal/TemporalQuery
Event: 84.730 loading class java/time/temporal/TemporalQuery done
Event: 84.730 loading class java/time/temporal/ValueRange
Event: 84.731 loading class java/time/temporal/ValueRange done
Event: 84.735 loading class java/time/format/DateTimeFormatter
Event: 84.738 loading class java/time/format/DateTimeFormatter done
Event: 84.738 loading class java/time/chrono/Era
Event: 84.738 loading class java/time/chrono/Era done
Event: 84.738 loading class java/time/chrono/Chronology
Event: 84.738 loading class java/time/chrono/Chronology done
Event: 84.770 loading class java/time/zone/ZoneRules
Event: 84.772 loading class java/time/zone/ZoneRules done
Event: 84.772 loading class java/time/format/TextStyle
Event: 84.772 loading class java/time/format/TextStyle done
Event: 84.788 loading class java/time/format/ResolverStyle
Event: 84.789 loading class java/time/format/ResolverStyle done


Dynamic libraries:
0x00007ff7ac340000 - 0x00007ff7ac34a000 	C:\Program Files\Android\Android Studio\jbr\bin\java.exe
0x00007ffb09f90000 - 0x00007ffb0a1a4000 	C:\WINDOWS\SYSTEM32\ntdll.dll
0x00007ffb09670000 - 0x00007ffb09732000 	C:\WINDOWS\System32\KERNEL32.DLL
0x00007ffb07720000 - 0x00007ffb07ac3000 	C:\WINDOWS\System32\KERNELBASE.dll
0x00007ffb07600000 - 0x00007ffb07711000 	C:\WINDOWS\System32\ucrtbase.dll
0x00007ffafbd50000 - 0x00007ffafbd67000 	C:\Program Files\Android\Android Studio\jbr\bin\jli.dll
0x00007ffb08320000 - 0x00007ffb084cb000 	C:\WINDOWS\System32\USER32.dll
0x00007ffb07390000 - 0x00007ffb073b6000 	C:\WINDOWS\System32\win32u.dll
0x00007ffb09520000 - 0x00007ffb09549000 	C:\WINDOWS\System32\GDI32.dll
0x00007ffb073c0000 - 0x00007ffb074d9000 	C:\WINDOWS\System32\gdi32full.dll
0x00007ffb07560000 - 0x00007ffb075fa000 	C:\WINDOWS\System32\msvcp_win.dll
0x00007ffb02770000 - 0x00007ffb0278b000 	C:\Program Files\Android\Android Studio\jbr\bin\VCRUNTIME140.dll
0x00007ffaf4350000 - 0x00007ffaf45de000 	C:\WINDOWS\WinSxS\amd64_microsoft.windows.common-controls_6595b64144ccf1df_6.0.22621.1635_none_270f70857386168e\COMCTL32.dll
0x00007ffb09b00000 - 0x00007ffb09ba7000 	C:\WINDOWS\System32\msvcrt.dll
0x00007ffb093d0000 - 0x00007ffb09401000 	C:\WINDOWS\System32\IMM32.DLL
0x00007ffafec10000 - 0x00007ffafec1c000 	C:\Program Files\Android\Android Studio\jbr\bin\vcruntime140_1.dll
0x00007ffae1b40000 - 0x00007ffae1bcd000 	C:\Program Files\Android\Android Studio\jbr\bin\msvcp140.dll
0x00007ffabd040000 - 0x00007ffabdcad000 	C:\Program Files\Android\Android Studio\jbr\bin\server\jvm.dll
0x00007ffb09470000 - 0x00007ffb0951e000 	C:\WINDOWS\System32\ADVAPI32.dll
0x00007ffb09e10000 - 0x00007ffb09eb4000 	C:\WINDOWS\System32\sechost.dll
0x00007ffb08200000 - 0x00007ffb08317000 	C:\WINDOWS\System32\RPCRT4.dll
0x00007ffae1500000 - 0x00007ffae1509000 	C:\WINDOWS\SYSTEM32\WSOCK32.dll
0x00007ffafebd0000 - 0x00007ffafec04000 	C:\WINDOWS\SYSTEM32\WINMM.dll
0x00007ffb09bb0000 - 0x00007ffb09c21000 	C:\WINDOWS\System32\WS2_32.dll
0x00007ffaff580000 - 0x00007ffaff58a000 	C:\WINDOWS\SYSTEM32\VERSION.dll
0x00007ffb063e0000 - 0x00007ffb063f8000 	C:\WINDOWS\SYSTEM32\kernel.appcore.dll
0x00007ffae14f0000 - 0x00007ffae14fa000 	C:\Program Files\Android\Android Studio\jbr\bin\jimage.dll
0x00007ffb04eb0000 - 0x00007ffb050de000 	C:\WINDOWS\SYSTEM32\DBGHELP.DLL
0x00007ffb09040000 - 0x00007ffb093c9000 	C:\WINDOWS\System32\combase.dll
0x00007ffb09990000 - 0x00007ffb09a67000 	C:\WINDOWS\System32\OLEAUT32.dll
0x00007ffaeab50000 - 0x00007ffaeab82000 	C:\WINDOWS\SYSTEM32\dbgcore.DLL
0x00007ffb074e0000 - 0x00007ffb0755b000 	C:\WINDOWS\System32\bcryptPrimitives.dll
0x00007ffabd010000 - 0x00007ffabd035000 	C:\Program Files\Android\Android Studio\jbr\bin\java.dll
0x00007ffac0b90000 - 0x00007ffac0ba8000 	C:\Program Files\Android\Android Studio\jbr\bin\zip.dll
0x00007ffb086d0000 - 0x00007ffb08eca000 	C:\WINDOWS\System32\SHELL32.dll
0x00007ffb05390000 - 0x00007ffb05c5e000 	C:\WINDOWS\SYSTEM32\windows.storage.dll
0x00007ffb050e0000 - 0x00007ffb0521e000 	C:\WINDOWS\SYSTEM32\wintypes.dll
0x00007ffb09740000 - 0x00007ffb09831000 	C:\WINDOWS\System32\SHCORE.dll
0x00007ffb084d0000 - 0x00007ffb0852e000 	C:\WINDOWS\System32\shlwapi.dll
0x00007ffb072c0000 - 0x00007ffb072e1000 	C:\WINDOWS\SYSTEM32\profapi.dll
0x00007ffabcff0000 - 0x00007ffabd009000 	C:\Program Files\Android\Android Studio\jbr\bin\net.dll
0x00007ffafe140000 - 0x00007ffafe277000 	C:\WINDOWS\SYSTEM32\WINHTTP.dll
0x00007ffb06850000 - 0x00007ffb068b9000 	C:\WINDOWS\system32\mswsock.dll
0x00007ffabcfd0000 - 0x00007ffabcfe6000 	C:\Program Files\Android\Android Studio\jbr\bin\nio.dll
0x00007ffabcd70000 - 0x00007ffabcd80000 	C:\Program Files\Android\Android Studio\jbr\bin\verify.dll
0x00007ffaf78f0000 - 0x00007ffaf7917000 	C:\Users\leana\.gradle\native\68d5fa5c4cc2d200863cafc0d521ce42e7d3e7ee720ec0a83991735586a16f82\windows-amd64\native-platform.dll
0x00007ffada320000 - 0x00007ffada464000 	C:\Users\leana\.gradle\native\e376f236ea51e6404a007f0833ffe2c6e607c4080706a723a18a27aeea778392\windows-amd64\native-platform-file-events.dll
0x00007ffabcfc0000 - 0x00007ffabcfc9000 	C:\Program Files\Android\Android Studio\jbr\bin\management.dll
0x00007ffabcfb0000 - 0x00007ffabcfbb000 	C:\Program Files\Android\Android Studio\jbr\bin\management_ext.dll
0x00007ffb09f40000 - 0x00007ffb09f48000 	C:\WINDOWS\System32\PSAPI.DLL
0x00007ffb06ac0000 - 0x00007ffb06adb000 	C:\WINDOWS\SYSTEM32\CRYPTSP.dll
0x00007ffb06350000 - 0x00007ffb06385000 	C:\WINDOWS\system32\rsaenh.dll
0x00007ffb06950000 - 0x00007ffb06978000 	C:\WINDOWS\SYSTEM32\USERENV.dll
0x00007ffb06c70000 - 0x00007ffb06c98000 	C:\WINDOWS\SYSTEM32\bcrypt.dll
0x00007ffb06ab0000 - 0x00007ffb06abc000 	C:\WINDOWS\SYSTEM32\CRYPTBASE.dll
0x00007ffb05ec0000 - 0x00007ffb05eed000 	C:\WINDOWS\SYSTEM32\IPHLPAPI.DLL
0x00007ffb09550000 - 0x00007ffb09559000 	C:\WINDOWS\System32\NSI.dll
0x00007ffafe3d0000 - 0x00007ffafe3e9000 	C:\WINDOWS\SYSTEM32\dhcpcsvc6.DLL
0x00007ffafe100000 - 0x00007ffafe11f000 	C:\WINDOWS\SYSTEM32\dhcpcsvc.DLL
0x00007ffb05f30000 - 0x00007ffb06023000 	C:\WINDOWS\SYSTEM32\DNSAPI.dll
0x00007ffabcc30000 - 0x00007ffabcc38000 	C:\WINDOWS\system32\wshunix.dll

dbghelp: loaded successfully - version: 4.0.5 - missing functions: none
symbol engine: initialized successfully - sym options: 0x614 - pdb path: .;C:\Program Files\Android\Android Studio\jbr\bin;C:\WINDOWS\SYSTEM32;C:\WINDOWS\WinSxS\amd64_microsoft.windows.common-controls_6595b64144ccf1df_6.0.22621.1635_none_270f70857386168e;C:\Program Files\Android\Android Studio\jbr\bin\server;C:\Users\leana\.gradle\native\68d5fa5c4cc2d200863cafc0d521ce42e7d3e7ee720ec0a83991735586a16f82\windows-amd64;C:\Users\leana\.gradle\native\e376f236ea51e6404a007f0833ffe2c6e607c4080706a723a18a27aeea778392\windows-amd64

VM Arguments:
jvm_args: --add-opens=java.base/java.util=ALL-UNNAMED --add-opens=java.base/java.lang=ALL-UNNAMED --add-opens=java.base/java.lang.invoke=ALL-UNNAMED --add-opens=java.prefs/java.util.prefs=ALL-UNNAMED --add-opens=java.base/java.nio.charset=ALL-UNNAMED --add-opens=java.base/java.net=ALL-UNNAMED --add-opens=java.base/java.util.concurrent.atomic=ALL-UNNAMED -Xmx2048m -Dfile.encoding=UTF-8 -Duser.country=CO -Duser.language=es -Duser.variant 
java_command: org.gradle.launcher.daemon.bootstrap.GradleDaemon 7.6
java_class_path (initial): C:\Users\leana\.gradle\wrapper\dists\gradle-7.6-bin\9l9tetv7ltxvx3i8an4pb86ye\gradle-7.6\lib\gradle-launcher-7.6.jar
Launcher Type: SUN_STANDARD

[Global flags]
     intx CICompilerCount                          = 3                                         {product} {ergonomic}
     uint ConcGCThreads                            = 1                                         {product} {ergonomic}
     uint G1ConcRefinementThreads                  = 4                                         {product} {ergonomic}
   size_t G1HeapRegionSize                         = 1048576                                   {product} {ergonomic}
    uintx GCDrainStackTargetSize                   = 64                                        {product} {ergonomic}
   size_t InitialHeapSize                          = 58720256                                  {product} {ergonomic}
   size_t MarkStackSize                            = 4194304                                   {product} {ergonomic}
   size_t MaxHeapSize                              = 2147483648                                {product} {command line}
   size_t MaxNewSize                               = 1287651328                                {product} {ergonomic}
   size_t MinHeapDeltaBytes                        = 1048576                                   {product} {ergonomic}
   size_t MinHeapSize                              = 8388608                                   {product} {ergonomic}
    uintx NonNMethodCodeHeapSize                   = 5832780                                {pd product} {ergonomic}
    uintx NonProfiledCodeHeapSize                  = 122912730                              {pd product} {ergonomic}
    uintx ProfiledCodeHeapSize                     = 122912730                              {pd product} {ergonomic}
    uintx ReservedCodeCacheSize                    = 251658240                              {pd product} {ergonomic}
     bool SegmentedCodeCache                       = true                                      {product} {ergonomic}
   size_t SoftMaxHeapSize                          = 2147483648                             {manageable} {ergonomic}
     bool UseCompressedClassPointers               = true                           {product lp64_product} {ergonomic}
     bool UseCompressedOops                        = true                           {product lp64_product} {ergonomic}
     bool UseG1GC                                  = true                                      {product} {ergonomic}
     bool UseLargePagesIndividualAllocation        = false                                  {pd product} {ergonomic}

Logging:
Log output configuration:
 #0: stdout all=warning uptime,level,tags
 #1: stderr all=off uptime,level,tags

Environment Variables:
PATH=C:\Python311\Scripts\;C:\Python311\;C:\WINDOWS\system32;C:\WINDOWS;C:\WINDOWS\System32\Wbem;C:\WINDOWS\System32\WindowsPowerShell\v1.0\;C:\WINDOWS\System32\OpenSSH\;C:\Program Files\dotnet\;C:\ProgramData\chocolatey\bin;C:\Program Files\Git\cmd;C:\Program Files\Git\get;C:\Users\leana\AppData\Roaming\nvm;C:\Program Files\nodejs;C:\Program Files\MySQL\MySQL Shell 8.0\bin\;C:\Users\leana\AppData\Local\Microsoft\WindowsApps;C:\Users\leana\AppData\Local\Programs\Microsoft VS Code\bin;C:\Users\leana\.dotnet\tools;C:\Users\leana\AppData\Roaming\npm;C:\Users\leana\AppData\Roaming\nvm;C:\Program Files\nodejs
USERNAME=leana
OS=Windows_NT
PROCESSOR_IDENTIFIER=AMD64 Family 23 Model 24 Stepping 1, AuthenticAMD
TMP=C:\Users\leana\AppData\Local\Temp
TEMP=C:\Users\leana\AppData\Local\Temp



---------------  S Y S T E M  ---------------

OS:
 Windows 11 , 64 bit Build 22621 (10.0.22621.1778)
OS uptime: 0 days 1:08 hours

CPU: total 4 (initial active 4) (4 cores per cpu, 2 threads per core) family 23 model 24 stepping 1 microcode 0x0, cx8, cmov, fxsr, ht, mmx, 3dnowpref, sse, sse2, sse3, ssse3, sse4a, sse4.1, sse4.2, popcnt, lzcnt, tsc, tscinvbit, avx, avx2, aes, clmul, bmi1, bmi2, adx, sha, fma, vzeroupper, clflush, clflushopt

Memory: 4k page, system-wide physical 3521M (66M free)
TotalPageFile size 14273M (AvailPageFile size 0M)
current process WorkingSet (physical memory assigned to process): 147M, peak: 147M
current process commit charge ("private bytes"): 202M, peak: 204M

vm_info: OpenJDK 64-Bit Server VM (17.0.6+0-b2043.56-9586694) for windows-amd64 JRE (17.0.6+0-b2043.56-9586694), built on Feb  9 2023 20:06:20 by "androidbuild" with MS VC++ 16.10 / 16.11 (VS2019)

END.
