#
# There is insufficient memory for the Java Runtime Environment to continue.
# Native memory allocation (malloc) failed to allocate 1623968 bytes for Chunk::new
# Possible reasons:
#   The system is out of physical RAM or swap space
#   The process is running with CompressedOops enabled, and the Java Heap may be blocking the growth of the native heap
# Possible solutions:
#   Reduce memory load on the system
#   Increase physical memory or swap space
#   Check if swap backing store is full
#   Decrease Java heap size (-Xmx/-Xms)
#   Decrease number of Java threads
#   Decrease Java thread stack sizes (-Xss)
#   Set larger code cache with -XX:ReservedCodeCacheSize=
#   JVM is running with Unscaled Compressed Oops mode in which the Java heap is
#     placed in the first 4GB address space. The Java Heap base address is the
#     maximum limit for the native heap growth. Please use -XX:HeapBaseMinAddress
#     to set the Java Heap base and to place the Java Heap above 4GB virtual address.
# This output file may be truncated or incomplete.
#
#  Out of Memory Error (arena.cpp:189), pid=9672, tid=6692
#
# JRE version: OpenJDK Runtime Environment (17.0.6) (build 17.0.6+0-b2043.56-9586694)
# Java VM: OpenJDK 64-Bit Server VM (17.0.6+0-b2043.56-9586694, mixed mode, tiered, compressed oops, compressed class ptrs, g1 gc, windows-amd64)
# No core dump will be written. Minidumps are not enabled by default on client versions of Windows
#

---------------  S U M M A R Y ------------

Command Line: --add-opens=java.base/java.util=ALL-UNNAMED --add-opens=java.base/java.lang=ALL-UNNAMED --add-opens=java.base/java.lang.invoke=ALL-UNNAMED --add-opens=java.prefs/java.util.prefs=ALL-UNNAMED --add-opens=java.base/java.nio.charset=ALL-UNNAMED --add-opens=java.base/java.net=ALL-UNNAMED --add-opens=java.base/java.util.concurrent.atomic=ALL-UNNAMED -Xmx2048m -Dfile.encoding=UTF-8 -Duser.country=CO -Duser.language=es -Duser.variant org.gradle.launcher.daemon.bootstrap.GradleDaemon 7.6

Host: AMD Ryzen 3 3250U with Radeon Graphics         , 4 cores, 3G,  Windows 11 , 64 bit Build 22621 (10.0.22621.1778)
Time: Mon Jun 26 10:39:05 2023 Hora est. Pacífico, Sudamérica elapsed time: 121.263466 seconds (0d 0h 2m 1s)

---------------  T H R E A D  ---------------

Current thread (0x0000026ed780e5d0):  JavaThread "C2 CompilerThread0" daemon [_thread_in_native, id=6692, stack(0x000000c0fa900000,0x000000c0faa00000)]


Current CompileTask:
C2: 121263 4842       4       javax.management.ObjectName::construct (1135 bytes)

Stack: [0x000000c0fa900000,0x000000c0faa00000]
Native frames: (J=compiled Java code, j=interpreted, Vv=VM code, C=native code)
V  [jvm.dll+0x683b4a]
V  [jvm.dll+0x842654]
V  [jvm.dll+0x843dfe]
V  [jvm.dll+0x844463]
V  [jvm.dll+0x249b75]
V  [jvm.dll+0xabcac]
V  [jvm.dll+0xac27c]
V  [jvm.dll+0x368857]
V  [jvm.dll+0x332f31]
V  [jvm.dll+0x3323da]
V  [jvm.dll+0x21c201]
V  [jvm.dll+0x21b621]
V  [jvm.dll+0x1a4fdd]
V  [jvm.dll+0x22b098]
V  [jvm.dll+0x229159]
V  [jvm.dll+0x7f809c]
V  [jvm.dll+0x7f25fa]
V  [jvm.dll+0x682985]
C  [ucrtbase.dll+0x29363]
C  [KERNEL32.DLL+0x126ad]
C  [ntdll.dll+0x5a9f8]


---------------  P R O C E S S  ---------------

Threads class SMR info:
_java_thread_list=0x0000026ed899fa80, length=40, elements={
0x0000026ebd878ec0, 0x0000026ed6e24270, 0x0000026ed6e24e20, 0x0000026ed6e0eb60,
0x0000026ed780a470, 0x0000026ed780af30, 0x0000026ed780d8f0, 0x0000026ed780e5d0,
0x0000026ed7812fd0, 0x0000026ed784e8e0, 0x0000026ed7951740, 0x0000026ed7951c10,
0x0000026ed93c9870, 0x0000026ed8f76ee0, 0x0000026eda65f010, 0x0000026eda21d5a0,
0x0000026ed84e0cb0, 0x0000026ed8ffc1b0, 0x0000026ed8ffd9c0, 0x0000026ed8ffc680,
0x0000026ed8ffd4f0, 0x0000026ed8ffcb50, 0x0000026ed8ffe830, 0x0000026ed8ffd020,
0x0000026ed8ffde90, 0x0000026ed8ffe360, 0x0000026ed8ffed00, 0x0000026ed8ffb810,
0x0000026eda7e5640, 0x0000026eda7e77f0, 0x0000026eda7e9000, 0x0000026eda7e5170,
0x0000026eda7e9e70, 0x0000026eda7e8660, 0x0000026eda7e3490, 0x0000026eda7e4ca0,
0x0000026eda7e2fc0, 0x0000026eda7e5b10, 0x0000026eda7e94d0, 0x0000026eda7e7320
}

Java Threads: ( => current thread )
  0x0000026ebd878ec0 JavaThread "main" [_thread_blocked, id=7136, stack(0x000000c0f9b00000,0x000000c0f9c00000)]
  0x0000026ed6e24270 JavaThread "Reference Handler" daemon [_thread_blocked, id=12124, stack(0x000000c0fa300000,0x000000c0fa400000)]
  0x0000026ed6e24e20 JavaThread "Finalizer" daemon [_thread_blocked, id=4564, stack(0x000000c0fa400000,0x000000c0fa500000)]
  0x0000026ed6e0eb60 JavaThread "Signal Dispatcher" daemon [_thread_blocked, id=12080, stack(0x000000c0fa500000,0x000000c0fa600000)]
  0x0000026ed780a470 JavaThread "Attach Listener" daemon [_thread_blocked, id=2640, stack(0x000000c0fa600000,0x000000c0fa700000)]
  0x0000026ed780af30 JavaThread "Service Thread" daemon [_thread_blocked, id=11304, stack(0x000000c0fa700000,0x000000c0fa800000)]
  0x0000026ed780d8f0 JavaThread "Monitor Deflation Thread" daemon [_thread_blocked, id=6980, stack(0x000000c0fa800000,0x000000c0fa900000)]
=>0x0000026ed780e5d0 JavaThread "C2 CompilerThread0" daemon [_thread_in_native, id=6692, stack(0x000000c0fa900000,0x000000c0faa00000)]
  0x0000026ed7812fd0 JavaThread "C1 CompilerThread0" daemon [_thread_blocked, id=14216, stack(0x000000c0faa00000,0x000000c0fab00000)]
  0x0000026ed784e8e0 JavaThread "Sweeper thread" daemon [_thread_blocked, id=1712, stack(0x000000c0fab00000,0x000000c0fac00000)]
  0x0000026ed7951740 JavaThread "Common-Cleaner" daemon [_thread_blocked, id=14340, stack(0x000000c0fac00000,0x000000c0fad00000)]
  0x0000026ed7951c10 JavaThread "Notification Thread" daemon [_thread_blocked, id=14344, stack(0x000000c0fad00000,0x000000c0fae00000)]
  0x0000026ed93c9870 JavaThread "Daemon health stats" [_thread_blocked, id=14748, stack(0x000000c0fb200000,0x000000c0fb300000)]
  0x0000026ed8f76ee0 JavaThread "Incoming local TCP Connector on port 57450" [_thread_in_native, id=14996, stack(0x000000c0fb300000,0x000000c0fb400000)]
  0x0000026eda65f010 JavaThread "Daemon periodic checks" [_thread_blocked, id=15020, stack(0x000000c0fb400000,0x000000c0fb500000)]
  0x0000026eda21d5a0 JavaThread "Daemon" [_thread_blocked, id=15192, stack(0x000000c0fb500000,0x000000c0fb600000)]
  0x0000026ed84e0cb0 JavaThread "Handler for socket connection from /127.0.0.1:57450 to /127.0.0.1:57451" [_thread_in_native, id=15204, stack(0x000000c0fb600000,0x000000c0fb700000)]
  0x0000026ed8ffc1b0 JavaThread "Cancel handler" [_thread_blocked, id=15296, stack(0x000000c0fb700000,0x000000c0fb800000)]
  0x0000026ed8ffd9c0 JavaThread "Daemon worker" [_thread_blocked, id=15312, stack(0x000000c0fb800000,0x000000c0fb900000)]
  0x0000026ed8ffc680 JavaThread "Asynchronous log dispatcher for DefaultDaemonConnection: socket connection from /127.0.0.1:57450 to /127.0.0.1:57451" [_thread_blocked, id=12540, stack(0x000000c0fb900000,0x000000c0fba00000)]
  0x0000026ed8ffd4f0 JavaThread "Daemon client event forwarder" [_thread_blocked, id=13820, stack(0x000000c0fbb00000,0x000000c0fbc00000)]
  0x0000026ed8ffcb50 JavaThread "Cache worker for journal cache (C:\Users\leana\.gradle\caches\journal-1)" [_thread_blocked, id=1600, stack(0x000000c0fbc00000,0x000000c0fbd00000)]
  0x0000026ed8ffe830 JavaThread "File lock request listener" [_thread_in_native, id=5436, stack(0x000000c0fbd00000,0x000000c0fbe00000)]
  0x0000026ed8ffd020 JavaThread "File lock release action executor" [_thread_blocked, id=14884, stack(0x000000c0fbe00000,0x000000c0fbf00000)]
  0x0000026ed8ffde90 JavaThread "Cache worker for file hash cache (C:\Users\leana\.gradle\caches\7.6\fileHashes)" [_thread_blocked, id=15512, stack(0x000000c0fbf00000,0x000000c0fc000000)]
  0x0000026ed8ffe360 JavaThread "File watcher server" daemon [_thread_in_native, id=15988, stack(0x000000c0f9900000,0x000000c0f9a00000)]
  0x0000026ed8ffed00 JavaThread "File watcher consumer" daemon [_thread_blocked, id=16008, stack(0x000000c0f9a00000,0x000000c0f9b00000)]
  0x0000026ed8ffb810 JavaThread "Cache worker for checksums cache (C:\Users\leana\AndroidStudioProjects\ProcexApp2\.gradle\7.6\checksums)" [_thread_blocked, id=16068, stack(0x000000c0fa100000,0x000000c0fa200000)]
  0x0000026eda7e5640 JavaThread "Cache worker for cache directory md-rule (C:\Users\leana\.gradle\caches\7.6\md-rule)" [_thread_blocked, id=16084, stack(0x000000c0fc200000,0x000000c0fc300000)]
  0x0000026eda7e77f0 JavaThread "Cache worker for file content cache (C:\Users\leana\.gradle\caches\7.6\fileContent)" [_thread_blocked, id=16088, stack(0x000000c0fc300000,0x000000c0fc400000)]
  0x0000026eda7e9000 JavaThread "Cache worker for file hash cache (C:\Users\leana\AndroidStudioProjects\ProcexApp2\.gradle\7.6\fileHashes)" [_thread_blocked, id=16116, stack(0x000000c0fc400000,0x000000c0fc500000)]
  0x0000026eda7e5170 JavaThread "Cache worker for cache directory md-supplier (C:\Users\leana\.gradle\caches\7.6\md-supplier)" [_thread_blocked, id=16132, stack(0x000000c0fc500000,0x000000c0fc600000)]
  0x0000026eda7e9e70 JavaThread "Cache worker for execution history cache (C:\Users\leana\.gradle\caches\7.6\executionHistory)" [_thread_blocked, id=16172, stack(0x000000c0fc600000,0x000000c0fc700000)]
  0x0000026eda7e8660 JavaThread "jar transforms" [_thread_blocked, id=16244, stack(0x000000c0fc700000,0x000000c0fc800000)]
  0x0000026eda7e3490 JavaThread "jar transforms Thread 2" [_thread_blocked, id=16300, stack(0x000000c0fc800000,0x000000c0fc900000)]
  0x0000026eda7e4ca0 JavaThread "jar transforms Thread 3" [_thread_blocked, id=13068, stack(0x000000c0fc900000,0x000000c0fca00000)]
  0x0000026eda7e2fc0 JavaThread "jar transforms Thread 4" [_thread_blocked, id=14376, stack(0x000000c0fca00000,0x000000c0fcb00000)]
  0x0000026eda7e5b10 JavaThread "Cache worker for dependencies-accessors (C:\Users\leana\AndroidStudioProjects\ProcexApp2\.gradle\7.6\dependencies-accessors)" [_thread_blocked, id=14276, stack(0x000000c0fba00000,0x000000c0fbb00000)]
  0x0000026eda7e94d0 JavaThread "File lock release action executor Thread 2" [_thread_blocked, id=15720, stack(0x000000c0fcb00000,0x000000c0fcc00000)]
  0x0000026eda7e7320 JavaThread "Cache worker for Build Output Cleanup Cache (C:\Users\leana\AndroidStudioProjects\ProcexApp2\.gradle\buildOutputCleanup)" [_thread_blocked, id=15688, stack(0x000000c0fcc00000,0x000000c0fcd00000)]

Other Threads:
  0x0000026ed6dff690 VMThread "VM Thread" [stack: 0x000000c0fa200000,0x000000c0fa300000] [id=11840]
  0x0000026ed79540f0 WatcherThread [stack: 0x000000c0fae00000,0x000000c0faf00000] [id=14348]
  0x0000026ebd8d33b0 GCTaskThread "GC Thread#0" [stack: 0x000000c0f9c00000,0x000000c0f9d00000] [id=9040]
  0x0000026ed7ed6310 GCTaskThread "GC Thread#1" [stack: 0x000000c0faf00000,0x000000c0fb000000] [id=14476]
  0x0000026ed7f0cd20 GCTaskThread "GC Thread#2" [stack: 0x000000c0fb000000,0x000000c0fb100000] [id=14480]
  0x0000026ed8656480 GCTaskThread "GC Thread#3" [stack: 0x000000c0fb100000,0x000000c0fb200000] [id=14616]
  0x0000026ebd8e42f0 ConcurrentGCThread "G1 Main Marker" [stack: 0x000000c0f9d00000,0x000000c0f9e00000] [id=7356]
  0x0000026ebd8e4d00 ConcurrentGCThread "G1 Conc#0" [stack: 0x000000c0f9e00000,0x000000c0f9f00000] [id=3508]
  0x0000026ebd91f8f0 ConcurrentGCThread "G1 Refine#0" [stack: 0x000000c0f9f00000,0x000000c0fa000000] [id=8832]
  0x0000026ebd920310 ConcurrentGCThread "G1 Service" [stack: 0x000000c0fa000000,0x000000c0fa100000] [id=9660]

Threads with active compile tasks:
C2 CompilerThread0   121302 4842       4       javax.management.ObjectName::construct (1135 bytes)

VM state: not at safepoint (normal execution)

VM Mutex/Monitor currently owned by a thread: None

Heap address: 0x0000000080000000, size: 2048 MB, Compressed Oops mode: 32-bit

CDS archive(s) not mapped
Compressed class space mapped at: 0x0000000100000000-0x0000000140000000, reserved size: 1073741824
Narrow klass base: 0x0000000000000000, Narrow klass shift: 3, Narrow klass range: 0x140000000

GC Precious Log:
 CPUs: 4 total, 4 available
 Memory: 3521M
 Large Page Support: Disabled
 NUMA Support: Disabled
 Compressed Oops: Enabled (32-bit)
 Heap Region Size: 1M
 Heap Min Capacity: 8M
 Heap Initial Capacity: 56M
 Heap Max Capacity: 2G
 Pre-touch: Disabled
 Parallel Workers: 4
 Concurrent Workers: 1
 Concurrent Refinement Workers: 4
 Periodic GC: Disabled

Heap:
 garbage-first heap   total 60416K, used 39825K [0x0000000080000000, 0x0000000100000000)
  region size 1024K, 10 young (10240K), 2 survivors (2048K)
 Metaspace       used 50645K, committed 51136K, reserved 1097728K
  class space    used 6716K, committed 6976K, reserved 1048576K

Heap Regions: E=young(eden), S=young(survivor), O=old, HS=humongous(starts), HC=humongous(continues), CS=collection set, F=free, OA=open archive, CA=closed archive, TAMS=top-at-mark-start (previous, next)
|   0|0x0000000080000000, 0x0000000080100000, 0x0000000080100000|100%| O|  |TAMS 0x0000000080100000, 0x0000000080000000| Untracked 
|   1|0x0000000080100000, 0x0000000080200000, 0x0000000080200000|100%| O|  |TAMS 0x0000000080200000, 0x0000000080100000| Untracked 
|   2|0x0000000080200000, 0x0000000080300000, 0x0000000080300000|100%|HS|  |TAMS 0x0000000080300000, 0x0000000080200000| Complete 
|   3|0x0000000080300000, 0x0000000080400000, 0x0000000080400000|100%|HC|  |TAMS 0x0000000080400000, 0x0000000080300000| Complete 
|   4|0x0000000080400000, 0x0000000080500000, 0x0000000080500000|100%|HC|  |TAMS 0x0000000080500000, 0x0000000080400000| Complete 
|   5|0x0000000080500000, 0x0000000080600000, 0x0000000080600000|100%| O|  |TAMS 0x0000000080600000, 0x0000000080500000| Untracked 
|   6|0x0000000080600000, 0x0000000080700000, 0x0000000080700000|100%| O|  |TAMS 0x0000000080700000, 0x0000000080600000| Untracked 
|   7|0x0000000080700000, 0x0000000080800000, 0x0000000080800000|100%| O|  |TAMS 0x0000000080800000, 0x0000000080700000| Untracked 
|   8|0x0000000080800000, 0x0000000080900000, 0x0000000080900000|100%| O|  |TAMS 0x0000000080900000, 0x0000000080800000| Untracked 
|   9|0x0000000080900000, 0x0000000080a00000, 0x0000000080a00000|100%| O|  |TAMS 0x0000000080a00000, 0x0000000080900000| Untracked 
|  10|0x0000000080a00000, 0x0000000080b00000, 0x0000000080b00000|100%| O|  |TAMS 0x0000000080b00000, 0x0000000080a00000| Untracked 
|  11|0x0000000080b00000, 0x0000000080c00000, 0x0000000080c00000|100%| O|  |TAMS 0x0000000080c00000, 0x0000000080b00000| Untracked 
|  12|0x0000000080c00000, 0x0000000080d00000, 0x0000000080d00000|100%| O|  |TAMS 0x0000000080d00000, 0x0000000080c00000| Untracked 
|  13|0x0000000080d00000, 0x0000000080e00000, 0x0000000080e00000|100%| O|  |TAMS 0x0000000080e00000, 0x0000000080d00000| Untracked 
|  14|0x0000000080e00000, 0x0000000080f00000, 0x0000000080f00000|100%| O|  |TAMS 0x0000000080f00000, 0x0000000080e00000| Untracked 
|  15|0x0000000080f00000, 0x0000000081000000, 0x0000000081000000|100%| O|  |TAMS 0x0000000081000000, 0x0000000080f00000| Untracked 
|  16|0x0000000081000000, 0x0000000081100000, 0x0000000081100000|100%| O|  |TAMS 0x0000000081100000, 0x0000000081000000| Untracked 
|  17|0x0000000081100000, 0x0000000081200000, 0x0000000081200000|100%| O|  |TAMS 0x0000000081200000, 0x0000000081100000| Untracked 
|  18|0x0000000081200000, 0x0000000081300000, 0x0000000081300000|100%| O|  |TAMS 0x0000000081300000, 0x0000000081200000| Untracked 
|  19|0x0000000081300000, 0x0000000081400000, 0x0000000081400000|100%| O|  |TAMS 0x0000000081400000, 0x0000000081300000| Untracked 
|  20|0x0000000081400000, 0x0000000081500000, 0x0000000081500000|100%| O|  |TAMS 0x0000000081500000, 0x0000000081400000| Untracked 
|  21|0x0000000081500000, 0x0000000081600000, 0x0000000081600000|100%| O|  |TAMS 0x0000000081600000, 0x0000000081500000| Untracked 
|  22|0x0000000081600000, 0x0000000081700000, 0x0000000081700000|100%| O|  |TAMS 0x0000000081700000, 0x0000000081600000| Untracked 
|  23|0x0000000081700000, 0x0000000081800000, 0x0000000081800000|100%| O|  |TAMS 0x0000000081800000, 0x0000000081700000| Untracked 
|  24|0x0000000081800000, 0x0000000081900000, 0x0000000081900000|100%| O|  |TAMS 0x0000000081900000, 0x0000000081800000| Untracked 
|  25|0x0000000081900000, 0x0000000081a00000, 0x0000000081a00000|100%| O|  |TAMS 0x0000000081a00000, 0x0000000081900000| Untracked 
|  26|0x0000000081a00000, 0x0000000081b00000, 0x0000000081b00000|100%| O|  |TAMS 0x0000000081b00000, 0x0000000081a00000| Untracked 
|  27|0x0000000081b00000, 0x0000000081c00000, 0x0000000081c00000|100%| O|  |TAMS 0x0000000081c00000, 0x0000000081b00000| Untracked 
|  28|0x0000000081c00000, 0x0000000081c00000, 0x0000000081d00000|  0%| F|  |TAMS 0x0000000081c00000, 0x0000000081c00000| Untracked 
|  29|0x0000000081d00000, 0x0000000081e00000, 0x0000000081e00000|100%| O|  |TAMS 0x0000000081e00000, 0x0000000081d00000| Untracked 
|  30|0x0000000081e00000, 0x0000000081f00000, 0x0000000081f00000|100%| O|  |TAMS 0x0000000081f00000, 0x0000000081e00000| Untracked 
|  31|0x0000000081f00000, 0x0000000081fc2a00, 0x0000000082000000| 76%| O|  |TAMS 0x0000000081f2f200, 0x0000000081f00000| Untracked 
|  32|0x0000000082000000, 0x0000000082000000, 0x0000000082100000|  0%| F|  |TAMS 0x0000000082000000, 0x0000000082000000| Untracked 
|  33|0x0000000082100000, 0x0000000082100000, 0x0000000082200000|  0%| F|  |TAMS 0x0000000082100000, 0x0000000082100000| Untracked 
|  34|0x0000000082200000, 0x0000000082200000, 0x0000000082300000|  0%| F|  |TAMS 0x0000000082200000, 0x0000000082200000| Untracked 
|  35|0x0000000082300000, 0x0000000082300000, 0x0000000082400000|  0%| F|  |TAMS 0x0000000082300000, 0x0000000082300000| Untracked 
|  36|0x0000000082400000, 0x0000000082400000, 0x0000000082500000|  0%| F|  |TAMS 0x0000000082400000, 0x0000000082400000| Untracked 
|  37|0x0000000082500000, 0x0000000082500000, 0x0000000082600000|  0%| F|  |TAMS 0x0000000082500000, 0x0000000082500000| Untracked 
|  38|0x0000000082600000, 0x0000000082600000, 0x0000000082700000|  0%| F|  |TAMS 0x0000000082600000, 0x0000000082600000| Untracked 
|  39|0x0000000082700000, 0x0000000082700000, 0x0000000082800000|  0%| F|  |TAMS 0x0000000082700000, 0x0000000082700000| Untracked 
|  40|0x0000000082800000, 0x0000000082800000, 0x0000000082900000|  0%| F|  |TAMS 0x0000000082800000, 0x0000000082800000| Untracked 
|  41|0x0000000082900000, 0x0000000082921d40, 0x0000000082a00000| 13%| S|CS|TAMS 0x0000000082900000, 0x0000000082900000| Complete 
|  42|0x0000000082a00000, 0x0000000082b00000, 0x0000000082b00000|100%| S|CS|TAMS 0x0000000082a00000, 0x0000000082a00000| Complete 
|  43|0x0000000082b00000, 0x0000000082b00000, 0x0000000082c00000|  0%| F|  |TAMS 0x0000000082b00000, 0x0000000082b00000| Untracked 
|  44|0x0000000082c00000, 0x0000000082c00000, 0x0000000082d00000|  0%| F|  |TAMS 0x0000000082c00000, 0x0000000082c00000| Untracked 
|  45|0x0000000082d00000, 0x0000000082d00000, 0x0000000082e00000|  0%| F|  |TAMS 0x0000000082d00000, 0x0000000082d00000| Untracked 
|  46|0x0000000082e00000, 0x0000000082e00000, 0x0000000082f00000|  0%| F|  |TAMS 0x0000000082e00000, 0x0000000082e00000| Untracked 
|  47|0x0000000082f00000, 0x0000000082f00000, 0x0000000083000000|  0%| F|  |TAMS 0x0000000082f00000, 0x0000000082f00000| Untracked 
|  48|0x0000000083000000, 0x0000000083000000, 0x0000000083100000|  0%| F|  |TAMS 0x0000000083000000, 0x0000000083000000| Untracked 
|  49|0x0000000083100000, 0x0000000083100000, 0x0000000083200000|  0%| F|  |TAMS 0x0000000083100000, 0x0000000083100000| Untracked 
|  50|0x0000000083200000, 0x0000000083200000, 0x0000000083300000|  0%| F|  |TAMS 0x0000000083200000, 0x0000000083200000| Untracked 
|  51|0x0000000083300000, 0x00000000833572f8, 0x0000000083400000| 34%| E|  |TAMS 0x0000000083300000, 0x0000000083300000| Complete 
|  52|0x0000000083400000, 0x0000000083500000, 0x0000000083500000|100%| E|CS|TAMS 0x0000000083400000, 0x0000000083400000| Complete 
|  53|0x0000000083500000, 0x0000000083600000, 0x0000000083600000|100%| E|CS|TAMS 0x0000000083500000, 0x0000000083500000| Complete 
|  54|0x0000000083600000, 0x0000000083700000, 0x0000000083700000|100%| E|CS|TAMS 0x0000000083600000, 0x0000000083600000| Complete 
|  55|0x0000000083700000, 0x0000000083800000, 0x0000000083800000|100%| E|CS|TAMS 0x0000000083700000, 0x0000000083700000| Complete 
|  56|0x0000000083800000, 0x0000000083900000, 0x0000000083900000|100%| E|CS|TAMS 0x0000000083800000, 0x0000000083800000| Complete 
|  57|0x0000000083900000, 0x0000000083a00000, 0x0000000083a00000|100%| E|CS|TAMS 0x0000000083900000, 0x0000000083900000| Complete 
|  58|0x0000000083a00000, 0x0000000083b00000, 0x0000000083b00000|100%| E|CS|TAMS 0x0000000083a00000, 0x0000000083a00000| Complete 

Card table byte_map: [0x0000026ed0140000,0x0000026ed0540000] _byte_map_base: 0x0000026ecfd40000

Marking Bits (Prev, Next): (CMBitMap*) 0x0000026ebd8d39c0, (CMBitMap*) 0x0000026ebd8d3a00
 Prev Bits: [0x0000026ed0940000, 0x0000026ed2940000)
 Next Bits: [0x0000026ed2940000, 0x0000026ed4940000)

Polling page: 0x0000026ebb800000

Metaspace:

Usage:
  Non-class:     42.90 MB used.
      Class:      6.56 MB used.
       Both:     49.46 MB used.

Virtual space:
  Non-class space:       48.00 MB reserved,      43.12 MB ( 90%) committed,  6 nodes.
      Class space:        1.00 GB reserved,       6.81 MB ( <1%) committed,  1 nodes.
             Both:        1.05 GB reserved,      49.94 MB (  5%) committed. 

Chunk freelists:
   Non-Class:  736.00 KB
       Class:  1.04 MB
        Both:  1.76 MB

MaxMetaspaceSize: unlimited
CompressedClassSpaceSize: 1.00 GB
Initial GC threshold: 21.00 MB
Current GC threshold: 82.12 MB
CDS: off
MetaspaceReclaimPolicy: balanced
 - commit_granule_bytes: 65536.
 - commit_granule_words: 8192.
 - virtual_space_node_default_size: 1048576.
 - enlarge_chunks_in_place: 1.
 - new_chunks_are_fully_committed: 0.
 - uncommit_free_chunks: 1.
 - use_allocation_guard: 0.
 - handle_deallocations: 1.


Internal statistics:

num_allocs_failed_limit: 6.
num_arena_births: 426.
num_arena_deaths: 0.
num_vsnodes_births: 7.
num_vsnodes_deaths: 0.
num_space_committed: 799.
num_space_uncommitted: 0.
num_chunks_returned_to_freelist: 6.
num_chunks_taken_from_freelist: 1984.
num_chunk_merges: 6.
num_chunk_splits: 1324.
num_chunks_enlarged: 934.
num_purges: 0.
num_inconsistent_stats: 0.

CodeHeap 'non-profiled nmethods': size=120000Kb used=2782Kb max_used=2782Kb free=117217Kb
 bounds [0x0000026ec8810000, 0x0000026ec8ad0000, 0x0000026ecfd40000]
CodeHeap 'profiled nmethods': size=120000Kb used=9793Kb max_used=9793Kb free=110206Kb
 bounds [0x0000026ec0d40000, 0x0000026ec16e0000, 0x0000026ec8270000]
CodeHeap 'non-nmethods': size=5760Kb used=2307Kb max_used=2351Kb free=3452Kb
 bounds [0x0000026ec8270000, 0x0000026ec84e0000, 0x0000026ec8810000]
 total_blobs=5643 nmethods=4819 adapters=736
 compilation: enabled
              stopped_count=0, restarted_count=0
 full_count=0

Compilation events (20 events):
Event: 119.818 Thread 0x0000026ed7812fd0 nmethod 4832 0x0000026ec16cac10 code [0x0000026ec16cada0, 0x0000026ec16caee8]
Event: 119.818 Thread 0x0000026ed7812fd0 4833   !   3       org.gradle.internal.serialize.kryo.KryoBackedDecoder::readByte (15 bytes)
Event: 119.818 Thread 0x0000026ed7812fd0 nmethod 4833 0x0000026ec16caf90 code [0x0000026ec16cb1a0, 0x0000026ec16cb748]
Event: 119.818 Thread 0x0000026ed7812fd0 4834       3       org.gradle.internal.snapshot.impl.CoercingStringValueSnapshot::<init> (11 bytes)
Event: 119.819 Thread 0x0000026ed7812fd0 nmethod 4834 0x0000026ec16cb990 code [0x0000026ec16cbb40, 0x0000026ec16cbe78]
Event: 119.819 Thread 0x0000026ed7812fd0 4835       3       org.gradle.internal.snapshot.impl.StringValueSnapshot::<init> (6 bytes)
Event: 119.819 Thread 0x0000026ed7812fd0 nmethod 4835 0x0000026ec16cbf90 code [0x0000026ec16cc140, 0x0000026ec16cc3b8]
Event: 119.819 Thread 0x0000026ed7812fd0 4836       1       com.google.common.cache.LocalCache$StrongAccessEntry::getPreviousInAccessQueue (5 bytes)
Event: 119.819 Thread 0x0000026ed7812fd0 nmethod 4836 0x0000026ec8ac7510 code [0x0000026ec8ac76a0, 0x0000026ec8ac7778]
Event: 119.819 Thread 0x0000026ed7812fd0 4837       1       com.google.common.cache.LocalCache$AccessQueue$1::getPreviousInAccessQueue (5 bytes)
Event: 119.819 Thread 0x0000026ed7812fd0 nmethod 4837 0x0000026ec8ac7810 code [0x0000026ec8ac79a0, 0x0000026ec8ac7a78]
Event: 120.098 Thread 0x0000026ed7812fd0 4838       3       org.gradle.cache.internal.DefaultFileLockManager$DefaultFileLock$4::run (252 bytes)
Event: 120.106 Thread 0x0000026ed7812fd0 nmethod 4838 0x0000026ec16cc510 code [0x0000026ec16cc8e0, 0x0000026ec16ce5d8]
Event: 120.106 Thread 0x0000026ed7812fd0 4839       3       org.gradle.cache.internal.filelock.LockFileAccess::tryLockState (13 bytes)
Event: 120.106 Thread 0x0000026ed7812fd0 nmethod 4839 0x0000026ec16cf010 code [0x0000026ec16cf1c0, 0x0000026ec16cf328]
Event: 120.106 Thread 0x0000026ed7812fd0 4840   !   3       org.gradle.cache.internal.filelock.LockStateAccess::tryLock (33 bytes)
Event: 120.107 Thread 0x0000026ed7812fd0 nmethod 4840 0x0000026ec16cf410 code [0x0000026ec16cf600, 0x0000026ec16cfab8]
Event: 120.919 Thread 0x0000026ed7812fd0 4841   !   3       org.gradle.cache.internal.DefaultFileLockManager$AwaitableFileLockReleasedSignal::await (78 bytes)
Event: 120.919 Thread 0x0000026ed7812fd0 nmethod 4841 0x0000026ec16cfd10 code [0x0000026ec16cfee0, 0x0000026ec16d0318]
Event: 120.979 Thread 0x0000026ed780e5d0 4842       4       javax.management.ObjectName::construct (1135 bytes)

GC Heap History (20 events):
Event: 84.610 GC heap before
{Heap before GC invocations=9 (full 0):
 garbage-first heap   total 57344K, used 42935K [0x0000000080000000, 0x0000000100000000)
  region size 1024K, 24 young (24576K), 3 survivors (3072K)
 Metaspace       used 35270K, committed 35584K, reserved 1081344K
  class space    used 4877K, committed 5056K, reserved 1048576K
}
Event: 84.622 GC heap after
{Heap after GC invocations=10 (full 0):
 garbage-first heap   total 57344K, used 23007K [0x0000000080000000, 0x0000000100000000)
  region size 1024K, 3 young (3072K), 3 survivors (3072K)
 Metaspace       used 35270K, committed 35584K, reserved 1081344K
  class space    used 4877K, committed 5056K, reserved 1048576K
}
Event: 84.909 GC heap before
{Heap before GC invocations=10 (full 0):
 garbage-first heap   total 57344K, used 24031K [0x0000000080000000, 0x0000000100000000)
  region size 1024K, 5 young (5120K), 3 survivors (3072K)
 Metaspace       used 35666K, committed 35968K, reserved 1081344K
  class space    used 4894K, committed 5056K, reserved 1048576K
}
Event: 84.931 GC heap after
{Heap after GC invocations=11 (full 0):
 garbage-first heap   total 57344K, used 23697K [0x0000000080000000, 0x0000000100000000)
  region size 1024K, 3 young (3072K), 3 survivors (3072K)
 Metaspace       used 35666K, committed 35968K, reserved 1081344K
  class space    used 4894K, committed 5056K, reserved 1048576K
}
Event: 88.417 GC heap before
{Heap before GC invocations=12 (full 0):
 garbage-first heap   total 57344K, used 40081K [0x0000000080000000, 0x0000000100000000)
  region size 1024K, 20 young (20480K), 3 survivors (3072K)
 Metaspace       used 40483K, committed 40832K, reserved 1089536K
  class space    used 5375K, committed 5568K, reserved 1048576K
}
Event: 88.449 GC heap after
{Heap after GC invocations=13 (full 0):
 garbage-first heap   total 57344K, used 26325K [0x0000000080000000, 0x0000000100000000)
  region size 1024K, 3 young (3072K), 3 survivors (3072K)
 Metaspace       used 40483K, committed 40832K, reserved 1089536K
  class space    used 5375K, committed 5568K, reserved 1048576K
}
Event: 89.302 GC heap before
{Heap before GC invocations=13 (full 0):
 garbage-first heap   total 57344K, used 42709K [0x0000000080000000, 0x0000000100000000)
  region size 1024K, 19 young (19456K), 3 survivors (3072K)
 Metaspace       used 40710K, committed 41024K, reserved 1089536K
  class space    used 5401K, committed 5568K, reserved 1048576K
}
Event: 89.320 GC heap after
{Heap after GC invocations=14 (full 0):
 garbage-first heap   total 57344K, used 27366K [0x0000000080000000, 0x0000000100000000)
  region size 1024K, 2 young (2048K), 2 survivors (2048K)
 Metaspace       used 40710K, committed 41024K, reserved 1089536K
  class space    used 5401K, committed 5568K, reserved 1048576K
}
Event: 90.655 GC heap before
{Heap before GC invocations=14 (full 0):
 garbage-first heap   total 57344K, used 31462K [0x0000000080000000, 0x0000000100000000)
  region size 1024K, 8 young (8192K), 2 survivors (2048K)
 Metaspace       used 41194K, committed 41536K, reserved 1089536K
  class space    used 5459K, committed 5632K, reserved 1048576K
}
Event: 90.661 GC heap after
{Heap after GC invocations=15 (full 0):
 garbage-first heap   total 57344K, used 28466K [0x0000000080000000, 0x0000000100000000)
  region size 1024K, 3 young (3072K), 3 survivors (3072K)
 Metaspace       used 41194K, committed 41536K, reserved 1089536K
  class space    used 5459K, committed 5632K, reserved 1048576K
}
Event: 92.582 GC heap before
{Heap before GC invocations=16 (full 0):
 garbage-first heap   total 57344K, used 46898K [0x0000000080000000, 0x0000000100000000)
  region size 1024K, 18 young (18432K), 3 survivors (3072K)
 Metaspace       used 42803K, committed 43264K, reserved 1089536K
  class space    used 5613K, committed 5824K, reserved 1048576K
}
Event: 92.615 GC heap after
{Heap after GC invocations=17 (full 0):
 garbage-first heap   total 57344K, used 29432K [0x0000000080000000, 0x0000000100000000)
  region size 1024K, 3 young (3072K), 3 survivors (3072K)
 Metaspace       used 42803K, committed 43264K, reserved 1089536K
  class space    used 5613K, committed 5824K, reserved 1048576K
}
Event: 95.791 GC heap before
{Heap before GC invocations=17 (full 0):
 garbage-first heap   total 57344K, used 43768K [0x0000000080000000, 0x0000000100000000)
  region size 1024K, 17 young (17408K), 3 survivors (3072K)
 Metaspace       used 44428K, committed 44800K, reserved 1089536K
  class space    used 5868K, committed 6016K, reserved 1048576K
}
Event: 95.804 GC heap after
{Heap after GC invocations=18 (full 0):
 garbage-first heap   total 57344K, used 30983K [0x0000000080000000, 0x0000000100000000)
  region size 1024K, 3 young (3072K), 3 survivors (3072K)
 Metaspace       used 44428K, committed 44800K, reserved 1089536K
  class space    used 5868K, committed 6016K, reserved 1048576K
}
Event: 98.334 GC heap before
{Heap before GC invocations=19 (full 0):
 garbage-first heap   total 57344K, used 40199K [0x0000000080000000, 0x0000000100000000)
  region size 1024K, 14 young (14336K), 3 survivors (3072K)
 Metaspace       used 45952K, committed 46336K, reserved 1089536K
  class space    used 6099K, committed 6272K, reserved 1048576K
}
Event: 98.341 GC heap after
{Heap after GC invocations=20 (full 0):
 garbage-first heap   total 57344K, used 32116K [0x0000000080000000, 0x0000000100000000)
  region size 1024K, 3 young (3072K), 3 survivors (3072K)
 Metaspace       used 45952K, committed 46336K, reserved 1089536K
  class space    used 6099K, committed 6272K, reserved 1048576K
}
Event: 101.359 GC heap before
{Heap before GC invocations=21 (full 0):
 garbage-first heap   total 58368K, used 45428K [0x0000000080000000, 0x0000000100000000)
  region size 1024K, 16 young (16384K), 3 survivors (3072K)
 Metaspace       used 48073K, committed 48448K, reserved 1097728K
  class space    used 6355K, committed 6528K, reserved 1048576K
}
Event: 101.363 GC heap after
{Heap after GC invocations=22 (full 0):
 garbage-first heap   total 58368K, used 32240K [0x0000000080000000, 0x0000000100000000)
  region size 1024K, 2 young (2048K), 2 survivors (2048K)
 Metaspace       used 48073K, committed 48448K, reserved 1097728K
  class space    used 6355K, committed 6528K, reserved 1048576K
}
Event: 114.380 GC heap before
{Heap before GC invocations=22 (full 0):
 garbage-first heap   total 58368K, used 46576K [0x0000000080000000, 0x0000000100000000)
  region size 1024K, 16 young (16384K), 2 survivors (2048K)
 Metaspace       used 49954K, committed 50368K, reserved 1097728K
  class space    used 6613K, committed 6784K, reserved 1048576K
}
Event: 114.411 GC heap after
{Heap after GC invocations=23 (full 0):
 garbage-first heap   total 58368K, used 32657K [0x0000000080000000, 0x0000000100000000)
  region size 1024K, 2 young (2048K), 2 survivors (2048K)
 Metaspace       used 49954K, committed 50368K, reserved 1097728K
  class space    used 6613K, committed 6784K, reserved 1048576K
}

Dll operation events (2 events):
Event: 0.027 Loaded shared library C:\Program Files\Android\Android Studio\jbr\bin\java.dll
Event: 8.498 Loaded shared library C:\Program Files\Android\Android Studio\jbr\bin\verify.dll

Deoptimization events (20 events):
Event: 115.632 Thread 0x0000026ed8ffd9c0 Uncommon trap: trap_request=0xffffffcc fr.pc=0x0000026ec8aa4934 relative=0x0000000000000314
Event: 115.632 Thread 0x0000026ed8ffd9c0 Uncommon trap: reason=intrinsic_or_type_checked_inlining action=make_not_entrant pc=0x0000026ec8aa4934 method=java.util.Arrays.copyOf([Ljava/lang/Object;ILjava/lang/Class;)[Ljava/lang/Object; @ 35 c2
Event: 115.632 Thread 0x0000026ed8ffd9c0 DEOPT PACKING pc=0x0000026ec8aa4934 sp=0x000000c0fb8f73c0
Event: 115.706 Thread 0x0000026ed8ffd9c0 DEOPT UNPACKING pc=0x0000026ec82c69a3 sp=0x000000c0fb8f7368 mode 2
Event: 116.553 Thread 0x0000026ed8ffd9c0 Uncommon trap: trap_request=0xffffffde fr.pc=0x0000026ec89f56ac relative=0x00000000000012ac
Event: 116.553 Thread 0x0000026ed8ffd9c0 Uncommon trap: reason=class_check action=maybe_recompile pc=0x0000026ec89f56ac method=java.util.HashMap.computeIfAbsent(Ljava/lang/Object;Ljava/util/function/Function;)Ljava/lang/Object; @ 142 c2
Event: 116.553 Thread 0x0000026ed8ffd9c0 DEOPT PACKING pc=0x0000026ec89f56ac sp=0x000000c0fb8f8460
Event: 116.553 Thread 0x0000026ed8ffd9c0 DEOPT UNPACKING pc=0x0000026ec82c69a3 sp=0x000000c0fb8f8438 mode 2
Event: 116.564 Thread 0x0000026ed8ffd9c0 Uncommon trap: trap_request=0xffffffde fr.pc=0x0000026ec89f56ac relative=0x00000000000012ac
Event: 116.564 Thread 0x0000026ed8ffd9c0 Uncommon trap: reason=class_check action=maybe_recompile pc=0x0000026ec89f56ac method=java.util.HashMap.computeIfAbsent(Ljava/lang/Object;Ljava/util/function/Function;)Ljava/lang/Object; @ 142 c2
Event: 116.564 Thread 0x0000026ed8ffd9c0 DEOPT PACKING pc=0x0000026ec89f56ac sp=0x000000c0fb8f8460
Event: 116.564 Thread 0x0000026ed8ffd9c0 DEOPT UNPACKING pc=0x0000026ec82c69a3 sp=0x000000c0fb8f8438 mode 2
Event: 117.233 Thread 0x0000026ed8ffd9c0 Uncommon trap: trap_request=0xffffffde fr.pc=0x0000026ec89f56ac relative=0x00000000000012ac
Event: 117.233 Thread 0x0000026ed8ffd9c0 Uncommon trap: reason=class_check action=maybe_recompile pc=0x0000026ec89f56ac method=java.util.HashMap.computeIfAbsent(Ljava/lang/Object;Ljava/util/function/Function;)Ljava/lang/Object; @ 142 c2
Event: 117.233 Thread 0x0000026ed8ffd9c0 DEOPT PACKING pc=0x0000026ec89f56ac sp=0x000000c0fb8f8460
Event: 117.233 Thread 0x0000026ed8ffd9c0 DEOPT UNPACKING pc=0x0000026ec82c69a3 sp=0x000000c0fb8f8438 mode 2
Event: 117.357 Thread 0x0000026ed8ffd9c0 Uncommon trap: trap_request=0xffffffde fr.pc=0x0000026ec89f56ac relative=0x00000000000012ac
Event: 117.357 Thread 0x0000026ed8ffd9c0 Uncommon trap: reason=class_check action=maybe_recompile pc=0x0000026ec89f56ac method=java.util.HashMap.computeIfAbsent(Ljava/lang/Object;Ljava/util/function/Function;)Ljava/lang/Object; @ 142 c2
Event: 117.357 Thread 0x0000026ed8ffd9c0 DEOPT PACKING pc=0x0000026ec89f56ac sp=0x000000c0fb8f8730
Event: 117.358 Thread 0x0000026ed8ffd9c0 DEOPT UNPACKING pc=0x0000026ec82c69a3 sp=0x000000c0fb8f8708 mode 2

Classes unloaded (0 events):
No events

Classes redefined (0 events):
No events

Internal exceptions (20 events):
Event: 99.213 Thread 0x0000026ed8ffd9c0 Exception <a 'java/lang/ClassNotFoundException'{0x00000000836f02d0}: org/gradle/plugin/use/internal/PluginRequestCollector$PluginDependencySpecImplBeanInfo> (0x00000000836f02d0) 
thrown [s\src\hotspot\share\classfile\systemDictionary.cpp, line 256]
Event: 99.216 Thread 0x0000026ed8ffd9c0 Exception <a 'java/lang/ClassNotFoundException'{0x0000000083501470}: org/gradle/plugin/use/internal/PluginRequestCollector$PluginDependencySpecImplCustomizer> (0x0000000083501470) 
thrown [s\src\hotspot\share\classfile\systemDictionary.cpp, line 256]
Event: 100.745 Thread 0x0000026ed8ffd9c0 Exception <a 'java/lang/NoSuchMethodError'{0x0000000082fa4958}: 'java.lang.Object java.lang.invoke.DirectMethodHandle$Holder.newInvokeSpecial(java.lang.Object, int, java.lang.Object)'> (0x0000000082fa4958) 
thrown [s\src\hotspot\share\interpreter\linkResolver.cpp, line 771]
Event: 109.192 Thread 0x0000026ed8ffd9c0 Exception <a 'java/lang/NoSuchMethodError'{0x0000000082f99328}: 'int java.lang.invoke.DirectMethodHandle$Holder.invokeStatic(java.lang.Object)'> (0x0000000082f99328) 
thrown [s\src\hotspot\share\interpreter\linkResolver.cpp, line 771]
Event: 109.193 Thread 0x0000026ed8ffd9c0 Exception <a 'java/lang/NoSuchMethodError'{0x0000000082f9d718}: 'int java.lang.invoke.DirectMethodHandle$Holder.invokeStaticInit(java.lang.Object)'> (0x0000000082f9d718) 
thrown [s\src\hotspot\share\interpreter\linkResolver.cpp, line 771]
Event: 109.207 Thread 0x0000026ed8ffd9c0 Exception <a 'java/lang/NoSuchMethodError'{0x0000000082e06d78}: 'java.lang.Object java.lang.invoke.DirectMethodHandle$Holder.newInvokeSpecial(java.lang.Object, java.lang.Object, java.lang.Object, java.lang.Object, java.lang.Object, int)'> (0x0000000082e06d78) 
thrown [s\src\hotspot\share\interpreter\linkResolver.cpp, line 771]
Event: 109.208 Thread 0x0000026ed8ffd9c0 Exception <a 'java/lang/NoSuchMethodError'{0x0000000082e0c128}: 'java.lang.Object java.lang.invoke.DirectMethodHandle$Holder.invokeSpecial(java.lang.Object, java.lang.Object, java.lang.Object, java.lang.Object, java.lang.Object, java.lang.Object, int)'> (0x0000000082e0c128) 
thrown [s\src\hotspot\share\interpreter\linkResolver.cpp, line 771]
Event: 109.453 Thread 0x0000026ed8ffd9c0 Exception <a 'java/lang/NoSuchMethodError'{0x0000000082ee7f98}: 'void java.lang.invoke.DirectMethodHandle$Holder.invokeStatic(java.lang.Object, java.lang.Object, java.lang.Object, int, java.lang.Object)'> (0x0000000082ee7f98) 
thrown [s\src\hotspot\share\interpreter\linkResolver.cpp, line 771]
Event: 115.190 Thread 0x0000026ed8ffd9c0 Exception <a 'java/lang/NoSuchMethodError'{0x000000008373a4f8}: 'java.lang.Object java.lang.invoke.DelegatingMethodHandle$Holder.reinvoke_L(java.lang.Object, java.lang.Object, java.lang.Object, java.lang.Object, java.lang.Object, java.lang.Object, java.lang.Object, java.lang.Object, java.lang.Object, java.lang.Object, java.lang.Object, java.lang.Object, java.lang.Object, java.lang.Object, java.lang.Object, java.lang.Object, java.lang.Object, java.lang.Object, java.lang.Object, java.lang.Object, java.lang.O
Event: 115.193 Thread 0x0000026ed8ffd9c0 Exception <a 'java/lang/NoSuchMethodError'{0x0000000083746218}: 'java.lang.Object java.lang.invoke.Invokers$Holder.invoker(java.lang.Object, java.lang.Object, java.lang.Object, java.lang.Object, java.lang.Object, java.lang.Object, java.lang.Object, java.lang.Object, java.lang.Object, java.lang.Object, java.lang.Object, java.lang.Object, java.lang.Object, java.lang.Object, java.lang.Object, java.lang.Object, java.lang.Object, java.lang.Object, java.lang.Object, java.lang.Object, java.lang.Object)'> (0x00000
Event: 115.199 Thread 0x0000026ed8ffd9c0 Exception <a 'java/lang/NoSuchMethodError'{0x000000008375ae70}: 'java.lang.Object java.lang.invoke.DelegatingMethodHandle$Holder.delegate(java.lang.Object, java.lang.Object, java.lang.Object, java.lang.Object, java.lang.Object, java.lang.Object, java.lang.Object, java.lang.Object, java.lang.Object, java.lang.Object, java.lang.Object, java.lang.Object, java.lang.Object, java.lang.Object, java.lang.Object, java.lang.Object, java.lang.Object, java.lang.Object, java.lang.Object, java.lang.Object, java.lang.Obj
Event: 115.273 Thread 0x0000026ed8ffd9c0 Exception <a 'java/lang/NoSuchMethodError'{0x00000000837d3920}: 'java.lang.Object java.lang.invoke.DirectMethodHandle$Holder.invokeStatic(java.lang.Object, java.lang.Object, java.lang.Object, java.lang.Object, java.lang.Object, java.lang.Object, java.lang.Object, java.lang.Object, java.lang.Object, java.lang.Object, java.lang.Object, java.lang.Object, java.lang.Object, java.lang.Object, java.lang.Object, java.lang.Object, java.lang.Object)'> (0x00000000837d3920) 
thrown [s\src\hotspot\share\interpreter\lin
Event: 115.280 Thread 0x0000026ed8ffd9c0 Exception <a 'java/lang/NoSuchMethodError'{0x00000000837fbcf0}: 'java.lang.Object java.lang.invoke.DirectMethodHandle$Holder.invokeStatic(java.lang.Object, java.lang.Object, java.lang.Object, java.lang.Object, java.lang.Object, java.lang.Object, java.lang.Object, java.lang.Object, java.lang.Object, java.lang.Object, java.lang.Object, java.lang.Object, java.lang.Object, java.lang.Object, java.lang.Object, java.lang.Object, java.lang.Object, java.lang.Object)'> (0x00000000837fbcf0) 
thrown [s\src\hotspot\sha
Event: 115.601 Thread 0x0000026ed8ffd9c0 Exception <a 'java/lang/NoSuchMethodError'{0x0000000083a24d28}: 'java.lang.Object java.lang.invoke.DirectMethodHandle$Holder.invokeStatic(java.lang.Object, java.lang.Object, java.lang.Object, java.lang.Object, java.lang.Object, java.lang.Object, java.lang.Object, java.lang.Object, java.lang.Object, java.lang.Object, java.lang.Object, java.lang.Object, java.lang.Object, java.lang.Object, java.lang.Object, java.lang.Object, java.lang.Object, java.lang.Object, java.lang.Object)'> (0x0000000083a24d28) 
thrown 
Event: 115.619 Thread 0x0000026ed8ffd9c0 Exception <a 'java/lang/NoSuchMethodError'{0x0000000083a4edd8}: 'java.lang.Object java.lang.invoke.DirectMethodHandle$Holder.invokeStatic(java.lang.Object, java.lang.Object, java.lang.Object, java.lang.Object, java.lang.Object, java.lang.Object, java.lang.Object, java.lang.Object, java.lang.Object, java.lang.Object, java.lang.Object, java.lang.Object, java.lang.Object, java.lang.Object, java.lang.Object, java.lang.Object, java.lang.Object, java.lang.Object, java.lang.Object, java.lang.Object)'> (0x00000000
Event: 115.714 Thread 0x0000026ed8ffd9c0 Exception <a 'java/lang/NoSuchMethodError'{0x0000000083a79c90}: 'java.lang.Object java.lang.invoke.DirectMethodHandle$Holder.invokeStatic(java.lang.Object, java.lang.Object, java.lang.Object, java.lang.Object, java.lang.Object, java.lang.Object, java.lang.Object, java.lang.Object, java.lang.Object, java.lang.Object, java.lang.Object, java.lang.Object, java.lang.Object, java.lang.Object, java.lang.Object, java.lang.Object, java.lang.Object, java.lang.Object, java.lang.Object, java.lang.Object, java.lang.Obj
Event: 115.768 Thread 0x0000026ed8ffd9c0 Exception <a 'java/lang/NoSuchMethodError'{0x0000000083aa5738}: 'java.lang.Object java.lang.invoke.DirectMethodHandle$Holder.invokeStatic(java.lang.Object, java.lang.Object, java.lang.Object, java.lang.Object, java.lang.Object, java.lang.Object, java.lang.Object, java.lang.Object, java.lang.Object, java.lang.Object, java.lang.Object, java.lang.Object, java.lang.Object, java.lang.Object, java.lang.Object, java.lang.Object, java.lang.Object, java.lang.Object, java.lang.Object, java.lang.Object, java.lang.Obj
Event: 115.819 Thread 0x0000026ed8ffd9c0 Exception <a 'java/lang/NoSuchMethodError'{0x0000000083ad32d0}: 'java.lang.Object java.lang.invoke.DirectMethodHandle$Holder.invokeStatic(java.lang.Object, java.lang.Object, java.lang.Object, java.lang.Object, java.lang.Object, java.lang.Object, java.lang.Object, java.lang.Object, java.lang.Object, java.lang.Object, java.lang.Object, java.lang.Object, java.lang.Object, java.lang.Object, java.lang.Object, java.lang.Object, java.lang.Object, java.lang.Object, java.lang.Object, java.lang.Object, java.lang.Obj
Event: 115.825 Thread 0x0000026ed8ffd9c0 Exception <a 'java/lang/NoSuchMethodError'{0x0000000083902888}: 'java.lang.Object java.lang.invoke.DirectMethodHandle$Holder.invokeStatic(java.lang.Object, java.lang.Object, java.lang.Object, java.lang.Object, java.lang.Object, java.lang.Object, java.lang.Object, java.lang.Object, java.lang.Object, java.lang.Object, java.lang.Object, java.lang.Object, java.lang.Object, java.lang.Object, java.lang.Object, java.lang.Object, java.lang.Object, java.lang.Object, java.lang.Object, java.lang.Object, java.lang.Obj
Event: 118.228 Thread 0x0000026ed8ffd9c0 Exception <a 'java/lang/NoSuchMethodError'{0x00000000835e51a0}: 'java.lang.Object java.lang.invoke.DirectMethodHandle$Holder.newInvokeSpecial(java.lang.Object, java.lang.Object, int)'> (0x00000000835e51a0) 
thrown [s\src\hotspot\share\interpreter\linkResolver.cpp, line 771]

VM Operations (20 events):
Event: 112.622 Executing VM operation: Cleanup
Event: 112.622 Executing VM operation: Cleanup done
Event: 113.638 Executing VM operation: Cleanup
Event: 113.638 Executing VM operation: Cleanup done
Event: 114.380 Executing VM operation: G1CollectForAllocation
Event: 114.415 Executing VM operation: G1CollectForAllocation done
Event: 114.488 Executing VM operation: G1Concurrent
Event: 114.532 Executing VM operation: G1Concurrent done
Event: 114.599 Executing VM operation: G1Concurrent
Event: 114.612 Executing VM operation: G1Concurrent done
Event: 115.623 Executing VM operation: Cleanup
Event: 115.626 Executing VM operation: Cleanup done
Event: 116.637 Executing VM operation: Cleanup
Event: 116.637 Executing VM operation: Cleanup done
Event: 117.656 Executing VM operation: Cleanup
Event: 117.656 Executing VM operation: Cleanup done
Event: 118.666 Executing VM operation: Cleanup
Event: 118.666 Executing VM operation: Cleanup done
Event: 120.696 Executing VM operation: Cleanup
Event: 120.696 Executing VM operation: Cleanup done

Events (20 events):
Event: 115.260 loading class java/lang/invoke/BoundMethodHandle$Species_LLLLLLLLLLLLLL
Event: 115.260 loading class java/lang/invoke/BoundMethodHandle$Species_LLLLLLLLLLLLLL done
Event: 115.260 loading class java/lang/invoke/ClassSpecializer$Factory$1Var
Event: 115.263 loading class java/lang/invoke/ClassSpecializer$Factory$1Var done
Event: 115.277 loading class java/lang/invoke/BoundMethodHandle$Species_LLLLLLLLLLLLLLL
Event: 115.277 loading class java/lang/invoke/BoundMethodHandle$Species_LLLLLLLLLLLLLLL done
Event: 115.284 loading class java/lang/invoke/BoundMethodHandle$Species_LLLLLLLLLLLLLLLL
Event: 115.284 loading class java/lang/invoke/BoundMethodHandle$Species_LLLLLLLLLLLLLLLL done
Event: 115.609 loading class java/lang/invoke/BoundMethodHandle$Species_LLLLLLLLLLLLLLLLL
Event: 115.609 loading class java/lang/invoke/BoundMethodHandle$Species_LLLLLLLLLLLLLLLLL done
Event: 115.621 loading class java/lang/invoke/BoundMethodHandle$Species_LLLLLLLLLLLLLLLLLL
Event: 115.621 loading class java/lang/invoke/BoundMethodHandle$Species_LLLLLLLLLLLLLLLLLL done
Event: 115.719 loading class java/lang/invoke/BoundMethodHandle$Species_LLLLLLLLLLLLLLLLLLL
Event: 115.719 loading class java/lang/invoke/BoundMethodHandle$Species_LLLLLLLLLLLLLLLLLLL done
Event: 115.771 loading class java/lang/invoke/BoundMethodHandle$Species_LLLLLLLLLLLLLLLLLLLL
Event: 115.771 loading class java/lang/invoke/BoundMethodHandle$Species_LLLLLLLLLLLLLLLLLLLL done
Event: 115.821 loading class java/lang/invoke/BoundMethodHandle$Species_LLLLLLLLLLLLLLLLLLLLL
Event: 115.821 loading class java/lang/invoke/BoundMethodHandle$Species_LLLLLLLLLLLLLLLLLLLLL done
Event: 117.888 loading class java/util/Collections$2
Event: 117.888 loading class java/util/Collections$2 done


Dynamic libraries:
0x00007ff7ac340000 - 0x00007ff7ac34a000 	C:\Program Files\Android\Android Studio\jbr\bin\java.exe
0x00007ffb09f90000 - 0x00007ffb0a1a4000 	C:\WINDOWS\SYSTEM32\ntdll.dll
0x00007ffb09670000 - 0x00007ffb09732000 	C:\WINDOWS\System32\KERNEL32.DLL
0x00007ffb07720000 - 0x00007ffb07ac3000 	C:\WINDOWS\System32\KERNELBASE.dll
0x00007ffb07600000 - 0x00007ffb07711000 	C:\WINDOWS\System32\ucrtbase.dll
0x00007ffafbd50000 - 0x00007ffafbd67000 	C:\Program Files\Android\Android Studio\jbr\bin\jli.dll
0x00007ffb08320000 - 0x00007ffb084cb000 	C:\WINDOWS\System32\USER32.dll
0x00007ffb07390000 - 0x00007ffb073b6000 	C:\WINDOWS\System32\win32u.dll
0x00007ffb09520000 - 0x00007ffb09549000 	C:\WINDOWS\System32\GDI32.dll
0x00007ffb073c0000 - 0x00007ffb074d9000 	C:\WINDOWS\System32\gdi32full.dll
0x00007ffb07560000 - 0x00007ffb075fa000 	C:\WINDOWS\System32\msvcp_win.dll
0x00007ffb02770000 - 0x00007ffb0278b000 	C:\Program Files\Android\Android Studio\jbr\bin\VCRUNTIME140.dll
0x00007ffaf4350000 - 0x00007ffaf45de000 	C:\WINDOWS\WinSxS\amd64_microsoft.windows.common-controls_6595b64144ccf1df_6.0.22621.1635_none_270f70857386168e\COMCTL32.dll
0x00007ffb09b00000 - 0x00007ffb09ba7000 	C:\WINDOWS\System32\msvcrt.dll
0x00007ffb093d0000 - 0x00007ffb09401000 	C:\WINDOWS\System32\IMM32.DLL
0x00007ffafec10000 - 0x00007ffafec1c000 	C:\Program Files\Android\Android Studio\jbr\bin\vcruntime140_1.dll
0x00007ffae1b40000 - 0x00007ffae1bcd000 	C:\Program Files\Android\Android Studio\jbr\bin\msvcp140.dll
0x00007ffabd040000 - 0x00007ffabdcad000 	C:\Program Files\Android\Android Studio\jbr\bin\server\jvm.dll
0x00007ffb09470000 - 0x00007ffb0951e000 	C:\WINDOWS\System32\ADVAPI32.dll
0x00007ffb09e10000 - 0x00007ffb09eb4000 	C:\WINDOWS\System32\sechost.dll
0x00007ffb08200000 - 0x00007ffb08317000 	C:\WINDOWS\System32\RPCRT4.dll
0x00007ffae1500000 - 0x00007ffae1509000 	C:\WINDOWS\SYSTEM32\WSOCK32.dll
0x00007ffb09bb0000 - 0x00007ffb09c21000 	C:\WINDOWS\System32\WS2_32.dll
0x00007ffafebd0000 - 0x00007ffafec04000 	C:\WINDOWS\SYSTEM32\WINMM.dll
0x00007ffaff580000 - 0x00007ffaff58a000 	C:\WINDOWS\SYSTEM32\VERSION.dll
0x00007ffb063e0000 - 0x00007ffb063f8000 	C:\WINDOWS\SYSTEM32\kernel.appcore.dll
0x00007ffae14f0000 - 0x00007ffae14fa000 	C:\Program Files\Android\Android Studio\jbr\bin\jimage.dll
0x00007ffb04eb0000 - 0x00007ffb050de000 	C:\WINDOWS\SYSTEM32\DBGHELP.DLL
0x00007ffb09040000 - 0x00007ffb093c9000 	C:\WINDOWS\System32\combase.dll
0x00007ffb09990000 - 0x00007ffb09a67000 	C:\WINDOWS\System32\OLEAUT32.dll
0x00007ffaeab50000 - 0x00007ffaeab82000 	C:\WINDOWS\SYSTEM32\dbgcore.DLL
0x00007ffb074e0000 - 0x00007ffb0755b000 	C:\WINDOWS\System32\bcryptPrimitives.dll
0x00007ffabd010000 - 0x00007ffabd035000 	C:\Program Files\Android\Android Studio\jbr\bin\java.dll
0x00007ffac0b90000 - 0x00007ffac0ba8000 	C:\Program Files\Android\Android Studio\jbr\bin\zip.dll
0x00007ffb086d0000 - 0x00007ffb08eca000 	C:\WINDOWS\System32\SHELL32.dll
0x00007ffb05390000 - 0x00007ffb05c5e000 	C:\WINDOWS\SYSTEM32\windows.storage.dll
0x00007ffb050e0000 - 0x00007ffb0521e000 	C:\WINDOWS\SYSTEM32\wintypes.dll
0x00007ffb09740000 - 0x00007ffb09831000 	C:\WINDOWS\System32\SHCORE.dll
0x00007ffb084d0000 - 0x00007ffb0852e000 	C:\WINDOWS\System32\shlwapi.dll
0x00007ffb072c0000 - 0x00007ffb072e1000 	C:\WINDOWS\SYSTEM32\profapi.dll
0x00007ffabcff0000 - 0x00007ffabd009000 	C:\Program Files\Android\Android Studio\jbr\bin\net.dll
0x00007ffafe140000 - 0x00007ffafe277000 	C:\WINDOWS\SYSTEM32\WINHTTP.dll
0x00007ffb06850000 - 0x00007ffb068b9000 	C:\WINDOWS\system32\mswsock.dll
0x00007ffabcfd0000 - 0x00007ffabcfe6000 	C:\Program Files\Android\Android Studio\jbr\bin\nio.dll
0x00007ffabcd70000 - 0x00007ffabcd80000 	C:\Program Files\Android\Android Studio\jbr\bin\verify.dll
0x00007ffaf78f0000 - 0x00007ffaf7917000 	C:\Users\leana\.gradle\native\68d5fa5c4cc2d200863cafc0d521ce42e7d3e7ee720ec0a83991735586a16f82\windows-amd64\native-platform.dll
0x00007ffada320000 - 0x00007ffada464000 	C:\Users\leana\.gradle\native\e376f236ea51e6404a007f0833ffe2c6e607c4080706a723a18a27aeea778392\windows-amd64\native-platform-file-events.dll
0x00007ffabcfc0000 - 0x00007ffabcfc9000 	C:\Program Files\Android\Android Studio\jbr\bin\management.dll
0x00007ffabcfb0000 - 0x00007ffabcfbb000 	C:\Program Files\Android\Android Studio\jbr\bin\management_ext.dll
0x00007ffb09f40000 - 0x00007ffb09f48000 	C:\WINDOWS\System32\PSAPI.DLL
0x00007ffb06ac0000 - 0x00007ffb06adb000 	C:\WINDOWS\SYSTEM32\CRYPTSP.dll
0x00007ffb06350000 - 0x00007ffb06385000 	C:\WINDOWS\system32\rsaenh.dll
0x00007ffb06950000 - 0x00007ffb06978000 	C:\WINDOWS\SYSTEM32\USERENV.dll
0x00007ffb06c70000 - 0x00007ffb06c98000 	C:\WINDOWS\SYSTEM32\bcrypt.dll
0x00007ffb06ab0000 - 0x00007ffb06abc000 	C:\WINDOWS\SYSTEM32\CRYPTBASE.dll
0x00007ffb05ec0000 - 0x00007ffb05eed000 	C:\WINDOWS\SYSTEM32\IPHLPAPI.DLL
0x00007ffb09550000 - 0x00007ffb09559000 	C:\WINDOWS\System32\NSI.dll
0x00007ffafe3d0000 - 0x00007ffafe3e9000 	C:\WINDOWS\SYSTEM32\dhcpcsvc6.DLL
0x00007ffafe100000 - 0x00007ffafe11f000 	C:\WINDOWS\SYSTEM32\dhcpcsvc.DLL
0x00007ffb05f30000 - 0x00007ffb06023000 	C:\WINDOWS\SYSTEM32\DNSAPI.dll
0x00007ffabcc30000 - 0x00007ffabcc38000 	C:\WINDOWS\system32\wshunix.dll

dbghelp: loaded successfully - version: 4.0.5 - missing functions: none
symbol engine: initialized successfully - sym options: 0x614 - pdb path: .;C:\Program Files\Android\Android Studio\jbr\bin;C:\WINDOWS\SYSTEM32;C:\WINDOWS\WinSxS\amd64_microsoft.windows.common-controls_6595b64144ccf1df_6.0.22621.1635_none_270f70857386168e;C:\Program Files\Android\Android Studio\jbr\bin\server;C:\Users\leana\.gradle\native\68d5fa5c4cc2d200863cafc0d521ce42e7d3e7ee720ec0a83991735586a16f82\windows-amd64;C:\Users\leana\.gradle\native\e376f236ea51e6404a007f0833ffe2c6e607c4080706a723a18a27aeea778392\windows-amd64

VM Arguments:
jvm_args: --add-opens=java.base/java.util=ALL-UNNAMED --add-opens=java.base/java.lang=ALL-UNNAMED --add-opens=java.base/java.lang.invoke=ALL-UNNAMED --add-opens=java.prefs/java.util.prefs=ALL-UNNAMED --add-opens=java.base/java.nio.charset=ALL-UNNAMED --add-opens=java.base/java.net=ALL-UNNAMED --add-opens=java.base/java.util.concurrent.atomic=ALL-UNNAMED -Xmx2048m -Dfile.encoding=UTF-8 -Duser.country=CO -Duser.language=es -Duser.variant 
java_command: org.gradle.launcher.daemon.bootstrap.GradleDaemon 7.6
java_class_path (initial): C:\Users\leana\.gradle\wrapper\dists\gradle-7.6-bin\9l9tetv7ltxvx3i8an4pb86ye\gradle-7.6\lib\gradle-launcher-7.6.jar
Launcher Type: SUN_STANDARD

[Global flags]
     intx CICompilerCount                          = 3                                         {product} {ergonomic}
     uint ConcGCThreads                            = 1                                         {product} {ergonomic}
     uint G1ConcRefinementThreads                  = 4                                         {product} {ergonomic}
   size_t G1HeapRegionSize                         = 1048576                                   {product} {ergonomic}
    uintx GCDrainStackTargetSize                   = 64                                        {product} {ergonomic}
   size_t InitialHeapSize                          = 58720256                                  {product} {ergonomic}
   size_t MarkStackSize                            = 4194304                                   {product} {ergonomic}
   size_t MaxHeapSize                              = 2147483648                                {product} {command line}
   size_t MaxNewSize                               = 1287651328                                {product} {ergonomic}
   size_t MinHeapDeltaBytes                        = 1048576                                   {product} {ergonomic}
   size_t MinHeapSize                              = 8388608                                   {product} {ergonomic}
    uintx NonNMethodCodeHeapSize                   = 5832780                                {pd product} {ergonomic}
    uintx NonProfiledCodeHeapSize                  = 122912730                              {pd product} {ergonomic}
    uintx ProfiledCodeHeapSize                     = 122912730                              {pd product} {ergonomic}
    uintx ReservedCodeCacheSize                    = 251658240                              {pd product} {ergonomic}
     bool SegmentedCodeCache                       = true                                      {product} {ergonomic}
   size_t SoftMaxHeapSize                          = 2147483648                             {manageable} {ergonomic}
     bool UseCompressedClassPointers               = true                           {product lp64_product} {ergonomic}
     bool UseCompressedOops                        = true                           {product lp64_product} {ergonomic}
     bool UseG1GC                                  = true                                      {product} {ergonomic}
     bool UseLargePagesIndividualAllocation        = false                                  {pd product} {ergonomic}

Logging:
Log output configuration:
 #0: stdout all=warning uptime,level,tags
 #1: stderr all=off uptime,level,tags

Environment Variables:
PATH=C:\Python311\Scripts\;C:\Python311\;C:\WINDOWS\system32;C:\WINDOWS;C:\WINDOWS\System32\Wbem;C:\WINDOWS\System32\WindowsPowerShell\v1.0\;C:\WINDOWS\System32\OpenSSH\;C:\Program Files\dotnet\;C:\ProgramData\chocolatey\bin;C:\Program Files\Git\cmd;C:\Program Files\Git\get;C:\Users\leana\AppData\Roaming\nvm;C:\Program Files\nodejs;C:\Program Files\MySQL\MySQL Shell 8.0\bin\;C:\Users\leana\AppData\Local\Microsoft\WindowsApps;C:\Users\leana\AppData\Local\Programs\Microsoft VS Code\bin;C:\Users\leana\.dotnet\tools;C:\Users\leana\AppData\Roaming\npm;C:\Users\leana\AppData\Roaming\nvm;C:\Program Files\nodejs
USERNAME=leana
OS=Windows_NT
PROCESSOR_IDENTIFIER=AMD64 Family 23 Model 24 Stepping 1, AuthenticAMD
TMP=C:\Users\leana\AppData\Local\Temp
TEMP=C:\Users\leana\AppData\Local\Temp



---------------  S Y S T E M  ---------------

OS:
 Windows 11 , 64 bit Build 22621 (10.0.22621.1778)
OS uptime: 0 days 1:08 hours

CPU: total 4 (initial active 4) (4 cores per cpu, 2 threads per core) family 23 model 24 stepping 1 microcode 0x0, cx8, cmov, fxsr, ht, mmx, 3dnowpref, sse, sse2, sse3, ssse3, sse4a, sse4.1, sse4.2, popcnt, lzcnt, tsc, tscinvbit, avx, avx2, aes, clmul, bmi1, bmi2, adx, sha, fma, vzeroupper, clflush, clflushopt

Memory: 4k page, system-wide physical 3521M (94M free)
TotalPageFile size 14273M (AvailPageFile size 19M)
current process WorkingSet (physical memory assigned to process): 131M, peak: 156M
current process commit charge ("private bytes"): 227M, peak: 237M

vm_info: OpenJDK 64-Bit Server VM (17.0.6+0-b2043.56-9586694) for windows-amd64 JRE (17.0.6+0-b2043.56-9586694), built on Feb  9 2023 20:06:20 by "androidbuild" with MS VC++ 16.10 / 16.11 (VS2019)

END.
