#
# There is insufficient memory for the Java Runtime Environment to continue.
# Native memory allocation (malloc) failed to allocate 1253456 bytes for Chunk::new
# Possible reasons:
#   The system is out of physical RAM or swap space
#   The process is running with CompressedOops enabled, and the Java Heap may be blocking the growth of the native heap
# Possible solutions:
#   Reduce memory load on the system
#   Increase physical memory or swap space
#   Check if swap backing store is full
#   Decrease Java heap size (-Xmx/-Xms)
#   Decrease number of Java threads
#   Decrease Java thread stack sizes (-Xss)
#   Set larger code cache with -XX:ReservedCodeCacheSize=
#   JVM is running with Unscaled Compressed Oops mode in which the Java heap is
#     placed in the first 4GB address space. The Java Heap base address is the
#     maximum limit for the native heap growth. Please use -XX:HeapBaseMinAddress
#     to set the Java Heap base and to place the Java Heap above 4GB virtual address.
# This output file may be truncated or incomplete.
#
#  Out of Memory Error (arena.cpp:189), pid=10144, tid=11344
#
# JRE version: OpenJDK Runtime Environment (17.0.6) (build 17.0.6+0-b2043.56-9586694)
# Java VM: OpenJDK 64-Bit Server VM (17.0.6+0-b2043.56-9586694, mixed mode, tiered, compressed oops, compressed class ptrs, g1 gc, windows-amd64)
# No core dump will be written. Minidumps are not enabled by default on client versions of Windows
#

---------------  S U M M A R Y ------------

Command Line: --add-opens=java.base/java.util=ALL-UNNAMED --add-opens=java.base/java.lang=ALL-UNNAMED --add-opens=java.base/java.lang.invoke=ALL-UNNAMED --add-opens=java.prefs/java.util.prefs=ALL-UNNAMED --add-opens=java.base/java.nio.charset=ALL-UNNAMED --add-opens=java.base/java.net=ALL-UNNAMED --add-opens=java.base/java.util.concurrent.atomic=ALL-UNNAMED -Xmx2048m -Dfile.encoding=UTF-8 -Duser.country=CO -Duser.language=es -Duser.variant org.gradle.launcher.daemon.bootstrap.GradleDaemon 7.6

Host: AMD Ryzen 3 3250U with Radeon Graphics         , 4 cores, 3G,  Windows 11 , 64 bit Build 22621 (10.0.22621.1778)
Time: Mon Jun 26 10:41:25 2023 Hora est. Pacífico, Sudamérica elapsed time: 300.287432 seconds (0d 0h 5m 0s)

---------------  T H R E A D  ---------------

Current thread (0x000002a5fb4105d0):  JavaThread "C2 CompilerThread0" daemon [_thread_in_native, id=11344, stack(0x000000f9d0300000,0x000000f9d0400000)]


Current CompileTask:
C2: 300287 8196       4       com.google.common.collect.ImmutableSet$RegularSetBuilderImpl::add (68 bytes)

Stack: [0x000000f9d0300000,0x000000f9d0400000]
Native frames: (J=compiled Java code, j=interpreted, Vv=VM code, C=native code)
V  [jvm.dll+0x683b4a]
V  [jvm.dll+0x842654]
V  [jvm.dll+0x843dfe]
V  [jvm.dll+0x844463]
V  [jvm.dll+0x249b75]
V  [jvm.dll+0xabcac]
V  [jvm.dll+0xac27c]
V  [jvm.dll+0x368802]
V  [jvm.dll+0x332f31]
V  [jvm.dll+0x3323da]
V  [jvm.dll+0x21c201]
V  [jvm.dll+0x21b621]
V  [jvm.dll+0x1a4fdd]
V  [jvm.dll+0x22b098]
V  [jvm.dll+0x229159]
V  [jvm.dll+0x7f809c]
V  [jvm.dll+0x7f25fa]
V  [jvm.dll+0x682985]
C  [ucrtbase.dll+0x29363]
C  [KERNEL32.DLL+0x126ad]
C  [ntdll.dll+0x5a9f8]


---------------  P R O C E S S  ---------------

Threads class SMR info:
_java_thread_list=0x000002a582254c70, length=81, elements={
0x000002a5e12d9270, 0x000002a5fa873850, 0x000002a5fa874400, 0x000002a5fa87e940,
0x000002a5fb40c380, 0x000002a5fb40cf30, 0x000002a5fb40f8f0, 0x000002a5fb4105d0,
0x000002a5fa8dccc0, 0x000002a5fa8dd1d0, 0x000002a5fb5597e0, 0x000002a5fb55dd30,
0x000002a5fe235960, 0x000002a5fcb9a490, 0x000002a5fc142d80, 0x000002a5fd884020,
0x000002a5fe3bd010, 0x000002a5fc18b6e0, 0x000002a5fc189060, 0x000002a5fc189a00,
0x000002a5fc189530, 0x000002a5fc18a3a0, 0x000002a5fc18a870, 0x000002a5fc18c080,
0x000002a5fc18b210, 0x000002a5fc18c550, 0x000002a5fc18ca20, 0x000002a5fca3be40,
0x000002a5fca42820, 0x000002a5fca41e80, 0x000002a5fca42cf0, 0x000002a5fca3f330,
0x000002a5fca3ccb0, 0x000002a5fca401a0, 0x000002a5fca3db20, 0x000002a5fca3fcd0,
0x000002a5fca40b40, 0x000002a5fca3c310, 0x000002a5fca41010, 0x000002a5fca3c7e0,
0x000002a5fca3e4c0, 0x000002a5fca3d180, 0x000002a5fca3d650, 0x000002a5fca414e0,
0x000002a5fca419b0, 0x000002a5fc189ed0, 0x000002a5fc18bbb0, 0x000002a5fdb25140,
0x000002a5fdb26480, 0x000002a5fdb294a0, 0x000002a5fdb28160, 0x000002a5fdb27c90,
0x000002a5fdb29970, 0x000002a5fdb28630, 0x000002a5fdb28b00, 0x000002a5fdb29e40,
0x000002a5fdb26950, 0x000002a5fdb26e20, 0x000002a5fdb2a310, 0x000002a5fdb2acb0,
0x000002a5fdb28fd0, 0x000002a5fdb277c0, 0x000002a5fdb272f0, 0x000002a5fdb2a7e0,
0x000002a5fdb2b180, 0x000002a5fdb2b650, 0x000002a5fdb2bb20, 0x000002a5fdb2bff0,
0x000002a5fdb24c70, 0x000002a5fdb2c4c0, 0x000002a5fdb25610, 0x000002a5fdb25ae0,
0x000002a5fdb25fb0, 0x000002a5fccba160, 0x000002a5fccb4ac0, 0x000002a5fccb67a0,
0x000002a5fccb7ae0, 0x000002a5fccb4f90, 0x000002a5fccbb4a0, 0x000002a5fccba630,
0x000002a5fccb62d0
}

Java Threads: ( => current thread )
  0x000002a5e12d9270 JavaThread "main" [_thread_blocked, id=11100, stack(0x000000f9cf600000,0x000000f9cf700000)]
  0x000002a5fa873850 JavaThread "Reference Handler" daemon [_thread_blocked, id=2656, stack(0x000000f9cfd00000,0x000000f9cfe00000)]
  0x000002a5fa874400 JavaThread "Finalizer" daemon [_thread_blocked, id=13324, stack(0x000000f9cfe00000,0x000000f9cff00000)]
  0x000002a5fa87e940 JavaThread "Signal Dispatcher" daemon [_thread_blocked, id=12360, stack(0x000000f9cff00000,0x000000f9d0000000)]
  0x000002a5fb40c380 JavaThread "Attach Listener" daemon [_thread_blocked, id=11660, stack(0x000000f9d0000000,0x000000f9d0100000)]
  0x000002a5fb40cf30 JavaThread "Service Thread" daemon [_thread_blocked, id=14264, stack(0x000000f9d0100000,0x000000f9d0200000)]
  0x000002a5fb40f8f0 JavaThread "Monitor Deflation Thread" daemon [_thread_blocked, id=4888, stack(0x000000f9d0200000,0x000000f9d0300000)]
=>0x000002a5fb4105d0 JavaThread "C2 CompilerThread0" daemon [_thread_in_native, id=11344, stack(0x000000f9d0300000,0x000000f9d0400000)]
  0x000002a5fa8dccc0 JavaThread "C1 CompilerThread0" daemon [_thread_blocked, id=4812, stack(0x000000f9d0400000,0x000000f9d0500000)]
  0x000002a5fa8dd1d0 JavaThread "Sweeper thread" daemon [_thread_blocked, id=14224, stack(0x000000f9d0500000,0x000000f9d0600000)]
  0x000002a5fb5597e0 JavaThread "Common-Cleaner" daemon [_thread_blocked, id=9424, stack(0x000000f9d0600000,0x000000f9d0700000)]
  0x000002a5fb55dd30 JavaThread "Notification Thread" daemon [_thread_blocked, id=13148, stack(0x000000f9d0700000,0x000000f9d0800000)]
  0x000002a5fe235960 JavaThread "Daemon health stats" [_thread_blocked, id=7112, stack(0x000000f9d0c00000,0x000000f9d0d00000)]
  0x000002a5fcb9a490 JavaThread "Incoming local TCP Connector on port 57436" [_thread_in_native, id=7052, stack(0x000000f9d0d00000,0x000000f9d0e00000)]
  0x000002a5fc142d80 JavaThread "Daemon periodic checks" [_thread_blocked, id=3716, stack(0x000000f9d0e00000,0x000000f9d0f00000)]
  0x000002a5fd884020 JavaThread "Daemon" [_thread_blocked, id=13620, stack(0x000000f9d0f00000,0x000000f9d1000000)]
  0x000002a5fe3bd010 JavaThread "Handler for socket connection from /127.0.0.1:57436 to /127.0.0.1:57438" [_thread_in_native, id=3824, stack(0x000000f9d1000000,0x000000f9d1100000)]
  0x000002a5fc18b6e0 JavaThread "Cancel handler" [_thread_blocked, id=7856, stack(0x000000f9d1100000,0x000000f9d1200000)]
  0x000002a5fc189060 JavaThread "Daemon worker" [_thread_in_Java, id=2580, stack(0x000000f9d1200000,0x000000f9d1300000)]
  0x000002a5fc189a00 JavaThread "Asynchronous log dispatcher for DefaultDaemonConnection: socket connection from /127.0.0.1:57436 to /127.0.0.1:57438" [_thread_blocked, id=6072, stack(0x000000f9d1300000,0x000000f9d1400000)]
  0x000002a5fc189530 JavaThread "Daemon client event forwarder" [_thread_blocked, id=14228, stack(0x000000f9d1500000,0x000000f9d1600000)]
  0x000002a5fc18a3a0 JavaThread "Cache worker for journal cache (C:\Users\leana\.gradle\caches\journal-1)" [_thread_blocked, id=5516, stack(0x000000f9d1600000,0x000000f9d1700000)]
  0x000002a5fc18a870 JavaThread "File lock request listener" [_thread_in_native, id=13800, stack(0x000000f9d1700000,0x000000f9d1800000)]
  0x000002a5fc18c080 JavaThread "Cache worker for file hash cache (C:\Users\leana\.gradle\caches\7.6\fileHashes)" [_thread_blocked, id=2348, stack(0x000000f9d1900000,0x000000f9d1a00000)]
  0x000002a5fc18b210 JavaThread "File watcher server" daemon [_thread_in_native, id=14528, stack(0x000000f9d1c00000,0x000000f9d1d00000)]
  0x000002a5fc18c550 JavaThread "File watcher consumer" daemon [_thread_blocked, id=14536, stack(0x000000f9d1d00000,0x000000f9d1e00000)]
  0x000002a5fc18ca20 JavaThread "Cache worker for checksums cache (C:\Users\leana\AndroidStudioProjects\ProcexApp2\.gradle\7.6\checksums)" [_thread_blocked, id=14572, stack(0x000000f9d1e00000,0x000000f9d1f00000)]
  0x000002a5fca3be40 JavaThread "Cache worker for cache directory md-rule (C:\Users\leana\.gradle\caches\7.6\md-rule)" [_thread_blocked, id=14584, stack(0x000000f9d1f00000,0x000000f9d2000000)]
  0x000002a5fca42820 JavaThread "Cache worker for file content cache (C:\Users\leana\.gradle\caches\7.6\fileContent)" [_thread_blocked, id=14604, stack(0x000000f9d2000000,0x000000f9d2100000)]
  0x000002a5fca41e80 JavaThread "Cache worker for file hash cache (C:\Users\leana\AndroidStudioProjects\ProcexApp2\.gradle\7.6\fileHashes)" [_thread_blocked, id=14628, stack(0x000000f9d2100000,0x000000f9d2200000)]
  0x000002a5fca42cf0 JavaThread "Cache worker for cache directory md-supplier (C:\Users\leana\.gradle\caches\7.6\md-supplier)" [_thread_blocked, id=14648, stack(0x000000f9d2200000,0x000000f9d2300000)]
  0x000002a5fca3f330 JavaThread "Cache worker for execution history cache (C:\Users\leana\.gradle\caches\7.6\executionHistory)" [_thread_blocked, id=14692, stack(0x000000f9d2300000,0x000000f9d2400000)]
  0x000002a5fca3ccb0 JavaThread "jar transforms" [_thread_blocked, id=14752, stack(0x000000f9cf300000,0x000000f9cf400000)]
  0x000002a5fca401a0 JavaThread "jar transforms Thread 2" [_thread_blocked, id=14848, stack(0x000000f9cf400000,0x000000f9cf500000)]
  0x000002a5fca3db20 JavaThread "jar transforms Thread 3" [_thread_blocked, id=15508, stack(0x000000f9d2400000,0x000000f9d2500000)]
  0x000002a5fca3fcd0 JavaThread "jar transforms Thread 4" [_thread_blocked, id=15548, stack(0x000000f9d2500000,0x000000f9d2600000)]
  0x000002a5fca40b40 JavaThread "Cache worker for dependencies-accessors (C:\Users\leana\AndroidStudioProjects\ProcexApp2\.gradle\7.6\dependencies-accessors)" [_thread_blocked, id=15580, stack(0x000000f9d2600000,0x000000f9d2700000)]
  0x000002a5fca3c310 JavaThread "Cache worker for Build Output Cleanup Cache (C:\Users\leana\AndroidStudioProjects\ProcexApp2\.gradle\buildOutputCleanup)" [_thread_blocked, id=16180, stack(0x000000f9d1400000,0x000000f9d1500000)]
  0x000002a5fca41010 JavaThread "File lock release action executor Thread 3" [_thread_blocked, id=9196, stack(0x000000f9d1800000,0x000000f9d1900000)]
  0x000002a5fca3c7e0 JavaThread "Unconstrained build operations" [_thread_blocked, id=15288, stack(0x000000f9d1a00000,0x000000f9d1b00000)]
  0x000002a5fca3e4c0 JavaThread "Unconstrained build operations Thread 2" [_thread_blocked, id=15652, stack(0x000000f9d2700000,0x000000f9d2800000)]
  0x000002a5fca3d180 JavaThread "Unconstrained build operations Thread 3" [_thread_blocked, id=10592, stack(0x000000f9d2800000,0x000000f9d2900000)]
  0x000002a5fca3d650 JavaThread "Unconstrained build operations Thread 4" [_thread_blocked, id=16032, stack(0x000000f9d2900000,0x000000f9d2a00000)]
  0x000002a5fca414e0 JavaThread "Unconstrained build operations Thread 5" [_thread_blocked, id=244, stack(0x000000f9d2a00000,0x000000f9d2b00000)]
  0x000002a5fca419b0 JavaThread "Unconstrained build operations Thread 6" [_thread_blocked, id=15392, stack(0x000000f9d2b00000,0x000000f9d2c00000)]
  0x000002a5fc189ed0 JavaThread "Unconstrained build operations Thread 7" [_thread_blocked, id=15592, stack(0x000000f9d2c00000,0x000000f9d2d00000)]
  0x000002a5fc18bbb0 JavaThread "Unconstrained build operations Thread 8" [_thread_blocked, id=15600, stack(0x000000f9d2d00000,0x000000f9d2e00000)]
  0x000002a5fdb25140 JavaThread "Unconstrained build operations Thread 9" [_thread_blocked, id=15180, stack(0x000000f9d2e00000,0x000000f9d2f00000)]
  0x000002a5fdb26480 JavaThread "Unconstrained build operations Thread 10" [_thread_blocked, id=9388, stack(0x000000f9d2f00000,0x000000f9d3000000)]
  0x000002a5fdb294a0 JavaThread "Unconstrained build operations Thread 11" [_thread_blocked, id=11576, stack(0x000000f9d3000000,0x000000f9d3100000)]
  0x000002a5fdb28160 JavaThread "Unconstrained build operations Thread 12" [_thread_blocked, id=4104, stack(0x000000f9d3100000,0x000000f9d3200000)]
  0x000002a5fdb27c90 JavaThread "Unconstrained build operations Thread 13" [_thread_blocked, id=13204, stack(0x000000f9d3200000,0x000000f9d3300000)]
  0x000002a5fdb29970 JavaThread "Unconstrained build operations Thread 14" [_thread_blocked, id=12904, stack(0x000000f9d3300000,0x000000f9d3400000)]
  0x000002a5fdb28630 JavaThread "Unconstrained build operations Thread 15" [_thread_blocked, id=736, stack(0x000000f9d3400000,0x000000f9d3500000)]
  0x000002a5fdb28b00 JavaThread "Unconstrained build operations Thread 16" [_thread_blocked, id=13544, stack(0x000000f9d3500000,0x000000f9d3600000)]
  0x000002a5fdb29e40 JavaThread "Unconstrained build operations Thread 17" [_thread_blocked, id=14252, stack(0x000000f9d3600000,0x000000f9d3700000)]
  0x000002a5fdb26950 JavaThread "Unconstrained build operations Thread 18" [_thread_blocked, id=2928, stack(0x000000f9d3700000,0x000000f9d3800000)]
  0x000002a5fdb26e20 JavaThread "Unconstrained build operations Thread 19" [_thread_blocked, id=14696, stack(0x000000f9d3800000,0x000000f9d3900000)]
  0x000002a5fdb2a310 JavaThread "Unconstrained build operations Thread 20" [_thread_blocked, id=12052, stack(0x000000f9d3900000,0x000000f9d3a00000)]
  0x000002a5fdb2acb0 JavaThread "Unconstrained build operations Thread 21" [_thread_blocked, id=15692, stack(0x000000f9d3a00000,0x000000f9d3b00000)]
  0x000002a5fdb28fd0 JavaThread "Unconstrained build operations Thread 22" [_thread_blocked, id=15700, stack(0x000000f9d3b00000,0x000000f9d3c00000)]
  0x000002a5fdb277c0 JavaThread "Unconstrained build operations Thread 23" [_thread_blocked, id=832, stack(0x000000f9d3c00000,0x000000f9d3d00000)]
  0x000002a5fdb272f0 JavaThread "Unconstrained build operations Thread 24" [_thread_blocked, id=15628, stack(0x000000f9d3d00000,0x000000f9d3e00000)]
  0x000002a5fdb2a7e0 JavaThread "Unconstrained build operations Thread 25" [_thread_blocked, id=2124, stack(0x000000f9d3e00000,0x000000f9d3f00000)]
  0x000002a5fdb2b180 JavaThread "Unconstrained build operations Thread 26" [_thread_blocked, id=9172, stack(0x000000f9d3f00000,0x000000f9d4000000)]
  0x000002a5fdb2b650 JavaThread "Unconstrained build operations Thread 27" [_thread_blocked, id=15768, stack(0x000000f9d4000000,0x000000f9d4100000)]
  0x000002a5fdb2bb20 JavaThread "Unconstrained build operations Thread 28" [_thread_blocked, id=15752, stack(0x000000f9d4100000,0x000000f9d4200000)]
  0x000002a5fdb2bff0 JavaThread "Unconstrained build operations Thread 29" [_thread_blocked, id=15712, stack(0x000000f9d4200000,0x000000f9d4300000)]
  0x000002a5fdb24c70 JavaThread "Unconstrained build operations Thread 30" [_thread_blocked, id=4720, stack(0x000000f9d4300000,0x000000f9d4400000)]
  0x000002a5fdb2c4c0 JavaThread "Unconstrained build operations Thread 31" [_thread_blocked, id=15996, stack(0x000000f9d4400000,0x000000f9d4500000)]
  0x000002a5fdb25610 JavaThread "Unconstrained build operations Thread 32" [_thread_blocked, id=16120, stack(0x000000f9d4500000,0x000000f9d4600000)]
  0x000002a5fdb25ae0 JavaThread "Unconstrained build operations Thread 33" [_thread_blocked, id=16124, stack(0x000000f9d4600000,0x000000f9d4700000)]
  0x000002a5fdb25fb0 JavaThread "Unconstrained build operations Thread 34" [_thread_blocked, id=16268, stack(0x000000f9d4700000,0x000000f9d4800000)]
  0x000002a5fccba160 JavaThread "Unconstrained build operations Thread 35" [_thread_blocked, id=15608, stack(0x000000f9d4800000,0x000000f9d4900000)]
  0x000002a5fccb4ac0 JavaThread "Unconstrained build operations Thread 36" [_thread_blocked, id=15660, stack(0x000000f9d4900000,0x000000f9d4a00000)]
  0x000002a5fccb67a0 JavaThread "Unconstrained build operations Thread 37" [_thread_blocked, id=16040, stack(0x000000f9d4a00000,0x000000f9d4b00000)]
  0x000002a5fccb7ae0 JavaThread "Unconstrained build operations Thread 38" [_thread_blocked, id=16264, stack(0x000000f9d4b00000,0x000000f9d4c00000)]
  0x000002a5fccb4f90 JavaThread "Unconstrained build operations Thread 39" [_thread_blocked, id=16348, stack(0x000000f9d4c00000,0x000000f9d4d00000)]
  0x000002a5fccbb4a0 JavaThread "Unconstrained build operations Thread 40" [_thread_blocked, id=3232, stack(0x000000f9d4d00000,0x000000f9d4e00000)]
  0x000002a5fccba630 JavaThread "build event listener" [_thread_blocked, id=16552, stack(0x000000f9d1b00000,0x000000f9d1c00000)]
  0x000002a5fccb62d0 JavaThread "Memory manager" [_thread_blocked, id=16620, stack(0x000000f9d4e00000,0x000000f9d4f00000)]

Other Threads:
  0x000002a5fa83f2a0 VMThread "VM Thread" [stack: 0x000000f9cfc00000,0x000000f9cfd00000] [id=1544]
  0x000002a5fb55e200 WatcherThread [stack: 0x000000f9d0800000,0x000000f9d0900000] [id=13468]
  0x000002a5e1333760 GCTaskThread "GC Thread#0" [stack: 0x000000f9cf700000,0x000000f9cf800000] [id=7044]
  0x000002a5fb9e1f40 GCTaskThread "GC Thread#1" [stack: 0x000000f9d0900000,0x000000f9d0a00000] [id=3708]
  0x000002a5fb61ef60 GCTaskThread "GC Thread#2" [stack: 0x000000f9d0a00000,0x000000f9d0b00000] [id=11984]
  0x000002a5fc11bae0 GCTaskThread "GC Thread#3" [stack: 0x000000f9d0b00000,0x000000f9d0c00000] [id=9912]
  0x000002a5e13446a0 ConcurrentGCThread "G1 Main Marker" [stack: 0x000000f9cf800000,0x000000f9cf900000] [id=940]
  0x000002a5e13450b0 ConcurrentGCThread "G1 Conc#0" [stack: 0x000000f9cf900000,0x000000f9cfa00000] [id=9412]
  0x000002a5e137fca0 ConcurrentGCThread "G1 Refine#0" [stack: 0x000000f9cfa00000,0x000000f9cfb00000] [id=6620]
  0x000002a5e13806c0 ConcurrentGCThread "G1 Service" [stack: 0x000000f9cfb00000,0x000000f9cfc00000] [id=956]

Threads with active compile tasks:
C2 CompilerThread0   300502 8196       4       com.google.common.collect.ImmutableSet$RegularSetBuilderImpl::add (68 bytes)

VM state: not at safepoint (normal execution)

VM Mutex/Monitor currently owned by a thread: None

Heap address: 0x0000000080000000, size: 2048 MB, Compressed Oops mode: 32-bit

CDS archive(s) not mapped
Compressed class space mapped at: 0x0000000100000000-0x0000000140000000, reserved size: 1073741824
Narrow klass base: 0x0000000000000000, Narrow klass shift: 3, Narrow klass range: 0x140000000

GC Precious Log:
 CPUs: 4 total, 4 available
 Memory: 3521M
 Large Page Support: Disabled
 NUMA Support: Disabled
 Compressed Oops: Enabled (32-bit)
 Heap Region Size: 1M
 Heap Min Capacity: 8M
 Heap Initial Capacity: 56M
 Heap Max Capacity: 2G
 Pre-touch: Disabled
 Parallel Workers: 4
 Concurrent Workers: 1
 Concurrent Refinement Workers: 4
 Periodic GC: Disabled

Heap:
 garbage-first heap   total 162816K, used 99990K [0x0000000080000000, 0x0000000100000000)
  region size 1024K, 38 young (38912K), 1 survivors (1024K)
 Metaspace       used 74948K, committed 75456K, reserved 1122304K
  class space    used 9862K, committed 10112K, reserved 1048576K

Heap Regions: E=young(eden), S=young(survivor), O=old, HS=humongous(starts), HC=humongous(continues), CS=collection set, F=free, OA=open archive, CA=closed archive, TAMS=top-at-mark-start (previous, next)
|   0|0x0000000080000000, 0x0000000080100000, 0x0000000080100000|100%| O|  |TAMS 0x0000000080100000, 0x0000000080000000| Untracked 
|   1|0x0000000080100000, 0x0000000080200000, 0x0000000080200000|100%| O|  |TAMS 0x0000000080200000, 0x0000000080100000| Untracked 
|   2|0x0000000080200000, 0x0000000080300000, 0x0000000080300000|100%|HS|  |TAMS 0x0000000080300000, 0x0000000080200000| Complete 
|   3|0x0000000080300000, 0x0000000080400000, 0x0000000080400000|100%|HC|  |TAMS 0x0000000080400000, 0x0000000080300000| Complete 
|   4|0x0000000080400000, 0x0000000080500000, 0x0000000080500000|100%|HC|  |TAMS 0x0000000080500000, 0x0000000080400000| Complete 
|   5|0x0000000080500000, 0x0000000080600000, 0x0000000080600000|100%| O|  |TAMS 0x0000000080600000, 0x0000000080500000| Untracked 
|   6|0x0000000080600000, 0x0000000080700000, 0x0000000080700000|100%| O|  |TAMS 0x0000000080700000, 0x0000000080600000| Untracked 
|   7|0x0000000080700000, 0x0000000080700000, 0x0000000080800000|  0%| F|  |TAMS 0x0000000080700000, 0x0000000080700000| Untracked 
|   8|0x0000000080800000, 0x0000000080900000, 0x0000000080900000|100%| O|  |TAMS 0x0000000080900000, 0x0000000080800000| Untracked 
|   9|0x0000000080900000, 0x0000000080a00000, 0x0000000080a00000|100%| O|  |TAMS 0x0000000080a00000, 0x0000000080900000| Untracked 
|  10|0x0000000080a00000, 0x0000000080b00000, 0x0000000080b00000|100%| O|  |TAMS 0x0000000080b00000, 0x0000000080a00000| Untracked 
|  11|0x0000000080b00000, 0x0000000080c00000, 0x0000000080c00000|100%| O|  |TAMS 0x0000000080c00000, 0x0000000080b00000| Untracked 
|  12|0x0000000080c00000, 0x0000000080d00000, 0x0000000080d00000|100%| O|  |TAMS 0x0000000080d00000, 0x0000000080c00000| Untracked 
|  13|0x0000000080d00000, 0x0000000080e00000, 0x0000000080e00000|100%| O|  |TAMS 0x0000000080e00000, 0x0000000080d00000| Untracked 
|  14|0x0000000080e00000, 0x0000000080f00000, 0x0000000080f00000|100%| O|  |TAMS 0x0000000080f00000, 0x0000000080e00000| Untracked 
|  15|0x0000000080f00000, 0x0000000081000000, 0x0000000081000000|100%| O|  |TAMS 0x0000000081000000, 0x0000000080f00000| Untracked 
|  16|0x0000000081000000, 0x0000000081100000, 0x0000000081100000|100%| O|  |TAMS 0x0000000081100000, 0x0000000081000000| Untracked 
|  17|0x0000000081100000, 0x0000000081200000, 0x0000000081200000|100%| O|  |TAMS 0x0000000081200000, 0x0000000081100000| Untracked 
|  18|0x0000000081200000, 0x0000000081300000, 0x0000000081300000|100%| O|  |TAMS 0x0000000081300000, 0x0000000081200000| Untracked 
|  19|0x0000000081300000, 0x0000000081400000, 0x0000000081400000|100%| O|  |TAMS 0x0000000081400000, 0x0000000081300000| Untracked 
|  20|0x0000000081400000, 0x0000000081500000, 0x0000000081500000|100%| O|  |TAMS 0x0000000081500000, 0x0000000081400000| Untracked 
|  21|0x0000000081500000, 0x0000000081600000, 0x0000000081600000|100%| O|  |TAMS 0x0000000081600000, 0x0000000081500000| Untracked 
|  22|0x0000000081600000, 0x0000000081700000, 0x0000000081700000|100%| O|  |TAMS 0x0000000081700000, 0x0000000081600000| Untracked 
|  23|0x0000000081700000, 0x0000000081800000, 0x0000000081800000|100%| O|  |TAMS 0x0000000081800000, 0x0000000081700000| Untracked 
|  24|0x0000000081800000, 0x0000000081900000, 0x0000000081900000|100%| O|  |TAMS 0x0000000081900000, 0x0000000081800000| Untracked 
|  25|0x0000000081900000, 0x0000000081a00000, 0x0000000081a00000|100%| O|  |TAMS 0x0000000081a00000, 0x0000000081900000| Untracked 
|  26|0x0000000081a00000, 0x0000000081b00000, 0x0000000081b00000|100%| O|  |TAMS 0x0000000081b00000, 0x0000000081a00000| Untracked 
|  27|0x0000000081b00000, 0x0000000081c00000, 0x0000000081c00000|100%| O|  |TAMS 0x0000000081c00000, 0x0000000081b00000| Untracked 
|  28|0x0000000081c00000, 0x0000000081d00000, 0x0000000081d00000|100%| O|  |TAMS 0x0000000081d00000, 0x0000000081c00000| Untracked 
|  29|0x0000000081d00000, 0x0000000081e00000, 0x0000000081e00000|100%| O|  |TAMS 0x0000000081e00000, 0x0000000081d00000| Untracked 
|  30|0x0000000081e00000, 0x0000000081f00000, 0x0000000081f00000|100%| O|  |TAMS 0x0000000081f00000, 0x0000000081e00000| Untracked 
|  31|0x0000000081f00000, 0x0000000082000000, 0x0000000082000000|100%| O|  |TAMS 0x0000000082000000, 0x0000000081f00000| Untracked 
|  32|0x0000000082000000, 0x0000000082100000, 0x0000000082100000|100%| O|  |TAMS 0x0000000082100000, 0x0000000082000000| Untracked 
|  33|0x0000000082100000, 0x0000000082200000, 0x0000000082200000|100%| O|  |TAMS 0x0000000082200000, 0x0000000082100000| Untracked 
|  34|0x0000000082200000, 0x0000000082300000, 0x0000000082300000|100%|HS|  |TAMS 0x0000000082300000, 0x0000000082200000| Complete 
|  35|0x0000000082300000, 0x0000000082400000, 0x0000000082400000|100%|HS|  |TAMS 0x0000000082400000, 0x0000000082300000| Complete 
|  36|0x0000000082400000, 0x0000000082500000, 0x0000000082500000|100%|HS|  |TAMS 0x0000000082500000, 0x0000000082400000| Complete 
|  37|0x0000000082500000, 0x0000000082600000, 0x0000000082600000|100%| O|  |TAMS 0x0000000082600000, 0x0000000082500000| Untracked 
|  38|0x0000000082600000, 0x0000000082700000, 0x0000000082700000|100%| O|  |TAMS 0x0000000082700000, 0x0000000082600000| Untracked 
|  39|0x0000000082700000, 0x0000000082800000, 0x0000000082800000|100%|HS|  |TAMS 0x0000000082800000, 0x0000000082700000| Complete 
|  40|0x0000000082800000, 0x0000000082900000, 0x0000000082900000|100%|HC|  |TAMS 0x0000000082900000, 0x0000000082800000| Complete 
|  41|0x0000000082900000, 0x0000000082a00000, 0x0000000082a00000|100%|HC|  |TAMS 0x0000000082a00000, 0x0000000082900000| Complete 
|  42|0x0000000082a00000, 0x0000000082b00000, 0x0000000082b00000|100%|HC|  |TAMS 0x0000000082b00000, 0x0000000082a00000| Complete 
|  43|0x0000000082b00000, 0x0000000082c00000, 0x0000000082c00000|100%| O|  |TAMS 0x0000000082c00000, 0x0000000082b00000| Untracked 
|  44|0x0000000082c00000, 0x0000000082d00000, 0x0000000082d00000|100%| O|  |TAMS 0x0000000082c00000, 0x0000000082c00000| Untracked 
|  45|0x0000000082d00000, 0x0000000082e00000, 0x0000000082e00000|100%| O|  |TAMS 0x0000000082e00000, 0x0000000082d00000| Untracked 
|  46|0x0000000082e00000, 0x0000000082f00000, 0x0000000082f00000|100%| O|  |TAMS 0x0000000082f00000, 0x0000000082e00000| Untracked 
|  47|0x0000000082f00000, 0x0000000083000000, 0x0000000083000000|100%| O|  |TAMS 0x0000000083000000, 0x0000000082f00000| Untracked 
|  48|0x0000000083000000, 0x0000000083100000, 0x0000000083100000|100%| O|  |TAMS 0x0000000083100000, 0x0000000083000000| Untracked 
|  49|0x0000000083100000, 0x0000000083200000, 0x0000000083200000|100%| O|  |TAMS 0x0000000083200000, 0x0000000083100000| Untracked 
|  50|0x0000000083200000, 0x0000000083300000, 0x0000000083300000|100%| O|  |TAMS 0x0000000083300000, 0x0000000083200000| Untracked 
|  51|0x0000000083300000, 0x0000000083400000, 0x0000000083400000|100%| O|  |TAMS 0x0000000083400000, 0x0000000083300000| Untracked 
|  52|0x0000000083400000, 0x0000000083500000, 0x0000000083500000|100%| O|  |TAMS 0x0000000083500000, 0x0000000083400000| Untracked 
|  53|0x0000000083500000, 0x0000000083600000, 0x0000000083600000|100%| O|  |TAMS 0x0000000083600000, 0x0000000083500000| Untracked 
|  54|0x0000000083600000, 0x0000000083700000, 0x0000000083700000|100%| O|  |TAMS 0x0000000083700000, 0x0000000083600000| Untracked 
|  55|0x0000000083700000, 0x0000000083800000, 0x0000000083800000|100%| O|  |TAMS 0x0000000083800000, 0x0000000083700000| Untracked 
|  56|0x0000000083800000, 0x0000000083900000, 0x0000000083900000|100%| O|  |TAMS 0x000000008384a200, 0x0000000083800000| Untracked 
|  57|0x0000000083900000, 0x0000000083a00000, 0x0000000083a00000|100%| O|  |TAMS 0x0000000083a00000, 0x0000000083900000| Untracked 
|  58|0x0000000083a00000, 0x0000000083b00000, 0x0000000083b00000|100%| O|  |TAMS 0x0000000083b00000, 0x0000000083a00000| Untracked 
|  59|0x0000000083b00000, 0x0000000083c00000, 0x0000000083c00000|100%| O|  |TAMS 0x0000000083b00000, 0x0000000083b00000| Untracked 
|  60|0x0000000083c00000, 0x0000000083d00000, 0x0000000083d00000|100%| O|  |TAMS 0x0000000083c00000, 0x0000000083c00000| Untracked 
|  61|0x0000000083d00000, 0x0000000083df8600, 0x0000000083e00000| 97%| O|  |TAMS 0x0000000083d00000, 0x0000000083d00000| Untracked 
|  62|0x0000000083e00000, 0x0000000083e00000, 0x0000000083f00000|  0%| F|  |TAMS 0x0000000083e00000, 0x0000000083e00000| Untracked 
|  63|0x0000000083f00000, 0x0000000083f00000, 0x0000000084000000|  0%| F|  |TAMS 0x0000000083f00000, 0x0000000083f00000| Untracked 
|  64|0x0000000084000000, 0x0000000084000000, 0x0000000084100000|  0%| F|  |TAMS 0x0000000084000000, 0x0000000084000000| Untracked 
|  65|0x0000000084100000, 0x0000000084100000, 0x0000000084200000|  0%| F|  |TAMS 0x0000000084100000, 0x0000000084100000| Untracked 
|  66|0x0000000084200000, 0x0000000084200000, 0x0000000084300000|  0%| F|  |TAMS 0x0000000084200000, 0x0000000084200000| Untracked 
|  67|0x0000000084300000, 0x0000000084300000, 0x0000000084400000|  0%| F|  |TAMS 0x0000000084300000, 0x0000000084300000| Untracked 
|  68|0x0000000084400000, 0x0000000084400000, 0x0000000084500000|  0%| F|  |TAMS 0x0000000084400000, 0x0000000084400000| Untracked 
|  69|0x0000000084500000, 0x0000000084500000, 0x0000000084600000|  0%| F|  |TAMS 0x0000000084500000, 0x0000000084500000| Untracked 
|  70|0x0000000084600000, 0x0000000084600000, 0x0000000084700000|  0%| F|  |TAMS 0x0000000084600000, 0x0000000084600000| Untracked 
|  71|0x0000000084700000, 0x0000000084700000, 0x0000000084800000|  0%| F|  |TAMS 0x0000000084700000, 0x0000000084700000| Untracked 
|  72|0x0000000084800000, 0x0000000084800000, 0x0000000084900000|  0%| F|  |TAMS 0x0000000084800000, 0x0000000084800000| Untracked 
|  73|0x0000000084900000, 0x0000000084900000, 0x0000000084a00000|  0%| F|  |TAMS 0x0000000084900000, 0x0000000084900000| Untracked 
|  74|0x0000000084a00000, 0x0000000084a00000, 0x0000000084b00000|  0%| F|  |TAMS 0x0000000084a00000, 0x0000000084a00000| Untracked 
|  75|0x0000000084b00000, 0x0000000084b00000, 0x0000000084c00000|  0%| F|  |TAMS 0x0000000084b00000, 0x0000000084b00000| Untracked 
|  76|0x0000000084c00000, 0x0000000084c00000, 0x0000000084d00000|  0%| F|  |TAMS 0x0000000084c00000, 0x0000000084c00000| Untracked 
|  77|0x0000000084d00000, 0x0000000084d00000, 0x0000000084e00000|  0%| F|  |TAMS 0x0000000084d00000, 0x0000000084d00000| Untracked 
|  78|0x0000000084e00000, 0x0000000084e00000, 0x0000000084f00000|  0%| F|  |TAMS 0x0000000084e00000, 0x0000000084e00000| Untracked 
|  79|0x0000000084f00000, 0x0000000084f00000, 0x0000000085000000|  0%| F|  |TAMS 0x0000000084f00000, 0x0000000084f00000| Untracked 
|  80|0x0000000085000000, 0x0000000085000000, 0x0000000085100000|  0%| F|  |TAMS 0x0000000085000000, 0x0000000085000000| Untracked 
|  81|0x0000000085100000, 0x0000000085100000, 0x0000000085200000|  0%| F|  |TAMS 0x0000000085100000, 0x0000000085100000| Untracked 
|  82|0x0000000085200000, 0x0000000085200000, 0x0000000085300000|  0%| F|  |TAMS 0x0000000085200000, 0x0000000085200000| Untracked 
|  83|0x0000000085300000, 0x0000000085300000, 0x0000000085400000|  0%| F|  |TAMS 0x0000000085300000, 0x0000000085300000| Untracked 
|  84|0x0000000085400000, 0x0000000085400000, 0x0000000085500000|  0%| F|  |TAMS 0x0000000085400000, 0x0000000085400000| Untracked 
|  85|0x0000000085500000, 0x0000000085500000, 0x0000000085600000|  0%| F|  |TAMS 0x0000000085500000, 0x0000000085500000| Untracked 
|  86|0x0000000085600000, 0x0000000085600000, 0x0000000085700000|  0%| F|  |TAMS 0x0000000085600000, 0x0000000085600000| Untracked 
|  87|0x0000000085700000, 0x0000000085700000, 0x0000000085800000|  0%| F|  |TAMS 0x0000000085700000, 0x0000000085700000| Untracked 
|  88|0x0000000085800000, 0x0000000085800000, 0x0000000085900000|  0%| F|  |TAMS 0x0000000085800000, 0x0000000085800000| Untracked 
|  89|0x0000000085900000, 0x0000000085900000, 0x0000000085a00000|  0%| F|  |TAMS 0x0000000085900000, 0x0000000085900000| Untracked 
|  90|0x0000000085a00000, 0x0000000085a00000, 0x0000000085b00000|  0%| F|  |TAMS 0x0000000085a00000, 0x0000000085a00000| Untracked 
|  91|0x0000000085b00000, 0x0000000085b00000, 0x0000000085c00000|  0%| F|  |TAMS 0x0000000085b00000, 0x0000000085b00000| Untracked 
|  92|0x0000000085c00000, 0x0000000085c00000, 0x0000000085d00000|  0%| F|  |TAMS 0x0000000085c00000, 0x0000000085c00000| Untracked 
|  93|0x0000000085d00000, 0x0000000085d00000, 0x0000000085e00000|  0%| F|  |TAMS 0x0000000085d00000, 0x0000000085d00000| Untracked 
|  94|0x0000000085e00000, 0x0000000085e00000, 0x0000000085f00000|  0%| F|  |TAMS 0x0000000085e00000, 0x0000000085e00000| Untracked 
|  95|0x0000000085f00000, 0x0000000085f00000, 0x0000000086000000|  0%| F|  |TAMS 0x0000000085f00000, 0x0000000085f00000| Untracked 
|  96|0x0000000086000000, 0x0000000086000000, 0x0000000086100000|  0%| F|  |TAMS 0x0000000086000000, 0x0000000086000000| Untracked 
|  97|0x0000000086100000, 0x0000000086100000, 0x0000000086200000|  0%| F|  |TAMS 0x0000000086100000, 0x0000000086100000| Untracked 
|  98|0x0000000086200000, 0x0000000086200000, 0x0000000086300000|  0%| F|  |TAMS 0x0000000086200000, 0x0000000086200000| Untracked 
|  99|0x0000000086300000, 0x0000000086300000, 0x0000000086400000|  0%| F|  |TAMS 0x0000000086300000, 0x0000000086300000| Untracked 
| 100|0x0000000086400000, 0x0000000086400000, 0x0000000086500000|  0%| F|  |TAMS 0x0000000086400000, 0x0000000086400000| Untracked 
| 101|0x0000000086500000, 0x0000000086500000, 0x0000000086600000|  0%| F|  |TAMS 0x0000000086500000, 0x0000000086500000| Untracked 
| 102|0x0000000086600000, 0x0000000086600000, 0x0000000086700000|  0%| F|  |TAMS 0x0000000086600000, 0x0000000086600000| Untracked 
| 103|0x0000000086700000, 0x0000000086700000, 0x0000000086800000|  0%| F|  |TAMS 0x0000000086700000, 0x0000000086700000| Untracked 
| 104|0x0000000086800000, 0x0000000086800000, 0x0000000086900000|  0%| F|  |TAMS 0x0000000086800000, 0x0000000086800000| Untracked 
| 105|0x0000000086900000, 0x0000000086900000, 0x0000000086a00000|  0%| F|  |TAMS 0x0000000086900000, 0x0000000086900000| Untracked 
| 106|0x0000000086a00000, 0x0000000086a00000, 0x0000000086b00000|  0%| F|  |TAMS 0x0000000086a00000, 0x0000000086a00000| Untracked 
| 107|0x0000000086b00000, 0x0000000086b00000, 0x0000000086c00000|  0%| F|  |TAMS 0x0000000086b00000, 0x0000000086b00000| Untracked 
| 108|0x0000000086c00000, 0x0000000086cad2c0, 0x0000000086d00000| 67%| S|CS|TAMS 0x0000000086c00000, 0x0000000086c00000| Complete 
| 109|0x0000000086d00000, 0x0000000086d00000, 0x0000000086e00000|  0%| F|  |TAMS 0x0000000086d00000, 0x0000000086d00000| Untracked 
| 110|0x0000000086e00000, 0x0000000086e00000, 0x0000000086f00000|  0%| F|  |TAMS 0x0000000086e00000, 0x0000000086e00000| Untracked 
| 111|0x0000000086f00000, 0x0000000086f00000, 0x0000000087000000|  0%| F|  |TAMS 0x0000000086f00000, 0x0000000086f00000| Untracked 
| 112|0x0000000087000000, 0x0000000087000000, 0x0000000087100000|  0%| F|  |TAMS 0x0000000087000000, 0x0000000087000000| Untracked 
| 113|0x0000000087100000, 0x0000000087100000, 0x0000000087200000|  0%| F|  |TAMS 0x0000000087100000, 0x0000000087100000| Untracked 
| 114|0x0000000087200000, 0x0000000087200000, 0x0000000087300000|  0%| F|  |TAMS 0x0000000087200000, 0x0000000087200000| Untracked 
| 115|0x0000000087300000, 0x0000000087300000, 0x0000000087400000|  0%| F|  |TAMS 0x0000000087300000, 0x0000000087300000| Untracked 
| 116|0x0000000087400000, 0x0000000087400000, 0x0000000087500000|  0%| F|  |TAMS 0x0000000087400000, 0x0000000087400000| Untracked 
| 117|0x0000000087500000, 0x0000000087500000, 0x0000000087600000|  0%| F|  |TAMS 0x0000000087500000, 0x0000000087500000| Untracked 
| 118|0x0000000087600000, 0x0000000087600000, 0x0000000087700000|  0%| F|  |TAMS 0x0000000087600000, 0x0000000087600000| Untracked 
| 119|0x0000000087700000, 0x0000000087700000, 0x0000000087800000|  0%| F|  |TAMS 0x0000000087700000, 0x0000000087700000| Untracked 
| 120|0x0000000087800000, 0x0000000087800000, 0x0000000087900000|  0%| F|  |TAMS 0x0000000087800000, 0x0000000087800000| Untracked 
| 121|0x0000000087900000, 0x0000000087900000, 0x0000000087a00000|  0%| F|  |TAMS 0x0000000087900000, 0x0000000087900000| Untracked 
| 122|0x0000000087a00000, 0x0000000087a84298, 0x0000000087b00000| 51%| E|  |TAMS 0x0000000087a00000, 0x0000000087a00000| Complete 
| 123|0x0000000087b00000, 0x0000000087c00000, 0x0000000087c00000|100%| E|CS|TAMS 0x0000000087b00000, 0x0000000087b00000| Complete 
| 124|0x0000000087c00000, 0x0000000087d00000, 0x0000000087d00000|100%| E|CS|TAMS 0x0000000087c00000, 0x0000000087c00000| Complete 
| 125|0x0000000087d00000, 0x0000000087e00000, 0x0000000087e00000|100%| E|CS|TAMS 0x0000000087d00000, 0x0000000087d00000| Complete 
| 126|0x0000000087e00000, 0x0000000087f00000, 0x0000000087f00000|100%| E|CS|TAMS 0x0000000087e00000, 0x0000000087e00000| Complete 
| 127|0x0000000087f00000, 0x0000000088000000, 0x0000000088000000|100%| E|CS|TAMS 0x0000000087f00000, 0x0000000087f00000| Complete 
| 128|0x0000000088000000, 0x0000000088100000, 0x0000000088100000|100%| E|CS|TAMS 0x0000000088000000, 0x0000000088000000| Complete 
| 129|0x0000000088100000, 0x0000000088200000, 0x0000000088200000|100%| E|CS|TAMS 0x0000000088100000, 0x0000000088100000| Complete 
| 130|0x0000000088200000, 0x0000000088300000, 0x0000000088300000|100%| E|CS|TAMS 0x0000000088200000, 0x0000000088200000| Complete 
| 131|0x0000000088300000, 0x0000000088400000, 0x0000000088400000|100%| E|CS|TAMS 0x0000000088300000, 0x0000000088300000| Complete 
| 132|0x0000000088400000, 0x0000000088500000, 0x0000000088500000|100%| E|CS|TAMS 0x0000000088400000, 0x0000000088400000| Complete 
| 133|0x0000000088500000, 0x0000000088600000, 0x0000000088600000|100%| E|CS|TAMS 0x0000000088500000, 0x0000000088500000| Complete 
| 134|0x0000000088600000, 0x0000000088700000, 0x0000000088700000|100%| E|CS|TAMS 0x0000000088600000, 0x0000000088600000| Complete 
| 135|0x0000000088700000, 0x0000000088800000, 0x0000000088800000|100%| E|CS|TAMS 0x0000000088700000, 0x0000000088700000| Complete 
| 136|0x0000000088800000, 0x0000000088900000, 0x0000000088900000|100%| E|CS|TAMS 0x0000000088800000, 0x0000000088800000| Complete 
| 137|0x0000000088900000, 0x0000000088a00000, 0x0000000088a00000|100%| E|CS|TAMS 0x0000000088900000, 0x0000000088900000| Complete 
| 138|0x0000000088a00000, 0x0000000088b00000, 0x0000000088b00000|100%| E|CS|TAMS 0x0000000088a00000, 0x0000000088a00000| Complete 
| 139|0x0000000088b00000, 0x0000000088c00000, 0x0000000088c00000|100%| E|CS|TAMS 0x0000000088b00000, 0x0000000088b00000| Complete 
| 140|0x0000000088c00000, 0x0000000088d00000, 0x0000000088d00000|100%| E|CS|TAMS 0x0000000088c00000, 0x0000000088c00000| Complete 
| 141|0x0000000088d00000, 0x0000000088e00000, 0x0000000088e00000|100%| E|CS|TAMS 0x0000000088d00000, 0x0000000088d00000| Complete 
| 142|0x0000000088e00000, 0x0000000088f00000, 0x0000000088f00000|100%| E|CS|TAMS 0x0000000088e00000, 0x0000000088e00000| Complete 
| 143|0x0000000088f00000, 0x0000000089000000, 0x0000000089000000|100%| E|CS|TAMS 0x0000000088f00000, 0x0000000088f00000| Complete 
| 144|0x0000000089000000, 0x0000000089100000, 0x0000000089100000|100%| E|CS|TAMS 0x0000000089000000, 0x0000000089000000| Complete 
| 145|0x0000000089100000, 0x0000000089200000, 0x0000000089200000|100%| E|CS|TAMS 0x0000000089100000, 0x0000000089100000| Complete 
| 146|0x0000000089200000, 0x0000000089300000, 0x0000000089300000|100%| E|CS|TAMS 0x0000000089200000, 0x0000000089200000| Complete 
| 147|0x0000000089300000, 0x0000000089400000, 0x0000000089400000|100%| E|CS|TAMS 0x0000000089300000, 0x0000000089300000| Complete 
| 148|0x0000000089400000, 0x0000000089500000, 0x0000000089500000|100%| E|CS|TAMS 0x0000000089400000, 0x0000000089400000| Complete 
| 149|0x0000000089500000, 0x0000000089600000, 0x0000000089600000|100%| E|CS|TAMS 0x0000000089500000, 0x0000000089500000| Complete 
| 150|0x0000000089600000, 0x0000000089700000, 0x0000000089700000|100%| E|CS|TAMS 0x0000000089600000, 0x0000000089600000| Complete 
| 151|0x0000000089700000, 0x0000000089800000, 0x0000000089800000|100%| E|CS|TAMS 0x0000000089700000, 0x0000000089700000| Complete 
| 152|0x0000000089800000, 0x0000000089900000, 0x0000000089900000|100%| E|CS|TAMS 0x0000000089800000, 0x0000000089800000| Complete 
| 153|0x0000000089900000, 0x0000000089a00000, 0x0000000089a00000|100%| E|CS|TAMS 0x0000000089900000, 0x0000000089900000| Complete 
| 154|0x0000000089a00000, 0x0000000089b00000, 0x0000000089b00000|100%| E|CS|TAMS 0x0000000089a00000, 0x0000000089a00000| Complete 
| 155|0x0000000089b00000, 0x0000000089c00000, 0x0000000089c00000|100%| E|CS|TAMS 0x0000000089b00000, 0x0000000089b00000| Complete 
| 156|0x0000000089c00000, 0x0000000089d00000, 0x0000000089d00000|100%| E|CS|TAMS 0x0000000089c00000, 0x0000000089c00000| Complete 
| 157|0x0000000089d00000, 0x0000000089e00000, 0x0000000089e00000|100%| E|CS|TAMS 0x0000000089d00000, 0x0000000089d00000| Complete 
| 158|0x0000000089e00000, 0x0000000089f00000, 0x0000000089f00000|100%| E|CS|TAMS 0x0000000089e00000, 0x0000000089e00000| Complete 

Card table byte_map: [0x000002a5f3ba0000,0x000002a5f3fa0000] _byte_map_base: 0x000002a5f37a0000

Marking Bits (Prev, Next): (CMBitMap*) 0x000002a5e1333db0, (CMBitMap*) 0x000002a5e1333d70
 Prev Bits: [0x000002a5f63a0000, 0x000002a5f83a0000)
 Next Bits: [0x000002a5f43a0000, 0x000002a5f63a0000)

Polling page: 0x000002a5e0aa0000

Metaspace:

Usage:
  Non-class:     63.56 MB used.
      Class:      9.63 MB used.
       Both:     73.19 MB used.

Virtual space:
  Non-class space:       72.00 MB reserved,      63.81 MB ( 89%) committed,  9 nodes.
      Class space:        1.00 GB reserved,       9.88 MB ( <1%) committed,  1 nodes.
             Both:        1.07 GB reserved,      73.69 MB (  7%) committed. 

Chunk freelists:
   Non-Class:  3.70 MB
       Class:  2.03 MB
        Both:  5.73 MB

MaxMetaspaceSize: unlimited
CompressedClassSpaceSize: 1.00 GB
Initial GC threshold: 21.00 MB
Current GC threshold: 116.19 MB
CDS: off
MetaspaceReclaimPolicy: balanced
 - commit_granule_bytes: 65536.
 - commit_granule_words: 8192.
 - virtual_space_node_default_size: 1048576.
 - enlarge_chunks_in_place: 1.
 - new_chunks_are_fully_committed: 0.
 - uncommit_free_chunks: 1.
 - use_allocation_guard: 0.
 - handle_deallocations: 1.


Internal statistics:

num_allocs_failed_limit: 6.
num_arena_births: 620.
num_arena_deaths: 0.
num_vsnodes_births: 10.
num_vsnodes_deaths: 0.
num_space_committed: 1179.
num_space_uncommitted: 0.
num_chunks_returned_to_freelist: 6.
num_chunks_taken_from_freelist: 3155.
num_chunk_merges: 6.
num_chunk_splits: 2128.
num_chunks_enlarged: 1482.
num_purges: 0.
num_inconsistent_stats: 0.

CodeHeap 'non-profiled nmethods': size=120000Kb used=4645Kb max_used=4645Kb free=115354Kb
 bounds [0x000002a5ec270000, 0x000002a5ec700000, 0x000002a5f37a0000]
CodeHeap 'profiled nmethods': size=120000Kb used=14057Kb max_used=14057Kb free=105942Kb
 bounds [0x000002a5e47a0000, 0x000002a5e5560000, 0x000002a5ebcd0000]
CodeHeap 'non-nmethods': size=5760Kb used=2359Kb max_used=2408Kb free=3401Kb
 bounds [0x000002a5ebcd0000, 0x000002a5ebf40000, 0x000002a5ec270000]
 total_blobs=8225 nmethods=7334 adapters=803
 compilation: enabled
              stopped_count=0, restarted_count=0
 full_count=0

Compilation events (20 events):
Event: 298.693 Thread 0x000002a5fb4105d0 nmethod 8187 0x000002a5ec6f7290 code [0x000002a5ec6f7440, 0x000002a5ec6f7e38]
Event: 298.708 Thread 0x000002a5fb4105d0 8188       4       org.gradle.tooling.internal.provider.runner.ToolingApiBuildEventListenerFactory$1::finished (1 bytes)
Event: 298.708 Thread 0x000002a5fb4105d0 nmethod 8188 0x000002a5ec6f8190 code [0x000002a5ec6f8300, 0x000002a5ec6f8378]
Event: 299.092 Thread 0x000002a5fb4105d0 8189       4       com.google.common.collect.RegularImmutableSet::size (6 bytes)
Event: 299.093 Thread 0x000002a5fb4105d0 nmethod 8189 0x000002a5ec6f8490 code [0x000002a5ec6f8600, 0x000002a5ec6f8698]
Event: 299.518 Thread 0x000002a5fa8dccc0 8190       1       org.gradle.internal.ImmutableActionSet$SetWithManyActions::isEmpty (2 bytes)
Event: 299.518 Thread 0x000002a5fa8dccc0 nmethod 8190 0x000002a5ec6f8790 code [0x000002a5ec6f8920, 0x000002a5ec6f89f8]
Event: 299.688 Thread 0x000002a5fa8dccc0 8191       1       com.google.common.collect.ImmutableMapEntry$NonTerminalImmutableMapEntry::getNextInKeyBucket (5 bytes)
Event: 299.688 Thread 0x000002a5fa8dccc0 nmethod 8191 0x000002a5ec6f8a90 code [0x000002a5ec6f8c20, 0x000002a5ec6f8cf8]
Event: 299.699 Thread 0x000002a5fa8dccc0 8192       1       com.android.build.api.artifact.Artifact::getKind (5 bytes)
Event: 299.699 Thread 0x000002a5fa8dccc0 nmethod 8192 0x000002a5ec6f8d90 code [0x000002a5ec6f8f20, 0x000002a5ec6f8ff8]
Event: 299.699 Thread 0x000002a5fa8dccc0 8193       3       com.google.common.collect.ImmutableCollection$Builder::addAll (34 bytes)
Event: 299.700 Thread 0x000002a5fa8dccc0 nmethod 8193 0x000002a5e5559590 code [0x000002a5e5559780, 0x000002a5e5559c38]
Event: 299.898 Thread 0x000002a5fa8dccc0 8194       3       com.google.common.collect.ImmutableSet$Builder::addAll (8 bytes)
Event: 299.902 Thread 0x000002a5fa8dccc0 nmethod 8194 0x000002a5e5559d90 code [0x000002a5e5559f80, 0x000002a5e555a498]
Event: 300.009 Thread 0x000002a5fa8dccc0 8195       1       com.android.build.api.artifact.impl.TypedStorageProvider::access$getPropertyAllocator$p (5 bytes)
Event: 300.010 Thread 0x000002a5fa8dccc0 nmethod 8195 0x000002a5ec6f9090 code [0x000002a5ec6f9220, 0x000002a5ec6f92d8]
Event: 300.028 Thread 0x000002a5fb4105d0 8196       4       com.google.common.collect.ImmutableSet$RegularSetBuilderImpl::add (68 bytes)
Event: 300.072 Thread 0x000002a5fa8dccc0 8197       1       org.gradle.util.internal.DefaultGradleVersion::getVersion (5 bytes)
Event: 300.073 Thread 0x000002a5fa8dccc0 nmethod 8197 0x000002a5ec6f9390 code [0x000002a5ec6f9520, 0x000002a5ec6f95f8]

GC Heap History (20 events):
Event: 217.511 GC heap before
{Heap before GC invocations=43 (full 0):
 garbage-first heap   total 89088K, used 66742K [0x0000000080000000, 0x0000000100000000)
  region size 1024K, 17 young (17408K), 1 survivors (1024K)
 Metaspace       used 61582K, committed 62080K, reserved 1105920K
  class space    used 8039K, committed 8256K, reserved 1048576K
}
Event: 217.519 GC heap after
{Heap after GC invocations=44 (full 0):
 garbage-first heap   total 89088K, used 51570K [0x0000000080000000, 0x0000000100000000)
  region size 1024K, 3 young (3072K), 3 survivors (3072K)
 Metaspace       used 61582K, committed 62080K, reserved 1105920K
  class space    used 8039K, committed 8256K, reserved 1048576K
}
Event: 220.190 GC heap before
{Heap before GC invocations=44 (full 0):
 garbage-first heap   total 89088K, used 60786K [0x0000000080000000, 0x0000000100000000)
  region size 1024K, 14 young (14336K), 3 survivors (3072K)
 Metaspace       used 63630K, committed 64192K, reserved 1105920K
  class space    used 8294K, committed 8512K, reserved 1048576K
}
Event: 220.206 GC heap after
{Heap after GC invocations=45 (full 0):
 garbage-first heap   total 89088K, used 53032K [0x0000000080000000, 0x0000000100000000)
  region size 1024K, 3 young (3072K), 3 survivors (3072K)
 Metaspace       used 63630K, committed 64192K, reserved 1105920K
  class space    used 8294K, committed 8512K, reserved 1048576K
}
Event: 220.651 GC heap before
{Heap before GC invocations=46 (full 0):
 garbage-first heap   total 102400K, used 64296K [0x0000000080000000, 0x0000000100000000)
  region size 1024K, 12 young (12288K), 3 survivors (3072K)
 Metaspace       used 63636K, committed 64192K, reserved 1105920K
  class space    used 8294K, committed 8512K, reserved 1048576K
}
Event: 220.702 GC heap after
{Heap after GC invocations=47 (full 0):
 garbage-first heap   total 102400K, used 58848K [0x0000000080000000, 0x0000000100000000)
  region size 1024K, 3 young (3072K), 3 survivors (3072K)
 Metaspace       used 63636K, committed 64192K, reserved 1105920K
  class space    used 8294K, committed 8512K, reserved 1048576K
}
Event: 224.139 GC heap before
{Heap before GC invocations=48 (full 0):
 garbage-first heap   total 107520K, used 77280K [0x0000000080000000, 0x0000000100000000)
  region size 1024K, 20 young (20480K), 3 survivors (3072K)
 Metaspace       used 65382K, committed 65920K, reserved 1114112K
  class space    used 8527K, committed 8768K, reserved 1048576K
}
Event: 224.176 GC heap after
{Heap after GC invocations=49 (full 0):
 garbage-first heap   total 107520K, used 57265K [0x0000000080000000, 0x0000000100000000)
  region size 1024K, 2 young (2048K), 2 survivors (2048K)
 Metaspace       used 65382K, committed 65920K, reserved 1114112K
  class space    used 8527K, committed 8768K, reserved 1048576K
}
Event: 228.415 GC heap before
{Heap before GC invocations=49 (full 0):
 garbage-first heap   total 107520K, used 78769K [0x0000000080000000, 0x0000000100000000)
  region size 1024K, 23 young (23552K), 2 survivors (2048K)
 Metaspace       used 66951K, committed 67520K, reserved 1114112K
  class space    used 8718K, committed 8960K, reserved 1048576K
}
Event: 228.450 GC heap after
{Heap after GC invocations=50 (full 0):
 garbage-first heap   total 107520K, used 58835K [0x0000000080000000, 0x0000000100000000)
  region size 1024K, 3 young (3072K), 3 survivors (3072K)
 Metaspace       used 66951K, committed 67520K, reserved 1114112K
  class space    used 8718K, committed 8960K, reserved 1048576K
}
Event: 237.631 GC heap before
{Heap before GC invocations=51 (full 0):
 garbage-first heap   total 107520K, used 81363K [0x0000000080000000, 0x0000000100000000)
  region size 1024K, 25 young (25600K), 3 survivors (3072K)
 Metaspace       used 69316K, committed 69824K, reserved 1114112K
  class space    used 9028K, committed 9280K, reserved 1048576K
}
Event: 237.685 GC heap after
{Heap after GC invocations=52 (full 0):
 garbage-first heap   total 107520K, used 59236K [0x0000000080000000, 0x0000000100000000)
  region size 1024K, 3 young (3072K), 3 survivors (3072K)
 Metaspace       used 69316K, committed 69824K, reserved 1114112K
  class space    used 9028K, committed 9280K, reserved 1048576K
}
Event: 238.029 GC heap before
{Heap before GC invocations=52 (full 0):
 garbage-first heap   total 107520K, used 61284K [0x0000000080000000, 0x0000000100000000)
  region size 1024K, 5 young (5120K), 3 survivors (3072K)
 Metaspace       used 69548K, committed 70016K, reserved 1114112K
  class space    used 9062K, committed 9280K, reserved 1048576K
}
Event: 238.070 GC heap after
{Heap after GC invocations=53 (full 0):
 garbage-first heap   total 107520K, used 59209K [0x0000000080000000, 0x0000000100000000)
  region size 1024K, 1 young (1024K), 1 survivors (1024K)
 Metaspace       used 69548K, committed 70016K, reserved 1114112K
  class space    used 9062K, committed 9280K, reserved 1048576K
}
Event: 258.997 GC heap before
{Heap before GC invocations=53 (full 0):
 garbage-first heap   total 107520K, used 82761K [0x0000000080000000, 0x0000000100000000)
  region size 1024K, 24 young (24576K), 1 survivors (1024K)
 Metaspace       used 70788K, committed 71360K, reserved 1114112K
  class space    used 9230K, committed 9472K, reserved 1048576K
}
Event: 259.219 GC heap after
{Heap after GC invocations=54 (full 0):
 garbage-first heap   total 107520K, used 60945K [0x0000000080000000, 0x0000000100000000)
  region size 1024K, 3 young (3072K), 3 survivors (3072K)
 Metaspace       used 70788K, committed 71360K, reserved 1114112K
  class space    used 9230K, committed 9472K, reserved 1048576K
}
Event: 264.868 GC heap before
{Heap before GC invocations=55 (full 0):
 garbage-first heap   total 114688K, used 83473K [0x0000000080000000, 0x0000000100000000)
  region size 1024K, 25 young (25600K), 3 survivors (3072K)
 Metaspace       used 70826K, committed 71360K, reserved 1114112K
  class space    used 9235K, committed 9472K, reserved 1048576K
}
Event: 264.951 GC heap after
{Heap after GC invocations=56 (full 0):
 garbage-first heap   total 114688K, used 62700K [0x0000000080000000, 0x0000000100000000)
  region size 1024K, 2 young (2048K), 2 survivors (2048K)
 Metaspace       used 70826K, committed 71360K, reserved 1114112K
  class space    used 9235K, committed 9472K, reserved 1048576K
}
Event: 266.200 GC heap before
{Heap before GC invocations=56 (full 0):
 garbage-first heap   total 114688K, used 65772K [0x0000000080000000, 0x0000000100000000)
  region size 1024K, 5 young (5120K), 2 survivors (2048K)
 Metaspace       used 71017K, committed 71552K, reserved 1114112K
  class space    used 9243K, committed 9472K, reserved 1048576K
}
Event: 266.265 GC heap after
{Heap after GC invocations=57 (full 0):
 garbage-first heap   total 162816K, used 63126K [0x0000000080000000, 0x0000000100000000)
  region size 1024K, 1 young (1024K), 1 survivors (1024K)
 Metaspace       used 71017K, committed 71552K, reserved 1114112K
  class space    used 9243K, committed 9472K, reserved 1048576K
}

Dll operation events (2 events):
Event: 0.539 Loaded shared library C:\Program Files\Android\Android Studio\jbr\bin\java.dll
Event: 7.559 Loaded shared library C:\Program Files\Android\Android Studio\jbr\bin\verify.dll

Deoptimization events (20 events):
Event: 259.774 Thread 0x000002a5fc189060 Uncommon trap: trap_request=0xfffffff4 fr.pc=0x000002a5ec6923c8 relative=0x00000000000001a8
Event: 259.774 Thread 0x000002a5fc189060 Uncommon trap: reason=null_check action=make_not_entrant pc=0x000002a5ec6923c8 method=java.lang.PublicMethods$MethodList.getMostSpecific()Ljava/lang/reflect/Method; @ 41 c2
Event: 259.774 Thread 0x000002a5fc189060 DEOPT PACKING pc=0x000002a5ec6923c8 sp=0x000000f9d12f4720
Event: 259.774 Thread 0x000002a5fc189060 DEOPT UNPACKING pc=0x000002a5ebd269a3 sp=0x000000f9d12f4638 mode 2
Event: 261.666 Thread 0x000002a5fc189060 Uncommon trap: trap_request=0xfffffff4 fr.pc=0x000002a5ec6867c4 relative=0x00000000000009a4
Event: 261.666 Thread 0x000002a5fc189060 Uncommon trap: reason=null_check action=make_not_entrant pc=0x000002a5ec6867c4 method=com.sun.beans.introspect.MethodInfo$MethodOrder.compare(Ljava/lang/reflect/Method;Ljava/lang/reflect/Method;)I @ 133 c2
Event: 261.666 Thread 0x000002a5fc189060 DEOPT PACKING pc=0x000002a5ec6867c4 sp=0x000000f9d12f4cb0
Event: 261.667 Thread 0x000002a5fc189060 DEOPT UNPACKING pc=0x000002a5ebd269a3 sp=0x000000f9d12f4be0 mode 2
Event: 261.667 Thread 0x000002a5fc189060 Uncommon trap: trap_request=0xfffffff4 fr.pc=0x000002a5ec6854b4 relative=0x0000000000000934
Event: 261.667 Thread 0x000002a5fc189060 Uncommon trap: reason=null_check action=make_not_entrant pc=0x000002a5ec6854b4 method=com.sun.beans.introspect.MethodInfo$MethodOrder.compare(Ljava/lang/reflect/Method;Ljava/lang/reflect/Method;)I @ 133 c2
Event: 261.667 Thread 0x000002a5fc189060 DEOPT PACKING pc=0x000002a5ec6854b4 sp=0x000000f9d12f4c20
Event: 261.667 Thread 0x000002a5fc189060 DEOPT UNPACKING pc=0x000002a5ebd269a3 sp=0x000000f9d12f4bd8 mode 2
Event: 261.784 Thread 0x000002a5fc189060 Uncommon trap: trap_request=0xfffffff4 fr.pc=0x000002a5ec69a8d0 relative=0x00000000000009b0
Event: 261.784 Thread 0x000002a5fc189060 Uncommon trap: reason=null_check action=make_not_entrant pc=0x000002a5ec69a8d0 method=com.sun.beans.introspect.MethodInfo$MethodOrder.compare(Ljava/lang/reflect/Method;Ljava/lang/reflect/Method;)I @ 145 c2
Event: 261.784 Thread 0x000002a5fc189060 DEOPT PACKING pc=0x000002a5ec69a8d0 sp=0x000000f9d12f5430
Event: 261.784 Thread 0x000002a5fc189060 DEOPT UNPACKING pc=0x000002a5ebd269a3 sp=0x000000f9d12f5360 mode 2
Event: 266.384 Thread 0x000002a5fc189060 Uncommon trap: trap_request=0xffffff45 fr.pc=0x000002a5ec695560 relative=0x0000000000002c00
Event: 266.384 Thread 0x000002a5fc189060 Uncommon trap: reason=unstable_if action=reinterpret pc=0x000002a5ec695560 method=java.lang.PublicMethods$MethodList.getMostSpecific()Ljava/lang/reflect/Method; @ 35 c2
Event: 266.384 Thread 0x000002a5fc189060 DEOPT PACKING pc=0x000002a5ec695560 sp=0x000000f9d12f47e0
Event: 266.384 Thread 0x000002a5fc189060 DEOPT UNPACKING pc=0x000002a5ebd269a3 sp=0x000000f9d12f46d0 mode 2

Classes unloaded (0 events):
No events

Classes redefined (0 events):
No events

Internal exceptions (20 events):
Event: 266.402 Thread 0x000002a5fc189060 Exception <a 'java/lang/ClassNotFoundException'{0x0000000089d50320}: com/android/build/gradle/internal/dsl/PackagingOptions$AgpDecoratedCustomizer> (0x0000000089d50320) 
thrown [s\src\hotspot\share\classfile\systemDictionary.cpp, line 256]
Event: 266.403 Thread 0x000002a5fc189060 Exception <a 'java/lang/ClassNotFoundException'{0x0000000089d73078}: com/android/build/gradle/internal/dsl/PackagingOptions$AgpDecorated_DecoratedCustomizer> (0x0000000089d73078) 
thrown [s\src\hotspot\share\classfile\systemDictionary.cpp, line 256]
Event: 266.418 Thread 0x000002a5fc189060 Exception <a 'java/lang/ClassNotFoundException'{0x0000000089dccb70}: com/android/build/gradle/internal/dsl/ResourcesPackagingOptionsImpl$AgpDecorated_DecoratedBeanInfo> (0x0000000089dccb70) 
thrown [s\src\hotspot\share\classfile\systemDictionary.cpp, line 256]
Event: 266.419 Thread 0x000002a5fc189060 Exception <a 'java/lang/ClassNotFoundException'{0x0000000089dda638}: com/android/build/gradle/internal/dsl/ResourcesPackagingOptionsImpl$AgpDecoratedBeanInfo> (0x0000000089dda638) 
thrown [s\src\hotspot\share\classfile\systemDictionary.cpp, line 256]
Event: 266.420 Thread 0x000002a5fc189060 Exception <a 'java/lang/ClassNotFoundException'{0x0000000089de7f50}: com/android/build/gradle/internal/dsl/ResourcesPackagingOptionsImplBeanInfo> (0x0000000089de7f50) 
thrown [s\src\hotspot\share\classfile\systemDictionary.cpp, line 256]
Event: 266.428 Thread 0x000002a5fc189060 Exception <a 'java/lang/ClassNotFoundException'{0x0000000089df5830}: com/android/build/gradle/internal/dsl/ResourcesPackagingOptionsImplCustomizer> (0x0000000089df5830) 
thrown [s\src\hotspot\share\classfile\systemDictionary.cpp, line 256]
Event: 266.429 Thread 0x000002a5fc189060 Exception <a 'java/lang/ClassNotFoundException'{0x0000000089c09a68}: com/android/build/gradle/internal/dsl/ResourcesPackagingOptionsImpl$AgpDecoratedCustomizer> (0x0000000089c09a68) 
thrown [s\src\hotspot\share\classfile\systemDictionary.cpp, line 256]
Event: 266.432 Thread 0x000002a5fc189060 Exception <a 'java/lang/ClassNotFoundException'{0x0000000089c24e30}: com/android/build/gradle/internal/dsl/ResourcesPackagingOptionsImpl$AgpDecorated_DecoratedCustomizer> (0x0000000089c24e30) 
thrown [s\src\hotspot\share\classfile\systemDictionary.cpp, line 256]
Event: 266.469 Thread 0x000002a5fc189060 Exception <a 'java/lang/ClassNotFoundException'{0x0000000089cf2fb0}: com/android/build/gradle/internal/dsl/decorator/LockableSetBeanInfo> (0x0000000089cf2fb0) 
thrown [s\src\hotspot\share\classfile\systemDictionary.cpp, line 256]
Event: 266.471 Thread 0x000002a5fc189060 Exception <a 'java/lang/ClassNotFoundException'{0x0000000089cfc1f8}: java/util/AbstractSetBeanInfo> (0x0000000089cfc1f8) 
thrown [s\src\hotspot\share\classfile\systemDictionary.cpp, line 256]
Event: 266.472 Thread 0x000002a5fc189060 Exception <a 'java/lang/ClassNotFoundException'{0x0000000089b05920}: java/util/AbstractSetCustomizer> (0x0000000089b05920) 
thrown [s\src\hotspot\share\classfile\systemDictionary.cpp, line 256]
Event: 266.474 Thread 0x000002a5fc189060 Exception <a 'java/lang/ClassNotFoundException'{0x0000000089b17528}: com/android/build/gradle/internal/dsl/decorator/LockableSetCustomizer> (0x0000000089b17528) 
thrown [s\src\hotspot\share\classfile\systemDictionary.cpp, line 256]
Event: 267.203 Thread 0x000002a5fc189060 Exception <a 'java/lang/ClassNotFoundException'{0x0000000089b8da88}: org/gradle/api/internal/artifacts/dsl/dependencies/DefaultDependencyHandler_DecoratedBeanInfo> (0x0000000089b8da88) 
thrown [s\src\hotspot\share\classfile\systemDictionary.cpp, line 256]
Event: 267.219 Thread 0x000002a5fc189060 Exception <a 'java/lang/ClassNotFoundException'{0x0000000089ba4d60}: org/gradle/api/internal/artifacts/dsl/dependencies/DefaultDependencyHandlerBeanInfo> (0x0000000089ba4d60) 
thrown [s\src\hotspot\share\classfile\systemDictionary.cpp, line 256]
Event: 267.240 Thread 0x000002a5fc189060 Exception <a 'java/lang/ClassNotFoundException'{0x0000000089bbbff8}: org/gradle/api/internal/artifacts/dsl/dependencies/DefaultDependencyHandlerCustomizer> (0x0000000089bbbff8) 
thrown [s\src\hotspot\share\classfile\systemDictionary.cpp, line 256]
Event: 267.256 Thread 0x000002a5fc189060 Exception <a 'java/lang/ClassNotFoundException'{0x0000000089bfb9b0}: org/gradle/api/internal/artifacts/dsl/dependencies/DefaultDependencyHandler_DecoratedCustomizer> (0x0000000089bfb9b0) 
thrown [s\src\hotspot\share\classfile\systemDictionary.cpp, line 256]
Event: 268.235 Thread 0x000002a5fc189060 Exception <a 'java/lang/ClassNotFoundException'{0x0000000089a7da10}: org/jetbrains/kotlin/gradle/plugin/KaptExtension_DecoratedBeanInfo> (0x0000000089a7da10) 
thrown [s\src\hotspot\share\classfile\systemDictionary.cpp, line 256]
Event: 268.237 Thread 0x000002a5fc189060 Exception <a 'java/lang/ClassNotFoundException'{0x0000000089a8bf88}: org/jetbrains/kotlin/gradle/plugin/KaptExtensionBeanInfo> (0x0000000089a8bf88) 
thrown [s\src\hotspot\share\classfile\systemDictionary.cpp, line 256]
Event: 268.237 Thread 0x000002a5fc189060 Exception <a 'java/lang/ClassNotFoundException'{0x0000000089a97110}: org/jetbrains/kotlin/gradle/plugin/KaptExtensionCustomizer> (0x0000000089a97110) 
thrown [s\src\hotspot\share\classfile\systemDictionary.cpp, line 256]
Event: 268.265 Thread 0x000002a5fc189060 Exception <a 'java/lang/ClassNotFoundException'{0x0000000089acca10}: org/jetbrains/kotlin/gradle/plugin/KaptExtension_DecoratedCustomizer> (0x0000000089acca10) 
thrown [s\src\hotspot\share\classfile\systemDictionary.cpp, line 256]

VM Operations (20 events):
Event: 273.374 Executing VM operation: Cleanup
Event: 273.391 Executing VM operation: Cleanup done
Event: 275.405 Executing VM operation: Cleanup
Event: 276.166 Executing VM operation: Cleanup done
Event: 287.259 Executing VM operation: Cleanup
Event: 287.275 Executing VM operation: Cleanup done
Event: 288.279 Executing VM operation: Cleanup
Event: 288.279 Executing VM operation: Cleanup done
Event: 289.286 Executing VM operation: Cleanup
Event: 289.303 Executing VM operation: Cleanup done
Event: 290.317 Executing VM operation: Cleanup
Event: 290.321 Executing VM operation: Cleanup done
Event: 294.332 Executing VM operation: Cleanup
Event: 294.334 Executing VM operation: Cleanup done
Event: 295.335 Executing VM operation: Cleanup
Event: 295.340 Executing VM operation: Cleanup done
Event: 297.356 Executing VM operation: Cleanup
Event: 297.380 Executing VM operation: Cleanup done
Event: 299.397 Executing VM operation: Cleanup
Event: 299.397 Executing VM operation: Cleanup done

Events (20 events):
Event: 262.621 Thread 0x000002a5fa8dd1d0 flushing nmethod 0x000002a5e493bf10
Event: 262.625 Thread 0x000002a5fa8dd1d0 flushing nmethod 0x000002a5e49ec010
Event: 262.642 Thread 0x000002a5fa8dd1d0 flushing nmethod 0x000002a5e4ab1490
Event: 262.645 Thread 0x000002a5fa8dd1d0 flushing nmethod 0x000002a5e4af3e10
Event: 262.655 Thread 0x000002a5fa8dd1d0 flushing nmethod 0x000002a5e4bd0110
Event: 262.673 Thread 0x000002a5fa8dd1d0 flushing nmethod 0x000002a5e4c98990
Event: 262.674 Thread 0x000002a5fa8dd1d0 flushing nmethod 0x000002a5e4d22a90
Event: 262.698 Thread 0x000002a5fa8dd1d0 flushing nmethod 0x000002a5e4e0ac90
Event: 262.732 Thread 0x000002a5fa8dd1d0 flushing nmethod 0x000002a5e5099010
Event: 262.732 Thread 0x000002a5fa8dd1d0 flushing nmethod 0x000002a5e5099f10
Event: 262.736 Thread 0x000002a5fa8dd1d0 flushing nmethod 0x000002a5e510da10
Event: 262.749 Thread 0x000002a5fa8dd1d0 flushing nmethod 0x000002a5e52b7c10
Event: 266.471 loading class java/util/AbstractSetBeanInfo
Event: 266.471 loading class java/util/AbstractSetBeanInfo done
Event: 266.471 loading class java/util/AbstractSetBeanInfo
Event: 266.471 loading class java/util/AbstractSetBeanInfo done
Event: 266.472 loading class java/util/AbstractSetCustomizer
Event: 266.472 loading class java/util/AbstractSetCustomizer done
Event: 266.472 loading class java/util/AbstractSetCustomizer
Event: 266.472 loading class java/util/AbstractSetCustomizer done


Dynamic libraries:
0x00007ff7ac340000 - 0x00007ff7ac34a000 	C:\Program Files\Android\Android Studio\jbr\bin\java.exe
0x00007ffb09f90000 - 0x00007ffb0a1a4000 	C:\WINDOWS\SYSTEM32\ntdll.dll
0x00007ffb09670000 - 0x00007ffb09732000 	C:\WINDOWS\System32\KERNEL32.DLL
0x00007ffb07720000 - 0x00007ffb07ac3000 	C:\WINDOWS\System32\KERNELBASE.dll
0x00007ffb07600000 - 0x00007ffb07711000 	C:\WINDOWS\System32\ucrtbase.dll
0x00007ffafbd50000 - 0x00007ffafbd67000 	C:\Program Files\Android\Android Studio\jbr\bin\jli.dll
0x00007ffb08320000 - 0x00007ffb084cb000 	C:\WINDOWS\System32\USER32.dll
0x00007ffb07390000 - 0x00007ffb073b6000 	C:\WINDOWS\System32\win32u.dll
0x00007ffb02770000 - 0x00007ffb0278b000 	C:\Program Files\Android\Android Studio\jbr\bin\VCRUNTIME140.dll
0x00007ffaf4350000 - 0x00007ffaf45de000 	C:\WINDOWS\WinSxS\amd64_microsoft.windows.common-controls_6595b64144ccf1df_6.0.22621.1635_none_270f70857386168e\COMCTL32.dll
0x00007ffb09b00000 - 0x00007ffb09ba7000 	C:\WINDOWS\System32\msvcrt.dll
0x00007ffb09520000 - 0x00007ffb09549000 	C:\WINDOWS\System32\GDI32.dll
0x00007ffb073c0000 - 0x00007ffb074d9000 	C:\WINDOWS\System32\gdi32full.dll
0x00007ffb07560000 - 0x00007ffb075fa000 	C:\WINDOWS\System32\msvcp_win.dll
0x00007ffb093d0000 - 0x00007ffb09401000 	C:\WINDOWS\System32\IMM32.DLL
0x00007ffafec10000 - 0x00007ffafec1c000 	C:\Program Files\Android\Android Studio\jbr\bin\vcruntime140_1.dll
0x00007ffae1b40000 - 0x00007ffae1bcd000 	C:\Program Files\Android\Android Studio\jbr\bin\msvcp140.dll
0x00007ffabd040000 - 0x00007ffabdcad000 	C:\Program Files\Android\Android Studio\jbr\bin\server\jvm.dll
0x00007ffb09470000 - 0x00007ffb0951e000 	C:\WINDOWS\System32\ADVAPI32.dll
0x00007ffb09e10000 - 0x00007ffb09eb4000 	C:\WINDOWS\System32\sechost.dll
0x00007ffb08200000 - 0x00007ffb08317000 	C:\WINDOWS\System32\RPCRT4.dll
0x00007ffae1500000 - 0x00007ffae1509000 	C:\WINDOWS\SYSTEM32\WSOCK32.dll
0x00007ffb09bb0000 - 0x00007ffb09c21000 	C:\WINDOWS\System32\WS2_32.dll
0x00007ffafebd0000 - 0x00007ffafec04000 	C:\WINDOWS\SYSTEM32\WINMM.dll
0x00007ffaff580000 - 0x00007ffaff58a000 	C:\WINDOWS\SYSTEM32\VERSION.dll
0x00007ffb063e0000 - 0x00007ffb063f8000 	C:\WINDOWS\SYSTEM32\kernel.appcore.dll
0x00007ffae14f0000 - 0x00007ffae14fa000 	C:\Program Files\Android\Android Studio\jbr\bin\jimage.dll
0x00007ffb04eb0000 - 0x00007ffb050de000 	C:\WINDOWS\SYSTEM32\DBGHELP.DLL
0x00007ffb09040000 - 0x00007ffb093c9000 	C:\WINDOWS\System32\combase.dll
0x00007ffb09990000 - 0x00007ffb09a67000 	C:\WINDOWS\System32\OLEAUT32.dll
0x00007ffaeab50000 - 0x00007ffaeab82000 	C:\WINDOWS\SYSTEM32\dbgcore.DLL
0x00007ffb074e0000 - 0x00007ffb0755b000 	C:\WINDOWS\System32\bcryptPrimitives.dll
0x00007ffabd010000 - 0x00007ffabd035000 	C:\Program Files\Android\Android Studio\jbr\bin\java.dll
0x00007ffac0b90000 - 0x00007ffac0ba8000 	C:\Program Files\Android\Android Studio\jbr\bin\zip.dll
0x00007ffb086d0000 - 0x00007ffb08eca000 	C:\WINDOWS\System32\SHELL32.dll
0x00007ffb05390000 - 0x00007ffb05c5e000 	C:\WINDOWS\SYSTEM32\windows.storage.dll
0x00007ffb050e0000 - 0x00007ffb0521e000 	C:\WINDOWS\SYSTEM32\wintypes.dll
0x00007ffb09740000 - 0x00007ffb09831000 	C:\WINDOWS\System32\SHCORE.dll
0x00007ffb084d0000 - 0x00007ffb0852e000 	C:\WINDOWS\System32\shlwapi.dll
0x00007ffb072c0000 - 0x00007ffb072e1000 	C:\WINDOWS\SYSTEM32\profapi.dll
0x00007ffabcff0000 - 0x00007ffabd009000 	C:\Program Files\Android\Android Studio\jbr\bin\net.dll
0x00007ffafe140000 - 0x00007ffafe277000 	C:\WINDOWS\SYSTEM32\WINHTTP.dll
0x00007ffb06850000 - 0x00007ffb068b9000 	C:\WINDOWS\system32\mswsock.dll
0x00007ffabcfd0000 - 0x00007ffabcfe6000 	C:\Program Files\Android\Android Studio\jbr\bin\nio.dll
0x00007ffabcd70000 - 0x00007ffabcd80000 	C:\Program Files\Android\Android Studio\jbr\bin\verify.dll
0x00007ffaf78f0000 - 0x00007ffaf7917000 	C:\Users\leana\.gradle\native\68d5fa5c4cc2d200863cafc0d521ce42e7d3e7ee720ec0a83991735586a16f82\windows-amd64\native-platform.dll
0x00007ffada320000 - 0x00007ffada464000 	C:\Users\leana\.gradle\native\e376f236ea51e6404a007f0833ffe2c6e607c4080706a723a18a27aeea778392\windows-amd64\native-platform-file-events.dll
0x00007ffabcfc0000 - 0x00007ffabcfc9000 	C:\Program Files\Android\Android Studio\jbr\bin\management.dll
0x00007ffabcfb0000 - 0x00007ffabcfbb000 	C:\Program Files\Android\Android Studio\jbr\bin\management_ext.dll
0x00007ffb09f40000 - 0x00007ffb09f48000 	C:\WINDOWS\System32\PSAPI.DLL
0x00007ffb06ac0000 - 0x00007ffb06adb000 	C:\WINDOWS\SYSTEM32\CRYPTSP.dll
0x00007ffb06350000 - 0x00007ffb06385000 	C:\WINDOWS\system32\rsaenh.dll
0x00007ffb06950000 - 0x00007ffb06978000 	C:\WINDOWS\SYSTEM32\USERENV.dll
0x00007ffb06c70000 - 0x00007ffb06c98000 	C:\WINDOWS\SYSTEM32\bcrypt.dll
0x00007ffb06ab0000 - 0x00007ffb06abc000 	C:\WINDOWS\SYSTEM32\CRYPTBASE.dll
0x00007ffb05ec0000 - 0x00007ffb05eed000 	C:\WINDOWS\SYSTEM32\IPHLPAPI.DLL
0x00007ffb09550000 - 0x00007ffb09559000 	C:\WINDOWS\System32\NSI.dll
0x00007ffafe3d0000 - 0x00007ffafe3e9000 	C:\WINDOWS\SYSTEM32\dhcpcsvc6.DLL
0x00007ffafe100000 - 0x00007ffafe11f000 	C:\WINDOWS\SYSTEM32\dhcpcsvc.DLL
0x00007ffb05f30000 - 0x00007ffb06023000 	C:\WINDOWS\SYSTEM32\DNSAPI.dll
0x00007ffabcc30000 - 0x00007ffabcc38000 	C:\WINDOWS\system32\wshunix.dll

dbghelp: loaded successfully - version: 4.0.5 - missing functions: none
symbol engine: initialized successfully - sym options: 0x614 - pdb path: .;C:\Program Files\Android\Android Studio\jbr\bin;C:\WINDOWS\SYSTEM32;C:\WINDOWS\WinSxS\amd64_microsoft.windows.common-controls_6595b64144ccf1df_6.0.22621.1635_none_270f70857386168e;C:\Program Files\Android\Android Studio\jbr\bin\server;C:\Users\leana\.gradle\native\68d5fa5c4cc2d200863cafc0d521ce42e7d3e7ee720ec0a83991735586a16f82\windows-amd64;C:\Users\leana\.gradle\native\e376f236ea51e6404a007f0833ffe2c6e607c4080706a723a18a27aeea778392\windows-amd64

VM Arguments:
jvm_args: --add-opens=java.base/java.util=ALL-UNNAMED --add-opens=java.base/java.lang=ALL-UNNAMED --add-opens=java.base/java.lang.invoke=ALL-UNNAMED --add-opens=java.prefs/java.util.prefs=ALL-UNNAMED --add-opens=java.base/java.nio.charset=ALL-UNNAMED --add-opens=java.base/java.net=ALL-UNNAMED --add-opens=java.base/java.util.concurrent.atomic=ALL-UNNAMED -Xmx2048m -Dfile.encoding=UTF-8 -Duser.country=CO -Duser.language=es -Duser.variant 
java_command: org.gradle.launcher.daemon.bootstrap.GradleDaemon 7.6
java_class_path (initial): C:\Users\leana\.gradle\wrapper\dists\gradle-7.6-bin\9l9tetv7ltxvx3i8an4pb86ye\gradle-7.6\lib\gradle-launcher-7.6.jar
Launcher Type: SUN_STANDARD

[Global flags]
     intx CICompilerCount                          = 3                                         {product} {ergonomic}
     uint ConcGCThreads                            = 1                                         {product} {ergonomic}
     uint G1ConcRefinementThreads                  = 4                                         {product} {ergonomic}
   size_t G1HeapRegionSize                         = 1048576                                   {product} {ergonomic}
    uintx GCDrainStackTargetSize                   = 64                                        {product} {ergonomic}
   size_t InitialHeapSize                          = 58720256                                  {product} {ergonomic}
   size_t MarkStackSize                            = 4194304                                   {product} {ergonomic}
   size_t MaxHeapSize                              = 2147483648                                {product} {command line}
   size_t MaxNewSize                               = 1287651328                                {product} {ergonomic}
   size_t MinHeapDeltaBytes                        = 1048576                                   {product} {ergonomic}
   size_t MinHeapSize                              = 8388608                                   {product} {ergonomic}
    uintx NonNMethodCodeHeapSize                   = 5832780                                {pd product} {ergonomic}
    uintx NonProfiledCodeHeapSize                  = 122912730                              {pd product} {ergonomic}
    uintx ProfiledCodeHeapSize                     = 122912730                              {pd product} {ergonomic}
    uintx ReservedCodeCacheSize                    = 251658240                              {pd product} {ergonomic}
     bool SegmentedCodeCache                       = true                                      {product} {ergonomic}
   size_t SoftMaxHeapSize                          = 2147483648                             {manageable} {ergonomic}
     bool UseCompressedClassPointers               = true                           {product lp64_product} {ergonomic}
     bool UseCompressedOops                        = true                           {product lp64_product} {ergonomic}
     bool UseG1GC                                  = true                                      {product} {ergonomic}
     bool UseLargePagesIndividualAllocation        = false                                  {pd product} {ergonomic}

Logging:
Log output configuration:
 #0: stdout all=warning uptime,level,tags
 #1: stderr all=off uptime,level,tags

Environment Variables:
PATH=C:\Python311\Scripts\;C:\Python311\;C:\WINDOWS\system32;C:\WINDOWS;C:\WINDOWS\System32\Wbem;C:\WINDOWS\System32\WindowsPowerShell\v1.0\;C:\WINDOWS\System32\OpenSSH\;C:\Program Files\dotnet\;C:\ProgramData\chocolatey\bin;C:\Program Files\Git\cmd;C:\Program Files\Git\get;C:\Users\leana\AppData\Roaming\nvm;C:\Program Files\nodejs;C:\Program Files\MySQL\MySQL Shell 8.0\bin\;C:\Users\leana\AppData\Local\Microsoft\WindowsApps;C:\Users\leana\AppData\Local\Programs\Microsoft VS Code\bin;C:\Users\leana\.dotnet\tools;C:\Users\leana\AppData\Roaming\npm;C:\Users\leana\AppData\Roaming\nvm;C:\Program Files\nodejs
USERNAME=leana
OS=Windows_NT
PROCESSOR_IDENTIFIER=AMD64 Family 23 Model 24 Stepping 1, AuthenticAMD
TMP=C:\Users\leana\AppData\Local\Temp
TEMP=C:\Users\leana\AppData\Local\Temp



---------------  S Y S T E M  ---------------

OS:
 Windows 11 , 64 bit Build 22621 (10.0.22621.1778)
OS uptime: 0 days 1:10 hours

CPU: total 4 (initial active 4) (4 cores per cpu, 2 threads per core) family 23 model 24 stepping 1 microcode 0x0, cx8, cmov, fxsr, ht, mmx, 3dnowpref, sse, sse2, sse3, ssse3, sse4a, sse4.1, sse4.2, popcnt, lzcnt, tsc, tscinvbit, avx, avx2, aes, clmul, bmi1, bmi2, adx, sha, fma, vzeroupper, clflush, clflushopt

Memory: 4k page, system-wide physical 3521M (49M free)
TotalPageFile size 14273M (AvailPageFile size 0M)
current process WorkingSet (physical memory assigned to process): 120M, peak: 200M
current process commit charge ("private bytes"): 380M, peak: 387M

vm_info: OpenJDK 64-Bit Server VM (17.0.6+0-b2043.56-9586694) for windows-amd64 JRE (17.0.6+0-b2043.56-9586694), built on Feb  9 2023 20:06:20 by "androidbuild" with MS VC++ 16.10 / 16.11 (VS2019)

END.
