#
# There is insufficient memory for the Java Runtime Environment to continue.
# Native memory allocation (malloc) failed to allocate 917456 bytes for Chunk::new
# Possible reasons:
#   The system is out of physical RAM or swap space
#   The process is running with CompressedOops enabled, and the Java Heap may be blocking the growth of the native heap
# Possible solutions:
#   Reduce memory load on the system
#   Increase physical memory or swap space
#   Check if swap backing store is full
#   Decrease Java heap size (-Xmx/-Xms)
#   Decrease number of Java threads
#   Decrease Java thread stack sizes (-Xss)
#   Set larger code cache with -XX:ReservedCodeCacheSize=
#   JVM is running with Unscaled Compressed Oops mode in which the Java heap is
#     placed in the first 4GB address space. The Java Heap base address is the
#     maximum limit for the native heap growth. Please use -XX:HeapBaseMinAddress
#     to set the Java Heap base and to place the Java Heap above 4GB virtual address.
# This output file may be truncated or incomplete.
#
#  Out of Memory Error (arena.cpp:189), pid=13660, tid=4508
#
# JRE version: OpenJDK Runtime Environment (17.0.6) (build 17.0.6+0-b2043.56-9586694)
# Java VM: OpenJDK 64-Bit Server VM (17.0.6+0-b2043.56-9586694, mixed mode, tiered, compressed oops, compressed class ptrs, g1 gc, windows-amd64)
# No core dump will be written. Minidumps are not enabled by default on client versions of Windows
#

---------------  S U M M A R Y ------------

Command Line: --add-opens=java.base/java.util=ALL-UNNAMED --add-opens=java.base/java.lang=ALL-UNNAMED --add-opens=java.base/java.lang.invoke=ALL-UNNAMED --add-opens=java.prefs/java.util.prefs=ALL-UNNAMED --add-opens=java.base/java.nio.charset=ALL-UNNAMED --add-opens=java.base/java.net=ALL-UNNAMED --add-opens=java.base/java.util.concurrent.atomic=ALL-UNNAMED -Xmx2048m -Dfile.encoding=UTF-8 -Duser.country=CO -Duser.language=es -Duser.variant org.gradle.launcher.daemon.bootstrap.GradleDaemon 7.6

Host: AMD Ryzen 3 3250U with Radeon Graphics         , 4 cores, 3G,  Windows 11 , 64 bit Build 22621 (10.0.22621.1778)
Time: Mon Jun 26 10:41:22 2023 Hora est. Pacífico, Sudamérica elapsed time: 262.719052 seconds (0d 0h 4m 22s)

---------------  T H R E A D  ---------------

Current thread (0x0000021256ffe370):  JavaThread "C2 CompilerThread0" daemon [_thread_in_native, id=4508, stack(0x0000005d7a300000,0x0000005d7a400000)]


Current CompileTask:
C2: 262719 7826       4       java.lang.Class::getMethod (59 bytes)

Stack: [0x0000005d7a300000,0x0000005d7a400000]
Native frames: (J=compiled Java code, j=interpreted, Vv=VM code, C=native code)
V  [jvm.dll+0x683b4a]
V  [jvm.dll+0x842654]
V  [jvm.dll+0x843dfe]
V  [jvm.dll+0x844463]
V  [jvm.dll+0x249b75]
V  [jvm.dll+0xabcac]
V  [jvm.dll+0xac27c]
V  [jvm.dll+0x368802]
V  [jvm.dll+0x332f31]
V  [jvm.dll+0x3323da]
V  [jvm.dll+0x21c201]
V  [jvm.dll+0x21b621]
V  [jvm.dll+0x1a4fdd]
V  [jvm.dll+0x22b098]
V  [jvm.dll+0x229159]
V  [jvm.dll+0x7f809c]
V  [jvm.dll+0x7f25fa]
V  [jvm.dll+0x682985]
C  [ucrtbase.dll+0x29363]
C  [KERNEL32.DLL+0x126ad]
C  [ntdll.dll+0x5a9f8]


---------------  P R O C E S S  ---------------

Threads class SMR info:
_java_thread_list=0x000002125ec5b760, length=81, elements={
0x000002123da57f40, 0x0000021256f77ae0, 0x00000212570163b0, 0x000002125703c130,
0x000002125703cce0, 0x000002125703d890, 0x000002125703e240, 0x0000021256ffe370,
0x0000021257c587f0, 0x0000021257c59910, 0x0000021257d8e020, 0x0000021257d8f500,
0x00000212587231d0, 0x0000021258de4370, 0x000002125a93e2d0, 0x0000021258247970,
0x0000021259325450, 0x0000021258032060, 0x0000021258032530, 0x0000021258032a00,
0x0000021258035a20, 0x00000212580333a0, 0x00000212580346e0, 0x0000021258034210,
0x0000021258033d40, 0x0000021258035080, 0x0000021258034bb0, 0x000002125899f070,
0x00000212589a2a30, 0x000002125899f540, 0x00000212589a0880, 0x000002125899e6d0,
0x00000212589a33d0, 0x00000212589a0d50, 0x000002125899dd30, 0x00000212589a4240,
0x00000212589a38a0, 0x00000212589a03b0, 0x00000212589a1220, 0x00000212589a2090,
0x00000212589a16f0, 0x00000212589a3d70, 0x00000212589a5580, 0x00000212589a1bc0,
0x00000212589a2560, 0x00000212589a4710, 0x00000212589a4be0, 0x00000212589a50b0,
0x000002125899e200, 0x0000021258032ed0, 0x000002125a355890, 0x000002125a354ef0,
0x000002125a3588b0, 0x000002125a3570a0, 0x000002125a351ed0, 0x000002125a352870,
0x000002125a351060, 0x000002125a351530, 0x000002125a356bd0, 0x000002125a357a40,
0x000002125a354a20, 0x000002125a353210, 0x000002125a351a00, 0x000002125a355d60,
0x000002125a357f10, 0x000002125a3523a0, 0x000002125a352d40, 0x000002125a354080,
0x000002125a3536e0, 0x000002125a356230, 0x000002125a3583e0, 0x000002125a356700,
0x000002125a353bb0, 0x000002125a3553c0, 0x000002125a354550, 0x000002125a357570,
0x000002125ae50d30, 0x000002125ae4d370, 0x000002125ae4acf0, 0x000002125ae49e80,
0x000002125ae4b1c0
}

Java Threads: ( => current thread )
  0x000002123da57f40 JavaThread "main" [_thread_blocked, id=13720, stack(0x0000005d79600000,0x0000005d79700000)]
  0x0000021256f77ae0 JavaThread "Reference Handler" daemon [_thread_blocked, id=892, stack(0x0000005d79d00000,0x0000005d79e00000)]
  0x00000212570163b0 JavaThread "Finalizer" daemon [_thread_blocked, id=8724, stack(0x0000005d79e00000,0x0000005d79f00000)]
  0x000002125703c130 JavaThread "Signal Dispatcher" daemon [_thread_blocked, id=11416, stack(0x0000005d79f00000,0x0000005d7a000000)]
  0x000002125703cce0 JavaThread "Attach Listener" daemon [_thread_blocked, id=9248, stack(0x0000005d7a000000,0x0000005d7a100000)]
  0x000002125703d890 JavaThread "Service Thread" daemon [_thread_blocked, id=14320, stack(0x0000005d7a100000,0x0000005d7a200000)]
  0x000002125703e240 JavaThread "Monitor Deflation Thread" daemon [_thread_blocked, id=13316, stack(0x0000005d7a200000,0x0000005d7a300000)]
=>0x0000021256ffe370 JavaThread "C2 CompilerThread0" daemon [_thread_in_native, id=4508, stack(0x0000005d7a300000,0x0000005d7a400000)]
  0x0000021257c587f0 JavaThread "C1 CompilerThread0" daemon [_thread_blocked, id=3504, stack(0x0000005d7a400000,0x0000005d7a500000)]
  0x0000021257c59910 JavaThread "Sweeper thread" daemon [_thread_blocked, id=2232, stack(0x0000005d7a500000,0x0000005d7a600000)]
  0x0000021257d8e020 JavaThread "Common-Cleaner" daemon [_thread_blocked, id=2132, stack(0x0000005d7a600000,0x0000005d7a700000)]
  0x0000021257d8f500 JavaThread "Notification Thread" daemon [_thread_blocked, id=11492, stack(0x0000005d7a700000,0x0000005d7a800000)]
  0x00000212587231d0 JavaThread "Daemon health stats" [_thread_blocked, id=14680, stack(0x0000005d7ac00000,0x0000005d7ad00000)]
  0x0000021258de4370 JavaThread "Incoming local TCP Connector on port 57447" [_thread_in_native, id=14808, stack(0x0000005d7ad00000,0x0000005d7ae00000)]
  0x000002125a93e2d0 JavaThread "Daemon periodic checks" [_thread_blocked, id=14828, stack(0x0000005d7af00000,0x0000005d7b000000)]
  0x0000021258247970 JavaThread "Daemon" [_thread_blocked, id=14832, stack(0x0000005d7ae00000,0x0000005d7af00000)]
  0x0000021259325450 JavaThread "Handler for socket connection from /127.0.0.1:57447 to /127.0.0.1:57449" [_thread_in_native, id=14840, stack(0x0000005d7b000000,0x0000005d7b100000)]
  0x0000021258032060 JavaThread "Cancel handler" [_thread_blocked, id=14860, stack(0x0000005d7b100000,0x0000005d7b200000)]
  0x0000021258032530 JavaThread "Daemon worker" [_thread_in_vm, id=14876, stack(0x0000005d7b200000,0x0000005d7b300000)]
  0x0000021258032a00 JavaThread "Asynchronous log dispatcher for DefaultDaemonConnection: socket connection from /127.0.0.1:57447 to /127.0.0.1:57449" [_thread_blocked, id=14892, stack(0x0000005d7b300000,0x0000005d7b400000)]
  0x0000021258035a20 JavaThread "Daemon client event forwarder" [_thread_blocked, id=14900, stack(0x0000005d7b500000,0x0000005d7b600000)]
  0x00000212580333a0 JavaThread "Cache worker for journal cache (C:\Users\leana\.gradle\caches\journal-1)" [_thread_blocked, id=15000, stack(0x0000005d7b600000,0x0000005d7b700000)]
  0x00000212580346e0 JavaThread "File lock request listener" [_thread_in_native, id=15028, stack(0x0000005d7b700000,0x0000005d7b800000)]
  0x0000021258034210 JavaThread "Cache worker for file hash cache (C:\Users\leana\.gradle\caches\7.6\fileHashes)" [_thread_blocked, id=8704, stack(0x0000005d7b900000,0x0000005d7ba00000)]
  0x0000021258033d40 JavaThread "File watcher server" daemon [_thread_in_native, id=15704, stack(0x0000005d7bc00000,0x0000005d7bd00000)]
  0x0000021258035080 JavaThread "File watcher consumer" daemon [_thread_blocked, id=15732, stack(0x0000005d7bd00000,0x0000005d7be00000)]
  0x0000021258034bb0 JavaThread "Cache worker for checksums cache (C:\Users\leana\AndroidStudioProjects\ProcexApp2\.gradle\7.6\checksums)" [_thread_blocked, id=15864, stack(0x0000005d79400000,0x0000005d79500000)]
  0x000002125899f070 JavaThread "Cache worker for cache directory md-rule (C:\Users\leana\.gradle\caches\7.6\md-rule)" [_thread_blocked, id=15908, stack(0x0000005d79500000,0x0000005d79600000)]
  0x00000212589a2a30 JavaThread "Cache worker for file content cache (C:\Users\leana\.gradle\caches\7.6\fileContent)" [_thread_blocked, id=15968, stack(0x0000005d7be00000,0x0000005d7bf00000)]
  0x000002125899f540 JavaThread "Cache worker for file hash cache (C:\Users\leana\AndroidStudioProjects\ProcexApp2\.gradle\7.6\fileHashes)" [_thread_blocked, id=16036, stack(0x0000005d7bf00000,0x0000005d7c000000)]
  0x00000212589a0880 JavaThread "Cache worker for cache directory md-supplier (C:\Users\leana\.gradle\caches\7.6\md-supplier)" [_thread_blocked, id=16048, stack(0x0000005d7c000000,0x0000005d7c100000)]
  0x000002125899e6d0 JavaThread "Cache worker for execution history cache (C:\Users\leana\.gradle\caches\7.6\executionHistory)" [_thread_blocked, id=16096, stack(0x0000005d7c100000,0x0000005d7c200000)]
  0x00000212589a33d0 JavaThread "jar transforms" [_thread_blocked, id=16176, stack(0x0000005d7c200000,0x0000005d7c300000)]
  0x00000212589a0d50 JavaThread "jar transforms Thread 2" [_thread_blocked, id=16204, stack(0x0000005d7c300000,0x0000005d7c400000)]
  0x000002125899dd30 JavaThread "jar transforms Thread 3" [_thread_blocked, id=10128, stack(0x0000005d7b400000,0x0000005d7b500000)]
  0x00000212589a4240 JavaThread "jar transforms Thread 4" [_thread_blocked, id=13912, stack(0x0000005d7c500000,0x0000005d7c600000)]
  0x00000212589a38a0 JavaThread "Cache worker for dependencies-accessors (C:\Users\leana\AndroidStudioProjects\ProcexApp2\.gradle\7.6\dependencies-accessors)" [_thread_blocked, id=14248, stack(0x0000005d7c600000,0x0000005d7c700000)]
  0x00000212589a03b0 JavaThread "Cache worker for Build Output Cleanup Cache (C:\Users\leana\AndroidStudioProjects\ProcexApp2\.gradle\buildOutputCleanup)" [_thread_blocked, id=15800, stack(0x0000005d7c700000,0x0000005d7c800000)]
  0x00000212589a1220 JavaThread "Unconstrained build operations" [_thread_blocked, id=14424, stack(0x0000005d7ba00000,0x0000005d7bb00000)]
  0x00000212589a2090 JavaThread "Unconstrained build operations Thread 2" [_thread_blocked, id=14932, stack(0x0000005d7c800000,0x0000005d7c900000)]
  0x00000212589a16f0 JavaThread "Unconstrained build operations Thread 3" [_thread_blocked, id=1344, stack(0x0000005d7c900000,0x0000005d7ca00000)]
  0x00000212589a3d70 JavaThread "Unconstrained build operations Thread 4" [_thread_blocked, id=2236, stack(0x0000005d7ca00000,0x0000005d7cb00000)]
  0x00000212589a5580 JavaThread "Unconstrained build operations Thread 5" [_thread_blocked, id=1744, stack(0x0000005d7cb00000,0x0000005d7cc00000)]
  0x00000212589a1bc0 JavaThread "Unconstrained build operations Thread 6" [_thread_blocked, id=2380, stack(0x0000005d7cc00000,0x0000005d7cd00000)]
  0x00000212589a2560 JavaThread "Unconstrained build operations Thread 7" [_thread_blocked, id=13664, stack(0x0000005d7cd00000,0x0000005d7ce00000)]
  0x00000212589a4710 JavaThread "Unconstrained build operations Thread 8" [_thread_blocked, id=10676, stack(0x0000005d7ce00000,0x0000005d7cf00000)]
  0x00000212589a4be0 JavaThread "Unconstrained build operations Thread 9" [_thread_blocked, id=8092, stack(0x0000005d7cf00000,0x0000005d7d000000)]
  0x00000212589a50b0 JavaThread "Unconstrained build operations Thread 10" [_thread_blocked, id=16352, stack(0x0000005d7d000000,0x0000005d7d100000)]
  0x000002125899e200 JavaThread "Unconstrained build operations Thread 11" [_thread_blocked, id=7496, stack(0x0000005d7d100000,0x0000005d7d200000)]
  0x0000021258032ed0 JavaThread "Unconstrained build operations Thread 12" [_thread_blocked, id=15776, stack(0x0000005d7d200000,0x0000005d7d300000)]
  0x000002125a355890 JavaThread "Unconstrained build operations Thread 13" [_thread_blocked, id=9392, stack(0x0000005d7d300000,0x0000005d7d400000)]
  0x000002125a354ef0 JavaThread "Unconstrained build operations Thread 14" [_thread_blocked, id=9544, stack(0x0000005d7d400000,0x0000005d7d500000)]
  0x000002125a3588b0 JavaThread "Unconstrained build operations Thread 15" [_thread_blocked, id=14168, stack(0x0000005d7d500000,0x0000005d7d600000)]
  0x000002125a3570a0 JavaThread "Unconstrained build operations Thread 16" [_thread_blocked, id=14048, stack(0x0000005d7d600000,0x0000005d7d700000)]
  0x000002125a351ed0 JavaThread "Unconstrained build operations Thread 17" [_thread_blocked, id=15960, stack(0x0000005d7d700000,0x0000005d7d800000)]
  0x000002125a352870 JavaThread "Unconstrained build operations Thread 18" [_thread_blocked, id=11128, stack(0x0000005d7d800000,0x0000005d7d900000)]
  0x000002125a351060 JavaThread "Unconstrained build operations Thread 19" [_thread_blocked, id=716, stack(0x0000005d7d900000,0x0000005d7da00000)]
  0x000002125a351530 JavaThread "Unconstrained build operations Thread 20" [_thread_blocked, id=10708, stack(0x0000005d7da00000,0x0000005d7db00000)]
  0x000002125a356bd0 JavaThread "Unconstrained build operations Thread 21" [_thread_blocked, id=15056, stack(0x0000005d7db00000,0x0000005d7dc00000)]
  0x000002125a357a40 JavaThread "Unconstrained build operations Thread 22" [_thread_blocked, id=236, stack(0x0000005d7dc00000,0x0000005d7dd00000)]
  0x000002125a354a20 JavaThread "Unconstrained build operations Thread 23" [_thread_blocked, id=928, stack(0x0000005d7dd00000,0x0000005d7de00000)]
  0x000002125a353210 JavaThread "Unconstrained build operations Thread 24" [_thread_blocked, id=1532, stack(0x0000005d7de00000,0x0000005d7df00000)]
  0x000002125a351a00 JavaThread "Unconstrained build operations Thread 25" [_thread_blocked, id=14512, stack(0x0000005d7df00000,0x0000005d7e000000)]
  0x000002125a355d60 JavaThread "Unconstrained build operations Thread 26" [_thread_blocked, id=15756, stack(0x0000005d7e000000,0x0000005d7e100000)]
  0x000002125a357f10 JavaThread "Unconstrained build operations Thread 27" [_thread_blocked, id=15808, stack(0x0000005d7e100000,0x0000005d7e200000)]
  0x000002125a3523a0 JavaThread "Unconstrained build operations Thread 28" [_thread_blocked, id=14976, stack(0x0000005d7e200000,0x0000005d7e300000)]
  0x000002125a352d40 JavaThread "Unconstrained build operations Thread 29" [_thread_blocked, id=15244, stack(0x0000005d7e300000,0x0000005d7e400000)]
  0x000002125a354080 JavaThread "Unconstrained build operations Thread 30" [_thread_blocked, id=1788, stack(0x0000005d7e400000,0x0000005d7e500000)]
  0x000002125a3536e0 JavaThread "Unconstrained build operations Thread 31" [_thread_blocked, id=15680, stack(0x0000005d7e500000,0x0000005d7e600000)]
  0x000002125a356230 JavaThread "Unconstrained build operations Thread 32" [_thread_blocked, id=15052, stack(0x0000005d7e600000,0x0000005d7e700000)]
  0x000002125a3583e0 JavaThread "Unconstrained build operations Thread 33" [_thread_blocked, id=15772, stack(0x0000005d7e700000,0x0000005d7e800000)]
  0x000002125a356700 JavaThread "Unconstrained build operations Thread 34" [_thread_blocked, id=16164, stack(0x0000005d7e800000,0x0000005d7e900000)]
  0x000002125a353bb0 JavaThread "Unconstrained build operations Thread 35" [_thread_blocked, id=9460, stack(0x0000005d7e900000,0x0000005d7ea00000)]
  0x000002125a3553c0 JavaThread "Unconstrained build operations Thread 36" [_thread_blocked, id=16312, stack(0x0000005d7ea00000,0x0000005d7eb00000)]
  0x000002125a354550 JavaThread "Unconstrained build operations Thread 37" [_thread_blocked, id=3968, stack(0x0000005d7eb00000,0x0000005d7ec00000)]
  0x000002125a357570 JavaThread "Unconstrained build operations Thread 38" [_thread_blocked, id=9484, stack(0x0000005d7ec00000,0x0000005d7ed00000)]
  0x000002125ae50d30 JavaThread "Unconstrained build operations Thread 39" [_thread_blocked, id=16356, stack(0x0000005d7ed00000,0x0000005d7ee00000)]
  0x000002125ae4d370 JavaThread "Unconstrained build operations Thread 40" [_thread_blocked, id=15760, stack(0x0000005d7ee00000,0x0000005d7ef00000)]
  0x000002125ae4acf0 JavaThread "build event listener" [_thread_blocked, id=16832, stack(0x0000005d7bb00000,0x0000005d7bc00000)]
  0x000002125ae49e80 JavaThread "Memory manager" [_thread_blocked, id=17048, stack(0x0000005d7c400000,0x0000005d7c500000)]
  0x000002125ae4b1c0 JavaThread "File lock release action executor Thread 3" [_thread_blocked, id=14416, stack(0x0000005d7b800000,0x0000005d7b900000)]

Other Threads:
  0x0000021256f91e80 VMThread "VM Thread" [stack: 0x0000005d79c00000,0x0000005d79d00000] [id=8472]
  0x0000021257d919e0 WatcherThread [stack: 0x0000005d7a800000,0x0000005d7a900000] [id=2392]
  0x000002123dab24e0 GCTaskThread "GC Thread#0" [stack: 0x0000005d79700000,0x0000005d79800000] [id=2212]
  0x0000021257fa69d0 GCTaskThread "GC Thread#1" [stack: 0x0000005d7a900000,0x0000005d7aa00000] [id=14380]
  0x00000212586f9e60 GCTaskThread "GC Thread#2" [stack: 0x0000005d7aa00000,0x0000005d7ab00000] [id=14388]
  0x0000021258a99a80 GCTaskThread "GC Thread#3" [stack: 0x0000005d7ab00000,0x0000005d7ac00000] [id=14532]
  0x000002123dac3420 ConcurrentGCThread "G1 Main Marker" [stack: 0x0000005d79800000,0x0000005d79900000] [id=12492]
  0x000002123dac3e30 ConcurrentGCThread "G1 Conc#0" [stack: 0x0000005d79900000,0x0000005d79a00000] [id=5004]
  0x000002123dafea20 ConcurrentGCThread "G1 Refine#0" [stack: 0x0000005d79a00000,0x0000005d79b00000] [id=13528]
  0x000002123daff440 ConcurrentGCThread "G1 Service" [stack: 0x0000005d79b00000,0x0000005d79c00000] [id=3536]

Threads with active compile tasks:
C2 CompilerThread0   263330 7826       4       java.lang.Class::getMethod (59 bytes)

VM state: not at safepoint (normal execution)

VM Mutex/Monitor currently owned by a thread: None

Heap address: 0x0000000080000000, size: 2048 MB, Compressed Oops mode: 32-bit

CDS archive(s) not mapped
Compressed class space mapped at: 0x0000000100000000-0x0000000140000000, reserved size: 1073741824
Narrow klass base: 0x0000000000000000, Narrow klass shift: 3, Narrow klass range: 0x140000000

GC Precious Log:
 CPUs: 4 total, 4 available
 Memory: 3521M
 Large Page Support: Disabled
 NUMA Support: Disabled
 Compressed Oops: Enabled (32-bit)
 Heap Region Size: 1M
 Heap Min Capacity: 8M
 Heap Initial Capacity: 56M
 Heap Max Capacity: 2G
 Pre-touch: Disabled
 Parallel Workers: 4
 Concurrent Workers: 1
 Concurrent Refinement Workers: 4
 Periodic GC: Disabled

Heap:
 garbage-first heap   total 156672K, used 78447K [0x0000000080000000, 0x0000000100000000)
  region size 1024K, 17 young (17408K), 1 survivors (1024K)
 Metaspace       used 69961K, committed 70528K, reserved 1114112K
  class space    used 9156K, committed 9408K, reserved 1048576K

Heap Regions: E=young(eden), S=young(survivor), O=old, HS=humongous(starts), HC=humongous(continues), CS=collection set, F=free, OA=open archive, CA=closed archive, TAMS=top-at-mark-start (previous, next)
|   0|0x0000000080000000, 0x0000000080100000, 0x0000000080100000|100%| O|  |TAMS 0x0000000080100000, 0x0000000080000000| Untracked 
|   1|0x0000000080100000, 0x0000000080200000, 0x0000000080200000|100%| O|  |TAMS 0x0000000080200000, 0x0000000080100000| Untracked 
|   2|0x0000000080200000, 0x0000000080300000, 0x0000000080300000|100%|HS|  |TAMS 0x0000000080300000, 0x0000000080200000| Complete 
|   3|0x0000000080300000, 0x0000000080400000, 0x0000000080400000|100%|HC|  |TAMS 0x0000000080400000, 0x0000000080300000| Complete 
|   4|0x0000000080400000, 0x0000000080500000, 0x0000000080500000|100%|HC|  |TAMS 0x0000000080500000, 0x0000000080400000| Complete 
|   5|0x0000000080500000, 0x0000000080600000, 0x0000000080600000|100%| O|  |TAMS 0x0000000080600000, 0x0000000080500000| Untracked 
|   6|0x0000000080600000, 0x0000000080700000, 0x0000000080700000|100%| O|  |TAMS 0x0000000080700000, 0x0000000080600000| Untracked 
|   7|0x0000000080700000, 0x0000000080800000, 0x0000000080800000|100%| O|  |TAMS 0x0000000080800000, 0x0000000080700000| Untracked 
|   8|0x0000000080800000, 0x0000000080900000, 0x0000000080900000|100%| O|  |TAMS 0x0000000080900000, 0x0000000080800000| Untracked 
|   9|0x0000000080900000, 0x0000000080a00000, 0x0000000080a00000|100%| O|  |TAMS 0x0000000080a00000, 0x0000000080900000| Untracked 
|  10|0x0000000080a00000, 0x0000000080b00000, 0x0000000080b00000|100%| O|  |TAMS 0x0000000080a00000, 0x0000000080a00000| Untracked 
|  11|0x0000000080b00000, 0x0000000080c00000, 0x0000000080c00000|100%| O|  |TAMS 0x0000000080c00000, 0x0000000080b00000| Untracked 
|  12|0x0000000080c00000, 0x0000000080d00000, 0x0000000080d00000|100%| O|  |TAMS 0x0000000080d00000, 0x0000000080c00000| Untracked 
|  13|0x0000000080d00000, 0x0000000080e00000, 0x0000000080e00000|100%| O|  |TAMS 0x0000000080e00000, 0x0000000080d00000| Untracked 
|  14|0x0000000080e00000, 0x0000000080f00000, 0x0000000080f00000|100%| O|  |TAMS 0x0000000080f00000, 0x0000000080e00000| Untracked 
|  15|0x0000000080f00000, 0x0000000081000000, 0x0000000081000000|100%| O|  |TAMS 0x0000000081000000, 0x0000000080f00000| Untracked 
|  16|0x0000000081000000, 0x0000000081100000, 0x0000000081100000|100%| O|  |TAMS 0x0000000081100000, 0x0000000081000000| Untracked 
|  17|0x0000000081100000, 0x0000000081200000, 0x0000000081200000|100%| O|  |TAMS 0x0000000081200000, 0x0000000081100000| Untracked 
|  18|0x0000000081200000, 0x0000000081300000, 0x0000000081300000|100%| O|  |TAMS 0x0000000081300000, 0x0000000081200000| Untracked 
|  19|0x0000000081300000, 0x0000000081400000, 0x0000000081400000|100%| O|  |TAMS 0x0000000081400000, 0x0000000081300000| Untracked 
|  20|0x0000000081400000, 0x0000000081500000, 0x0000000081500000|100%| O|  |TAMS 0x0000000081500000, 0x0000000081400000| Untracked 
|  21|0x0000000081500000, 0x0000000081600000, 0x0000000081600000|100%| O|  |TAMS 0x0000000081600000, 0x0000000081500000| Untracked 
|  22|0x0000000081600000, 0x0000000081700000, 0x0000000081700000|100%|HS|  |TAMS 0x0000000081700000, 0x0000000081600000| Complete 
|  23|0x0000000081700000, 0x0000000081800000, 0x0000000081800000|100%| O|  |TAMS 0x0000000081800000, 0x0000000081700000| Untracked 
|  24|0x0000000081800000, 0x0000000081900000, 0x0000000081900000|100%| O|  |TAMS 0x0000000081900000, 0x0000000081800000| Untracked 
|  25|0x0000000081900000, 0x0000000081a00000, 0x0000000081a00000|100%| O|  |TAMS 0x0000000081a00000, 0x0000000081900000| Untracked 
|  26|0x0000000081a00000, 0x0000000081b00000, 0x0000000081b00000|100%| O|  |TAMS 0x0000000081b00000, 0x0000000081a00000| Untracked 
|  27|0x0000000081b00000, 0x0000000081c00000, 0x0000000081c00000|100%| O|  |TAMS 0x0000000081b00000, 0x0000000081b00000| Untracked 
|  28|0x0000000081c00000, 0x0000000081d00000, 0x0000000081d00000|100%| O|  |TAMS 0x0000000081d00000, 0x0000000081c00000| Untracked 
|  29|0x0000000081d00000, 0x0000000081e00000, 0x0000000081e00000|100%| O|  |TAMS 0x0000000081e00000, 0x0000000081d00000| Untracked 
|  30|0x0000000081e00000, 0x0000000081f00000, 0x0000000081f00000|100%| O|  |TAMS 0x0000000081f00000, 0x0000000081e00000| Untracked 
|  31|0x0000000081f00000, 0x0000000082000000, 0x0000000082000000|100%| O|  |TAMS 0x0000000082000000, 0x0000000081f00000| Untracked 
|  32|0x0000000082000000, 0x0000000082100000, 0x0000000082100000|100%| O|  |TAMS 0x0000000082100000, 0x0000000082000000| Untracked 
|  33|0x0000000082100000, 0x0000000082200000, 0x0000000082200000|100%| O|  |TAMS 0x0000000082200000, 0x0000000082100000| Untracked 
|  34|0x0000000082200000, 0x0000000082300000, 0x0000000082300000|100%| O|  |TAMS 0x0000000082300000, 0x0000000082200000| Untracked 
|  35|0x0000000082300000, 0x0000000082400000, 0x0000000082400000|100%|HS|  |TAMS 0x0000000082400000, 0x0000000082300000| Complete 
|  36|0x0000000082400000, 0x0000000082500000, 0x0000000082500000|100%|HS|  |TAMS 0x0000000082500000, 0x0000000082400000| Complete 
|  37|0x0000000082500000, 0x0000000082600000, 0x0000000082600000|100%|HS|  |TAMS 0x0000000082600000, 0x0000000082500000| Complete 
|  38|0x0000000082600000, 0x0000000082700000, 0x0000000082700000|100%|HC|  |TAMS 0x0000000082700000, 0x0000000082600000| Complete 
|  39|0x0000000082700000, 0x0000000082800000, 0x0000000082800000|100%|HC|  |TAMS 0x0000000082800000, 0x0000000082700000| Complete 
|  40|0x0000000082800000, 0x0000000082900000, 0x0000000082900000|100%|HC|  |TAMS 0x0000000082900000, 0x0000000082800000| Complete 
|  41|0x0000000082900000, 0x0000000082a00000, 0x0000000082a00000|100%| O|  |TAMS 0x0000000082a00000, 0x0000000082900000| Untracked 
|  42|0x0000000082a00000, 0x0000000082b00000, 0x0000000082b00000|100%| O|  |TAMS 0x0000000082b00000, 0x0000000082a00000| Untracked 
|  43|0x0000000082b00000, 0x0000000082c00000, 0x0000000082c00000|100%| O|  |TAMS 0x0000000082c00000, 0x0000000082b00000| Untracked 
|  44|0x0000000082c00000, 0x0000000082d00000, 0x0000000082d00000|100%| O|  |TAMS 0x0000000082c00000, 0x0000000082c00000| Untracked 
|  45|0x0000000082d00000, 0x0000000082e00000, 0x0000000082e00000|100%| O|  |TAMS 0x0000000082d00000, 0x0000000082d00000| Untracked 
|  46|0x0000000082e00000, 0x0000000082f00000, 0x0000000082f00000|100%| O|  |TAMS 0x0000000082f00000, 0x0000000082e00000| Untracked 
|  47|0x0000000082f00000, 0x0000000083000000, 0x0000000083000000|100%| O|  |TAMS 0x0000000083000000, 0x0000000082f00000| Untracked 
|  48|0x0000000083000000, 0x0000000083100000, 0x0000000083100000|100%| O|  |TAMS 0x0000000083100000, 0x0000000083000000| Untracked 
|  49|0x0000000083100000, 0x0000000083200000, 0x0000000083200000|100%| O|  |TAMS 0x0000000083100000, 0x0000000083100000| Untracked 
|  50|0x0000000083200000, 0x0000000083300000, 0x0000000083300000|100%| O|  |TAMS 0x0000000083300000, 0x0000000083200000| Untracked 
|  51|0x0000000083300000, 0x0000000083400000, 0x0000000083400000|100%| O|  |TAMS 0x0000000083400000, 0x0000000083300000| Untracked 
|  52|0x0000000083400000, 0x0000000083400000, 0x0000000083500000|  0%| F|  |TAMS 0x0000000083400000, 0x0000000083400000| Untracked 
|  53|0x0000000083500000, 0x0000000083600000, 0x0000000083600000|100%| O|  |TAMS 0x0000000083600000, 0x0000000083500000| Untracked 
|  54|0x0000000083600000, 0x0000000083700000, 0x0000000083700000|100%| O|  |TAMS 0x0000000083700000, 0x0000000083600000| Untracked 
|  55|0x0000000083700000, 0x0000000083800000, 0x0000000083800000|100%| O|  |TAMS 0x0000000083700000, 0x0000000083700000| Untracked 
|  56|0x0000000083800000, 0x0000000083900000, 0x0000000083900000|100%| O|  |TAMS 0x0000000083800000, 0x0000000083800000| Untracked 
|  57|0x0000000083900000, 0x000000008399bc00, 0x0000000083a00000| 60%| O|  |TAMS 0x0000000083900000, 0x0000000083900000| Untracked 
|  58|0x0000000083a00000, 0x0000000083a00000, 0x0000000083b00000|  0%| F|  |TAMS 0x0000000083a00000, 0x0000000083a00000| Untracked 
|  59|0x0000000083b00000, 0x0000000083b00000, 0x0000000083c00000|  0%| F|  |TAMS 0x0000000083b00000, 0x0000000083b00000| Untracked 
|  60|0x0000000083c00000, 0x0000000083c00000, 0x0000000083d00000|  0%| F|  |TAMS 0x0000000083c00000, 0x0000000083c00000| Untracked 
|  61|0x0000000083d00000, 0x0000000083d00000, 0x0000000083e00000|  0%| F|  |TAMS 0x0000000083d00000, 0x0000000083d00000| Untracked 
|  62|0x0000000083e00000, 0x0000000083e00000, 0x0000000083f00000|  0%| F|  |TAMS 0x0000000083e00000, 0x0000000083e00000| Untracked 
|  63|0x0000000083f00000, 0x0000000083f00000, 0x0000000084000000|  0%| F|  |TAMS 0x0000000083f00000, 0x0000000083f00000| Untracked 
|  64|0x0000000084000000, 0x0000000084000000, 0x0000000084100000|  0%| F|  |TAMS 0x0000000084000000, 0x0000000084000000| Untracked 
|  65|0x0000000084100000, 0x0000000084100000, 0x0000000084200000|  0%| F|  |TAMS 0x0000000084100000, 0x0000000084100000| Untracked 
|  66|0x0000000084200000, 0x0000000084200000, 0x0000000084300000|  0%| F|  |TAMS 0x0000000084200000, 0x0000000084200000| Untracked 
|  67|0x0000000084300000, 0x0000000084300000, 0x0000000084400000|  0%| F|  |TAMS 0x0000000084300000, 0x0000000084300000| Untracked 
|  68|0x0000000084400000, 0x0000000084400000, 0x0000000084500000|  0%| F|  |TAMS 0x0000000084400000, 0x0000000084400000| Untracked 
|  69|0x0000000084500000, 0x0000000084500000, 0x0000000084600000|  0%| F|  |TAMS 0x0000000084500000, 0x0000000084500000| Untracked 
|  70|0x0000000084600000, 0x0000000084600000, 0x0000000084700000|  0%| F|  |TAMS 0x0000000084600000, 0x0000000084600000| Untracked 
|  71|0x0000000084700000, 0x0000000084700000, 0x0000000084800000|  0%| F|  |TAMS 0x0000000084700000, 0x0000000084700000| Untracked 
|  72|0x0000000084800000, 0x0000000084800000, 0x0000000084900000|  0%| F|  |TAMS 0x0000000084800000, 0x0000000084800000| Untracked 
|  73|0x0000000084900000, 0x0000000084900000, 0x0000000084a00000|  0%| F|  |TAMS 0x0000000084900000, 0x0000000084900000| Untracked 
|  74|0x0000000084a00000, 0x0000000084a00000, 0x0000000084b00000|  0%| F|  |TAMS 0x0000000084a00000, 0x0000000084a00000| Untracked 
|  75|0x0000000084b00000, 0x0000000084b00000, 0x0000000084c00000|  0%| F|  |TAMS 0x0000000084b00000, 0x0000000084b00000| Untracked 
|  76|0x0000000084c00000, 0x0000000084c00000, 0x0000000084d00000|  0%| F|  |TAMS 0x0000000084c00000, 0x0000000084c00000| Untracked 
|  77|0x0000000084d00000, 0x0000000084d00000, 0x0000000084e00000|  0%| F|  |TAMS 0x0000000084d00000, 0x0000000084d00000| Untracked 
|  78|0x0000000084e00000, 0x0000000084e00000, 0x0000000084f00000|  0%| F|  |TAMS 0x0000000084e00000, 0x0000000084e00000| Untracked 
|  79|0x0000000084f00000, 0x0000000084f00000, 0x0000000085000000|  0%| F|  |TAMS 0x0000000084f00000, 0x0000000084f00000| Untracked 
|  80|0x0000000085000000, 0x0000000085000000, 0x0000000085100000|  0%| F|  |TAMS 0x0000000085000000, 0x0000000085000000| Untracked 
|  81|0x0000000085100000, 0x0000000085100000, 0x0000000085200000|  0%| F|  |TAMS 0x0000000085100000, 0x0000000085100000| Untracked 
|  82|0x0000000085200000, 0x0000000085200000, 0x0000000085300000|  0%| F|  |TAMS 0x0000000085200000, 0x0000000085200000| Untracked 
|  83|0x0000000085300000, 0x0000000085300000, 0x0000000085400000|  0%| F|  |TAMS 0x0000000085300000, 0x0000000085300000| Untracked 
|  84|0x0000000085400000, 0x0000000085400000, 0x0000000085500000|  0%| F|  |TAMS 0x0000000085400000, 0x0000000085400000| Untracked 
|  85|0x0000000085500000, 0x0000000085500000, 0x0000000085600000|  0%| F|  |TAMS 0x0000000085500000, 0x0000000085500000| Untracked 
|  86|0x0000000085600000, 0x0000000085600000, 0x0000000085700000|  0%| F|  |TAMS 0x0000000085600000, 0x0000000085600000| Untracked 
|  87|0x0000000085700000, 0x0000000085700000, 0x0000000085800000|  0%| F|  |TAMS 0x0000000085700000, 0x0000000085700000| Untracked 
|  88|0x0000000085800000, 0x0000000085800000, 0x0000000085900000|  0%| F|  |TAMS 0x0000000085800000, 0x0000000085800000| Untracked 
|  89|0x0000000085900000, 0x0000000085900000, 0x0000000085a00000|  0%| F|  |TAMS 0x0000000085900000, 0x0000000085900000| Untracked 
|  90|0x0000000085a00000, 0x0000000085a00000, 0x0000000085b00000|  0%| F|  |TAMS 0x0000000085a00000, 0x0000000085a00000| Untracked 
|  91|0x0000000085b00000, 0x0000000085b00000, 0x0000000085c00000|  0%| F|  |TAMS 0x0000000085b00000, 0x0000000085b00000| Untracked 
|  92|0x0000000085c00000, 0x0000000085c00000, 0x0000000085d00000|  0%| F|  |TAMS 0x0000000085c00000, 0x0000000085c00000| Untracked 
|  93|0x0000000085d00000, 0x0000000085d00000, 0x0000000085e00000|  0%| F|  |TAMS 0x0000000085d00000, 0x0000000085d00000| Untracked 
|  94|0x0000000085e00000, 0x0000000085e00000, 0x0000000085f00000|  0%| F|  |TAMS 0x0000000085e00000, 0x0000000085e00000| Untracked 
|  95|0x0000000085f00000, 0x0000000085f00000, 0x0000000086000000|  0%| F|  |TAMS 0x0000000085f00000, 0x0000000085f00000| Untracked 
|  96|0x0000000086000000, 0x0000000086000000, 0x0000000086100000|  0%| F|  |TAMS 0x0000000086000000, 0x0000000086000000| Untracked 
|  97|0x0000000086100000, 0x0000000086100000, 0x0000000086200000|  0%| F|  |TAMS 0x0000000086100000, 0x0000000086100000| Untracked 
|  98|0x0000000086200000, 0x0000000086200000, 0x0000000086300000|  0%| F|  |TAMS 0x0000000086200000, 0x0000000086200000| Untracked 
|  99|0x0000000086300000, 0x0000000086300000, 0x0000000086400000|  0%| F|  |TAMS 0x0000000086300000, 0x0000000086300000| Untracked 
| 100|0x0000000086400000, 0x0000000086400000, 0x0000000086500000|  0%| F|  |TAMS 0x0000000086400000, 0x0000000086400000| Untracked 
| 101|0x0000000086500000, 0x0000000086500000, 0x0000000086600000|  0%| F|  |TAMS 0x0000000086500000, 0x0000000086500000| Untracked 
| 102|0x0000000086600000, 0x0000000086600000, 0x0000000086700000|  0%| F|  |TAMS 0x0000000086600000, 0x0000000086600000| Untracked 
| 103|0x0000000086700000, 0x0000000086700000, 0x0000000086800000|  0%| F|  |TAMS 0x0000000086700000, 0x0000000086700000| Untracked 
| 104|0x0000000086800000, 0x0000000086800000, 0x0000000086900000|  0%| F|  |TAMS 0x0000000086800000, 0x0000000086800000| Untracked 
| 105|0x0000000086900000, 0x0000000086900000, 0x0000000086a00000|  0%| F|  |TAMS 0x0000000086900000, 0x0000000086900000| Untracked 
| 106|0x0000000086a00000, 0x0000000086a00000, 0x0000000086b00000|  0%| F|  |TAMS 0x0000000086a00000, 0x0000000086a00000| Untracked 
| 107|0x0000000086b00000, 0x0000000086b00000, 0x0000000086c00000|  0%| F|  |TAMS 0x0000000086b00000, 0x0000000086b00000| Untracked 
| 108|0x0000000086c00000, 0x0000000086c00000, 0x0000000086d00000|  0%| F|  |TAMS 0x0000000086c00000, 0x0000000086c00000| Untracked 
| 109|0x0000000086d00000, 0x0000000086d00000, 0x0000000086e00000|  0%| F|  |TAMS 0x0000000086d00000, 0x0000000086d00000| Untracked 
| 110|0x0000000086e00000, 0x0000000086e00000, 0x0000000086f00000|  0%| F|  |TAMS 0x0000000086e00000, 0x0000000086e00000| Untracked 
| 111|0x0000000086f00000, 0x0000000086f00000, 0x0000000087000000|  0%| F|  |TAMS 0x0000000086f00000, 0x0000000086f00000| Untracked 
| 112|0x0000000087000000, 0x0000000087000000, 0x0000000087100000|  0%| F|  |TAMS 0x0000000087000000, 0x0000000087000000| Untracked 
| 113|0x0000000087100000, 0x0000000087100000, 0x0000000087200000|  0%| F|  |TAMS 0x0000000087100000, 0x0000000087100000| Untracked 
| 114|0x0000000087200000, 0x0000000087200000, 0x0000000087300000|  0%| F|  |TAMS 0x0000000087200000, 0x0000000087200000| Untracked 
| 115|0x0000000087300000, 0x0000000087300000, 0x0000000087400000|  0%| F|  |TAMS 0x0000000087300000, 0x0000000087300000| Untracked 
| 116|0x0000000087400000, 0x0000000087400000, 0x0000000087500000|  0%| F|  |TAMS 0x0000000087400000, 0x0000000087400000| Untracked 
| 117|0x0000000087500000, 0x0000000087500000, 0x0000000087600000|  0%| F|  |TAMS 0x0000000087500000, 0x0000000087500000| Untracked 
| 118|0x0000000087600000, 0x0000000087600000, 0x0000000087700000|  0%| F|  |TAMS 0x0000000087600000, 0x0000000087600000| Untracked 
| 119|0x0000000087700000, 0x0000000087700000, 0x0000000087800000|  0%| F|  |TAMS 0x0000000087700000, 0x0000000087700000| Untracked 
| 120|0x0000000087800000, 0x0000000087800000, 0x0000000087900000|  0%| F|  |TAMS 0x0000000087800000, 0x0000000087800000| Untracked 
| 121|0x0000000087900000, 0x0000000087900000, 0x0000000087a00000|  0%| F|  |TAMS 0x0000000087900000, 0x0000000087900000| Untracked 
| 122|0x0000000087a00000, 0x0000000087a00000, 0x0000000087b00000|  0%| F|  |TAMS 0x0000000087a00000, 0x0000000087a00000| Untracked 
| 123|0x0000000087b00000, 0x0000000087b00000, 0x0000000087c00000|  0%| F|  |TAMS 0x0000000087b00000, 0x0000000087b00000| Untracked 
| 124|0x0000000087c00000, 0x0000000087c00000, 0x0000000087d00000|  0%| F|  |TAMS 0x0000000087c00000, 0x0000000087c00000| Untracked 
| 125|0x0000000087d00000, 0x0000000087d00000, 0x0000000087e00000|  0%| F|  |TAMS 0x0000000087d00000, 0x0000000087d00000| Untracked 
| 126|0x0000000087e00000, 0x0000000087e00000, 0x0000000087f00000|  0%| F|  |TAMS 0x0000000087e00000, 0x0000000087e00000| Untracked 
| 127|0x0000000087f00000, 0x0000000087f00000, 0x0000000088000000|  0%| F|  |TAMS 0x0000000087f00000, 0x0000000087f00000| Untracked 
| 128|0x0000000088000000, 0x0000000088000000, 0x0000000088100000|  0%| F|  |TAMS 0x0000000088000000, 0x0000000088000000| Untracked 
| 129|0x0000000088100000, 0x0000000088100000, 0x0000000088200000|  0%| F|  |TAMS 0x0000000088100000, 0x0000000088100000| Untracked 
| 130|0x0000000088200000, 0x0000000088200000, 0x0000000088300000|  0%| F|  |TAMS 0x0000000088200000, 0x0000000088200000| Untracked 
| 131|0x0000000088300000, 0x0000000088300000, 0x0000000088400000|  0%| F|  |TAMS 0x0000000088300000, 0x0000000088300000| Untracked 
| 132|0x0000000088400000, 0x0000000088500000, 0x0000000088500000|100%| E|  |TAMS 0x0000000088400000, 0x0000000088400000| Complete 
| 133|0x0000000088500000, 0x0000000088600000, 0x0000000088600000|100%| E|CS|TAMS 0x0000000088500000, 0x0000000088500000| Complete 
| 134|0x0000000088600000, 0x0000000088700000, 0x0000000088700000|100%| E|CS|TAMS 0x0000000088600000, 0x0000000088600000| Complete 
| 135|0x0000000088700000, 0x0000000088800000, 0x0000000088800000|100%| E|CS|TAMS 0x0000000088700000, 0x0000000088700000| Complete 
| 136|0x0000000088800000, 0x0000000088900000, 0x0000000088900000|100%| E|CS|TAMS 0x0000000088800000, 0x0000000088800000| Complete 
| 137|0x0000000088900000, 0x0000000088a00000, 0x0000000088a00000|100%| E|CS|TAMS 0x0000000088900000, 0x0000000088900000| Complete 
| 138|0x0000000088a00000, 0x0000000088b00000, 0x0000000088b00000|100%| E|CS|TAMS 0x0000000088a00000, 0x0000000088a00000| Complete 
| 139|0x0000000088b00000, 0x0000000088c00000, 0x0000000088c00000|100%| E|CS|TAMS 0x0000000088b00000, 0x0000000088b00000| Complete 
| 140|0x0000000088c00000, 0x0000000088d00000, 0x0000000088d00000|100%| E|CS|TAMS 0x0000000088c00000, 0x0000000088c00000| Complete 
| 141|0x0000000088d00000, 0x0000000088e00000, 0x0000000088e00000|100%| E|CS|TAMS 0x0000000088d00000, 0x0000000088d00000| Complete 
| 142|0x0000000088e00000, 0x0000000088f00000, 0x0000000088f00000|100%| E|CS|TAMS 0x0000000088e00000, 0x0000000088e00000| Complete 
| 143|0x0000000088f00000, 0x0000000089000000, 0x0000000089000000|100%| E|CS|TAMS 0x0000000088f00000, 0x0000000088f00000| Complete 
| 144|0x0000000089000000, 0x0000000089100000, 0x0000000089100000|100%| E|CS|TAMS 0x0000000089000000, 0x0000000089000000| Complete 
| 145|0x0000000089100000, 0x0000000089200000, 0x0000000089200000|100%| E|CS|TAMS 0x0000000089100000, 0x0000000089100000| Complete 
| 146|0x0000000089200000, 0x0000000089300000, 0x0000000089300000|100%| E|CS|TAMS 0x0000000089200000, 0x0000000089200000| Complete 
| 147|0x0000000089300000, 0x0000000089400000, 0x0000000089400000|100%| S|CS|TAMS 0x0000000089300000, 0x0000000089300000| Complete 
| 148|0x0000000089400000, 0x0000000089500000, 0x0000000089500000|100%| E|CS|TAMS 0x0000000089400000, 0x0000000089400000| Complete 
|2044|0x00000000ffc00000, 0x00000000ffd00000, 0x00000000ffd00000|100%| O|  |TAMS 0x00000000ffd00000, 0x00000000ffc00000| Untracked 
|2045|0x00000000ffd00000, 0x00000000ffe00000, 0x00000000ffe00000|100%| O|  |TAMS 0x00000000ffe00000, 0x00000000ffd00000| Untracked 
|2046|0x00000000ffe00000, 0x00000000fff00000, 0x00000000fff00000|100%| O|  |TAMS 0x00000000fff00000, 0x00000000ffe00000| Untracked 
|2047|0x00000000fff00000, 0x0000000100000000, 0x0000000100000000|100%| O|  |TAMS 0x0000000100000000, 0x00000000fff00000| Untracked 

Card table byte_map: [0x0000021250320000,0x0000021250720000] _byte_map_base: 0x000002124ff20000

Marking Bits (Prev, Next): (CMBitMap*) 0x000002123dab2af0, (CMBitMap*) 0x000002123dab2b30
 Prev Bits: [0x0000021250b20000, 0x0000021252b20000)
 Next Bits: [0x0000021252b20000, 0x0000021254b20000)

Polling page: 0x000002123ba10000

Metaspace:

Usage:
  Non-class:     59.38 MB used.
      Class:      8.94 MB used.
       Both:     68.33 MB used.

Virtual space:
  Non-class space:       64.00 MB reserved,      59.69 MB ( 93%) committed,  8 nodes.
      Class space:        1.00 GB reserved,       9.25 MB ( <1%) committed,  1 nodes.
             Both:        1.06 GB reserved,      68.94 MB (  6%) committed. 

Chunk freelists:
   Non-Class:  240.00 KB
       Class:  2.74 MB
        Both:  2.98 MB

MaxMetaspaceSize: unlimited
CompressedClassSpaceSize: 1.00 GB
Initial GC threshold: 21.00 MB
Current GC threshold: 109.38 MB
CDS: off
MetaspaceReclaimPolicy: balanced
 - commit_granule_bytes: 65536.
 - commit_granule_words: 8192.
 - virtual_space_node_default_size: 1048576.
 - enlarge_chunks_in_place: 1.
 - new_chunks_are_fully_committed: 0.
 - uncommit_free_chunks: 1.
 - use_allocation_guard: 0.
 - handle_deallocations: 1.


Internal statistics:

num_allocs_failed_limit: 9.
num_arena_births: 612.
num_arena_deaths: 0.
num_vsnodes_births: 9.
num_vsnodes_deaths: 0.
num_space_committed: 1103.
num_space_uncommitted: 0.
num_chunks_returned_to_freelist: 9.
num_chunks_taken_from_freelist: 2939.
num_chunk_merges: 9.
num_chunk_splits: 1976.
num_chunks_enlarged: 1348.
num_purges: 0.
num_inconsistent_stats: 0.

CodeHeap 'non-profiled nmethods': size=120000Kb used=4045Kb max_used=4045Kb free=115954Kb
 bounds [0x00000212489f0000, 0x0000021248df0000, 0x000002124ff20000]
CodeHeap 'profiled nmethods': size=120000Kb used=13525Kb max_used=13525Kb free=106474Kb
 bounds [0x0000021240f20000, 0x0000021241c60000, 0x0000021248450000]
CodeHeap 'non-nmethods': size=5760Kb used=2356Kb max_used=2397Kb free=3403Kb
 bounds [0x0000021248450000, 0x00000212486c0000, 0x00000212489f0000]
 total_blobs=7888 nmethods=7004 adapters=795
 compilation: enabled
              stopped_count=0, restarted_count=0
 full_count=0

Compilation events (20 events):
Event: 262.250 Thread 0x0000021257c587f0 nmethod 7817 0x0000021241c37d10 code [0x0000021241c37ee0, 0x0000021241c38268]
Event: 262.250 Thread 0x0000021257c587f0 7818  s    3       java.beans.PropertyDescriptor::setWriteMethod (19 bytes)
Event: 262.250 Thread 0x0000021257c587f0 nmethod 7818 0x0000021241c38390 code [0x0000021241c38580, 0x0000021241c38b78]
Event: 262.250 Thread 0x0000021257c587f0 7819       3       java.util.stream.SpinedBuffer::asArray (46 bytes)
Event: 262.251 Thread 0x0000021257c587f0 nmethod 7819 0x0000021241c38d90 code [0x0000021241c38f80, 0x0000021241c39588]
Event: 262.251 Thread 0x0000021257c587f0 7822       1       org.codehaus.groovy.runtime.callsite.AbstractCallSite::getIndex (5 bytes)
Event: 262.251 Thread 0x0000021257c587f0 nmethod 7822 0x0000021248ddc410 code [0x0000021248ddc5a0, 0x0000021248ddc678]
Event: 262.322 Thread 0x0000021256ffe370 7823       4       java.util.Spliterators$ArraySpliterator::estimateSize (11 bytes)
Event: 262.322 Thread 0x0000021256ffe370 nmethod 7823 0x0000021248ddc710 code [0x0000021248ddc880, 0x0000021248ddc8f8]
Event: 262.352 Thread 0x0000021256ffe370 7824       4       java.lang.Class::getMethod (59 bytes)
Event: 262.495 Thread 0x0000021256ffe370 nmethod 7824 0x0000021248ddca10 code [0x0000021248ddcd80, 0x0000021248de03e0]
Event: 262.495 Thread 0x0000021256ffe370 7825       4       java.lang.Class::getMethod0 (31 bytes)
Event: 262.499 Thread 0x0000021256ffe370 nmethod 7825 0x0000021248de1e90 code [0x0000021248de2020, 0x0000021248de2288]
Event: 262.499 Thread 0x0000021256ffe370 7826       4       java.lang.Class::getMethod (59 bytes)
Event: 262.544 Thread 0x0000021257c587f0 7828       3       org.codehaus.groovy.reflection.stdclasses.CachedSAMClass::isAssignableFrom (30 bytes)
Event: 262.545 Thread 0x0000021257c587f0 nmethod 7828 0x0000021241c39790 code [0x0000021241c39960, 0x0000021241c39c78]
Event: 262.568 Thread 0x0000021257c587f0 7829       2       com.sun.beans.introspect.MethodInfo$MethodOrder::compare (167 bytes)
Event: 262.569 Thread 0x0000021257c587f0 nmethod 7829 0x0000021241c39d90 code [0x0000021241c3a000, 0x0000021241c3a608]
Event: 262.573 Thread 0x0000021257c587f0 7831       3       java.util.AbstractMap::isEmpty (13 bytes)
Event: 262.573 Thread 0x0000021257c587f0 nmethod 7831 0x0000021241c3aa90 code [0x0000021241c3ac40, 0x0000021241c3ae68]

GC Heap History (20 events):
Event: 179.408 GC heap before
{Heap before GC invocations=31 (full 0):
 garbage-first heap   total 66560K, used 41708K [0x0000000080000000, 0x0000000100000000)
  region size 1024K, 9 young (9216K), 1 survivors (1024K)
 Metaspace       used 51861K, committed 52288K, reserved 1097728K
  class space    used 6828K, committed 7040K, reserved 1048576K
}
Event: 179.498 GC heap after
{Heap after GC invocations=32 (full 0):
 garbage-first heap   total 66560K, used 35807K [0x0000000080000000, 0x0000000100000000)
  region size 1024K, 1 young (1024K), 1 survivors (1024K)
 Metaspace       used 51861K, committed 52288K, reserved 1097728K
  class space    used 6828K, committed 7040K, reserved 1048576K
}
Event: 201.760 GC heap before
{Heap before GC invocations=33 (full 0):
 garbage-first heap   total 66560K, used 60912K [0x0000000080000000, 0x0000000100000000)
  region size 1024K, 19 young (19456K), 1 survivors (1024K)
 Metaspace       used 53239K, committed 53632K, reserved 1097728K
  class space    used 6993K, committed 7168K, reserved 1048576K
}
Event: 201.881 GC heap after
{Heap after GC invocations=34 (full 0):
 garbage-first heap   total 70656K, used 49341K [0x0000000080000000, 0x0000000100000000)
  region size 1024K, 3 young (3072K), 3 survivors (3072K)
 Metaspace       used 53239K, committed 53632K, reserved 1097728K
  class space    used 6993K, committed 7168K, reserved 1048576K
}
Event: 201.940 GC heap before
{Heap before GC invocations=34 (full 0):
 garbage-first heap   total 70656K, used 50365K [0x0000000080000000, 0x0000000100000000)
  region size 1024K, 4 young (4096K), 3 survivors (3072K)
 Metaspace       used 53383K, committed 53824K, reserved 1097728K
  class space    used 7011K, committed 7232K, reserved 1048576K
}
Event: 201.953 GC heap after
{Heap after GC invocations=35 (full 0):
 garbage-first heap   total 70656K, used 48811K [0x0000000080000000, 0x0000000100000000)
  region size 1024K, 1 young (1024K), 1 survivors (1024K)
 Metaspace       used 53383K, committed 53824K, reserved 1097728K
  class space    used 7011K, committed 7232K, reserved 1048576K
}
Event: 208.406 GC heap before
{Heap before GC invocations=35 (full 0):
 garbage-first heap   total 70656K, used 58027K [0x0000000080000000, 0x0000000100000000)
  region size 1024K, 10 young (10240K), 1 survivors (1024K)
 Metaspace       used 54649K, committed 55104K, reserved 1097728K
  class space    used 7185K, committed 7360K, reserved 1048576K
}
Event: 208.443 GC heap after
{Heap after GC invocations=36 (full 0):
 garbage-first heap   total 70656K, used 49144K [0x0000000080000000, 0x0000000100000000)
  region size 1024K, 1 young (1024K), 1 survivors (1024K)
 Metaspace       used 54649K, committed 55104K, reserved 1097728K
  class space    used 7185K, committed 7360K, reserved 1048576K
}
Event: 217.890 GC heap before
{Heap before GC invocations=37 (full 0):
 garbage-first heap   total 89088K, used 57336K [0x0000000080000000, 0x0000000100000000)
  region size 1024K, 9 young (9216K), 1 survivors (1024K)
 Metaspace       used 55725K, committed 56192K, reserved 1105920K
  class space    used 7345K, committed 7552K, reserved 1048576K
}
Event: 217.922 GC heap after
{Heap after GC invocations=38 (full 0):
 garbage-first heap   total 89088K, used 49506K [0x0000000080000000, 0x0000000100000000)
  region size 1024K, 1 young (1024K), 1 survivors (1024K)
 Metaspace       used 55725K, committed 56192K, reserved 1105920K
  class space    used 7345K, committed 7552K, reserved 1048576K
}
Event: 220.146 GC heap before
{Heap before GC invocations=38 (full 0):
 garbage-first heap   total 89088K, used 51554K [0x0000000080000000, 0x0000000100000000)
  region size 1024K, 4 young (4096K), 1 survivors (1024K)
 Metaspace       used 56095K, committed 56576K, reserved 1105920K
  class space    used 7398K, committed 7616K, reserved 1048576K
}
Event: 220.177 GC heap after
{Heap after GC invocations=39 (full 0):
 garbage-first heap   total 89088K, used 49434K [0x0000000080000000, 0x0000000100000000)
  region size 1024K, 1 young (1024K), 1 survivors (1024K)
 Metaspace       used 56095K, committed 56576K, reserved 1105920K
  class space    used 7398K, committed 7616K, reserved 1048576K
}
Event: 232.510 GC heap before
{Heap before GC invocations=39 (full 0):
 garbage-first heap   total 89088K, used 70938K [0x0000000080000000, 0x0000000100000000)
  region size 1024K, 22 young (22528K), 1 survivors (1024K)
 Metaspace       used 60335K, committed 60864K, reserved 1105920K
  class space    used 7932K, committed 8192K, reserved 1048576K
}
Event: 232.574 GC heap after
{Heap after GC invocations=40 (full 0):
 garbage-first heap   total 89088K, used 50462K [0x0000000080000000, 0x0000000100000000)
  region size 1024K, 2 young (2048K), 2 survivors (2048K)
 Metaspace       used 60335K, committed 60864K, reserved 1105920K
  class space    used 7932K, committed 8192K, reserved 1048576K
}
Event: 237.132 GC heap before
{Heap before GC invocations=41 (full 0):
 garbage-first heap   total 91136K, used 77086K [0x0000000080000000, 0x0000000100000000)
  region size 1024K, 23 young (23552K), 2 survivors (2048K)
 Metaspace       used 62439K, committed 62912K, reserved 1105920K
  class space    used 8195K, committed 8448K, reserved 1048576K
}
Event: 237.188 GC heap after
{Heap after GC invocations=42 (full 0):
 garbage-first heap   total 91136K, used 59293K [0x0000000080000000, 0x0000000100000000)
  region size 1024K, 3 young (3072K), 3 survivors (3072K)
 Metaspace       used 62439K, committed 62912K, reserved 1105920K
  class space    used 8195K, committed 8448K, reserved 1048576K
}
Event: 237.233 GC heap before
{Heap before GC invocations=42 (full 0):
 garbage-first heap   total 91136K, used 59293K [0x0000000080000000, 0x0000000100000000)
  region size 1024K, 4 young (4096K), 3 survivors (3072K)
 Metaspace       used 62448K, committed 62976K, reserved 1105920K
  class space    used 8196K, committed 8448K, reserved 1048576K
}
Event: 237.293 GC heap after
{Heap after GC invocations=43 (full 0):
 garbage-first heap   total 156672K, used 60410K [0x0000000080000000, 0x0000000100000000)
  region size 1024K, 1 young (1024K), 1 survivors (1024K)
 Metaspace       used 62448K, committed 62976K, reserved 1105920K
  class space    used 8196K, committed 8448K, reserved 1048576K
}
Event: 252.942 GC heap before
{Heap before GC invocations=43 (full 0):
 garbage-first heap   total 156672K, used 100346K [0x0000000080000000, 0x0000000100000000)
  region size 1024K, 41 young (41984K), 1 survivors (1024K)
 Metaspace       used 66216K, committed 66752K, reserved 1114112K
  class space    used 8658K, committed 8896K, reserved 1048576K
}
Event: 253.034 GC heap after
{Heap after GC invocations=44 (full 0):
 garbage-first heap   total 156672K, used 63412K [0x0000000080000000, 0x0000000100000000)
  region size 1024K, 4 young (4096K), 4 survivors (4096K)
 Metaspace       used 66216K, committed 66752K, reserved 1114112K
  class space    used 8658K, committed 8896K, reserved 1048576K
}

Dll operation events (2 events):
Event: 0.299 Loaded shared library C:\Program Files\Android\Android Studio\jbr\bin\java.dll
Event: 9.481 Loaded shared library C:\Program Files\Android\Android Studio\jbr\bin\verify.dll

Deoptimization events (20 events):
Event: 257.440 Thread 0x0000021258032530 Uncommon trap: trap_request=0xffffff45 fr.pc=0x0000021248d66238 relative=0x00000000000000f8
Event: 257.440 Thread 0x0000021258032530 Uncommon trap: reason=unstable_if action=reinterpret pc=0x0000021248d66238 method=java.util.concurrent.ConcurrentHashMap.addCount(JI)V @ 110 c2
Event: 257.440 Thread 0x0000021258032530 DEOPT PACKING pc=0x0000021248d66238 sp=0x0000005d7b2f66b0
Event: 257.440 Thread 0x0000021258032530 DEOPT UNPACKING pc=0x00000212484a69a3 sp=0x0000005d7b2f6608 mode 2
Event: 262.234 Thread 0x0000021258032530 Uncommon trap: trap_request=0xffffff45 fr.pc=0x0000021248dd0c90 relative=0x0000000000000650
Event: 262.234 Thread 0x0000021258032530 Uncommon trap: reason=unstable_if action=reinterpret pc=0x0000021248dd0c90 method=groovy.lang.MetaClassImpl.filterPropertyMethod(Ljava/lang/Object;ZZ)Ljava/lang/Object; @ 60 c2
Event: 262.234 Thread 0x0000021258032530 DEOPT PACKING pc=0x0000021248dd0c90 sp=0x0000005d7b2f7d00
Event: 262.234 Thread 0x0000021258032530 DEOPT UNPACKING pc=0x00000212484a69a3 sp=0x0000005d7b2f7c88 mode 2
Event: 262.495 Thread 0x0000021258032530 Uncommon trap: trap_request=0xfffffff4 fr.pc=0x0000021248ddf7d0 relative=0x0000000000002a50
Event: 262.495 Thread 0x0000021258032530 Uncommon trap: reason=null_check action=make_not_entrant pc=0x0000021248ddf7d0 method=java.lang.PublicMethods$MethodList.getMostSpecific()Ljava/lang/reflect/Method; @ 41 c2
Event: 262.495 Thread 0x0000021258032530 DEOPT PACKING pc=0x0000021248ddf7d0 sp=0x0000005d7b2f4430
Event: 262.495 Thread 0x0000021258032530 DEOPT UNPACKING pc=0x00000212484a69a3 sp=0x0000005d7b2f4320 mode 2
Event: 262.567 Thread 0x0000021258032530 Uncommon trap: trap_request=0xfffffff4 fr.pc=0x0000021248dd98c4 relative=0x00000000000009a4
Event: 262.567 Thread 0x0000021258032530 Uncommon trap: reason=null_check action=make_not_entrant pc=0x0000021248dd98c4 method=com.sun.beans.introspect.MethodInfo$MethodOrder.compare(Ljava/lang/reflect/Method;Ljava/lang/reflect/Method;)I @ 133 c2
Event: 262.567 Thread 0x0000021258032530 DEOPT PACKING pc=0x0000021248dd98c4 sp=0x0000005d7b2f4f20
Event: 262.567 Thread 0x0000021258032530 DEOPT UNPACKING pc=0x00000212484a69a3 sp=0x0000005d7b2f4e50 mode 2
Event: 262.567 Thread 0x0000021258032530 Uncommon trap: trap_request=0xfffffff4 fr.pc=0x0000021248dd85a0 relative=0x0000000000000920
Event: 262.567 Thread 0x0000021258032530 Uncommon trap: reason=null_check action=make_not_entrant pc=0x0000021248dd85a0 method=com.sun.beans.introspect.MethodInfo$MethodOrder.compare(Ljava/lang/reflect/Method;Ljava/lang/reflect/Method;)I @ 133 c2
Event: 262.567 Thread 0x0000021258032530 DEOPT PACKING pc=0x0000021248dd85a0 sp=0x0000005d7b2f4e90
Event: 262.567 Thread 0x0000021258032530 DEOPT UNPACKING pc=0x00000212484a69a3 sp=0x0000005d7b2f4e48 mode 2

Classes unloaded (0 events):
No events

Classes redefined (0 events):
No events

Internal exceptions (20 events):
Event: 262.155 Thread 0x0000021258032530 Exception <a 'java/lang/ClassNotFoundException'{0x00000000871edd60}: com/android/build/gradle/AppExtensionBeanInfo> (0x00000000871edd60) 
thrown [s\src\hotspot\share\classfile\systemDictionary.cpp, line 256]
Event: 262.159 Thread 0x0000021258032530 Exception <a 'java/lang/ClassNotFoundException'{0x00000000871f8ce0}: com/android/build/gradle/AbstractAppExtensionBeanInfo> (0x00000000871f8ce0) 
thrown [s\src\hotspot\share\classfile\systemDictionary.cpp, line 256]
Event: 262.160 Thread 0x0000021258032530 Exception <a 'java/lang/ClassNotFoundException'{0x00000000870041a8}: com/android/build/gradle/TestedExtensionBeanInfo> (0x00000000870041a8) 
thrown [s\src\hotspot\share\classfile\systemDictionary.cpp, line 256]
Event: 262.172 Thread 0x0000021258032530 Exception <a 'java/lang/ClassNotFoundException'{0x000000008700f050}: com/android/build/gradle/BaseExtensionBeanInfo> (0x000000008700f050) 
thrown [s\src\hotspot\share\classfile\systemDictionary.cpp, line 256]
Event: 262.172 Thread 0x0000021258032530 Exception <a 'java/lang/ClassNotFoundException'{0x0000000087019f40}: com/android/build/gradle/BaseExtensionCustomizer> (0x0000000087019f40) 
thrown [s\src\hotspot\share\classfile\systemDictionary.cpp, line 256]
Event: 262.180 Thread 0x0000021258032530 Exception <a 'java/lang/ClassNotFoundException'{0x000000008707cd50}: com/android/build/gradle/TestedExtensionCustomizer> (0x000000008707cd50) 
thrown [s\src\hotspot\share\classfile\systemDictionary.cpp, line 256]
Event: 262.187 Thread 0x0000021258032530 Exception <a 'java/lang/ClassNotFoundException'{0x00000000870a1d00}: com/android/build/gradle/AbstractAppExtensionCustomizer> (0x00000000870a1d00) 
thrown [s\src\hotspot\share\classfile\systemDictionary.cpp, line 256]
Event: 262.191 Thread 0x0000021258032530 Exception <a 'java/lang/ClassNotFoundException'{0x00000000870c2d18}: com/android/build/gradle/AppExtensionCustomizer> (0x00000000870c2d18) 
thrown [s\src\hotspot\share\classfile\systemDictionary.cpp, line 256]
Event: 262.193 Thread 0x0000021258032530 Exception <a 'java/lang/ClassNotFoundException'{0x00000000870e2858}: com/android/build/gradle/internal/dsl/BaseAppModuleExtensionCustomizer> (0x00000000870e2858) 
thrown [s\src\hotspot\share\classfile\systemDictionary.cpp, line 256]
Event: 262.229 Thread 0x0000021258032530 Exception <a 'java/lang/ClassNotFoundException'{0x0000000086fc5178}: com/android/build/gradle/internal/dsl/BaseAppModuleExtension_DecoratedCustomizer> (0x0000000086fc5178) 
thrown [s\src\hotspot\share\classfile\systemDictionary.cpp, line 256]
Event: 262.549 Thread 0x0000021258032530 Exception <a 'java/lang/ClassNotFoundException'{0x0000000085f5a308}: com/android/build/gradle/internal/dsl/DefaultConfig$AgpDecorated_DecoratedBeanInfo> (0x0000000085f5a308) 
thrown [s\src\hotspot\share\classfile\systemDictionary.cpp, line 256]
Event: 262.553 Thread 0x0000021258032530 Exception <a 'java/lang/ClassNotFoundException'{0x0000000085f66928}: com/android/build/gradle/internal/dsl/DefaultConfig$AgpDecoratedBeanInfo> (0x0000000085f66928) 
thrown [s\src\hotspot\share\classfile\systemDictionary.cpp, line 256]
Event: 262.556 Thread 0x0000021258032530 Exception <a 'java/lang/ClassNotFoundException'{0x0000000085f72d98}: com/android/build/gradle/internal/dsl/DefaultConfigBeanInfo> (0x0000000085f72d98) 
thrown [s\src\hotspot\share\classfile\systemDictionary.cpp, line 256]
Event: 262.557 Thread 0x0000021258032530 Exception <a 'java/lang/ClassNotFoundException'{0x0000000085f7f1a0}: com/android/build/gradle/internal/dsl/BaseFlavorBeanInfo> (0x0000000085f7f1a0) 
thrown [s\src\hotspot\share\classfile\systemDictionary.cpp, line 256]
Event: 262.558 Thread 0x0000021258032530 Exception <a 'java/lang/ClassNotFoundException'{0x0000000085f8b678}: com/android/builder/core/AbstractProductFlavorBeanInfo> (0x0000000085f8b678) 
thrown [s\src\hotspot\share\classfile\systemDictionary.cpp, line 256]
Event: 262.560 Thread 0x0000021258032530 Exception <a 'java/lang/ClassNotFoundException'{0x0000000085f97938}: com/android/builder/internal/BaseConfigImplBeanInfo> (0x0000000085f97938) 
thrown [s\src\hotspot\share\classfile\systemDictionary.cpp, line 256]
Event: 262.567 Thread 0x0000021258032530 Exception <a 'java/lang/ClassNotFoundException'{0x0000000085fa3bc8}: com/android/builder/internal/BaseConfigImplCustomizer> (0x0000000085fa3bc8) 
thrown [s\src\hotspot\share\classfile\systemDictionary.cpp, line 256]
Event: 262.567 Thread 0x0000021258032530 Implicit null exception at 0x0000021248dd9255 to 0x0000021248dd98b0
Event: 262.567 Thread 0x0000021258032530 Implicit null exception at 0x0000021248dd7f8c to 0x0000021248dd858c
Event: 262.571 Thread 0x0000021258032530 Exception <a 'java/lang/ClassNotFoundException'{0x0000000085fcf480}: com/android/builder/core/AbstractProductFlavorCustomizer> (0x0000000085fcf480) 
thrown [s\src\hotspot\share\classfile\systemDictionary.cpp, line 256]

VM Operations (20 events):
Event: 252.926 Executing VM operation: G1TryInitiateConcMark
Event: 253.037 Executing VM operation: G1TryInitiateConcMark done
Event: 254.043 Executing VM operation: Cleanup
Event: 254.048 Executing VM operation: Cleanup done
Event: 254.124 Executing VM operation: G1Concurrent
Event: 254.353 Executing VM operation: G1Concurrent done
Event: 254.400 Executing VM operation: G1Concurrent
Event: 254.418 Executing VM operation: G1Concurrent done
Event: 255.418 Executing VM operation: Cleanup
Event: 255.435 Executing VM operation: Cleanup done
Event: 255.678 Executing VM operation: HandshakeAllThreads
Event: 255.678 Executing VM operation: HandshakeAllThreads done
Event: 256.689 Executing VM operation: Cleanup
Event: 256.690 Executing VM operation: Cleanup done
Event: 257.691 Executing VM operation: Cleanup
Event: 257.708 Executing VM operation: Cleanup done
Event: 258.711 Executing VM operation: Cleanup
Event: 258.711 Executing VM operation: Cleanup done
Event: 261.736 Executing VM operation: Cleanup
Event: 261.765 Executing VM operation: Cleanup done

Events (20 events):
Event: 256.037 loading class java/util/Stack done
Event: 256.101 loading class org/xml/sax/ContentHandler
Event: 256.101 loading class org/xml/sax/ContentHandler done
Event: 256.101 loading class org/xml/sax/EntityResolver
Event: 256.101 loading class org/xml/sax/EntityResolver done
Event: 256.101 loading class org/xml/sax/DTDHandler
Event: 256.101 loading class org/xml/sax/DTDHandler done
Event: 256.182 loading class java/util/Spliterators$IntArraySpliterator
Event: 256.202 loading class java/util/Spliterators$IntArraySpliterator done
Event: 256.265 loading class java/text/ParsePosition
Event: 256.266 loading class java/text/ParsePosition done
Event: 256.344 loading class java/text/CharacterIterator
Event: 256.344 loading class java/text/CharacterIterator done
Event: 256.691 loading class java/time/format/DateTimeFormatterBuilder$WeekBasedFieldPrinterParser
Event: 256.691 loading class java/time/format/DateTimeFormatterBuilder$WeekBasedFieldPrinterParser done
Event: 256.747 loading class com/sun/jmx/mbeanserver/StandardMBeanSupport
Event: 256.748 loading class com/sun/jmx/mbeanserver/StandardMBeanSupport done
Event: 256.748 loading class com/sun/jmx/mbeanserver/StandardMBeanIntrospector
Event: 256.757 loading class com/sun/jmx/mbeanserver/StandardMBeanIntrospector done
Event: 260.984 Thread 0x000002125ae4b1c0 Thread added: 0x000002125ae4b1c0


Dynamic libraries:
0x00007ff7ac340000 - 0x00007ff7ac34a000 	C:\Program Files\Android\Android Studio\jbr\bin\java.exe
0x00007ffb09f90000 - 0x00007ffb0a1a4000 	C:\WINDOWS\SYSTEM32\ntdll.dll
0x00007ffb09670000 - 0x00007ffb09732000 	C:\WINDOWS\System32\KERNEL32.DLL
0x00007ffb07720000 - 0x00007ffb07ac3000 	C:\WINDOWS\System32\KERNELBASE.dll
0x00007ffb07600000 - 0x00007ffb07711000 	C:\WINDOWS\System32\ucrtbase.dll
0x00007ffafbd50000 - 0x00007ffafbd67000 	C:\Program Files\Android\Android Studio\jbr\bin\jli.dll
0x00007ffb08320000 - 0x00007ffb084cb000 	C:\WINDOWS\System32\USER32.dll
0x00007ffb02770000 - 0x00007ffb0278b000 	C:\Program Files\Android\Android Studio\jbr\bin\VCRUNTIME140.dll
0x00007ffb07390000 - 0x00007ffb073b6000 	C:\WINDOWS\System32\win32u.dll
0x00007ffb09520000 - 0x00007ffb09549000 	C:\WINDOWS\System32\GDI32.dll
0x00007ffb073c0000 - 0x00007ffb074d9000 	C:\WINDOWS\System32\gdi32full.dll
0x00007ffb07560000 - 0x00007ffb075fa000 	C:\WINDOWS\System32\msvcp_win.dll
0x00007ffaf4350000 - 0x00007ffaf45de000 	C:\WINDOWS\WinSxS\amd64_microsoft.windows.common-controls_6595b64144ccf1df_6.0.22621.1635_none_270f70857386168e\COMCTL32.dll
0x00007ffb09b00000 - 0x00007ffb09ba7000 	C:\WINDOWS\System32\msvcrt.dll
0x00007ffb093d0000 - 0x00007ffb09401000 	C:\WINDOWS\System32\IMM32.DLL
0x00007ffafec10000 - 0x00007ffafec1c000 	C:\Program Files\Android\Android Studio\jbr\bin\vcruntime140_1.dll
0x00007ffae1b40000 - 0x00007ffae1bcd000 	C:\Program Files\Android\Android Studio\jbr\bin\msvcp140.dll
0x00007ffabd040000 - 0x00007ffabdcad000 	C:\Program Files\Android\Android Studio\jbr\bin\server\jvm.dll
0x00007ffb09470000 - 0x00007ffb0951e000 	C:\WINDOWS\System32\ADVAPI32.dll
0x00007ffb09e10000 - 0x00007ffb09eb4000 	C:\WINDOWS\System32\sechost.dll
0x00007ffb08200000 - 0x00007ffb08317000 	C:\WINDOWS\System32\RPCRT4.dll
0x00007ffae1500000 - 0x00007ffae1509000 	C:\WINDOWS\SYSTEM32\WSOCK32.dll
0x00007ffb09bb0000 - 0x00007ffb09c21000 	C:\WINDOWS\System32\WS2_32.dll
0x00007ffafebd0000 - 0x00007ffafec04000 	C:\WINDOWS\SYSTEM32\WINMM.dll
0x00007ffaff580000 - 0x00007ffaff58a000 	C:\WINDOWS\SYSTEM32\VERSION.dll
0x00007ffb063e0000 - 0x00007ffb063f8000 	C:\WINDOWS\SYSTEM32\kernel.appcore.dll
0x00007ffae14f0000 - 0x00007ffae14fa000 	C:\Program Files\Android\Android Studio\jbr\bin\jimage.dll
0x00007ffb04eb0000 - 0x00007ffb050de000 	C:\WINDOWS\SYSTEM32\DBGHELP.DLL
0x00007ffb09040000 - 0x00007ffb093c9000 	C:\WINDOWS\System32\combase.dll
0x00007ffb09990000 - 0x00007ffb09a67000 	C:\WINDOWS\System32\OLEAUT32.dll
0x00007ffaeab50000 - 0x00007ffaeab82000 	C:\WINDOWS\SYSTEM32\dbgcore.DLL
0x00007ffb074e0000 - 0x00007ffb0755b000 	C:\WINDOWS\System32\bcryptPrimitives.dll
0x00007ffabd010000 - 0x00007ffabd035000 	C:\Program Files\Android\Android Studio\jbr\bin\java.dll
0x00007ffac0b90000 - 0x00007ffac0ba8000 	C:\Program Files\Android\Android Studio\jbr\bin\zip.dll
0x00007ffb086d0000 - 0x00007ffb08eca000 	C:\WINDOWS\System32\SHELL32.dll
0x00007ffb05390000 - 0x00007ffb05c5e000 	C:\WINDOWS\SYSTEM32\windows.storage.dll
0x00007ffb050e0000 - 0x00007ffb0521e000 	C:\WINDOWS\SYSTEM32\wintypes.dll
0x00007ffb09740000 - 0x00007ffb09831000 	C:\WINDOWS\System32\SHCORE.dll
0x00007ffb084d0000 - 0x00007ffb0852e000 	C:\WINDOWS\System32\shlwapi.dll
0x00007ffb072c0000 - 0x00007ffb072e1000 	C:\WINDOWS\SYSTEM32\profapi.dll
0x00007ffabcff0000 - 0x00007ffabd009000 	C:\Program Files\Android\Android Studio\jbr\bin\net.dll
0x00007ffafe140000 - 0x00007ffafe277000 	C:\WINDOWS\SYSTEM32\WINHTTP.dll
0x00007ffb06850000 - 0x00007ffb068b9000 	C:\WINDOWS\system32\mswsock.dll
0x00007ffabcfd0000 - 0x00007ffabcfe6000 	C:\Program Files\Android\Android Studio\jbr\bin\nio.dll
0x00007ffabcd70000 - 0x00007ffabcd80000 	C:\Program Files\Android\Android Studio\jbr\bin\verify.dll
0x00007ffaf78f0000 - 0x00007ffaf7917000 	C:\Users\leana\.gradle\native\68d5fa5c4cc2d200863cafc0d521ce42e7d3e7ee720ec0a83991735586a16f82\windows-amd64\native-platform.dll
0x00007ffada320000 - 0x00007ffada464000 	C:\Users\leana\.gradle\native\e376f236ea51e6404a007f0833ffe2c6e607c4080706a723a18a27aeea778392\windows-amd64\native-platform-file-events.dll
0x00007ffabcfc0000 - 0x00007ffabcfc9000 	C:\Program Files\Android\Android Studio\jbr\bin\management.dll
0x00007ffabcfb0000 - 0x00007ffabcfbb000 	C:\Program Files\Android\Android Studio\jbr\bin\management_ext.dll
0x00007ffb09f40000 - 0x00007ffb09f48000 	C:\WINDOWS\System32\PSAPI.DLL
0x00007ffb06ac0000 - 0x00007ffb06adb000 	C:\WINDOWS\SYSTEM32\CRYPTSP.dll
0x00007ffb06350000 - 0x00007ffb06385000 	C:\WINDOWS\system32\rsaenh.dll
0x00007ffb06950000 - 0x00007ffb06978000 	C:\WINDOWS\SYSTEM32\USERENV.dll
0x00007ffb06c70000 - 0x00007ffb06c98000 	C:\WINDOWS\SYSTEM32\bcrypt.dll
0x00007ffb06ab0000 - 0x00007ffb06abc000 	C:\WINDOWS\SYSTEM32\CRYPTBASE.dll
0x00007ffb05ec0000 - 0x00007ffb05eed000 	C:\WINDOWS\SYSTEM32\IPHLPAPI.DLL
0x00007ffb09550000 - 0x00007ffb09559000 	C:\WINDOWS\System32\NSI.dll
0x00007ffafe3d0000 - 0x00007ffafe3e9000 	C:\WINDOWS\SYSTEM32\dhcpcsvc6.DLL
0x00007ffafe100000 - 0x00007ffafe11f000 	C:\WINDOWS\SYSTEM32\dhcpcsvc.DLL
0x00007ffb05f30000 - 0x00007ffb06023000 	C:\WINDOWS\SYSTEM32\DNSAPI.dll
0x00007ffabcc30000 - 0x00007ffabcc38000 	C:\WINDOWS\system32\wshunix.dll

dbghelp: loaded successfully - version: 4.0.5 - missing functions: none
symbol engine: initialized successfully - sym options: 0x614 - pdb path: .;C:\Program Files\Android\Android Studio\jbr\bin;C:\WINDOWS\SYSTEM32;C:\WINDOWS\WinSxS\amd64_microsoft.windows.common-controls_6595b64144ccf1df_6.0.22621.1635_none_270f70857386168e;C:\Program Files\Android\Android Studio\jbr\bin\server;C:\Users\leana\.gradle\native\68d5fa5c4cc2d200863cafc0d521ce42e7d3e7ee720ec0a83991735586a16f82\windows-amd64;C:\Users\leana\.gradle\native\e376f236ea51e6404a007f0833ffe2c6e607c4080706a723a18a27aeea778392\windows-amd64

VM Arguments:
jvm_args: --add-opens=java.base/java.util=ALL-UNNAMED --add-opens=java.base/java.lang=ALL-UNNAMED --add-opens=java.base/java.lang.invoke=ALL-UNNAMED --add-opens=java.prefs/java.util.prefs=ALL-UNNAMED --add-opens=java.base/java.nio.charset=ALL-UNNAMED --add-opens=java.base/java.net=ALL-UNNAMED --add-opens=java.base/java.util.concurrent.atomic=ALL-UNNAMED -Xmx2048m -Dfile.encoding=UTF-8 -Duser.country=CO -Duser.language=es -Duser.variant 
java_command: org.gradle.launcher.daemon.bootstrap.GradleDaemon 7.6
java_class_path (initial): C:\Users\leana\.gradle\wrapper\dists\gradle-7.6-bin\9l9tetv7ltxvx3i8an4pb86ye\gradle-7.6\lib\gradle-launcher-7.6.jar
Launcher Type: SUN_STANDARD

[Global flags]
     intx CICompilerCount                          = 3                                         {product} {ergonomic}
     uint ConcGCThreads                            = 1                                         {product} {ergonomic}
     uint G1ConcRefinementThreads                  = 4                                         {product} {ergonomic}
   size_t G1HeapRegionSize                         = 1048576                                   {product} {ergonomic}
    uintx GCDrainStackTargetSize                   = 64                                        {product} {ergonomic}
   size_t InitialHeapSize                          = 58720256                                  {product} {ergonomic}
   size_t MarkStackSize                            = 4194304                                   {product} {ergonomic}
   size_t MaxHeapSize                              = 2147483648                                {product} {command line}
   size_t MaxNewSize                               = 1287651328                                {product} {ergonomic}
   size_t MinHeapDeltaBytes                        = 1048576                                   {product} {ergonomic}
   size_t MinHeapSize                              = 8388608                                   {product} {ergonomic}
    uintx NonNMethodCodeHeapSize                   = 5832780                                {pd product} {ergonomic}
    uintx NonProfiledCodeHeapSize                  = 122912730                              {pd product} {ergonomic}
    uintx ProfiledCodeHeapSize                     = 122912730                              {pd product} {ergonomic}
    uintx ReservedCodeCacheSize                    = 251658240                              {pd product} {ergonomic}
     bool SegmentedCodeCache                       = true                                      {product} {ergonomic}
   size_t SoftMaxHeapSize                          = 2147483648                             {manageable} {ergonomic}
     bool UseCompressedClassPointers               = true                           {product lp64_product} {ergonomic}
     bool UseCompressedOops                        = true                           {product lp64_product} {ergonomic}
     bool UseG1GC                                  = true                                      {product} {ergonomic}
     bool UseLargePagesIndividualAllocation        = false                                  {pd product} {ergonomic}

Logging:
Log output configuration:
 #0: stdout all=warning uptime,level,tags
 #1: stderr all=off uptime,level,tags

Environment Variables:
PATH=C:\Python311\Scripts\;C:\Python311\;C:\WINDOWS\system32;C:\WINDOWS;C:\WINDOWS\System32\Wbem;C:\WINDOWS\System32\WindowsPowerShell\v1.0\;C:\WINDOWS\System32\OpenSSH\;C:\Program Files\dotnet\;C:\ProgramData\chocolatey\bin;C:\Program Files\Git\cmd;C:\Program Files\Git\get;C:\Users\leana\AppData\Roaming\nvm;C:\Program Files\nodejs;C:\Program Files\MySQL\MySQL Shell 8.0\bin\;C:\Users\leana\AppData\Local\Microsoft\WindowsApps;C:\Users\leana\AppData\Local\Programs\Microsoft VS Code\bin;C:\Users\leana\.dotnet\tools;C:\Users\leana\AppData\Roaming\npm;C:\Users\leana\AppData\Roaming\nvm;C:\Program Files\nodejs
USERNAME=leana
OS=Windows_NT
PROCESSOR_IDENTIFIER=AMD64 Family 23 Model 24 Stepping 1, AuthenticAMD
TMP=C:\Users\leana\AppData\Local\Temp
TEMP=C:\Users\leana\AppData\Local\Temp



---------------  S Y S T E M  ---------------

OS:
 Windows 11 , 64 bit Build 22621 (10.0.22621.1778)
OS uptime: 0 days 1:10 hours

CPU: total 4 (initial active 4) (4 cores per cpu, 2 threads per core) family 23 model 24 stepping 1 microcode 0x0, cx8, cmov, fxsr, ht, mmx, 3dnowpref, sse, sse2, sse3, ssse3, sse4a, sse4.1, sse4.2, popcnt, lzcnt, tsc, tscinvbit, avx, avx2, aes, clmul, bmi1, bmi2, adx, sha, fma, vzeroupper, clflush, clflushopt

Memory: 4k page, system-wide physical 3521M (112M free)
TotalPageFile size 14273M (AvailPageFile size 17M)
current process WorkingSet (physical memory assigned to process): 222M, peak: 222M
current process commit charge ("private bytes"): 365M, peak: 370M

vm_info: OpenJDK 64-Bit Server VM (17.0.6+0-b2043.56-9586694) for windows-amd64 JRE (17.0.6+0-b2043.56-9586694), built on Feb  9 2023 20:06:20 by "androidbuild" with MS VC++ 16.10 / 16.11 (VS2019)

END.
