#
# There is insufficient memory for the Java Runtime Environment to continue.
# Native memory allocation (malloc) failed to allocate 2115712 bytes for Chunk::new
# Possible reasons:
#   The system is out of physical RAM or swap space
#   The process is running with CompressedOops enabled, and the Java Heap may be blocking the growth of the native heap
# Possible solutions:
#   Reduce memory load on the system
#   Increase physical memory or swap space
#   Check if swap backing store is full
#   Decrease Java heap size (-Xmx/-Xms)
#   Decrease number of Java threads
#   Decrease Java thread stack sizes (-Xss)
#   Set larger code cache with -XX:ReservedCodeCacheSize=
#   JVM is running with Unscaled Compressed Oops mode in which the Java heap is
#     placed in the first 4GB address space. The Java Heap base address is the
#     maximum limit for the native heap growth. Please use -XX:HeapBaseMinAddress
#     to set the Java Heap base and to place the Java Heap above 4GB virtual address.
# This output file may be truncated or incomplete.
#
#  Out of Memory Error (arena.cpp:189), pid=14944, tid=15180
#
# JRE version: OpenJDK Runtime Environment (17.0.6) (build 17.0.6+0-b2043.56-9586694)
# Java VM: OpenJDK 64-Bit Server VM (17.0.6+0-b2043.56-9586694, mixed mode, tiered, compressed oops, compressed class ptrs, g1 gc, windows-amd64)
# No core dump will be written. Minidumps are not enabled by default on client versions of Windows
#

---------------  S U M M A R Y ------------

Command Line: --add-opens=java.base/java.util=ALL-UNNAMED --add-opens=java.base/java.lang=ALL-UNNAMED --add-opens=java.base/java.lang.invoke=ALL-UNNAMED --add-opens=java.prefs/java.util.prefs=ALL-UNNAMED --add-opens=java.base/java.nio.charset=ALL-UNNAMED --add-opens=java.base/java.net=ALL-UNNAMED --add-opens=java.base/java.util.concurrent.atomic=ALL-UNNAMED -Xmx2048m -Dfile.encoding=UTF-8 -Duser.country=CO -Duser.language=es -Duser.variant org.gradle.launcher.daemon.bootstrap.GradleDaemon 7.6

Host: AMD Ryzen 3 3250U with Radeon Graphics         , 4 cores, 3G,  Windows 11 , 64 bit Build 22621 (10.0.22621.1778)
Time: Mon Jun 26 10:39:06 2023 Hora est. Pacífico, Sudamérica elapsed time: 92.275310 seconds (0d 0h 1m 32s)

---------------  T H R E A D  ---------------

Current thread (0x000001ff220040a0):  JavaThread "C2 CompilerThread0" daemon [_thread_in_native, id=15180, stack(0x000000ce10900000,0x000000ce10a00000)]


Current CompileTask:
C2:  92275 2928       4       java.lang.invoke.MethodType::makeImpl (109 bytes)

Stack: [0x000000ce10900000,0x000000ce10a00000]
Native frames: (J=compiled Java code, j=interpreted, Vv=VM code, C=native code)
V  [jvm.dll+0x683b4a]
V  [jvm.dll+0x842654]
V  [jvm.dll+0x843dfe]
V  [jvm.dll+0x844463]
V  [jvm.dll+0x249b75]
V  [jvm.dll+0xabcac]
V  [jvm.dll+0xac27c]
V  [jvm.dll+0x368857]
V  [jvm.dll+0x332f31]
V  [jvm.dll+0x3323da]
V  [jvm.dll+0x21c201]
V  [jvm.dll+0x21b621]
V  [jvm.dll+0x1a4fdd]
V  [jvm.dll+0x22b098]
V  [jvm.dll+0x229159]
V  [jvm.dll+0x7f809c]
V  [jvm.dll+0x7f25fa]
V  [jvm.dll+0x682985]
C  [ucrtbase.dll+0x29363]
C  [KERNEL32.DLL+0x126ad]
C  [ntdll.dll+0x5a9f8]


---------------  P R O C E S S  ---------------

Threads class SMR info:
_java_thread_list=0x000001ff25bb3a60, length=35, elements={
0x000001ff07ed7ee0, 0x000001ff21482270, 0x000001ff21482e20, 0x000001ff2146aab0,
0x000001ff2146b660, 0x000001ff2146c210, 0x000001ff2146cbc0, 0x000001ff220040a0,
0x000001ff2204c320, 0x000001ff2204cfd0, 0x000001ff2218b840, 0x000001ff22190530,
0x000001ff23643a30, 0x000001ff22bf1cf0, 0x000001ff22e0bd90, 0x000001ff23911410,
0x000001ff22ecad60, 0x000001ff22ecc0a0, 0x000001ff22eca890, 0x000001ff22ec9550,
0x000001ff22ec86e0, 0x000001ff22ec8bb0, 0x000001ff22ecb230, 0x000001ff22ecbbd0,
0x000001ff22eca3c0, 0x000001ff22ec9a20, 0x000001ff22ecb700, 0x000001ff22ec9ef0,
0x000001ff2371ee00, 0x000001ff23718420, 0x000001ff2371c2b0, 0x000001ff237188f0,
0x000001ff2371b440, 0x000001ff2371c780, 0x000001ff2371aaa0
}

Java Threads: ( => current thread )
  0x000001ff07ed7ee0 JavaThread "main" [_thread_blocked, id=15080, stack(0x000000ce0fc00000,0x000000ce0fd00000)]
  0x000001ff21482270 JavaThread "Reference Handler" daemon [_thread_blocked, id=15156, stack(0x000000ce10300000,0x000000ce10400000)]
  0x000001ff21482e20 JavaThread "Finalizer" daemon [_thread_blocked, id=15160, stack(0x000000ce10400000,0x000000ce10500000)]
  0x000001ff2146aab0 JavaThread "Signal Dispatcher" daemon [_thread_blocked, id=15164, stack(0x000000ce10500000,0x000000ce10600000)]
  0x000001ff2146b660 JavaThread "Attach Listener" daemon [_thread_blocked, id=15168, stack(0x000000ce10600000,0x000000ce10700000)]
  0x000001ff2146c210 JavaThread "Service Thread" daemon [_thread_blocked, id=15172, stack(0x000000ce10700000,0x000000ce10800000)]
  0x000001ff2146cbc0 JavaThread "Monitor Deflation Thread" daemon [_thread_blocked, id=15176, stack(0x000000ce10800000,0x000000ce10900000)]
=>0x000001ff220040a0 JavaThread "C2 CompilerThread0" daemon [_thread_in_native, id=15180, stack(0x000000ce10900000,0x000000ce10a00000)]
  0x000001ff2204c320 JavaThread "C1 CompilerThread0" daemon [_thread_blocked, id=15196, stack(0x000000ce10a00000,0x000000ce10b00000)]
  0x000001ff2204cfd0 JavaThread "Sweeper thread" daemon [_thread_blocked, id=15252, stack(0x000000ce10b00000,0x000000ce10c00000)]
  0x000001ff2218b840 JavaThread "Common-Cleaner" daemon [_thread_blocked, id=9348, stack(0x000000ce10c00000,0x000000ce10d00000)]
  0x000001ff22190530 JavaThread "Notification Thread" daemon [_thread_blocked, id=14596, stack(0x000000ce10d00000,0x000000ce10e00000)]
  0x000001ff23643a30 JavaThread "Daemon health stats" [_thread_blocked, id=16256, stack(0x000000ce11200000,0x000000ce11300000)]
  0x000001ff22bf1cf0 JavaThread "Incoming local TCP Connector on port 57457" [_thread_in_native, id=16344, stack(0x000000ce11300000,0x000000ce11400000)]
  0x000001ff22e0bd90 JavaThread "Daemon periodic checks" [_thread_blocked, id=16376, stack(0x000000ce0fa00000,0x000000ce0fb00000)]
  0x000001ff23911410 JavaThread "Daemon" [_thread_blocked, id=2568, stack(0x000000ce11400000,0x000000ce11500000)]
  0x000001ff22ecad60 JavaThread "Handler for socket connection from /127.0.0.1:57457 to /127.0.0.1:57463" [_thread_in_native, id=6836, stack(0x000000ce11500000,0x000000ce11600000)]
  0x000001ff22ecc0a0 JavaThread "Cancel handler" [_thread_blocked, id=9456, stack(0x000000ce11600000,0x000000ce11700000)]
  0x000001ff22eca890 JavaThread "Daemon worker" [_thread_blocked, id=14768, stack(0x000000ce11700000,0x000000ce11800000)]
  0x000001ff22ec9550 JavaThread "Asynchronous log dispatcher for DefaultDaemonConnection: socket connection from /127.0.0.1:57457 to /127.0.0.1:57463" [_thread_blocked, id=13900, stack(0x000000ce11800000,0x000000ce11900000)]
  0x000001ff22ec86e0 JavaThread "Stdin handler" [_thread_blocked, id=14208, stack(0x000000ce11900000,0x000000ce11a00000)]
  0x000001ff22ec8bb0 JavaThread "Daemon client event forwarder" [_thread_blocked, id=8164, stack(0x000000ce11a00000,0x000000ce11b00000)]
  0x000001ff22ecb230 JavaThread "Cache worker for journal cache (C:\Users\leana\.gradle\caches\journal-1)" [_thread_blocked, id=9792, stack(0x000000ce11b00000,0x000000ce11c00000)]
  0x000001ff22ecbbd0 JavaThread "File lock request listener" [_thread_in_native, id=14020, stack(0x000000ce11c00000,0x000000ce11d00000)]
  0x000001ff22eca3c0 JavaThread "File lock release action executor" [_thread_blocked, id=14052, stack(0x000000ce11d00000,0x000000ce11e00000)]
  0x000001ff22ec9a20 JavaThread "Cache worker for file hash cache (C:\Users\leana\.gradle\caches\7.6\fileHashes)" [_thread_blocked, id=12460, stack(0x000000ce11e00000,0x000000ce11f00000)]
  0x000001ff22ecb700 JavaThread "File watcher server" daemon [_thread_in_native, id=15816, stack(0x000000ce11f00000,0x000000ce12000000)]
  0x000001ff22ec9ef0 JavaThread "File watcher consumer" daemon [_thread_blocked, id=11884, stack(0x000000ce12000000,0x000000ce12100000)]
  0x000001ff2371ee00 JavaThread "Cache worker for checksums cache (C:\Users\leana\AndroidStudioProjects\ProcexApp2\.gradle\7.6\checksums)" [_thread_blocked, id=6596, stack(0x000000ce12300000,0x000000ce12400000)]
  0x000001ff23718420 JavaThread "Cache worker for cache directory md-rule (C:\Users\leana\.gradle\caches\7.6\md-rule)" [_thread_blocked, id=15708, stack(0x000000ce12400000,0x000000ce12500000)]
  0x000001ff2371c2b0 JavaThread "Cache worker for file content cache (C:\Users\leana\.gradle\caches\7.6\fileContent)" [_thread_blocked, id=15288, stack(0x000000ce12500000,0x000000ce12600000)]
  0x000001ff237188f0 JavaThread "Cache worker for file hash cache (C:\Users\leana\AndroidStudioProjects\ProcexApp2\.gradle\7.6\fileHashes)" [_thread_blocked, id=15652, stack(0x000000ce12600000,0x000000ce12700000)]
  0x000001ff2371b440 JavaThread "Cache worker for cache directory md-supplier (C:\Users\leana\.gradle\caches\7.6\md-supplier)" [_thread_blocked, id=10592, stack(0x000000ce12700000,0x000000ce12800000)]
  0x000001ff2371c780 JavaThread "Cache worker for execution history cache (C:\Users\leana\.gradle\caches\7.6\executionHistory)" [_thread_blocked, id=16032, stack(0x000000ce12800000,0x000000ce12900000)]
  0x000001ff2371aaa0 JavaThread "jar transforms" [_thread_blocked, id=244, stack(0x000000ce0fb00000,0x000000ce0fc00000)]

Other Threads:
  0x000001ff2145de80 VMThread "VM Thread" [stack: 0x000000ce10200000,0x000000ce10300000] [id=15132]
  0x000001ff214cecb0 WatcherThread [stack: 0x000000ce10e00000,0x000000ce10f00000] [id=10204]
  0x000001ff07f32480 GCTaskThread "GC Thread#0" [stack: 0x000000ce0fd00000,0x000000ce0fe00000] [id=15088]
  0x000001ff2250bf70 GCTaskThread "GC Thread#1" [stack: 0x000000ce10f00000,0x000000ce11000000] [id=15484]
  0x000001ff222d1010 GCTaskThread "GC Thread#2" [stack: 0x000000ce11000000,0x000000ce11100000] [id=15488]
  0x000001ff22b57f90 GCTaskThread "GC Thread#3" [stack: 0x000000ce11100000,0x000000ce11200000] [id=15868]
  0x000001ff07f433c0 ConcurrentGCThread "G1 Main Marker" [stack: 0x000000ce0fe00000,0x000000ce0ff00000] [id=15092]
  0x000001ff07f43dd0 ConcurrentGCThread "G1 Conc#0" [stack: 0x000000ce0ff00000,0x000000ce10000000] [id=15096]
  0x000001ff07f7e9c0 ConcurrentGCThread "G1 Refine#0" [stack: 0x000000ce10000000,0x000000ce10100000] [id=15100]
  0x000001ff07f7f3e0 ConcurrentGCThread "G1 Service" [stack: 0x000000ce10100000,0x000000ce10200000] [id=15104]

Threads with active compile tasks:
C2 CompilerThread0    92331 2928       4       java.lang.invoke.MethodType::makeImpl (109 bytes)

VM state: not at safepoint (normal execution)

VM Mutex/Monitor currently owned by a thread: None

Heap address: 0x0000000080000000, size: 2048 MB, Compressed Oops mode: 32-bit

CDS archive(s) not mapped
Compressed class space mapped at: 0x0000000100000000-0x0000000140000000, reserved size: 1073741824
Narrow klass base: 0x0000000000000000, Narrow klass shift: 3, Narrow klass range: 0x140000000

GC Precious Log:
 CPUs: 4 total, 4 available
 Memory: 3521M
 Large Page Support: Disabled
 NUMA Support: Disabled
 Compressed Oops: Enabled (32-bit)
 Heap Region Size: 1M
 Heap Min Capacity: 8M
 Heap Initial Capacity: 56M
 Heap Max Capacity: 2G
 Pre-touch: Disabled
 Parallel Workers: 4
 Concurrent Workers: 1
 Concurrent Refinement Workers: 4
 Periodic GC: Disabled

Heap:
 garbage-first heap   total 57344K, used 33439K [0x0000000080000000, 0x0000000100000000)
  region size 1024K, 16 young (16384K), 3 survivors (3072K)
 Metaspace       used 34014K, committed 34304K, reserved 1081344K
  class space    used 4692K, committed 4800K, reserved 1048576K

Heap Regions: E=young(eden), S=young(survivor), O=old, HS=humongous(starts), HC=humongous(continues), CS=collection set, F=free, OA=open archive, CA=closed archive, TAMS=top-at-mark-start (previous, next)
|   0|0x0000000080000000, 0x0000000080100000, 0x0000000080100000|100%| O|  |TAMS 0x0000000080100000, 0x0000000080000000| Untracked 
|   1|0x0000000080100000, 0x0000000080200000, 0x0000000080200000|100%| O|  |TAMS 0x0000000080200000, 0x0000000080100000| Untracked 
|   2|0x0000000080200000, 0x0000000080300000, 0x0000000080300000|100%|HS|  |TAMS 0x0000000080300000, 0x0000000080200000| Complete 
|   3|0x0000000080300000, 0x0000000080400000, 0x0000000080400000|100%|HC|  |TAMS 0x0000000080400000, 0x0000000080300000| Complete 
|   4|0x0000000080400000, 0x0000000080500000, 0x0000000080500000|100%|HC|  |TAMS 0x0000000080500000, 0x0000000080400000| Complete 
|   5|0x0000000080500000, 0x0000000080600000, 0x0000000080600000|100%| O|  |TAMS 0x0000000080600000, 0x0000000080500000| Untracked 
|   6|0x0000000080600000, 0x0000000080700000, 0x0000000080700000|100%| O|  |TAMS 0x0000000080700000, 0x0000000080600000| Untracked 
|   7|0x0000000080700000, 0x0000000080700000, 0x0000000080800000|  0%| F|  |TAMS 0x0000000080700000, 0x0000000080700000| Untracked 
|   8|0x0000000080800000, 0x0000000080900000, 0x0000000080900000|100%| O|  |TAMS 0x0000000080900000, 0x0000000080800000| Untracked 
|   9|0x0000000080900000, 0x0000000080a00000, 0x0000000080a00000|100%| O|  |TAMS 0x0000000080a00000, 0x0000000080900000| Untracked 
|  10|0x0000000080a00000, 0x0000000080b00000, 0x0000000080b00000|100%| O|  |TAMS 0x0000000080a00000, 0x0000000080a00000| Untracked 
|  11|0x0000000080b00000, 0x0000000080c00000, 0x0000000080c00000|100%| O|  |TAMS 0x0000000080c00000, 0x0000000080b00000| Untracked 
|  12|0x0000000080c00000, 0x0000000080d00000, 0x0000000080d00000|100%| O|  |TAMS 0x0000000080d00000, 0x0000000080c00000| Untracked 
|  13|0x0000000080d00000, 0x0000000080e00000, 0x0000000080e00000|100%| O|  |TAMS 0x0000000080d3b400, 0x0000000080d00000| Untracked 
|  14|0x0000000080e00000, 0x0000000080f00000, 0x0000000080f00000|100%| O|  |TAMS 0x0000000080e00000, 0x0000000080e00000| Untracked 
|  15|0x0000000080f00000, 0x0000000081000000, 0x0000000081000000|100%| O|  |TAMS 0x0000000080f00000, 0x0000000080f00000| Untracked 
|  16|0x0000000081000000, 0x0000000081100000, 0x0000000081100000|100%| O|  |TAMS 0x0000000081000000, 0x0000000081000000| Untracked 
|  17|0x0000000081100000, 0x0000000081200000, 0x0000000081200000|100%| O|  |TAMS 0x0000000081100000, 0x0000000081100000| Untracked 
|  18|0x0000000081200000, 0x0000000081300000, 0x0000000081300000|100%| O|  |TAMS 0x0000000081200000, 0x0000000081200000| Untracked 
|  19|0x0000000081300000, 0x000000008134b800, 0x0000000081400000| 29%| O|  |TAMS 0x0000000081300000, 0x0000000081300000| Untracked 
|  20|0x0000000081400000, 0x0000000081400000, 0x0000000081500000|  0%| F|  |TAMS 0x0000000081400000, 0x0000000081400000| Untracked 
|  21|0x0000000081500000, 0x0000000081500000, 0x0000000081600000|  0%| F|  |TAMS 0x0000000081500000, 0x0000000081500000| Untracked 
|  22|0x0000000081600000, 0x0000000081600000, 0x0000000081700000|  0%| F|  |TAMS 0x0000000081600000, 0x0000000081600000| Untracked 
|  23|0x0000000081700000, 0x0000000081700000, 0x0000000081800000|  0%| F|  |TAMS 0x0000000081700000, 0x0000000081700000| Untracked 
|  24|0x0000000081800000, 0x0000000081800000, 0x0000000081900000|  0%| F|  |TAMS 0x0000000081800000, 0x0000000081800000| Untracked 
|  25|0x0000000081900000, 0x0000000081900000, 0x0000000081a00000|  0%| F|  |TAMS 0x0000000081900000, 0x0000000081900000| Untracked 
|  26|0x0000000081a00000, 0x0000000081a00000, 0x0000000081b00000|  0%| F|  |TAMS 0x0000000081a00000, 0x0000000081a00000| Untracked 
|  27|0x0000000081b00000, 0x0000000081b00000, 0x0000000081c00000|  0%| F|  |TAMS 0x0000000081b00000, 0x0000000081b00000| Untracked 
|  28|0x0000000081c00000, 0x0000000081c00000, 0x0000000081d00000|  0%| F|  |TAMS 0x0000000081c00000, 0x0000000081c00000| Untracked 
|  29|0x0000000081d00000, 0x0000000081d00000, 0x0000000081e00000|  0%| F|  |TAMS 0x0000000081d00000, 0x0000000081d00000| Untracked 
|  30|0x0000000081e00000, 0x0000000081e5c500, 0x0000000081f00000| 36%| S|CS|TAMS 0x0000000081e00000, 0x0000000081e00000| Complete 
|  31|0x0000000081f00000, 0x0000000082000000, 0x0000000082000000|100%| S|CS|TAMS 0x0000000081f00000, 0x0000000081f00000| Complete 
|  32|0x0000000082000000, 0x0000000082000000, 0x0000000082100000|  0%| F|  |TAMS 0x0000000082000000, 0x0000000082000000| Untracked 
|  33|0x0000000082100000, 0x0000000082100000, 0x0000000082200000|  0%| F|  |TAMS 0x0000000082100000, 0x0000000082100000| Untracked 
|  34|0x0000000082200000, 0x0000000082300000, 0x0000000082300000|100%| S|CS|TAMS 0x0000000082200000, 0x0000000082200000| Complete 
|  35|0x0000000082300000, 0x0000000082300000, 0x0000000082400000|  0%| F|  |TAMS 0x0000000082300000, 0x0000000082300000| Untracked 
|  36|0x0000000082400000, 0x0000000082400000, 0x0000000082500000|  0%| F|  |TAMS 0x0000000082400000, 0x0000000082400000| Untracked 
|  37|0x0000000082500000, 0x0000000082500000, 0x0000000082600000|  0%| F|  |TAMS 0x0000000082500000, 0x0000000082500000| Untracked 
|  38|0x0000000082600000, 0x0000000082600000, 0x0000000082700000|  0%| F|  |TAMS 0x0000000082600000, 0x0000000082600000| Untracked 
|  39|0x0000000082700000, 0x0000000082700000, 0x0000000082800000|  0%| F|  |TAMS 0x0000000082700000, 0x0000000082700000| Untracked 
|  40|0x0000000082800000, 0x0000000082800000, 0x0000000082900000|  0%| F|  |TAMS 0x0000000082800000, 0x0000000082800000| Untracked 
|  41|0x0000000082900000, 0x0000000082900000, 0x0000000082a00000|  0%| F|  |TAMS 0x0000000082900000, 0x0000000082900000| Untracked 
|  42|0x0000000082a00000, 0x0000000082a00000, 0x0000000082b00000|  0%| F|  |TAMS 0x0000000082a00000, 0x0000000082a00000| Untracked 
|  43|0x0000000082b00000, 0x0000000082bc0048, 0x0000000082c00000| 75%| E|  |TAMS 0x0000000082b00000, 0x0000000082b00000| Complete 
|  44|0x0000000082c00000, 0x0000000082d00000, 0x0000000082d00000|100%| E|CS|TAMS 0x0000000082c00000, 0x0000000082c00000| Complete 
|  45|0x0000000082d00000, 0x0000000082e00000, 0x0000000082e00000|100%| E|CS|TAMS 0x0000000082d00000, 0x0000000082d00000| Complete 
|  46|0x0000000082e00000, 0x0000000082f00000, 0x0000000082f00000|100%| E|CS|TAMS 0x0000000082e00000, 0x0000000082e00000| Complete 
|  47|0x0000000082f00000, 0x0000000083000000, 0x0000000083000000|100%| E|CS|TAMS 0x0000000082f00000, 0x0000000082f00000| Complete 
|  48|0x0000000083000000, 0x0000000083100000, 0x0000000083100000|100%| E|CS|TAMS 0x0000000083000000, 0x0000000083000000| Complete 
|  49|0x0000000083100000, 0x0000000083200000, 0x0000000083200000|100%| E|CS|TAMS 0x0000000083100000, 0x0000000083100000| Complete 
|  50|0x0000000083200000, 0x0000000083300000, 0x0000000083300000|100%| E|CS|TAMS 0x0000000083200000, 0x0000000083200000| Complete 
|  51|0x0000000083300000, 0x0000000083400000, 0x0000000083400000|100%| E|CS|TAMS 0x0000000083300000, 0x0000000083300000| Complete 
|  52|0x0000000083400000, 0x0000000083500000, 0x0000000083500000|100%| E|CS|TAMS 0x0000000083400000, 0x0000000083400000| Complete 
|  53|0x0000000083500000, 0x0000000083600000, 0x0000000083600000|100%| E|CS|TAMS 0x0000000083500000, 0x0000000083500000| Complete 
|  54|0x0000000083600000, 0x0000000083700000, 0x0000000083700000|100%| E|CS|TAMS 0x0000000083600000, 0x0000000083600000| Complete 
|  55|0x0000000083700000, 0x0000000083800000, 0x0000000083800000|100%| E|CS|TAMS 0x0000000083700000, 0x0000000083700000| Complete 

Card table byte_map: [0x000001ff1a7a0000,0x000001ff1aba0000] _byte_map_base: 0x000001ff1a3a0000

Marking Bits (Prev, Next): (CMBitMap*) 0x000001ff07f32ad0, (CMBitMap*) 0x000001ff07f32a90
 Prev Bits: [0x000001ff1cfa0000, 0x000001ff1efa0000)
 Next Bits: [0x000001ff1afa0000, 0x000001ff1cfa0000)

Polling page: 0x000001ff05de0000

Metaspace:

Usage:
  Non-class:     28.63 MB used.
      Class:      4.58 MB used.
       Both:     33.22 MB used.

Virtual space:
  Non-class space:       32.00 MB reserved,      28.81 MB ( 90%) committed,  4 nodes.
      Class space:        1.00 GB reserved,       4.69 MB ( <1%) committed,  1 nodes.
             Both:        1.03 GB reserved,      33.50 MB (  3%) committed. 

Chunk freelists:
   Non-Class:  3.06 MB
       Class:  3.27 MB
        Both:  6.33 MB

MaxMetaspaceSize: unlimited
CompressedClassSpaceSize: 1.00 GB
Initial GC threshold: 21.00 MB
Current GC threshold: 35.12 MB
CDS: off
MetaspaceReclaimPolicy: balanced
 - commit_granule_bytes: 65536.
 - commit_granule_words: 8192.
 - virtual_space_node_default_size: 1048576.
 - enlarge_chunks_in_place: 1.
 - new_chunks_are_fully_committed: 0.
 - uncommit_free_chunks: 1.
 - use_allocation_guard: 0.
 - handle_deallocations: 1.


Internal statistics:

num_allocs_failed_limit: 3.
num_arena_births: 256.
num_arena_deaths: 0.
num_vsnodes_births: 5.
num_vsnodes_deaths: 0.
num_space_committed: 536.
num_space_uncommitted: 0.
num_chunks_returned_to_freelist: 3.
num_chunks_taken_from_freelist: 1198.
num_chunk_merges: 3.
num_chunk_splits: 792.
num_chunks_enlarged: 580.
num_purges: 0.
num_inconsistent_stats: 0.

CodeHeap 'non-profiled nmethods': size=120000Kb used=1452Kb max_used=1452Kb free=118547Kb
 bounds [0x000001ff12e70000, 0x000001ff130e0000, 0x000001ff1a3a0000]
CodeHeap 'profiled nmethods': size=120000Kb used=6034Kb max_used=6034Kb free=113965Kb
 bounds [0x000001ff0b3a0000, 0x000001ff0b990000, 0x000001ff128d0000]
CodeHeap 'non-nmethods': size=5760Kb used=1236Kb max_used=1266Kb free=4524Kb
 bounds [0x000001ff128d0000, 0x000001ff12b40000, 0x000001ff12e70000]
 total_blobs=3478 nmethods=2932 adapters=458
 compilation: enabled
              stopped_count=0, restarted_count=0
 full_count=0

Compilation events (20 events):
Event: 92.009 Thread 0x000001ff2204c320 2940       3       org.gradle.cache.internal.btree.FreeListBlockStore$FreeListEntry::<init> (15 bytes)
Event: 92.009 Thread 0x000001ff2204c320 nmethod 2940 0x000001ff0b97ff10 code [0x000001ff0b9800a0, 0x000001ff0b980258]
Event: 92.014 Thread 0x000001ff2204c320 2941       3       org.gradle.cache.internal.btree.BTreePersistentIndexedCache$IndexEntry::<init> (5 bytes)
Event: 92.014 Thread 0x000001ff2204c320 nmethod 2941 0x000001ff0b980310 code [0x000001ff0b9804c0, 0x000001ff0b980678]
Event: 92.014 Thread 0x000001ff2204c320 2942       3       org.gradle.cache.internal.btree.BTreePersistentIndexedCache$IndexEntry::<init> (5 bytes)
Event: 92.014 Thread 0x000001ff2204c320 nmethod 2942 0x000001ff0b980790 code [0x000001ff0b980920, 0x000001ff0b980a78]
Event: 92.169 Thread 0x000001ff2204c320 2943       3       java.net.InetSocketAddress::<init> (32 bytes)
Event: 92.170 Thread 0x000001ff2204c320 nmethod 2943 0x000001ff0b980b10 code [0x000001ff0b980d00, 0x000001ff0b981218]
Event: 92.170 Thread 0x000001ff2204c320 2944       3       java.net.InetSocketAddress::checkPort (39 bytes)
Event: 92.170 Thread 0x000001ff2204c320 nmethod 2944 0x000001ff0b981410 code [0x000001ff0b981640, 0x000001ff0b981cb8]
Event: 92.171 Thread 0x000001ff2204c320 2945       3       java.net.InetSocketAddress$InetSocketAddressHolder::isUnresolved (13 bytes)
Event: 92.171 Thread 0x000001ff2204c320 nmethod 2945 0x000001ff0b981f10 code [0x000001ff0b9820a0, 0x000001ff0b982218]
Event: 92.171 Thread 0x000001ff2204c320 2946       3       java.net.InetSocketAddress::isUnresolved (8 bytes)
Event: 92.171 Thread 0x000001ff2204c320 nmethod 2946 0x000001ff0b982290 code [0x000001ff0b982420, 0x000001ff0b9825f8]
Event: 92.182 Thread 0x000001ff2204c320 2947       3       com.google.common.cache.LocalCache::expiresAfterWrite (15 bytes)
Event: 92.182 Thread 0x000001ff2204c320 nmethod 2947 0x000001ff0b982710 code [0x000001ff0b9828a0, 0x000001ff0b982a18]
Event: 92.202 Thread 0x000001ff2204c320 2948       3       java.util.stream.AbstractPipeline::sourceSpliterator (265 bytes)
Event: 92.203 Thread 0x000001ff2204c320 nmethod 2948 0x000001ff0b982a90 code [0x000001ff0b982d20, 0x000001ff0b983c28]
Event: 92.204 Thread 0x000001ff2204c320 2949       3       org.gradle.model.internal.asm.MethodVisitorScope::_INVOKEVIRTUAL (11 bytes)
Event: 92.204 Thread 0x000001ff2204c320 nmethod 2949 0x000001ff0b984190 code [0x000001ff0b984340, 0x000001ff0b9845d8]

GC Heap History (18 events):
Event: 12.810 GC heap before
{Heap before GC invocations=0 (full 0):
 garbage-first heap   total 57344K, used 12288K [0x0000000080000000, 0x0000000100000000)
  region size 1024K, 13 young (13312K), 0 survivors (0K)
 Metaspace       used 7079K, committed 7232K, reserved 1056768K
  class space    used 608K, committed 704K, reserved 1048576K
}
Event: 13.687 GC heap after
{Heap after GC invocations=1 (full 0):
 garbage-first heap   total 57344K, used 3915K [0x0000000080000000, 0x0000000100000000)
  region size 1024K, 2 young (2048K), 2 survivors (2048K)
 Metaspace       used 7079K, committed 7232K, reserved 1056768K
  class space    used 608K, committed 704K, reserved 1048576K
}
Event: 27.979 GC heap before
{Heap before GC invocations=1 (full 0):
 garbage-first heap   total 57344K, used 20299K [0x0000000080000000, 0x0000000100000000)
  region size 1024K, 16 young (16384K), 2 survivors (2048K)
 Metaspace       used 11070K, committed 11264K, reserved 1064960K
  class space    used 1163K, committed 1280K, reserved 1048576K
}
Event: 27.990 GC heap after
{Heap after GC invocations=2 (full 0):
 garbage-first heap   total 57344K, used 9522K [0x0000000080000000, 0x0000000100000000)
  region size 1024K, 2 young (2048K), 2 survivors (2048K)
 Metaspace       used 11070K, committed 11264K, reserved 1064960K
  class space    used 1163K, committed 1280K, reserved 1048576K
}
Event: 37.592 GC heap before
{Heap before GC invocations=2 (full 0):
 garbage-first heap   total 57344K, used 26930K [0x0000000080000000, 0x0000000100000000)
  region size 1024K, 19 young (19456K), 2 survivors (2048K)
 Metaspace       used 11152K, committed 11328K, reserved 1064960K
  class space    used 1163K, committed 1280K, reserved 1048576K
}
Event: 37.596 GC heap after
{Heap after GC invocations=3 (full 0):
 garbage-first heap   total 57344K, used 9853K [0x0000000080000000, 0x0000000100000000)
  region size 1024K, 1 young (1024K), 1 survivors (1024K)
 Metaspace       used 11152K, committed 11328K, reserved 1064960K
  class space    used 1163K, committed 1280K, reserved 1048576K
}
Event: 64.045 GC heap before
{Heap before GC invocations=3 (full 0):
 garbage-first heap   total 57344K, used 39549K [0x0000000080000000, 0x0000000100000000)
  region size 1024K, 29 young (29696K), 1 survivors (1024K)
 Metaspace       used 17897K, committed 18112K, reserved 1064960K
  class space    used 2066K, committed 2176K, reserved 1048576K
}
Event: 64.110 GC heap after
{Heap after GC invocations=4 (full 0):
 garbage-first heap   total 57344K, used 16621K [0x0000000080000000, 0x0000000100000000)
  region size 1024K, 4 young (4096K), 4 survivors (4096K)
 Metaspace       used 17897K, committed 18112K, reserved 1064960K
  class space    used 2066K, committed 2176K, reserved 1048576K
}
Event: 71.623 GC heap before
{Heap before GC invocations=4 (full 0):
 garbage-first heap   total 57344K, used 33005K [0x0000000080000000, 0x0000000100000000)
  region size 1024K, 21 young (21504K), 4 survivors (4096K)
 Metaspace       used 21307K, committed 21504K, reserved 1073152K
  class space    used 2574K, committed 2624K, reserved 1048576K
}
Event: 71.637 GC heap after
{Heap after GC invocations=5 (full 0):
 garbage-first heap   total 57344K, used 17827K [0x0000000080000000, 0x0000000100000000)
  region size 1024K, 2 young (2048K), 2 survivors (2048K)
 Metaspace       used 21307K, committed 21504K, reserved 1073152K
  class space    used 2574K, committed 2624K, reserved 1048576K
}
Event: 77.843 GC heap before
{Heap before GC invocations=6 (full 0):
 garbage-first heap   total 57344K, used 39331K [0x0000000080000000, 0x0000000100000000)
  region size 1024K, 23 young (23552K), 2 survivors (2048K)
 Metaspace       used 24753K, committed 25024K, reserved 1073152K
  class space    used 3205K, committed 3328K, reserved 1048576K
}
Event: 77.849 GC heap after
{Heap after GC invocations=7 (full 0):
 garbage-first heap   total 57344K, used 19014K [0x0000000080000000, 0x0000000100000000)
  region size 1024K, 3 young (3072K), 3 survivors (3072K)
 Metaspace       used 24753K, committed 25024K, reserved 1073152K
  class space    used 3205K, committed 3328K, reserved 1048576K
}
Event: 78.061 GC heap before
{Heap before GC invocations=7 (full 0):
 garbage-first heap   total 57344K, used 20038K [0x0000000080000000, 0x0000000100000000)
  region size 1024K, 4 young (4096K), 3 survivors (3072K)
 Metaspace       used 25033K, committed 25280K, reserved 1073152K
  class space    used 3238K, committed 3392K, reserved 1048576K
}
Event: 78.066 GC heap after
{Heap after GC invocations=8 (full 0):
 garbage-first heap   total 57344K, used 19125K [0x0000000080000000, 0x0000000100000000)
  region size 1024K, 1 young (1024K), 1 survivors (1024K)
 Metaspace       used 25033K, committed 25280K, reserved 1073152K
  class space    used 3238K, committed 3392K, reserved 1048576K
}
Event: 83.665 GC heap before
{Heap before GC invocations=8 (full 0):
 garbage-first heap   total 57344K, used 40629K [0x0000000080000000, 0x0000000100000000)
  region size 1024K, 22 young (22528K), 1 survivors (1024K)
 Metaspace       used 28766K, committed 29056K, reserved 1081344K
  class space    used 3847K, committed 3968K, reserved 1048576K
}
Event: 83.671 GC heap after
{Heap after GC invocations=9 (full 0):
 garbage-first heap   total 57344K, used 20113K [0x0000000080000000, 0x0000000100000000)
  region size 1024K, 2 young (2048K), 2 survivors (2048K)
 Metaspace       used 28766K, committed 29056K, reserved 1081344K
  class space    used 3847K, committed 3968K, reserved 1048576K
}
Event: 89.115 GC heap before
{Heap before GC invocations=9 (full 0):
 garbage-first heap   total 57344K, used 41617K [0x0000000080000000, 0x0000000100000000)
  region size 1024K, 23 young (23552K), 2 survivors (2048K)
 Metaspace       used 31751K, committed 32064K, reserved 1081344K
  class space    used 4345K, committed 4480K, reserved 1048576K
}
Event: 89.121 GC heap after
{Heap after GC invocations=10 (full 0):
 garbage-first heap   total 57344K, used 21151K [0x0000000080000000, 0x0000000100000000)
  region size 1024K, 3 young (3072K), 3 survivors (3072K)
 Metaspace       used 31751K, committed 32064K, reserved 1081344K
  class space    used 4345K, committed 4480K, reserved 1048576K
}

Dll operation events (2 events):
Event: 0.032 Loaded shared library C:\Program Files\Android\Android Studio\jbr\bin\java.dll
Event: 11.430 Loaded shared library C:\Program Files\Android\Android Studio\jbr\bin\verify.dll

Deoptimization events (20 events):
Event: 78.045 Thread 0x000001ff22eca890 Uncommon trap: trap_request=0xffffff45 fr.pc=0x000001ff12f1c86c relative=0x00000000000003ac
Event: 78.045 Thread 0x000001ff22eca890 Uncommon trap: reason=unstable_if action=reinterpret pc=0x000001ff12f1c86c method=java.util.concurrent.ConcurrentHashMap.get(Ljava/lang/Object;)Ljava/lang/Object; @ 76 c2
Event: 78.045 Thread 0x000001ff22eca890 DEOPT PACKING pc=0x000001ff12f1c86c sp=0x000000ce117fa6c0
Event: 78.045 Thread 0x000001ff22eca890 DEOPT UNPACKING pc=0x000001ff129269a3 sp=0x000000ce117fa638 mode 2
Event: 81.062 Thread 0x000001ff22eca890 DEOPT PACKING pc=0x000001ff0b8737cb sp=0x000000ce117f8e00
Event: 81.062 Thread 0x000001ff22eca890 DEOPT UNPACKING pc=0x000001ff12927143 sp=0x000000ce117f82b0 mode 0
Event: 81.064 Thread 0x000001ff22eca890 DEOPT PACKING pc=0x000001ff0b8737cb sp=0x000000ce117f8e00
Event: 81.064 Thread 0x000001ff22eca890 DEOPT UNPACKING pc=0x000001ff12927143 sp=0x000000ce117f82b0 mode 0
Event: 81.887 Thread 0x000001ff22eca890 Uncommon trap: trap_request=0xffffff76 fr.pc=0x000001ff12f9f894 relative=0x0000000000000174
Event: 81.887 Thread 0x000001ff22eca890 Uncommon trap: reason=predicate action=maybe_recompile pc=0x000001ff12f9f894 method=com.google.common.base.CharMatcher.indexIn(Ljava/lang/CharSequence;I)I @ 19 c2
Event: 81.887 Thread 0x000001ff22eca890 DEOPT PACKING pc=0x000001ff12f9f894 sp=0x000000ce117fbaf0
Event: 81.887 Thread 0x000001ff22eca890 DEOPT UNPACKING pc=0x000001ff129269a3 sp=0x000000ce117fba80 mode 2
Event: 83.368 Thread 0x000001ff22eca890 Uncommon trap: trap_request=0xffffff45 fr.pc=0x000001ff12f272c8 relative=0x0000000000000628
Event: 83.368 Thread 0x000001ff22eca890 Uncommon trap: reason=unstable_if action=reinterpret pc=0x000001ff12f272c8 method=java.util.Properties$LineReader.readLine()I @ 95 c2
Event: 83.368 Thread 0x000001ff22eca890 DEOPT PACKING pc=0x000001ff12f272c8 sp=0x000000ce117fb770
Event: 83.368 Thread 0x000001ff22eca890 DEOPT UNPACKING pc=0x000001ff129269a3 sp=0x000000ce117fb720 mode 2
Event: 86.821 Thread 0x000001ff22eca890 Uncommon trap: trap_request=0xffffff45 fr.pc=0x000001ff12eba768 relative=0x00000000000004a8
Event: 86.822 Thread 0x000001ff22eca890 Uncommon trap: reason=unstable_if action=reinterpret pc=0x000001ff12eba768 method=java.util.HashMap.hash(Ljava/lang/Object;)I @ 1 c2
Event: 86.822 Thread 0x000001ff22eca890 DEOPT PACKING pc=0x000001ff12eba768 sp=0x000000ce117f8220
Event: 86.822 Thread 0x000001ff22eca890 DEOPT UNPACKING pc=0x000001ff129269a3 sp=0x000000ce117f80c8 mode 2

Classes unloaded (0 events):
No events

Classes redefined (0 events):
No events

Internal exceptions (20 events):
Event: 82.685 Thread 0x000001ff22eca890 Exception <a 'java/lang/NoSuchMethodError'{0x000000008257adf0}: 'int java.lang.invoke.DirectMethodHandle$Holder.invokeVirtual(java.lang.Object, java.lang.Object, java.lang.Object)'> (0x000000008257adf0) 
thrown [s\src\hotspot\share\interpreter\linkResolver.cpp, line 771]
Event: 84.777 Thread 0x000001ff22eca890 Exception <a 'java/lang/NoSuchMethodError'{0x00000000832d3ee8}: 'java.lang.Object java.lang.invoke.DirectMethodHandle$Holder.invokeSpecialIFC(java.lang.Object, java.lang.Object, java.lang.Object, java.lang.Object)'> (0x00000000832d3ee8) 
thrown [s\src\hotspot\share\interpreter\linkResolver.cpp, line 771]
Event: 86.821 Thread 0x000001ff22eca890 Implicit null exception at 0x000001ff12eba313 to 0x000001ff12eba74c
Event: 87.131 Thread 0x000001ff22eca890 Exception <a 'java/lang/NoSuchMethodError'{0x0000000082a6f390}: 'java.lang.Object java.lang.invoke.DirectMethodHandle$Holder.invokeSpecial(java.lang.Object, java.lang.Object, java.lang.Object, java.lang.Object, java.lang.Object, java.lang.Object, java.lang.Object, java.lang.Object, java.lang.Object, java.lang.Object, java.lang.Object, java.lang.Object, java.lang.Object)'> (0x0000000082a6f390) 
thrown [s\src\hotspot\share\interpreter\linkResolver.cpp, line 771]
Event: 87.138 Thread 0x000001ff22eca890 Exception <a 'java/lang/NoSuchMethodError'{0x0000000082a80bb8}: 'java.lang.Object java.lang.invoke.DirectMethodHandle$Holder.newInvokeSpecial(java.lang.Object, java.lang.Object, java.lang.Object, java.lang.Object, java.lang.Object, java.lang.Object, java.lang.Object, java.lang.Object, java.lang.Object, java.lang.Object, java.lang.Object)'> (0x0000000082a80bb8) 
thrown [s\src\hotspot\share\interpreter\linkResolver.cpp, line 771]
Event: 87.139 Thread 0x000001ff22eca890 Exception <a 'java/lang/NoSuchMethodError'{0x0000000082a867e8}: 'java.lang.Object java.lang.invoke.DirectMethodHandle$Holder.invokeSpecial(java.lang.Object, java.lang.Object, java.lang.Object, java.lang.Object, java.lang.Object, java.lang.Object, java.lang.Object, java.lang.Object, java.lang.Object, java.lang.Object, java.lang.Object, java.lang.Object)'> (0x0000000082a867e8) 
thrown [s\src\hotspot\share\interpreter\linkResolver.cpp, line 771]
Event: 87.142 Thread 0x000001ff22eca890 Exception <a 'java/lang/NoSuchMethodError'{0x0000000082a8bbd8}: 'java.lang.Object java.lang.invoke.Invokers$Holder.linkToTargetMethod(java.lang.Object, java.lang.Object, java.lang.Object, java.lang.Object, java.lang.Object, java.lang.Object, java.lang.Object, java.lang.Object, java.lang.Object, java.lang.Object, java.lang.Object)'> (0x0000000082a8bbd8) 
thrown [s\src\hotspot\share\interpreter\linkResolver.cpp, line 771]
Event: 87.167 Thread 0x000001ff22eca890 Exception <a 'java/lang/NoSuchMethodError'{0x0000000082acfcb0}: 'java.lang.Object java.lang.invoke.DirectMethodHandle$Holder.invokeSpecial(java.lang.Object, java.lang.Object, java.lang.Object, java.lang.Object, java.lang.Object, java.lang.Object, java.lang.Object, java.lang.Object, java.lang.Object, java.lang.Object, java.lang.Object, java.lang.Object, java.lang.Object, java.lang.Object)'> (0x0000000082acfcb0) 
thrown [s\src\hotspot\share\interpreter\linkResolver.cpp, line 771]
Event: 87.189 Thread 0x000001ff22eca890 Exception <a 'java/lang/NoSuchMethodError'{0x0000000082ae2080}: 'java.lang.Object java.lang.invoke.DirectMethodHandle$Holder.newInvokeSpecial(java.lang.Object, java.lang.Object, java.lang.Object, java.lang.Object, java.lang.Object, java.lang.Object, java.lang.Object, java.lang.Object, java.lang.Object, java.lang.Object, java.lang.Object, java.lang.Object)'> (0x0000000082ae2080) 
thrown [s\src\hotspot\share\interpreter\linkResolver.cpp, line 771]
Event: 87.191 Thread 0x000001ff22eca890 Exception <a 'java/lang/NoSuchMethodError'{0x0000000082ae7770}: 'java.lang.Object java.lang.invoke.Invokers$Holder.linkToTargetMethod(java.lang.Object, java.lang.Object, java.lang.Object, java.lang.Object, java.lang.Object, java.lang.Object, java.lang.Object, java.lang.Object, java.lang.Object, java.lang.Object, java.lang.Object, java.lang.Object)'> (0x0000000082ae7770) 
thrown [s\src\hotspot\share\interpreter\linkResolver.cpp, line 771]
Event: 87.534 Thread 0x000001ff22eca890 Exception <a 'java/lang/NoSuchMethodError'{0x0000000082988a20}: 'java.lang.Object java.lang.invoke.DirectMethodHandle$Holder.invokeStaticInit(java.lang.Object, java.lang.Object, java.lang.Object, java.lang.Object)'> (0x0000000082988a20) 
thrown [s\src\hotspot\share\interpreter\linkResolver.cpp, line 771]
Event: 88.762 Thread 0x000001ff22eca890 Exception <a 'java/lang/NoSuchMethodError'{0x00000000824f81d0}: 'java.lang.Object java.lang.invoke.DirectMethodHandle$Holder.newInvokeSpecial(java.lang.Object, java.lang.Object, java.lang.Object, java.lang.Object, java.lang.Object, java.lang.Object, java.lang.Object, java.lang.Object)'> (0x00000000824f81d0) 
thrown [s\src\hotspot\share\interpreter\linkResolver.cpp, line 771]
Event: 88.762 Thread 0x000001ff22eca890 Exception <a 'java/lang/NoSuchMethodError'{0x00000000824fdfb0}: 'java.lang.Object java.lang.invoke.Invokers$Holder.linkToTargetMethod(java.lang.Object, java.lang.Object, java.lang.Object, java.lang.Object, java.lang.Object, java.lang.Object, java.lang.Object, java.lang.Object)'> (0x00000000824fdfb0) 
thrown [s\src\hotspot\share\interpreter\linkResolver.cpp, line 771]
Event: 88.785 Thread 0x000001ff22eca890 Exception <a 'java/lang/IncompatibleClassChangeError'{0x000000008236ed78}: Found class java.lang.Object, but interface was expected> (0x000000008236ed78) 
thrown [s\src\hotspot\share\interpreter\linkResolver.cpp, line 838]
Event: 91.511 Thread 0x000001ff22eca890 Exception <a 'java/lang/NoSuchMethodError'{0x0000000082e8dfa0}: 'java.lang.Object java.lang.invoke.DirectMethodHandle$Holder.newInvokeSpecial(java.lang.Object, java.lang.Object, long)'> (0x0000000082e8dfa0) 
thrown [s\src\hotspot\share\interpreter\linkResolver.cpp, line 771]
Event: 91.512 Thread 0x000001ff22eca890 Exception <a 'java/lang/NoSuchMethodError'{0x0000000082e925b0}: 'java.lang.Object java.lang.invoke.Invokers$Holder.linkToTargetMethod(java.lang.Object, long, java.lang.Object)'> (0x0000000082e925b0) 
thrown [s\src\hotspot\share\interpreter\linkResolver.cpp, line 771]
Event: 91.585 Thread 0x000001ff22eca890 Exception <a 'java/lang/NoSuchMethodError'{0x0000000082d87c70}: 'int java.lang.invoke.DirectMethodHandle$Holder.invokeInterface(java.lang.Object, java.lang.Object)'> (0x0000000082d87c70) 
thrown [s\src\hotspot\share\interpreter\linkResolver.cpp, line 771]
Event: 91.591 Thread 0x000001ff22eca890 Exception <a 'java/lang/NoSuchMethodError'{0x0000000082dab658}: 'java.lang.Object java.lang.invoke.DirectMethodHandle$Holder.invokeStatic(java.lang.Object, java.lang.Object, int, java.lang.Object)'> (0x0000000082dab658) 
thrown [s\src\hotspot\share\interpreter\linkResolver.cpp, line 771]
Event: 91.591 Thread 0x000001ff22eca890 Exception <a 'java/lang/NoSuchMethodError'{0x0000000082db3210}: 'java.lang.Object java.lang.invoke.DirectMethodHandle$Holder.newInvokeSpecial(java.lang.Object, java.lang.Object, int, java.lang.Object)'> (0x0000000082db3210) 
thrown [s\src\hotspot\share\interpreter\linkResolver.cpp, line 771]
Event: 91.592 Thread 0x000001ff22eca890 Exception <a 'java/lang/NoSuchMethodError'{0x0000000082db7af8}: 'java.lang.Object java.lang.invoke.DirectMethodHandle$Holder.invokeSpecial(java.lang.Object, java.lang.Object, java.lang.Object, int, java.lang.Object)'> (0x0000000082db7af8) 
thrown [s\src\hotspot\share\interpreter\linkResolver.cpp, line 771]

VM Operations (20 events):
Event: 86.740 Executing VM operation: Cleanup
Event: 86.741 Executing VM operation: Cleanup done
Event: 86.861 Executing VM operation: HandshakeAllThreads
Event: 86.861 Executing VM operation: HandshakeAllThreads done
Event: 87.864 Executing VM operation: Cleanup
Event: 87.864 Executing VM operation: Cleanup done
Event: 88.880 Executing VM operation: Cleanup
Event: 89.083 Executing VM operation: Cleanup done
Event: 89.115 Executing VM operation: G1CollectForAllocation
Event: 89.121 Executing VM operation: G1CollectForAllocation done
Event: 89.633 Executing VM operation: HandshakeAllThreads
Event: 89.633 Executing VM operation: HandshakeAllThreads done
Event: 90.641 Executing VM operation: Cleanup
Event: 90.641 Executing VM operation: Cleanup done
Event: 91.647 Executing VM operation: Cleanup
Event: 91.692 Executing VM operation: Cleanup done
Event: 92.000 Executing VM operation: HandshakeAllThreads
Event: 92.000 Executing VM operation: HandshakeAllThreads done
Event: 92.002 Executing VM operation: HandshakeAllThreads
Event: 92.002 Executing VM operation: HandshakeAllThreads done

Events (20 events):
Event: 90.113 loading class java/lang/Process done
Event: 90.113 loading class java/lang/ProcessBuilder
Event: 90.114 loading class java/lang/ProcessBuilder done
Event: 91.533 loading class java/nio/file/FileTreeWalker
Event: 91.535 loading class java/nio/file/FileTreeWalker done
Event: 91.537 loading class java/nio/file/FileTreeWalker$DirectoryNode
Event: 91.537 loading class java/nio/file/FileTreeWalker$DirectoryNode done
Event: 91.537 loading class java/nio/file/FileTreeWalker$Event
Event: 91.537 loading class java/nio/file/FileTreeWalker$Event done
Event: 91.537 loading class java/nio/file/FileTreeWalker$EventType
Event: 91.537 loading class java/nio/file/FileTreeWalker$EventType done
Event: 91.537 loading class java/nio/file/Files$3
Event: 91.538 loading class java/nio/file/Files$3 done
Event: 91.539 loading class java/nio/file/FileVisitResult
Event: 91.539 loading class java/nio/file/FileVisitResult done
Event: 91.596 Thread 0x000001ff2371aaa0 Thread added: 0x000001ff2371aaa0
Event: 91.694 loading class sun/nio/fs/WindowsPath$1
Event: 91.694 loading class sun/nio/fs/WindowsPath$1 done
Event: 92.017 loading class java/nio/charset/CharacterCodingException
Event: 92.017 loading class java/nio/charset/CharacterCodingException done


Dynamic libraries:
0x00007ff7ac340000 - 0x00007ff7ac34a000 	C:\Program Files\Android\Android Studio\jbr\bin\java.exe
0x00007ffb09f90000 - 0x00007ffb0a1a4000 	C:\WINDOWS\SYSTEM32\ntdll.dll
0x00007ffb09670000 - 0x00007ffb09732000 	C:\WINDOWS\System32\KERNEL32.DLL
0x00007ffb07720000 - 0x00007ffb07ac3000 	C:\WINDOWS\System32\KERNELBASE.dll
0x00007ffb07600000 - 0x00007ffb07711000 	C:\WINDOWS\System32\ucrtbase.dll
0x00007ffafbd50000 - 0x00007ffafbd67000 	C:\Program Files\Android\Android Studio\jbr\bin\jli.dll
0x00007ffb08320000 - 0x00007ffb084cb000 	C:\WINDOWS\System32\USER32.dll
0x00007ffb07390000 - 0x00007ffb073b6000 	C:\WINDOWS\System32\win32u.dll
0x00007ffb09520000 - 0x00007ffb09549000 	C:\WINDOWS\System32\GDI32.dll
0x00007ffb073c0000 - 0x00007ffb074d9000 	C:\WINDOWS\System32\gdi32full.dll
0x00007ffb07560000 - 0x00007ffb075fa000 	C:\WINDOWS\System32\msvcp_win.dll
0x00007ffb02770000 - 0x00007ffb0278b000 	C:\Program Files\Android\Android Studio\jbr\bin\VCRUNTIME140.dll
0x00007ffaf4350000 - 0x00007ffaf45de000 	C:\WINDOWS\WinSxS\amd64_microsoft.windows.common-controls_6595b64144ccf1df_6.0.22621.1635_none_270f70857386168e\COMCTL32.dll
0x00007ffb09b00000 - 0x00007ffb09ba7000 	C:\WINDOWS\System32\msvcrt.dll
0x00007ffb093d0000 - 0x00007ffb09401000 	C:\WINDOWS\System32\IMM32.DLL
0x00007ffafec10000 - 0x00007ffafec1c000 	C:\Program Files\Android\Android Studio\jbr\bin\vcruntime140_1.dll
0x00007ffae1b40000 - 0x00007ffae1bcd000 	C:\Program Files\Android\Android Studio\jbr\bin\msvcp140.dll
0x00007ffabd040000 - 0x00007ffabdcad000 	C:\Program Files\Android\Android Studio\jbr\bin\server\jvm.dll
0x00007ffb09470000 - 0x00007ffb0951e000 	C:\WINDOWS\System32\ADVAPI32.dll
0x00007ffb09e10000 - 0x00007ffb09eb4000 	C:\WINDOWS\System32\sechost.dll
0x00007ffb08200000 - 0x00007ffb08317000 	C:\WINDOWS\System32\RPCRT4.dll
0x00007ffae1500000 - 0x00007ffae1509000 	C:\WINDOWS\SYSTEM32\WSOCK32.dll
0x00007ffafebd0000 - 0x00007ffafec04000 	C:\WINDOWS\SYSTEM32\WINMM.dll
0x00007ffb09bb0000 - 0x00007ffb09c21000 	C:\WINDOWS\System32\WS2_32.dll
0x00007ffaff580000 - 0x00007ffaff58a000 	C:\WINDOWS\SYSTEM32\VERSION.dll
0x00007ffb063e0000 - 0x00007ffb063f8000 	C:\WINDOWS\SYSTEM32\kernel.appcore.dll
0x00007ffae14f0000 - 0x00007ffae14fa000 	C:\Program Files\Android\Android Studio\jbr\bin\jimage.dll
0x00007ffb04eb0000 - 0x00007ffb050de000 	C:\WINDOWS\SYSTEM32\DBGHELP.DLL
0x00007ffb09040000 - 0x00007ffb093c9000 	C:\WINDOWS\System32\combase.dll
0x00007ffb09990000 - 0x00007ffb09a67000 	C:\WINDOWS\System32\OLEAUT32.dll
0x00007ffaeab50000 - 0x00007ffaeab82000 	C:\WINDOWS\SYSTEM32\dbgcore.DLL
0x00007ffb074e0000 - 0x00007ffb0755b000 	C:\WINDOWS\System32\bcryptPrimitives.dll
0x00007ffabd010000 - 0x00007ffabd035000 	C:\Program Files\Android\Android Studio\jbr\bin\java.dll
0x00007ffac0b90000 - 0x00007ffac0ba8000 	C:\Program Files\Android\Android Studio\jbr\bin\zip.dll
0x00007ffb086d0000 - 0x00007ffb08eca000 	C:\WINDOWS\System32\SHELL32.dll
0x00007ffb05390000 - 0x00007ffb05c5e000 	C:\WINDOWS\SYSTEM32\windows.storage.dll
0x00007ffb050e0000 - 0x00007ffb0521e000 	C:\WINDOWS\SYSTEM32\wintypes.dll
0x00007ffb09740000 - 0x00007ffb09831000 	C:\WINDOWS\System32\SHCORE.dll
0x00007ffb084d0000 - 0x00007ffb0852e000 	C:\WINDOWS\System32\shlwapi.dll
0x00007ffb072c0000 - 0x00007ffb072e1000 	C:\WINDOWS\SYSTEM32\profapi.dll
0x00007ffabcff0000 - 0x00007ffabd009000 	C:\Program Files\Android\Android Studio\jbr\bin\net.dll
0x00007ffafe140000 - 0x00007ffafe277000 	C:\WINDOWS\SYSTEM32\WINHTTP.dll
0x00007ffb06850000 - 0x00007ffb068b9000 	C:\WINDOWS\system32\mswsock.dll
0x00007ffabcfd0000 - 0x00007ffabcfe6000 	C:\Program Files\Android\Android Studio\jbr\bin\nio.dll
0x00007ffabcd70000 - 0x00007ffabcd80000 	C:\Program Files\Android\Android Studio\jbr\bin\verify.dll
0x00007ffaf78f0000 - 0x00007ffaf7917000 	C:\Users\leana\.gradle\native\68d5fa5c4cc2d200863cafc0d521ce42e7d3e7ee720ec0a83991735586a16f82\windows-amd64\native-platform.dll
0x00007ffada320000 - 0x00007ffada464000 	C:\Users\leana\.gradle\native\e376f236ea51e6404a007f0833ffe2c6e607c4080706a723a18a27aeea778392\windows-amd64\native-platform-file-events.dll
0x00007ffabcfc0000 - 0x00007ffabcfc9000 	C:\Program Files\Android\Android Studio\jbr\bin\management.dll
0x00007ffabcfb0000 - 0x00007ffabcfbb000 	C:\Program Files\Android\Android Studio\jbr\bin\management_ext.dll
0x00007ffb09f40000 - 0x00007ffb09f48000 	C:\WINDOWS\System32\PSAPI.DLL
0x00007ffb06ac0000 - 0x00007ffb06adb000 	C:\WINDOWS\SYSTEM32\CRYPTSP.dll
0x00007ffb06350000 - 0x00007ffb06385000 	C:\WINDOWS\system32\rsaenh.dll
0x00007ffb06950000 - 0x00007ffb06978000 	C:\WINDOWS\SYSTEM32\USERENV.dll
0x00007ffb06c70000 - 0x00007ffb06c98000 	C:\WINDOWS\SYSTEM32\bcrypt.dll
0x00007ffb06ab0000 - 0x00007ffb06abc000 	C:\WINDOWS\SYSTEM32\CRYPTBASE.dll
0x00007ffb05ec0000 - 0x00007ffb05eed000 	C:\WINDOWS\SYSTEM32\IPHLPAPI.DLL
0x00007ffb09550000 - 0x00007ffb09559000 	C:\WINDOWS\System32\NSI.dll
0x00007ffafe3d0000 - 0x00007ffafe3e9000 	C:\WINDOWS\SYSTEM32\dhcpcsvc6.DLL
0x00007ffafe100000 - 0x00007ffafe11f000 	C:\WINDOWS\SYSTEM32\dhcpcsvc.DLL
0x00007ffb05f30000 - 0x00007ffb06023000 	C:\WINDOWS\SYSTEM32\DNSAPI.dll
0x00007ffabcc30000 - 0x00007ffabcc38000 	C:\WINDOWS\system32\wshunix.dll

dbghelp: loaded successfully - version: 4.0.5 - missing functions: none
symbol engine: initialized successfully - sym options: 0x614 - pdb path: .;C:\Program Files\Android\Android Studio\jbr\bin;C:\WINDOWS\SYSTEM32;C:\WINDOWS\WinSxS\amd64_microsoft.windows.common-controls_6595b64144ccf1df_6.0.22621.1635_none_270f70857386168e;C:\Program Files\Android\Android Studio\jbr\bin\server;C:\Users\leana\.gradle\native\68d5fa5c4cc2d200863cafc0d521ce42e7d3e7ee720ec0a83991735586a16f82\windows-amd64;C:\Users\leana\.gradle\native\e376f236ea51e6404a007f0833ffe2c6e607c4080706a723a18a27aeea778392\windows-amd64

VM Arguments:
jvm_args: --add-opens=java.base/java.util=ALL-UNNAMED --add-opens=java.base/java.lang=ALL-UNNAMED --add-opens=java.base/java.lang.invoke=ALL-UNNAMED --add-opens=java.prefs/java.util.prefs=ALL-UNNAMED --add-opens=java.base/java.nio.charset=ALL-UNNAMED --add-opens=java.base/java.net=ALL-UNNAMED --add-opens=java.base/java.util.concurrent.atomic=ALL-UNNAMED -Xmx2048m -Dfile.encoding=UTF-8 -Duser.country=CO -Duser.language=es -Duser.variant 
java_command: org.gradle.launcher.daemon.bootstrap.GradleDaemon 7.6
java_class_path (initial): C:\Users\leana\.gradle\wrapper\dists\gradle-7.6-bin\9l9tetv7ltxvx3i8an4pb86ye\gradle-7.6\lib\gradle-launcher-7.6.jar
Launcher Type: SUN_STANDARD

[Global flags]
     intx CICompilerCount                          = 3                                         {product} {ergonomic}
     uint ConcGCThreads                            = 1                                         {product} {ergonomic}
     uint G1ConcRefinementThreads                  = 4                                         {product} {ergonomic}
   size_t G1HeapRegionSize                         = 1048576                                   {product} {ergonomic}
    uintx GCDrainStackTargetSize                   = 64                                        {product} {ergonomic}
   size_t InitialHeapSize                          = 58720256                                  {product} {ergonomic}
   size_t MarkStackSize                            = 4194304                                   {product} {ergonomic}
   size_t MaxHeapSize                              = 2147483648                                {product} {command line}
   size_t MaxNewSize                               = 1287651328                                {product} {ergonomic}
   size_t MinHeapDeltaBytes                        = 1048576                                   {product} {ergonomic}
   size_t MinHeapSize                              = 8388608                                   {product} {ergonomic}
    uintx NonNMethodCodeHeapSize                   = 5832780                                {pd product} {ergonomic}
    uintx NonProfiledCodeHeapSize                  = 122912730                              {pd product} {ergonomic}
    uintx ProfiledCodeHeapSize                     = 122912730                              {pd product} {ergonomic}
    uintx ReservedCodeCacheSize                    = 251658240                              {pd product} {ergonomic}
     bool SegmentedCodeCache                       = true                                      {product} {ergonomic}
   size_t SoftMaxHeapSize                          = 2147483648                             {manageable} {ergonomic}
     bool UseCompressedClassPointers               = true                           {product lp64_product} {ergonomic}
     bool UseCompressedOops                        = true                           {product lp64_product} {ergonomic}
     bool UseG1GC                                  = true                                      {product} {ergonomic}
     bool UseLargePagesIndividualAllocation        = false                                  {pd product} {ergonomic}

Logging:
Log output configuration:
 #0: stdout all=warning uptime,level,tags
 #1: stderr all=off uptime,level,tags

Environment Variables:
PATH=C:\Python311\Scripts\;C:\Python311\;C:\WINDOWS\system32;C:\WINDOWS;C:\WINDOWS\System32\Wbem;C:\WINDOWS\System32\WindowsPowerShell\v1.0\;C:\WINDOWS\System32\OpenSSH\;C:\Program Files\dotnet\;C:\ProgramData\chocolatey\bin;C:\Program Files\Git\cmd;C:\Program Files\Git\get;C:\Users\leana\AppData\Roaming\nvm;C:\Program Files\nodejs;C:\Program Files\MySQL\MySQL Shell 8.0\bin\;C:\Users\leana\AppData\Local\Microsoft\WindowsApps;C:\Users\leana\AppData\Local\Programs\Microsoft VS Code\bin;C:\Users\leana\.dotnet\tools;C:\Users\leana\AppData\Roaming\npm;C:\Users\leana\AppData\Roaming\nvm;C:\Program Files\nodejs
USERNAME=leana
OS=Windows_NT
PROCESSOR_IDENTIFIER=AMD64 Family 23 Model 24 Stepping 1, AuthenticAMD
TMP=C:\Users\leana\AppData\Local\Temp
TEMP=C:\Users\leana\AppData\Local\Temp



---------------  S Y S T E M  ---------------

OS:
 Windows 11 , 64 bit Build 22621 (10.0.22621.1778)
OS uptime: 0 days 1:08 hours

CPU: total 4 (initial active 4) (4 cores per cpu, 2 threads per core) family 23 model 24 stepping 1 microcode 0x0, cx8, cmov, fxsr, ht, mmx, 3dnowpref, sse, sse2, sse3, ssse3, sse4a, sse4.1, sse4.2, popcnt, lzcnt, tsc, tscinvbit, avx, avx2, aes, clmul, bmi1, bmi2, adx, sha, fma, vzeroupper, clflush, clflushopt

Memory: 4k page, system-wide physical 3521M (71M free)
TotalPageFile size 14273M (AvailPageFile size 12M)
current process WorkingSet (physical memory assigned to process): 136M, peak: 136M
current process commit charge ("private bytes"): 196M, peak: 198M

vm_info: OpenJDK 64-Bit Server VM (17.0.6+0-b2043.56-9586694) for windows-amd64 JRE (17.0.6+0-b2043.56-9586694), built on Feb  9 2023 20:06:20 by "androidbuild" with MS VC++ 16.10 / 16.11 (VS2019)

END.
