#
# There is insufficient memory for the Java Runtime Environment to continue.
# Native memory allocation (malloc) failed to allocate 1644816 bytes for Chunk::new
# Possible reasons:
#   The system is out of physical RAM or swap space
#   The process is running with CompressedOops enabled, and the Java Heap may be blocking the growth of the native heap
# Possible solutions:
#   Reduce memory load on the system
#   Increase physical memory or swap space
#   Check if swap backing store is full
#   Decrease Java heap size (-Xmx/-Xms)
#   Decrease number of Java threads
#   Decrease Java thread stack sizes (-Xss)
#   Set larger code cache with -XX:ReservedCodeCacheSize=
#   JVM is running with Unscaled Compressed Oops mode in which the Java heap is
#     placed in the first 4GB address space. The Java Heap base address is the
#     maximum limit for the native heap growth. Please use -XX:HeapBaseMinAddress
#     to set the Java Heap base and to place the Java Heap above 4GB virtual address.
# This output file may be truncated or incomplete.
#
#  Out of Memory Error (arena.cpp:189), pid=12152, tid=13556
#
# JRE version: OpenJDK Runtime Environment (17.0.6) (build 17.0.6+0-b2043.56-9586694)
# Java VM: OpenJDK 64-Bit Server VM (17.0.6+0-b2043.56-9586694, mixed mode, tiered, compressed oops, compressed class ptrs, g1 gc, windows-amd64)
# No core dump will be written. Minidumps are not enabled by default on client versions of Windows
#

---------------  S U M M A R Y ------------

Command Line: --add-opens=java.base/java.util=ALL-UNNAMED --add-opens=java.base/java.lang=ALL-UNNAMED --add-opens=java.base/java.lang.invoke=ALL-UNNAMED --add-opens=java.prefs/java.util.prefs=ALL-UNNAMED --add-opens=java.base/java.nio.charset=ALL-UNNAMED --add-opens=java.base/java.net=ALL-UNNAMED --add-opens=java.base/java.util.concurrent.atomic=ALL-UNNAMED -Xmx2048m -Dfile.encoding=UTF-8 -Duser.country=CO -Duser.language=es -Duser.variant org.gradle.launcher.daemon.bootstrap.GradleDaemon 7.6

Host: AMD Ryzen 3 3250U with Radeon Graphics         , 4 cores, 3G,  Windows 11 , 64 bit Build 22621 (10.0.22621.1778)
Time: Mon Jun 26 10:41:25 2023 Hora est. Pacífico, Sudamérica elapsed time: 303.251759 seconds (0d 0h 5m 3s)

---------------  T H R E A D  ---------------

Current thread (0x00000247e480fad0):  JavaThread "C2 CompilerThread0" daemon [_thread_in_native, id=13556, stack(0x00000096ea200000,0x00000096ea300000)]


Current CompileTask:
C2: 303252 8683       4       org.gradle.internal.reflect.ClassInspector::inspectClass (179 bytes)

Stack: [0x00000096ea200000,0x00000096ea300000]
Native frames: (J=compiled Java code, j=interpreted, Vv=VM code, C=native code)
V  [jvm.dll+0x683b4a]
V  [jvm.dll+0x842654]
V  [jvm.dll+0x843dfe]
V  [jvm.dll+0x844463]
V  [jvm.dll+0x249b75]
V  [jvm.dll+0xabcac]
V  [jvm.dll+0xac27c]
V  [jvm.dll+0x368802]
V  [jvm.dll+0x332f31]
V  [jvm.dll+0x3323da]
V  [jvm.dll+0x21c201]
V  [jvm.dll+0x21b621]
V  [jvm.dll+0x1a4fdd]
V  [jvm.dll+0x22b098]
V  [jvm.dll+0x229159]
V  [jvm.dll+0x7f809c]
V  [jvm.dll+0x7f25fa]
V  [jvm.dll+0x682985]
C  [ucrtbase.dll+0x29363]
C  [KERNEL32.DLL+0x126ad]
C  [ntdll.dll+0x5a9f8]


---------------  P R O C E S S  ---------------

Threads class SMR info:
_java_thread_list=0x00000247e73a1aa0, length=81, elements={
0x00000247ca7c83e0, 0x00000247e3d82270, 0x00000247e3d82e20, 0x00000247e3d6bbc0,
0x00000247e3d6c770, 0x00000247e480c380, 0x00000247e480ed40, 0x00000247e480fad0,
0x00000247e4814580, 0x00000247e3dcd2e0, 0x00000247e4972020, 0x00000247e49724f0,
0x00000247e6cb1500, 0x00000247e5e420f0, 0x00000247e7ae2010, 0x00000247e56725f0,
0x00000247e572b020, 0x00000247e558c730, 0x00000247e558c260, 0x00000247e558cc00,
0x00000247e558d5a0, 0x00000247e558da70, 0x00000247e558d0d0, 0x00000247e558e410,
0x00000247e558b3f0, 0x00000247e558b8c0, 0x00000247e558bd90, 0x00000247e5f31230,
0x00000247e5f2f080, 0x00000247e5f32570, 0x00000247e5f2dd40, 0x00000247e5f31700,
0x00000247e5f2fef0, 0x00000247e5f2fa20, 0x00000247e5f30d60, 0x00000247e5f2ca00,
0x00000247e5f2d3a0, 0x00000247e5f32a40, 0x00000247e5f303c0, 0x00000247e5f30890,
0x00000247e5f2d870, 0x00000247e5f333e0, 0x00000247e5f338b0, 0x00000247e5f2ced0,
0x00000247e5f2ebb0, 0x00000247e5f2c060, 0x00000247e558df40, 0x00000247e558e8e0,
0x00000247e9040180, 0x00000247e90431a0, 0x00000247e9042cd0, 0x00000247e9044010,
0x00000247e9040ff0, 0x00000247e90449b0, 0x00000247e9043670, 0x00000247e9043b40,
0x00000247e9041e60, 0x00000247e9045cf0, 0x00000247e90461c0, 0x00000247e9045820,
0x00000247e9042330, 0x00000247e9044e80, 0x00000247e90444e0, 0x00000247e9042800,
0x00000247e9046690, 0x00000247e9041990, 0x00000247e903f7e0, 0x00000247e9045350,
0x00000247e903ee40, 0x00000247e903f310, 0x00000247e903fcb0, 0x00000247e90414c0,
0x00000247e9040650, 0x00000247e9040b20, 0x00000247e5e0ab40, 0x00000247e5e084c0,
0x00000247e5e09330, 0x00000247e5e0a670, 0x00000247e5e09800, 0x00000247e5e0c820,
0x00000247e5e08990
}

Java Threads: ( => current thread )
  0x00000247ca7c83e0 JavaThread "main" [_thread_blocked, id=9736, stack(0x00000096e9500000,0x00000096e9600000)]
  0x00000247e3d82270 JavaThread "Reference Handler" daemon [_thread_blocked, id=13996, stack(0x00000096e9c00000,0x00000096e9d00000)]
  0x00000247e3d82e20 JavaThread "Finalizer" daemon [_thread_blocked, id=13136, stack(0x00000096e9d00000,0x00000096e9e00000)]
  0x00000247e3d6bbc0 JavaThread "Signal Dispatcher" daemon [_thread_blocked, id=13988, stack(0x00000096e9e00000,0x00000096e9f00000)]
  0x00000247e3d6c770 JavaThread "Attach Listener" daemon [_thread_blocked, id=11356, stack(0x00000096e9f00000,0x00000096ea000000)]
  0x00000247e480c380 JavaThread "Service Thread" daemon [_thread_blocked, id=8040, stack(0x00000096ea000000,0x00000096ea100000)]
  0x00000247e480ed40 JavaThread "Monitor Deflation Thread" daemon [_thread_blocked, id=13676, stack(0x00000096ea100000,0x00000096ea200000)]
=>0x00000247e480fad0 JavaThread "C2 CompilerThread0" daemon [_thread_in_native, id=13556, stack(0x00000096ea200000,0x00000096ea300000)]
  0x00000247e4814580 JavaThread "C1 CompilerThread0" daemon [_thread_blocked, id=6036, stack(0x00000096ea300000,0x00000096ea400000)]
  0x00000247e3dcd2e0 JavaThread "Sweeper thread" daemon [_thread_blocked, id=13288, stack(0x00000096ea400000,0x00000096ea500000)]
  0x00000247e4972020 JavaThread "Common-Cleaner" daemon [_thread_blocked, id=1184, stack(0x00000096ea500000,0x00000096ea600000)]
  0x00000247e49724f0 JavaThread "Notification Thread" daemon [_thread_blocked, id=4932, stack(0x00000096ea600000,0x00000096ea700000)]
  0x00000247e6cb1500 JavaThread "Daemon health stats" [_thread_blocked, id=6892, stack(0x00000096eab00000,0x00000096eac00000)]
  0x00000247e5e420f0 JavaThread "Incoming local TCP Connector on port 57432" [_thread_in_native, id=2808, stack(0x00000096eac00000,0x00000096ead00000)]
  0x00000247e7ae2010 JavaThread "Daemon periodic checks" [_thread_blocked, id=11636, stack(0x00000096ead00000,0x00000096eae00000)]
  0x00000247e56725f0 JavaThread "Daemon" [_thread_blocked, id=1320, stack(0x00000096eae00000,0x00000096eaf00000)]
  0x00000247e572b020 JavaThread "Handler for socket connection from /127.0.0.1:57432 to /127.0.0.1:57441" [_thread_in_native, id=11940, stack(0x00000096eaf00000,0x00000096eb000000)]
  0x00000247e558c730 JavaThread "Cancel handler" [_thread_blocked, id=13632, stack(0x00000096eb000000,0x00000096eb100000)]
  0x00000247e558c260 JavaThread "Daemon worker" [_thread_blocked, id=2596, stack(0x00000096eb100000,0x00000096eb200000)]
  0x00000247e558cc00 JavaThread "Asynchronous log dispatcher for DefaultDaemonConnection: socket connection from /127.0.0.1:57432 to /127.0.0.1:57441" [_thread_blocked, id=11424, stack(0x00000096eb200000,0x00000096eb300000)]
  0x00000247e558d5a0 JavaThread "Daemon client event forwarder" [_thread_blocked, id=13796, stack(0x00000096eb400000,0x00000096eb500000)]
  0x00000247e558da70 JavaThread "Cache worker for journal cache (C:\Users\leana\.gradle\caches\journal-1)" [_thread_blocked, id=9640, stack(0x00000096eb500000,0x00000096eb600000)]
  0x00000247e558d0d0 JavaThread "File lock request listener" [_thread_in_native, id=11292, stack(0x00000096eb600000,0x00000096eb700000)]
  0x00000247e558e410 JavaThread "Cache worker for file hash cache (C:\Users\leana\.gradle\caches\7.6\fileHashes)" [_thread_blocked, id=6728, stack(0x00000096eb800000,0x00000096eb900000)]
  0x00000247e558b3f0 JavaThread "File watcher server" daemon [_thread_in_native, id=14456, stack(0x00000096ebb00000,0x00000096ebc00000)]
  0x00000247e558b8c0 JavaThread "File watcher consumer" daemon [_thread_blocked, id=14464, stack(0x00000096ebc00000,0x00000096ebd00000)]
  0x00000247e558bd90 JavaThread "Cache worker for checksums cache (C:\Users\leana\AndroidStudioProjects\ProcexApp2\.gradle\7.6\checksums)" [_thread_blocked, id=14496, stack(0x00000096ebd00000,0x00000096ebe00000)]
  0x00000247e5f31230 JavaThread "Cache worker for cache directory md-rule (C:\Users\leana\.gradle\caches\7.6\md-rule)" [_thread_blocked, id=14520, stack(0x00000096ebe00000,0x00000096ebf00000)]
  0x00000247e5f2f080 JavaThread "Cache worker for file content cache (C:\Users\leana\.gradle\caches\7.6\fileContent)" [_thread_blocked, id=14556, stack(0x00000096ebf00000,0x00000096ec000000)]
  0x00000247e5f32570 JavaThread "Cache worker for file hash cache (C:\Users\leana\AndroidStudioProjects\ProcexApp2\.gradle\7.6\fileHashes)" [_thread_blocked, id=14576, stack(0x00000096ec000000,0x00000096ec100000)]
  0x00000247e5f2dd40 JavaThread "Cache worker for cache directory md-supplier (C:\Users\leana\.gradle\caches\7.6\md-supplier)" [_thread_blocked, id=14600, stack(0x00000096ec100000,0x00000096ec200000)]
  0x00000247e5f31700 JavaThread "Cache worker for execution history cache (C:\Users\leana\.gradle\caches\7.6\executionHistory)" [_thread_blocked, id=14636, stack(0x00000096ec300000,0x00000096ec400000)]
  0x00000247e5f2fef0 JavaThread "jar transforms" [_thread_blocked, id=14780, stack(0x00000096e9200000,0x00000096e9300000)]
  0x00000247e5f2fa20 JavaThread "jar transforms Thread 2" [_thread_blocked, id=14816, stack(0x00000096e9300000,0x00000096e9400000)]
  0x00000247e5f30d60 JavaThread "jar transforms Thread 3" [_thread_blocked, id=15476, stack(0x00000096e9400000,0x00000096e9500000)]
  0x00000247e5f2ca00 JavaThread "jar transforms Thread 4" [_thread_blocked, id=15524, stack(0x00000096ec400000,0x00000096ec500000)]
  0x00000247e5f2d3a0 JavaThread "Cache worker for dependencies-accessors (C:\Users\leana\AndroidStudioProjects\ProcexApp2\.gradle\7.6\dependencies-accessors)" [_thread_blocked, id=15552, stack(0x00000096ec500000,0x00000096ec600000)]
  0x00000247e5f32a40 JavaThread "Cache worker for Build Output Cleanup Cache (C:\Users\leana\AndroidStudioProjects\ProcexApp2\.gradle\buildOutputCleanup)" [_thread_blocked, id=16148, stack(0x00000096ec600000,0x00000096ec700000)]
  0x00000247e5f303c0 JavaThread "Unconstrained build operations" [_thread_blocked, id=15228, stack(0x00000096eb700000,0x00000096eb800000)]
  0x00000247e5f30890 JavaThread "Unconstrained build operations Thread 2" [_thread_blocked, id=14072, stack(0x00000096eb900000,0x00000096eba00000)]
  0x00000247e5f2d870 JavaThread "Unconstrained build operations Thread 3" [_thread_blocked, id=14676, stack(0x00000096ec700000,0x00000096ec800000)]
  0x00000247e5f333e0 JavaThread "Unconstrained build operations Thread 4" [_thread_blocked, id=9408, stack(0x00000096ec800000,0x00000096ec900000)]
  0x00000247e5f338b0 JavaThread "Unconstrained build operations Thread 5" [_thread_blocked, id=14760, stack(0x00000096ec900000,0x00000096eca00000)]
  0x00000247e5f2ced0 JavaThread "Unconstrained build operations Thread 6" [_thread_blocked, id=12200, stack(0x00000096eca00000,0x00000096ecb00000)]
  0x00000247e5f2ebb0 JavaThread "Unconstrained build operations Thread 7" [_thread_blocked, id=11012, stack(0x00000096ecb00000,0x00000096ecc00000)]
  0x00000247e5f2c060 JavaThread "Unconstrained build operations Thread 8" [_thread_blocked, id=13992, stack(0x00000096ecc00000,0x00000096ecd00000)]
  0x00000247e558df40 JavaThread "Unconstrained build operations Thread 9" [_thread_blocked, id=4680, stack(0x00000096ecd00000,0x00000096ece00000)]
  0x00000247e558e8e0 JavaThread "Unconstrained build operations Thread 10" [_thread_blocked, id=11780, stack(0x00000096ece00000,0x00000096ecf00000)]
  0x00000247e9040180 JavaThread "Unconstrained build operations Thread 11" [_thread_blocked, id=14188, stack(0x00000096ecf00000,0x00000096ed000000)]
  0x00000247e90431a0 JavaThread "Unconstrained build operations Thread 12" [_thread_blocked, id=14088, stack(0x00000096ed000000,0x00000096ed100000)]
  0x00000247e9042cd0 JavaThread "Unconstrained build operations Thread 13" [_thread_blocked, id=14988, stack(0x00000096ed100000,0x00000096ed200000)]
  0x00000247e9044010 JavaThread "Unconstrained build operations Thread 14" [_thread_blocked, id=15008, stack(0x00000096ed200000,0x00000096ed300000)]
  0x00000247e9040ff0 JavaThread "Unconstrained build operations Thread 15" [_thread_blocked, id=7748, stack(0x00000096ed300000,0x00000096ed400000)]
  0x00000247e90449b0 JavaThread "Unconstrained build operations Thread 16" [_thread_blocked, id=15284, stack(0x00000096ed400000,0x00000096ed500000)]
  0x00000247e9043670 JavaThread "Unconstrained build operations Thread 17" [_thread_blocked, id=15416, stack(0x00000096ed500000,0x00000096ed600000)]
  0x00000247e9043b40 JavaThread "Unconstrained build operations Thread 18" [_thread_blocked, id=15436, stack(0x00000096ed600000,0x00000096ed700000)]
  0x00000247e9041e60 JavaThread "Unconstrained build operations Thread 19" [_thread_blocked, id=15440, stack(0x00000096ed700000,0x00000096ed800000)]
  0x00000247e9045cf0 JavaThread "Unconstrained build operations Thread 20" [_thread_blocked, id=11140, stack(0x00000096ed800000,0x00000096ed900000)]
  0x00000247e90461c0 JavaThread "Unconstrained build operations Thread 21" [_thread_blocked, id=15832, stack(0x00000096ed900000,0x00000096eda00000)]
  0x00000247e9045820 JavaThread "Unconstrained build operations Thread 22" [_thread_blocked, id=15836, stack(0x00000096eda00000,0x00000096edb00000)]
  0x00000247e9042330 JavaThread "Unconstrained build operations Thread 23" [_thread_blocked, id=15840, stack(0x00000096edb00000,0x00000096edc00000)]
  0x00000247e9044e80 JavaThread "Unconstrained build operations Thread 24" [_thread_blocked, id=15844, stack(0x00000096edc00000,0x00000096edd00000)]
  0x00000247e90444e0 JavaThread "Unconstrained build operations Thread 25" [_thread_blocked, id=15848, stack(0x00000096edd00000,0x00000096ede00000)]
  0x00000247e9042800 JavaThread "Unconstrained build operations Thread 26" [_thread_blocked, id=15852, stack(0x00000096ede00000,0x00000096edf00000)]
  0x00000247e9046690 JavaThread "Unconstrained build operations Thread 27" [_thread_blocked, id=15884, stack(0x00000096edf00000,0x00000096ee000000)]
  0x00000247e9041990 JavaThread "Unconstrained build operations Thread 28" [_thread_blocked, id=15912, stack(0x00000096ee000000,0x00000096ee100000)]
  0x00000247e903f7e0 JavaThread "Unconstrained build operations Thread 29" [_thread_blocked, id=15916, stack(0x00000096ee100000,0x00000096ee200000)]
  0x00000247e9045350 JavaThread "Unconstrained build operations Thread 30" [_thread_blocked, id=15936, stack(0x00000096ee200000,0x00000096ee300000)]
  0x00000247e903ee40 JavaThread "Unconstrained build operations Thread 31" [_thread_blocked, id=15940, stack(0x00000096ee300000,0x00000096ee400000)]
  0x00000247e903f310 JavaThread "Unconstrained build operations Thread 32" [_thread_blocked, id=15944, stack(0x00000096ee400000,0x00000096ee500000)]
  0x00000247e903fcb0 JavaThread "Unconstrained build operations Thread 33" [_thread_blocked, id=15948, stack(0x00000096ee500000,0x00000096ee600000)]
  0x00000247e90414c0 JavaThread "Unconstrained build operations Thread 34" [_thread_blocked, id=15964, stack(0x00000096ee600000,0x00000096ee700000)]
  0x00000247e9040650 JavaThread "Unconstrained build operations Thread 35" [_thread_blocked, id=15972, stack(0x00000096ee700000,0x00000096ee800000)]
  0x00000247e9040b20 JavaThread "Unconstrained build operations Thread 36" [_thread_blocked, id=16012, stack(0x00000096ee800000,0x00000096ee900000)]
  0x00000247e5e0ab40 JavaThread "Unconstrained build operations Thread 37" [_thread_blocked, id=16016, stack(0x00000096ee900000,0x00000096eea00000)]
  0x00000247e5e084c0 JavaThread "Unconstrained build operations Thread 38" [_thread_blocked, id=16020, stack(0x00000096eea00000,0x00000096eeb00000)]
  0x00000247e5e09330 JavaThread "Unconstrained build operations Thread 39" [_thread_blocked, id=14616, stack(0x00000096eeb00000,0x00000096eec00000)]
  0x00000247e5e0a670 JavaThread "Unconstrained build operations Thread 40" [_thread_blocked, id=16308, stack(0x00000096eec00000,0x00000096eed00000)]
  0x00000247e5e09800 JavaThread "File lock release action executor Thread 3" [_thread_blocked, id=12320, stack(0x00000096eed00000,0x00000096eee00000)]
  0x00000247e5e0c820 JavaThread "build event listener" [_thread_blocked, id=16540, stack(0x00000096eba00000,0x00000096ebb00000)]
  0x00000247e5e08990 JavaThread "Memory manager" [_thread_blocked, id=16636, stack(0x00000096eee00000,0x00000096eef00000)]

Other Threads:
  0x00000247e3d02c30 VMThread "VM Thread" [stack: 0x00000096e9b00000,0x00000096e9c00000] [id=8924]
  0x00000247e4978de0 WatcherThread [stack: 0x00000096ea700000,0x00000096ea800000] [id=8496]
  0x00000247ca822980 GCTaskThread "GC Thread#0" [stack: 0x00000096e9600000,0x00000096e9700000] [id=11216]
  0x00000247e4dfe960 GCTaskThread "GC Thread#1" [stack: 0x00000096ea800000,0x00000096ea900000] [id=5960]
  0x00000247e5287850 GCTaskThread "GC Thread#2" [stack: 0x00000096ea900000,0x00000096eaa00000] [id=14140]
  0x00000247e4b37cb0 GCTaskThread "GC Thread#3" [stack: 0x00000096eaa00000,0x00000096eab00000] [id=848]
  0x00000247ca8338c0 ConcurrentGCThread "G1 Main Marker" [stack: 0x00000096e9700000,0x00000096e9800000] [id=11608]
  0x00000247ca834430 ConcurrentGCThread "G1 Conc#0" [stack: 0x00000096e9800000,0x00000096e9900000] [id=9256]
  0x00000247ca86f180 ConcurrentGCThread "G1 Refine#0" [stack: 0x00000096e9900000,0x00000096e9a00000] [id=14056]
  0x00000247e6cbf720 ConcurrentGCThread "G1 Refine#1" [stack: 0x00000096ec200000,0x00000096ec300000] [id=14624]
  0x00000247ca86fd00 ConcurrentGCThread "G1 Service" [stack: 0x00000096e9a00000,0x00000096e9b00000] [id=10692]

Threads with active compile tasks:
C2 CompilerThread0   303351 8683       4       org.gradle.internal.reflect.ClassInspector::inspectClass (179 bytes)

VM state: at safepoint (normal execution)

VM Mutex/Monitor currently owned by a thread:  ([mutex/lock_event])
[0x00000247ca7c3fa0] Threads_lock - owner thread: 0x00000247e3d02c30
[0x00000247ca7c3850] Heap_lock - owner thread: 0x00000247e558c260

Heap address: 0x0000000080000000, size: 2048 MB, Compressed Oops mode: 32-bit

CDS archive(s) not mapped
Compressed class space mapped at: 0x0000000100000000-0x0000000140000000, reserved size: 1073741824
Narrow klass base: 0x0000000000000000, Narrow klass shift: 3, Narrow klass range: 0x140000000

GC Precious Log:
 CPUs: 4 total, 4 available
 Memory: 3521M
 Large Page Support: Disabled
 NUMA Support: Disabled
 Compressed Oops: Enabled (32-bit)
 Heap Region Size: 1M
 Heap Min Capacity: 8M
 Heap Initial Capacity: 56M
 Heap Max Capacity: 2G
 Pre-touch: Disabled
 Parallel Workers: 4
 Concurrent Workers: 1
 Concurrent Refinement Workers: 4
 Periodic GC: Disabled

Heap:
 garbage-first heap   total 112640K, used 92386K [0x0000000080000000, 0x0000000100000000)
  region size 1024K, 27 young (27648K), 2 survivors (2048K)
 Metaspace       used 79231K, committed 79808K, reserved 1122304K
  class space    used 10681K, committed 10944K, reserved 1048576K

Heap Regions: E=young(eden), S=young(survivor), O=old, HS=humongous(starts), HC=humongous(continues), CS=collection set, F=free, OA=open archive, CA=closed archive, TAMS=top-at-mark-start (previous, next)
|   0|0x0000000080000000, 0x0000000080100000, 0x0000000080100000|100%| O|  |TAMS 0x0000000080100000, 0x0000000080100000| Untracked 
|   1|0x0000000080100000, 0x0000000080200000, 0x0000000080200000|100%| O|  |TAMS 0x0000000080200000, 0x0000000080200000| Untracked 
|   2|0x0000000080200000, 0x0000000080300000, 0x0000000080300000|100%|HS|  |TAMS 0x0000000080300000, 0x0000000080300000| Complete 
|   3|0x0000000080300000, 0x0000000080400000, 0x0000000080400000|100%|HC|  |TAMS 0x0000000080400000, 0x0000000080400000| Complete 
|   4|0x0000000080400000, 0x0000000080500000, 0x0000000080500000|100%|HC|  |TAMS 0x0000000080500000, 0x0000000080500000| Complete 
|   5|0x0000000080500000, 0x0000000080600000, 0x0000000080600000|100%| O|  |TAMS 0x0000000080600000, 0x0000000080600000| Untracked 
|   6|0x0000000080600000, 0x0000000080700000, 0x0000000080700000|100%| O|  |TAMS 0x0000000080700000, 0x0000000080700000| Untracked 
|   7|0x0000000080700000, 0x0000000080800000, 0x0000000080800000|100%| O|  |TAMS 0x0000000080800000, 0x0000000080800000| Untracked 
|   8|0x0000000080800000, 0x0000000080900000, 0x0000000080900000|100%| O|  |TAMS 0x0000000080900000, 0x0000000080900000| Untracked 
|   9|0x0000000080900000, 0x0000000080a00000, 0x0000000080a00000|100%| O|  |TAMS 0x0000000080a00000, 0x0000000080a00000| Untracked 
|  10|0x0000000080a00000, 0x0000000080b00000, 0x0000000080b00000|100%| O|  |TAMS 0x0000000080b00000, 0x0000000080b00000| Untracked 
|  11|0x0000000080b00000, 0x0000000080c00000, 0x0000000080c00000|100%| O|  |TAMS 0x0000000080c00000, 0x0000000080c00000| Untracked 
|  12|0x0000000080c00000, 0x0000000080d00000, 0x0000000080d00000|100%| O|  |TAMS 0x0000000080d00000, 0x0000000080d00000| Untracked 
|  13|0x0000000080d00000, 0x0000000080e00000, 0x0000000080e00000|100%| O|  |TAMS 0x0000000080e00000, 0x0000000080e00000| Untracked 
|  14|0x0000000080e00000, 0x0000000080f00000, 0x0000000080f00000|100%| O|  |TAMS 0x0000000080f00000, 0x0000000080f00000| Untracked 
|  15|0x0000000080f00000, 0x0000000081000000, 0x0000000081000000|100%| O|  |TAMS 0x0000000081000000, 0x0000000081000000| Untracked 
|  16|0x0000000081000000, 0x0000000081100000, 0x0000000081100000|100%| O|  |TAMS 0x0000000081100000, 0x0000000081100000| Untracked 
|  17|0x0000000081100000, 0x0000000081200000, 0x0000000081200000|100%| O|  |TAMS 0x0000000081200000, 0x0000000081200000| Untracked 
|  18|0x0000000081200000, 0x0000000081300000, 0x0000000081300000|100%| O|  |TAMS 0x0000000081300000, 0x0000000081300000| Untracked 
|  19|0x0000000081300000, 0x0000000081400000, 0x0000000081400000|100%| O|  |TAMS 0x0000000081400000, 0x0000000081400000| Untracked 
|  20|0x0000000081400000, 0x0000000081500000, 0x0000000081500000|100%| O|  |TAMS 0x0000000081500000, 0x0000000081500000| Untracked 
|  21|0x0000000081500000, 0x0000000081600000, 0x0000000081600000|100%| O|  |TAMS 0x0000000081600000, 0x0000000081600000| Untracked 
|  22|0x0000000081600000, 0x0000000081700000, 0x0000000081700000|100%| O|  |TAMS 0x0000000081700000, 0x0000000081700000| Untracked 
|  23|0x0000000081700000, 0x0000000081800000, 0x0000000081800000|100%| O|  |TAMS 0x0000000081800000, 0x0000000081800000| Untracked 
|  24|0x0000000081800000, 0x0000000081900000, 0x0000000081900000|100%| O|  |TAMS 0x0000000081900000, 0x0000000081900000| Untracked 
|  25|0x0000000081900000, 0x0000000081a00000, 0x0000000081a00000|100%| O|  |TAMS 0x0000000081a00000, 0x0000000081a00000| Untracked 
|  26|0x0000000081a00000, 0x0000000081b00000, 0x0000000081b00000|100%| O|  |TAMS 0x0000000081b00000, 0x0000000081b00000| Untracked 
|  27|0x0000000081b00000, 0x0000000081c00000, 0x0000000081c00000|100%| O|  |TAMS 0x0000000081c00000, 0x0000000081c00000| Untracked 
|  28|0x0000000081c00000, 0x0000000081d00000, 0x0000000081d00000|100%| O|  |TAMS 0x0000000081d00000, 0x0000000081d00000| Untracked 
|  29|0x0000000081d00000, 0x0000000081e00000, 0x0000000081e00000|100%| O|  |TAMS 0x0000000081e00000, 0x0000000081e00000| Untracked 
|  30|0x0000000081e00000, 0x0000000081f00000, 0x0000000081f00000|100%| O|  |TAMS 0x0000000081f00000, 0x0000000081f00000| Untracked 
|  31|0x0000000081f00000, 0x0000000082000000, 0x0000000082000000|100%| O|  |TAMS 0x0000000082000000, 0x0000000082000000| Untracked 
|  32|0x0000000082000000, 0x0000000082100000, 0x0000000082100000|100%| O|  |TAMS 0x0000000082100000, 0x0000000082100000| Untracked 
|  33|0x0000000082100000, 0x0000000082200000, 0x0000000082200000|100%| O|  |TAMS 0x0000000082200000, 0x0000000082200000| Untracked 
|  34|0x0000000082200000, 0x0000000082300000, 0x0000000082300000|100%|HS|  |TAMS 0x0000000082300000, 0x0000000082300000| Complete 
|  35|0x0000000082300000, 0x0000000082400000, 0x0000000082400000|100%|HS|  |TAMS 0x0000000082400000, 0x0000000082400000| Complete 
|  36|0x0000000082400000, 0x0000000082500000, 0x0000000082500000|100%|HS|  |TAMS 0x0000000082500000, 0x0000000082500000| Complete 
|  37|0x0000000082500000, 0x0000000082600000, 0x0000000082600000|100%| O|  |TAMS 0x0000000082600000, 0x0000000082600000| Untracked 
|  38|0x0000000082600000, 0x0000000082700000, 0x0000000082700000|100%| O|  |TAMS 0x0000000082700000, 0x0000000082700000| Untracked 
|  39|0x0000000082700000, 0x0000000082800000, 0x0000000082800000|100%|HS|  |TAMS 0x0000000082800000, 0x0000000082800000| Complete 
|  40|0x0000000082800000, 0x0000000082900000, 0x0000000082900000|100%|HC|  |TAMS 0x0000000082900000, 0x0000000082900000| Complete 
|  41|0x0000000082900000, 0x0000000082a00000, 0x0000000082a00000|100%|HC|  |TAMS 0x0000000082a00000, 0x0000000082a00000| Complete 
|  42|0x0000000082a00000, 0x0000000082b00000, 0x0000000082b00000|100%|HC|  |TAMS 0x0000000082b00000, 0x0000000082b00000| Complete 
|  43|0x0000000082b00000, 0x0000000082c00000, 0x0000000082c00000|100%| O|  |TAMS 0x0000000082c00000, 0x0000000082c00000| Untracked 
|  44|0x0000000082c00000, 0x0000000082d00000, 0x0000000082d00000|100%| O|  |TAMS 0x0000000082d00000, 0x0000000082d00000| Untracked 
|  45|0x0000000082d00000, 0x0000000082e00000, 0x0000000082e00000|100%| O|  |TAMS 0x0000000082e00000, 0x0000000082e00000| Untracked 
|  46|0x0000000082e00000, 0x0000000082f00000, 0x0000000082f00000|100%| O|  |TAMS 0x0000000082f00000, 0x0000000082f00000| Untracked 
|  47|0x0000000082f00000, 0x0000000083000000, 0x0000000083000000|100%| O|  |TAMS 0x0000000083000000, 0x0000000083000000| Untracked 
|  48|0x0000000083000000, 0x0000000083100000, 0x0000000083100000|100%| O|  |TAMS 0x0000000083100000, 0x0000000083100000| Untracked 
|  49|0x0000000083100000, 0x0000000083200000, 0x0000000083200000|100%| O|  |TAMS 0x0000000083200000, 0x0000000083200000| Untracked 
|  50|0x0000000083200000, 0x0000000083300000, 0x0000000083300000|100%| O|  |TAMS 0x0000000083300000, 0x0000000083300000| Untracked 
|  51|0x0000000083300000, 0x0000000083400000, 0x0000000083400000|100%| O|  |TAMS 0x0000000083400000, 0x0000000083400000| Untracked 
|  52|0x0000000083400000, 0x0000000083500000, 0x0000000083500000|100%| O|  |TAMS 0x0000000083500000, 0x0000000083500000| Untracked 
|  53|0x0000000083500000, 0x0000000083600000, 0x0000000083600000|100%| O|  |TAMS 0x0000000083600000, 0x0000000083600000| Untracked 
|  54|0x0000000083600000, 0x0000000083700000, 0x0000000083700000|100%| O|  |TAMS 0x0000000083700000, 0x0000000083700000| Untracked 
|  55|0x0000000083700000, 0x0000000083800000, 0x0000000083800000|100%| O|  |TAMS 0x0000000083800000, 0x0000000083800000| Untracked 
|  56|0x0000000083800000, 0x0000000083800000, 0x0000000083900000|  0%| F|  |TAMS 0x0000000083800000, 0x0000000083800000| Untracked 
|  57|0x0000000083900000, 0x0000000083a00000, 0x0000000083a00000|100%| O|  |TAMS 0x0000000083a00000, 0x0000000083a00000| Untracked 
|  58|0x0000000083a00000, 0x0000000083b00000, 0x0000000083b00000|100%| O|  |TAMS 0x0000000083b00000, 0x0000000083b00000| Untracked 
|  59|0x0000000083b00000, 0x0000000083c00000, 0x0000000083c00000|100%| O|  |TAMS 0x0000000083c00000, 0x0000000083c00000| Untracked 
|  60|0x0000000083c00000, 0x0000000083d00000, 0x0000000083d00000|100%| O|  |TAMS 0x0000000083ca2c00, 0x0000000083d00000| Untracked 
|  61|0x0000000083d00000, 0x0000000083e00000, 0x0000000083e00000|100%| O|  |TAMS 0x0000000083d00000, 0x0000000083e00000| Untracked 
|  62|0x0000000083e00000, 0x0000000083f00000, 0x0000000083f00000|100%| O|  |TAMS 0x0000000083e00000, 0x0000000083f00000| Untracked 
|  63|0x0000000083f00000, 0x0000000084000000, 0x0000000084000000|100%| O|  |TAMS 0x0000000083f00000, 0x0000000084000000| Untracked 
|  64|0x0000000084000000, 0x0000000084100000, 0x0000000084100000|100%| O|  |TAMS 0x0000000084000000, 0x0000000084100000| Untracked 
|  65|0x0000000084100000, 0x00000000841c7600, 0x0000000084200000| 77%| O|  |TAMS 0x0000000084100000, 0x00000000841c7600| Untracked 
|  66|0x0000000084200000, 0x0000000084200000, 0x0000000084300000|  0%| F|  |TAMS 0x0000000084200000, 0x0000000084200000| Untracked 
|  67|0x0000000084300000, 0x0000000084300000, 0x0000000084400000|  0%| F|  |TAMS 0x0000000084300000, 0x0000000084300000| Untracked 
|  68|0x0000000084400000, 0x0000000084400000, 0x0000000084500000|  0%| F|  |TAMS 0x0000000084400000, 0x0000000084400000| Untracked 
|  69|0x0000000084500000, 0x0000000084500000, 0x0000000084600000|  0%| F|  |TAMS 0x0000000084500000, 0x0000000084500000| Untracked 
|  70|0x0000000084600000, 0x0000000084600000, 0x0000000084700000|  0%| F|  |TAMS 0x0000000084600000, 0x0000000084600000| Untracked 
|  71|0x0000000084700000, 0x0000000084700000, 0x0000000084800000|  0%| F|  |TAMS 0x0000000084700000, 0x0000000084700000| Untracked 
|  72|0x0000000084800000, 0x0000000084800000, 0x0000000084900000|  0%| F|  |TAMS 0x0000000084800000, 0x0000000084800000| Untracked 
|  73|0x0000000084900000, 0x0000000084900000, 0x0000000084a00000|  0%| F|  |TAMS 0x0000000084900000, 0x0000000084900000| Untracked 
|  74|0x0000000084a00000, 0x0000000084a00000, 0x0000000084b00000|  0%| F|  |TAMS 0x0000000084a00000, 0x0000000084a00000| Untracked 
|  75|0x0000000084b00000, 0x0000000084b00000, 0x0000000084c00000|  0%| F|  |TAMS 0x0000000084b00000, 0x0000000084b00000| Untracked 
|  76|0x0000000084c00000, 0x0000000084c00000, 0x0000000084d00000|  0%| F|  |TAMS 0x0000000084c00000, 0x0000000084c00000| Untracked 
|  77|0x0000000084d00000, 0x0000000084d00000, 0x0000000084e00000|  0%| F|  |TAMS 0x0000000084d00000, 0x0000000084d00000| Untracked 
|  78|0x0000000084e00000, 0x0000000084e00000, 0x0000000084f00000|  0%| F|  |TAMS 0x0000000084e00000, 0x0000000084e00000| Untracked 
|  79|0x0000000084f00000, 0x0000000084f00000, 0x0000000085000000|  0%| F|  |TAMS 0x0000000084f00000, 0x0000000084f00000| Untracked 
|  80|0x0000000085000000, 0x0000000085000000, 0x0000000085100000|  0%| F|  |TAMS 0x0000000085000000, 0x0000000085000000| Untracked 
|  81|0x0000000085100000, 0x0000000085100000, 0x0000000085200000|  0%| F|  |TAMS 0x0000000085100000, 0x0000000085100000| Untracked 
|  82|0x0000000085200000, 0x0000000085300000, 0x0000000085300000|100%| S|  |TAMS 0x0000000085200000, 0x0000000085200000| Complete 
|  83|0x0000000085300000, 0x0000000085400000, 0x0000000085400000|100%| S|  |TAMS 0x0000000085300000, 0x0000000085300000| Complete 
|  84|0x0000000085400000, 0x0000000085500000, 0x0000000085500000|100%| E|CS|TAMS 0x0000000085400000, 0x0000000085500000| Complete 
|  85|0x0000000085500000, 0x0000000085600000, 0x0000000085600000|100%| E|CS|TAMS 0x0000000085500000, 0x0000000085600000| Complete 
|  86|0x0000000085600000, 0x0000000085700000, 0x0000000085700000|100%| E|CS|TAMS 0x0000000085600000, 0x0000000085700000| Complete 
|  87|0x0000000085700000, 0x0000000085800000, 0x0000000085800000|100%| E|CS|TAMS 0x0000000085700000, 0x0000000085800000| Complete 
|  88|0x0000000085800000, 0x0000000085900000, 0x0000000085900000|100%| E|CS|TAMS 0x0000000085800000, 0x0000000085900000| Complete 
|  89|0x0000000085900000, 0x0000000085a00000, 0x0000000085a00000|100%| E|CS|TAMS 0x0000000085900000, 0x0000000085a00000| Complete 
|  90|0x0000000085a00000, 0x0000000085b00000, 0x0000000085b00000|100%| E|CS|TAMS 0x0000000085a00000, 0x0000000085b00000| Complete 
|  91|0x0000000085b00000, 0x0000000085c00000, 0x0000000085c00000|100%| E|CS|TAMS 0x0000000085b00000, 0x0000000085c00000| Complete 
|  92|0x0000000085c00000, 0x0000000085d00000, 0x0000000085d00000|100%| E|CS|TAMS 0x0000000085c00000, 0x0000000085d00000| Complete 
|  93|0x0000000085d00000, 0x0000000085e00000, 0x0000000085e00000|100%| E|CS|TAMS 0x0000000085d00000, 0x0000000085e00000| Complete 
|  94|0x0000000085e00000, 0x0000000085f00000, 0x0000000085f00000|100%| E|CS|TAMS 0x0000000085e00000, 0x0000000085f00000| Complete 
|  95|0x0000000085f00000, 0x0000000086000000, 0x0000000086000000|100%| E|CS|TAMS 0x0000000085f00000, 0x0000000086000000| Complete 
|  96|0x0000000086000000, 0x0000000086100000, 0x0000000086100000|100%| E|CS|TAMS 0x0000000086000000, 0x0000000086100000| Complete 
|  97|0x0000000086100000, 0x0000000086200000, 0x0000000086200000|100%| E|CS|TAMS 0x0000000086100000, 0x0000000086200000| Complete 
|  98|0x0000000086200000, 0x0000000086300000, 0x0000000086300000|100%| E|CS|TAMS 0x0000000086200000, 0x0000000086300000| Complete 
|  99|0x0000000086300000, 0x0000000086400000, 0x0000000086400000|100%| E|CS|TAMS 0x0000000086300000, 0x0000000086400000| Complete 
| 100|0x0000000086400000, 0x0000000086500000, 0x0000000086500000|100%| E|CS|TAMS 0x0000000086400000, 0x0000000086500000| Complete 
| 101|0x0000000086500000, 0x0000000086600000, 0x0000000086600000|100%| E|CS|TAMS 0x0000000086500000, 0x0000000086600000| Complete 
| 102|0x0000000086600000, 0x0000000086700000, 0x0000000086700000|100%| E|CS|TAMS 0x0000000086600000, 0x0000000086700000| Complete 
| 103|0x0000000086700000, 0x0000000086800000, 0x0000000086800000|100%| E|CS|TAMS 0x0000000086700000, 0x0000000086800000| Complete 
| 104|0x0000000086800000, 0x0000000086900000, 0x0000000086900000|100%| E|CS|TAMS 0x0000000086800000, 0x0000000086900000| Complete 
| 105|0x0000000086900000, 0x0000000086a00000, 0x0000000086a00000|100%| E|CS|TAMS 0x0000000086900000, 0x0000000086a00000| Complete 
| 106|0x0000000086a00000, 0x0000000086b00000, 0x0000000086b00000|100%| E|CS|TAMS 0x0000000086a00000, 0x0000000086b00000| Complete 
| 107|0x0000000086b00000, 0x0000000086b715c0, 0x0000000086c00000| 44%| E|CS|TAMS 0x0000000086b00000, 0x0000000086b715c0| Complete 
| 108|0x0000000086c00000, 0x0000000086d00000, 0x0000000086d00000|100%| E|CS|TAMS 0x0000000086c00000, 0x0000000086d00000| Complete 
| 109|0x0000000086d00000, 0x0000000086e00000, 0x0000000086e00000|100%| E|CS|TAMS 0x0000000086d00000, 0x0000000086e00000| Complete 

Card table byte_map: [0x00000247dd090000,0x00000247dd490000] _byte_map_base: 0x00000247dcc90000

Marking Bits (Prev, Next): (CMBitMap*) 0x00000247ca822f90, (CMBitMap*) 0x00000247ca822fd0
 Prev Bits: [0x00000247dd890000, 0x00000247df890000)
 Next Bits: [0x00000247df890000, 0x00000247e1890000)

Polling page: 0x00000247c9f90000

Metaspace:

Usage:
  Non-class:     66.94 MB used.
      Class:     10.43 MB used.
       Both:     77.37 MB used.

Virtual space:
  Non-class space:       72.00 MB reserved,      67.25 MB ( 93%) committed,  9 nodes.
      Class space:        1.00 GB reserved,      10.69 MB (  1%) committed,  1 nodes.
             Both:        1.07 GB reserved,      77.94 MB (  7%) committed. 

Chunk freelists:
   Non-Class:  800.00 KB
       Class:  1.23 MB
        Both:  2.01 MB

MaxMetaspaceSize: unlimited
CompressedClassSpaceSize: 1.00 GB
Initial GC threshold: 21.00 MB
Current GC threshold: 122.00 MB
CDS: off
MetaspaceReclaimPolicy: balanced
 - commit_granule_bytes: 65536.
 - commit_granule_words: 8192.
 - virtual_space_node_default_size: 1048576.
 - enlarge_chunks_in_place: 1.
 - new_chunks_are_fully_committed: 0.
 - uncommit_free_chunks: 1.
 - use_allocation_guard: 0.
 - handle_deallocations: 1.


Internal statistics:

num_allocs_failed_limit: 6.
num_arena_births: 672.
num_arena_deaths: 0.
num_vsnodes_births: 10.
num_vsnodes_deaths: 0.
num_space_committed: 1247.
num_space_uncommitted: 0.
num_chunks_returned_to_freelist: 6.
num_chunks_taken_from_freelist: 3452.
num_chunk_merges: 6.
num_chunk_splits: 2307.
num_chunks_enlarged: 1555.
num_purges: 0.
num_inconsistent_stats: 0.

CodeHeap 'non-profiled nmethods': size=120000Kb used=5075Kb max_used=5075Kb free=114924Kb
 bounds [0x00000247d5760000, 0x00000247d5c60000, 0x00000247dcc90000]
CodeHeap 'profiled nmethods': size=120000Kb used=15336Kb max_used=15336Kb free=104664Kb
 bounds [0x00000247cdc90000, 0x00000247ceb90000, 0x00000247d51c0000]
CodeHeap 'non-nmethods': size=5760Kb used=2366Kb max_used=2409Kb free=3393Kb
 bounds [0x00000247d51c0000, 0x00000247d5430000, 0x00000247d5760000]
 total_blobs=8767 nmethods=7871 adapters=808
 compilation: enabled
              stopped_count=0, restarted_count=0
 full_count=0

Compilation events (20 events):
Event: 302.924 Thread 0x00000247e4814580 8684       3       java.util.LinkedHashMap::get (29 bytes)
Event: 302.924 Thread 0x00000247e4814580 nmethod 8684 0x00000247ceb82f10 code [0x00000247ceb830c0, 0x00000247ceb832f8]
Event: 302.924 Thread 0x00000247e4814580 8685       3       java.util.HashMap::getNode (150 bytes)
Event: 302.925 Thread 0x00000247e4814580 nmethod 8685 0x00000247ceb83410 code [0x00000247ceb83680, 0x00000247ceb84378]
Event: 302.934 Thread 0x00000247e4814580 8686       3       java.util.HashMap::resize (356 bytes)
Event: 302.935 Thread 0x00000247e4814580 nmethod 8686 0x00000247ceb84710 code [0x00000247ceb849c0, 0x00000247ceb85d88]
Event: 302.948 Thread 0x00000247e4814580 8688       3       com.google.common.collect.Hashing::needsResizing (22 bytes)
Event: 302.948 Thread 0x00000247e4814580 nmethod 8688 0x00000247ceb86210 code [0x00000247ceb863a0, 0x00000247ceb86558]
Event: 302.950 Thread 0x00000247e4814580 8689       3       org.gradle.internal.instantiation.generator.AsmBackedClassGenerator$ClassBuilderImpl::addServiceSupport (21 bytes)
Event: 302.950 Thread 0x00000247e4814580 nmethod 8689 0x00000247ceb86610 code [0x00000247ceb867e0, 0x00000247ceb86b48]
Event: 302.950 Thread 0x00000247e4814580 8690       3       org.gradle.internal.instantiation.generator.AsmBackedClassGenerator$ClassBuilderImpl::addServiceGetter (20 bytes)
Event: 302.951 Thread 0x00000247e4814580 nmethod 8690 0x00000247ceb86d10 code [0x00000247ceb86f20, 0x00000247ceb87518]
Event: 302.951 Thread 0x00000247e4814580 8691       3       org.gradle.internal.instantiation.generator.AsmBackedClassGenerator$ClassBuilderImpl$$Lambda$171/0x00000001003adf68::<init> (32 bytes)
Event: 302.951 Thread 0x00000247e4814580 nmethod 8691 0x00000247ceb87790 code [0x00000247ceb87940, 0x00000247ceb87c78]
Event: 302.953 Thread 0x00000247e4814580 8692       3       org.gradle.internal.instantiation.generator.AsmBackedClassGenerator$ClassBuilderImpl$33::<init> (64 bytes)
Event: 302.954 Thread 0x00000247e4814580 nmethod 8692 0x00000247ceb87d10 code [0x00000247ceb87f60, 0x00000247ceb88a18]
Event: 303.038 Thread 0x00000247e4814580 8693       3       org.gradle.internal.reflect.MethodSet::add (50 bytes)
Event: 303.040 Thread 0x00000247e4814580 nmethod 8693 0x00000247ceb88e10 code [0x00000247ceb89020, 0x00000247ceb898b8]
Event: 303.163 Thread 0x00000247e4814580 8694       3       org.gradle.internal.instantiation.generator.AsmBackedClassGenerator$ClassBuilderImpl::lambda$addSetMethod$32 (15 bytes)
Event: 303.163 Thread 0x00000247e4814580 nmethod 8694 0x00000247ceb89b90 code [0x00000247ceb89d40, 0x00000247ceb89f08]

GC Heap History (20 events):
Event: 229.874 GC heap before
{Heap before GC invocations=50 (full 0):
 garbage-first heap   total 104448K, used 74842K [0x0000000080000000, 0x0000000100000000)
  region size 1024K, 19 young (19456K), 2 survivors (2048K)
 Metaspace       used 65134K, committed 65600K, reserved 1105920K
  class space    used 8539K, committed 8768K, reserved 1048576K
}
Event: 229.893 GC heap after
{Heap after GC invocations=51 (full 0):
 garbage-first heap   total 104448K, used 59932K [0x0000000080000000, 0x0000000100000000)
  region size 1024K, 3 young (3072K), 3 survivors (3072K)
 Metaspace       used 65134K, committed 65600K, reserved 1105920K
  class space    used 8539K, committed 8768K, reserved 1048576K
}
Event: 232.654 GC heap before
{Heap before GC invocations=52 (full 0):
 garbage-first heap   total 104448K, used 68124K [0x0000000080000000, 0x0000000100000000)
  region size 1024K, 15 young (15360K), 3 survivors (3072K)
 Metaspace       used 66136K, committed 66688K, reserved 1114112K
  class space    used 8651K, committed 8896K, reserved 1048576K
}
Event: 232.698 GC heap after
{Heap after GC invocations=53 (full 0):
 garbage-first heap   total 104448K, used 58130K [0x0000000080000000, 0x0000000100000000)
  region size 1024K, 2 young (2048K), 2 survivors (2048K)
 Metaspace       used 66136K, committed 66688K, reserved 1114112K
  class space    used 8651K, committed 8896K, reserved 1048576K
}
Event: 241.016 GC heap before
{Heap before GC invocations=54 (full 0):
 garbage-first heap   total 104448K, used 79634K [0x0000000080000000, 0x0000000100000000)
  region size 1024K, 22 young (22528K), 2 survivors (2048K)
 Metaspace       used 68417K, committed 68992K, reserved 1114112K
  class space    used 8968K, committed 9216K, reserved 1048576K
}
Event: 241.037 GC heap after
{Heap after GC invocations=55 (full 0):
 garbage-first heap   total 104448K, used 58580K [0x0000000080000000, 0x0000000100000000)
  region size 1024K, 2 young (2048K), 2 survivors (2048K)
 Metaspace       used 68417K, committed 68992K, reserved 1114112K
  class space    used 8968K, committed 9216K, reserved 1048576K
}
Event: 242.486 GC heap before
{Heap before GC invocations=55 (full 0):
 garbage-first heap   total 104448K, used 61652K [0x0000000080000000, 0x0000000100000000)
  region size 1024K, 5 young (5120K), 2 survivors (2048K)
 Metaspace       used 68770K, committed 69312K, reserved 1114112K
  class space    used 9013K, committed 9280K, reserved 1048576K
}
Event: 242.501 GC heap after
{Heap after GC invocations=56 (full 0):
 garbage-first heap   total 104448K, used 58346K [0x0000000080000000, 0x0000000100000000)
  region size 1024K, 1 young (1024K), 1 survivors (1024K)
 Metaspace       used 68770K, committed 69312K, reserved 1114112K
  class space    used 9013K, committed 9280K, reserved 1048576K
}
Event: 257.606 GC heap before
{Heap before GC invocations=56 (full 0):
 garbage-first heap   total 104448K, used 79850K [0x0000000080000000, 0x0000000100000000)
  region size 1024K, 22 young (22528K), 1 survivors (1024K)
 Metaspace       used 69658K, committed 70272K, reserved 1114112K
  class space    used 9136K, committed 9408K, reserved 1048576K
}
Event: 257.676 GC heap after
{Heap after GC invocations=57 (full 0):
 garbage-first heap   total 104448K, used 60093K [0x0000000080000000, 0x0000000100000000)
  region size 1024K, 3 young (3072K), 3 survivors (3072K)
 Metaspace       used 69658K, committed 70272K, reserved 1114112K
  class space    used 9136K, committed 9408K, reserved 1048576K
}
Event: 259.222 GC heap before
{Heap before GC invocations=57 (full 0):
 garbage-first heap   total 104448K, used 81597K [0x0000000080000000, 0x0000000100000000)
  region size 1024K, 24 young (24576K), 3 survivors (3072K)
 Metaspace       used 69701K, committed 70272K, reserved 1114112K
  class space    used 9142K, committed 9408K, reserved 1048576K
}
Event: 259.262 GC heap after
{Heap after GC invocations=58 (full 0):
 garbage-first heap   total 104448K, used 62109K [0x0000000080000000, 0x0000000100000000)
  region size 1024K, 2 young (2048K), 2 survivors (2048K)
 Metaspace       used 69701K, committed 70272K, reserved 1114112K
  class space    used 9142K, committed 9408K, reserved 1048576K
}
Event: 266.487 GC heap before
{Heap before GC invocations=59 (full 0):
 garbage-first heap   total 106496K, used 83613K [0x0000000080000000, 0x0000000100000000)
  region size 1024K, 23 young (23552K), 2 survivors (2048K)
 Metaspace       used 71556K, committed 72128K, reserved 1114112K
  class space    used 9388K, committed 9664K, reserved 1048576K
}
Event: 266.536 GC heap after
{Heap after GC invocations=60 (full 0):
 garbage-first heap   total 106496K, used 64097K [0x0000000080000000, 0x0000000100000000)
  region size 1024K, 2 young (2048K), 2 survivors (2048K)
 Metaspace       used 71556K, committed 72128K, reserved 1114112K
  class space    used 9388K, committed 9664K, reserved 1048576K
}
Event: 274.274 GC heap before
{Heap before GC invocations=60 (full 0):
 garbage-first heap   total 106496K, used 85601K [0x0000000080000000, 0x0000000100000000)
  region size 1024K, 23 young (23552K), 2 survivors (2048K)
 Metaspace       used 74290K, committed 74816K, reserved 1114112K
  class space    used 9944K, committed 10176K, reserved 1048576K
}
Event: 274.341 GC heap after
{Heap after GC invocations=61 (full 0):
 garbage-first heap   total 106496K, used 65502K [0x0000000080000000, 0x0000000100000000)
  region size 1024K, 2 young (2048K), 2 survivors (2048K)
 Metaspace       used 74290K, committed 74816K, reserved 1114112K
  class space    used 9944K, committed 10176K, reserved 1048576K
}
Event: 285.995 GC heap before
{Heap before GC invocations=62 (full 0):
 garbage-first heap   total 112640K, used 87006K [0x0000000080000000, 0x0000000100000000)
  region size 1024K, 23 young (23552K), 2 survivors (2048K)
 Metaspace       used 76505K, committed 77056K, reserved 1122304K
  class space    used 10264K, committed 10496K, reserved 1048576K
}
Event: 286.016 GC heap after
{Heap after GC invocations=63 (full 0):
 garbage-first heap   total 112640K, used 66835K [0x0000000080000000, 0x0000000100000000)
  region size 1024K, 3 young (3072K), 3 survivors (3072K)
 Metaspace       used 76505K, committed 77056K, reserved 1122304K
  class space    used 10264K, committed 10496K, reserved 1048576K
}
Event: 287.563 GC heap before
{Heap before GC invocations=63 (full 0):
 garbage-first heap   total 112640K, used 68883K [0x0000000080000000, 0x0000000100000000)
  region size 1024K, 5 young (5120K), 3 survivors (3072K)
 Metaspace       used 76668K, committed 77312K, reserved 1122304K
  class space    used 10291K, committed 10560K, reserved 1048576K
}
Event: 287.587 GC heap after
{Heap after GC invocations=64 (full 0):
 garbage-first heap   total 112640K, used 66786K [0x0000000080000000, 0x0000000100000000)
  region size 1024K, 1 young (1024K), 1 survivors (1024K)
 Metaspace       used 76668K, committed 77312K, reserved 1122304K
  class space    used 10291K, committed 10560K, reserved 1048576K
}

Dll operation events (2 events):
Event: 0.096 Loaded shared library C:\Program Files\Android\Android Studio\jbr\bin\java.dll
Event: 8.123 Loaded shared library C:\Program Files\Android\Android Studio\jbr\bin\verify.dll

Deoptimization events (20 events):
Event: 301.260 Thread 0x00000247e558c260 Uncommon trap: trap_request=0xffffff45 fr.pc=0x00000247d5c48cbc relative=0x00000000000003fc
Event: 301.260 Thread 0x00000247e558c260 Uncommon trap: reason=unstable_if action=reinterpret pc=0x00000247d5c48cbc method=com.esotericsoftware.kryo.io.Input.readVarInt(Z)I @ 81 c2
Event: 301.260 Thread 0x00000247e558c260 DEOPT PACKING pc=0x00000247d5c48cbc sp=0x00000096eb1f8aa0
Event: 301.260 Thread 0x00000247e558c260 DEOPT UNPACKING pc=0x00000247d52169a3 sp=0x00000096eb1f8a58 mode 2
Event: 302.921 Thread 0x00000247e558c260 Uncommon trap: trap_request=0xffffff45 fr.pc=0x00000247d57c98a4 relative=0x0000000000000944
Event: 302.921 Thread 0x00000247e558c260 Uncommon trap: reason=unstable_if action=reinterpret pc=0x00000247d57c98a4 method=java.util.HashMap.resize()[Ljava/util/HashMap$Node; @ 203 c2
Event: 302.921 Thread 0x00000247e558c260 DEOPT PACKING pc=0x00000247d57c98a4 sp=0x00000096eb1f8e00
Event: 302.921 Thread 0x00000247e558c260 DEOPT UNPACKING pc=0x00000247d52169a3 sp=0x00000096eb1f8d90 mode 2
Event: 302.921 Thread 0x00000247e558c260 Uncommon trap: trap_request=0xffffff45 fr.pc=0x00000247d594d018 relative=0x00000000000024d8
Event: 302.921 Thread 0x00000247e558c260 Uncommon trap: reason=unstable_if action=reinterpret pc=0x00000247d594d018 method=java.util.HashMap.getNode(Ljava/lang/Object;)Ljava/util/HashMap$Node; @ 85 c2
Event: 302.921 Thread 0x00000247e558c260 DEOPT PACKING pc=0x00000247d594d018 sp=0x00000096eb1f8e90
Event: 302.922 Thread 0x00000247e558c260 DEOPT UNPACKING pc=0x00000247d52169a3 sp=0x00000096eb1f8d78 mode 2
Event: 302.922 Thread 0x00000247e558c260 Uncommon trap: trap_request=0xffffff45 fr.pc=0x00000247d5b196e4 relative=0x00000000000002c4
Event: 302.922 Thread 0x00000247e558c260 Uncommon trap: reason=unstable_if action=reinterpret pc=0x00000247d5b196e4 method=java.util.HashMap.getNode(Ljava/lang/Object;)Ljava/util/HashMap$Node; @ 85 c2
Event: 302.922 Thread 0x00000247e558c260 DEOPT PACKING pc=0x00000247d5b196e4 sp=0x00000096eb1f8e40
Event: 302.922 Thread 0x00000247e558c260 DEOPT UNPACKING pc=0x00000247d52169a3 sp=0x00000096eb1f8d60 mode 2
Event: 302.922 Thread 0x00000247e558c260 Uncommon trap: trap_request=0xffffff45 fr.pc=0x00000247d58e94dc relative=0x000000000000023c
Event: 302.922 Thread 0x00000247e558c260 Uncommon trap: reason=unstable_if action=reinterpret pc=0x00000247d58e94dc method=java.util.HashMap.getNode(Ljava/lang/Object;)Ljava/util/HashMap$Node; @ 85 c2
Event: 302.922 Thread 0x00000247e558c260 DEOPT PACKING pc=0x00000247d58e94dc sp=0x00000096eb1f8de0
Event: 302.922 Thread 0x00000247e558c260 DEOPT UNPACKING pc=0x00000247d52169a3 sp=0x00000096eb1f8d60 mode 2

Classes unloaded (0 events):
No events

Classes redefined (0 events):
No events

Internal exceptions (20 events):
Event: 261.131 Thread 0x00000247e558c260 Exception <a 'java/lang/ClassNotFoundException'{0x00000000861fd5b8}: org/jetbrains/kotlin/gradle/plugin/KaptExtensionCustomizer> (0x00000000861fd5b8) 
thrown [s\src\hotspot\share\classfile\systemDictionary.cpp, line 256]
Event: 261.145 Thread 0x00000247e558c260 Exception <a 'java/lang/ClassNotFoundException'{0x00000000860332f0}: org/jetbrains/kotlin/gradle/plugin/KaptExtension_DecoratedCustomizer> (0x00000000860332f0) 
thrown [s\src\hotspot\share\classfile\systemDictionary.cpp, line 256]
Event: 275.713 Thread 0x00000247e558c260 Exception <a 'java/lang/NoSuchMethodError'{0x0000000086b790b0}: 'int java.lang.invoke.DirectMethodHandle$Holder.invokeSpecialIFC(java.lang.Object, java.lang.Object, java.lang.Object, java.lang.Object, java.lang.Object)'> (0x0000000086b790b0) 
thrown [s\src\hotspot\share\interpreter\linkResolver.cpp, line 771]
Event: 283.551 Thread 0x00000247e558c260 Exception <a 'java/lang/ClassNotFoundException'{0x0000000085d39408}: com/android/build/gradle/internal/api/ApkVariantOutputImpl_DecoratedBeanInfo> (0x0000000085d39408) 
thrown [s\src\hotspot\share\classfile\systemDictionary.cpp, line 256]
Event: 283.552 Thread 0x00000247e558c260 Exception <a 'java/lang/ClassNotFoundException'{0x0000000085d45ca8}: com/android/build/gradle/internal/api/ApkVariantOutputImplBeanInfo> (0x0000000085d45ca8) 
thrown [s\src\hotspot\share\classfile\systemDictionary.cpp, line 256]
Event: 283.553 Thread 0x00000247e558c260 Exception <a 'java/lang/ClassNotFoundException'{0x0000000085d52800}: com/android/build/gradle/internal/api/BaseVariantOutputImplBeanInfo> (0x0000000085d52800) 
thrown [s\src\hotspot\share\classfile\systemDictionary.cpp, line 256]
Event: 283.555 Thread 0x00000247e558c260 Exception <a 'java/lang/ClassNotFoundException'{0x0000000085d5f5d8}: com/android/build/gradle/internal/api/BaseVariantOutputImplCustomizer> (0x0000000085d5f5d8) 
thrown [s\src\hotspot\share\classfile\systemDictionary.cpp, line 256]
Event: 283.559 Thread 0x00000247e558c260 Exception <a 'java/lang/ClassNotFoundException'{0x0000000085d7e268}: com/android/build/gradle/internal/api/ApkVariantOutputImplCustomizer> (0x0000000085d7e268) 
thrown [s\src\hotspot\share\classfile\systemDictionary.cpp, line 256]
Event: 283.898 Thread 0x00000247e558c260 Exception <a 'java/lang/ClassNotFoundException'{0x0000000085d979d0}: com/android/build/gradle/internal/api/ApkVariantOutputImpl_DecoratedCustomizer> (0x0000000085d979d0) 
thrown [s\src\hotspot\share\classfile\systemDictionary.cpp, line 256]
Event: 285.677 Thread 0x00000247e558c260 Exception <a 'java/lang/ClassNotFoundException'{0x000000008591a930}: com/android/build/gradle/internal/api/ReadOnlyBuildTypeBeanInfo> (0x000000008591a930) 
thrown [s\src\hotspot\share\classfile\systemDictionary.cpp, line 256]
Event: 285.688 Thread 0x00000247e558c260 Exception <a 'java/lang/ClassNotFoundException'{0x00000000859276c8}: com/android/build/gradle/internal/api/ReadOnlyBaseConfigBeanInfo> (0x00000000859276c8) 
thrown [s\src\hotspot\share\classfile\systemDictionary.cpp, line 256]
Event: 285.692 Thread 0x00000247e558c260 Exception <a 'java/lang/ClassNotFoundException'{0x0000000085934480}: com/android/build/gradle/internal/api/ReadOnlyBaseConfigCustomizer> (0x0000000085934480) 
thrown [s\src\hotspot\share\classfile\systemDictionary.cpp, line 256]
Event: 285.736 Thread 0x00000247e558c260 Exception <a 'java/lang/ClassNotFoundException'{0x0000000085951de0}: com/android/build/gradle/internal/api/ReadOnlyBuildTypeCustomizer> (0x0000000085951de0) 
thrown [s\src\hotspot\share\classfile\systemDictionary.cpp, line 256]
Event: 287.303 Thread 0x00000247e558c260 Exception <a 'java/lang/NoSuchMethodError'{0x0000000086c009d8}: 'void java.lang.invoke.DirectMethodHandle$Holder.invokeStatic(java.lang.Object, java.lang.Object, java.lang.Object, java.lang.Object, java.lang.Object, java.lang.Object, java.lang.Object)'> (0x0000000086c009d8) 
thrown [s\src\hotspot\share\interpreter\linkResolver.cpp, line 771]
Event: 287.422 Thread 0x00000247e558c260 Exception <a 'java/lang/NoSuchMethodError'{0x0000000086c0e980}: 'void java.lang.invoke.DirectMethodHandle$Holder.invokeStatic(java.lang.Object, java.lang.Object, java.lang.Object, java.lang.Object, java.lang.Object, java.lang.Object, java.lang.Object, java.lang.Object)'> (0x0000000086c0e980) 
thrown [s\src\hotspot\share\interpreter\linkResolver.cpp, line 771]
Event: 298.714 Thread 0x00000247e558c260 Implicit null exception at 0x00000247d5bf7586 to 0x00000247d5bf7eec
Event: 298.722 Thread 0x00000247e558c260 Implicit null exception at 0x00000247d5be925b to 0x00000247d5be92e4
Event: 298.725 Thread 0x00000247e558c260 Implicit null exception at 0x00000247d5bf7586 to 0x00000247d5bf7eec
Event: 298.736 Thread 0x00000247e558c260 Implicit null exception at 0x00000247d5bf7586 to 0x00000247d5bf7eec
Event: 298.737 Thread 0x00000247e558c260 Implicit null exception at 0x00000247d5bf7586 to 0x00000247d5bf7eec

VM Operations (20 events):
Event: 294.509 Executing VM operation: HandshakeAllThreads
Event: 294.509 Executing VM operation: HandshakeAllThreads done
Event: 295.521 Executing VM operation: Cleanup
Event: 295.540 Executing VM operation: Cleanup done
Event: 296.540 Executing VM operation: Cleanup
Event: 296.555 Executing VM operation: Cleanup done
Event: 296.688 Executing VM operation: HandshakeAllThreads
Event: 296.689 Executing VM operation: HandshakeAllThreads done
Event: 297.702 Executing VM operation: Cleanup
Event: 297.768 Executing VM operation: Cleanup done
Event: 298.769 Executing VM operation: Cleanup
Event: 298.785 Executing VM operation: Cleanup done
Event: 299.800 Executing VM operation: Cleanup
Event: 299.800 Executing VM operation: Cleanup done
Event: 301.305 Executing VM operation: HandshakeAllThreads
Event: 301.305 Executing VM operation: HandshakeAllThreads done
Event: 301.305 Executing VM operation: Cleanup
Event: 301.305 Executing VM operation: Cleanup done
Event: 302.316 Executing VM operation: Cleanup
Event: 302.332 Executing VM operation: Cleanup done

Events (20 events):
Event: 298.244 loading class java/time/Clock
Event: 298.260 loading class java/time/InstantSource
Event: 298.288 loading class java/time/InstantSource done
Event: 298.288 loading class java/time/Clock done
Event: 298.288 loading class java/time/Clock$SystemClock
Event: 298.303 loading class java/time/Clock$SystemClock done
Event: 298.402 loading class java/time/temporal/WeekFields
Event: 298.406 loading class java/time/temporal/WeekFields done
Event: 298.412 loading class java/time/temporal/WeekFields$ComputedDayOfField
Event: 298.446 loading class java/time/temporal/WeekFields$ComputedDayOfField done
Event: 298.568 loading class java/time/LocalDate$1
Event: 298.569 loading class java/time/LocalDate$1 done
Event: 298.576 loading class java/time/Month$1
Event: 298.581 loading class java/time/Month$1 done
Event: 298.583 loading class java/time/format/DateTimeFormatterBuilder$2
Event: 298.597 loading class java/time/format/DateTimeFormatterBuilder$2 done
Event: 298.599 loading class java/time/LocalTime$1
Event: 298.608 loading class java/time/LocalTime$1 done
Event: 301.294 loading class java/util/AbstractList$ListItr
Event: 301.302 loading class java/util/AbstractList$ListItr done


Dynamic libraries:
0x00007ff7ac340000 - 0x00007ff7ac34a000 	C:\Program Files\Android\Android Studio\jbr\bin\java.exe
0x00007ffb09f90000 - 0x00007ffb0a1a4000 	C:\WINDOWS\SYSTEM32\ntdll.dll
0x00007ffb09670000 - 0x00007ffb09732000 	C:\WINDOWS\System32\KERNEL32.DLL
0x00007ffb07720000 - 0x00007ffb07ac3000 	C:\WINDOWS\System32\KERNELBASE.dll
0x00007ffb07600000 - 0x00007ffb07711000 	C:\WINDOWS\System32\ucrtbase.dll
0x00007ffafbd50000 - 0x00007ffafbd67000 	C:\Program Files\Android\Android Studio\jbr\bin\jli.dll
0x00007ffb02770000 - 0x00007ffb0278b000 	C:\Program Files\Android\Android Studio\jbr\bin\VCRUNTIME140.dll
0x00007ffb08320000 - 0x00007ffb084cb000 	C:\WINDOWS\System32\USER32.dll
0x00007ffb07390000 - 0x00007ffb073b6000 	C:\WINDOWS\System32\win32u.dll
0x00007ffb09520000 - 0x00007ffb09549000 	C:\WINDOWS\System32\GDI32.dll
0x00007ffb073c0000 - 0x00007ffb074d9000 	C:\WINDOWS\System32\gdi32full.dll
0x00007ffb07560000 - 0x00007ffb075fa000 	C:\WINDOWS\System32\msvcp_win.dll
0x00007ffaf4350000 - 0x00007ffaf45de000 	C:\WINDOWS\WinSxS\amd64_microsoft.windows.common-controls_6595b64144ccf1df_6.0.22621.1635_none_270f70857386168e\COMCTL32.dll
0x00007ffb09b00000 - 0x00007ffb09ba7000 	C:\WINDOWS\System32\msvcrt.dll
0x00007ffb093d0000 - 0x00007ffb09401000 	C:\WINDOWS\System32\IMM32.DLL
0x00007ffafec10000 - 0x00007ffafec1c000 	C:\Program Files\Android\Android Studio\jbr\bin\vcruntime140_1.dll
0x00007ffae1b40000 - 0x00007ffae1bcd000 	C:\Program Files\Android\Android Studio\jbr\bin\msvcp140.dll
0x00007ffabd040000 - 0x00007ffabdcad000 	C:\Program Files\Android\Android Studio\jbr\bin\server\jvm.dll
0x00007ffb09470000 - 0x00007ffb0951e000 	C:\WINDOWS\System32\ADVAPI32.dll
0x00007ffb09e10000 - 0x00007ffb09eb4000 	C:\WINDOWS\System32\sechost.dll
0x00007ffb08200000 - 0x00007ffb08317000 	C:\WINDOWS\System32\RPCRT4.dll
0x00007ffae1500000 - 0x00007ffae1509000 	C:\WINDOWS\SYSTEM32\WSOCK32.dll
0x00007ffb09bb0000 - 0x00007ffb09c21000 	C:\WINDOWS\System32\WS2_32.dll
0x00007ffafebd0000 - 0x00007ffafec04000 	C:\WINDOWS\SYSTEM32\WINMM.dll
0x00007ffaff580000 - 0x00007ffaff58a000 	C:\WINDOWS\SYSTEM32\VERSION.dll
0x00007ffb063e0000 - 0x00007ffb063f8000 	C:\WINDOWS\SYSTEM32\kernel.appcore.dll
0x00007ffae14f0000 - 0x00007ffae14fa000 	C:\Program Files\Android\Android Studio\jbr\bin\jimage.dll
0x00007ffb04eb0000 - 0x00007ffb050de000 	C:\WINDOWS\SYSTEM32\DBGHELP.DLL
0x00007ffb09040000 - 0x00007ffb093c9000 	C:\WINDOWS\System32\combase.dll
0x00007ffb09990000 - 0x00007ffb09a67000 	C:\WINDOWS\System32\OLEAUT32.dll
0x00007ffaeab50000 - 0x00007ffaeab82000 	C:\WINDOWS\SYSTEM32\dbgcore.DLL
0x00007ffb074e0000 - 0x00007ffb0755b000 	C:\WINDOWS\System32\bcryptPrimitives.dll
0x00007ffabd010000 - 0x00007ffabd035000 	C:\Program Files\Android\Android Studio\jbr\bin\java.dll
0x00007ffac0b90000 - 0x00007ffac0ba8000 	C:\Program Files\Android\Android Studio\jbr\bin\zip.dll
0x00007ffb086d0000 - 0x00007ffb08eca000 	C:\WINDOWS\System32\SHELL32.dll
0x00007ffb05390000 - 0x00007ffb05c5e000 	C:\WINDOWS\SYSTEM32\windows.storage.dll
0x00007ffb050e0000 - 0x00007ffb0521e000 	C:\WINDOWS\SYSTEM32\wintypes.dll
0x00007ffb09740000 - 0x00007ffb09831000 	C:\WINDOWS\System32\SHCORE.dll
0x00007ffb084d0000 - 0x00007ffb0852e000 	C:\WINDOWS\System32\shlwapi.dll
0x00007ffb072c0000 - 0x00007ffb072e1000 	C:\WINDOWS\SYSTEM32\profapi.dll
0x00007ffabcff0000 - 0x00007ffabd009000 	C:\Program Files\Android\Android Studio\jbr\bin\net.dll
0x00007ffafe140000 - 0x00007ffafe277000 	C:\WINDOWS\SYSTEM32\WINHTTP.dll
0x00007ffb06850000 - 0x00007ffb068b9000 	C:\WINDOWS\system32\mswsock.dll
0x00007ffabcfd0000 - 0x00007ffabcfe6000 	C:\Program Files\Android\Android Studio\jbr\bin\nio.dll
0x00007ffabcd70000 - 0x00007ffabcd80000 	C:\Program Files\Android\Android Studio\jbr\bin\verify.dll
0x00007ffaf78f0000 - 0x00007ffaf7917000 	C:\Users\leana\.gradle\native\68d5fa5c4cc2d200863cafc0d521ce42e7d3e7ee720ec0a83991735586a16f82\windows-amd64\native-platform.dll
0x00007ffada320000 - 0x00007ffada464000 	C:\Users\leana\.gradle\native\e376f236ea51e6404a007f0833ffe2c6e607c4080706a723a18a27aeea778392\windows-amd64\native-platform-file-events.dll
0x00007ffabcfc0000 - 0x00007ffabcfc9000 	C:\Program Files\Android\Android Studio\jbr\bin\management.dll
0x00007ffabcfb0000 - 0x00007ffabcfbb000 	C:\Program Files\Android\Android Studio\jbr\bin\management_ext.dll
0x00007ffb09f40000 - 0x00007ffb09f48000 	C:\WINDOWS\System32\PSAPI.DLL
0x00007ffb06ac0000 - 0x00007ffb06adb000 	C:\WINDOWS\SYSTEM32\CRYPTSP.dll
0x00007ffb06350000 - 0x00007ffb06385000 	C:\WINDOWS\system32\rsaenh.dll
0x00007ffb06950000 - 0x00007ffb06978000 	C:\WINDOWS\SYSTEM32\USERENV.dll
0x00007ffb06c70000 - 0x00007ffb06c98000 	C:\WINDOWS\SYSTEM32\bcrypt.dll
0x00007ffb06ab0000 - 0x00007ffb06abc000 	C:\WINDOWS\SYSTEM32\CRYPTBASE.dll
0x00007ffb05ec0000 - 0x00007ffb05eed000 	C:\WINDOWS\SYSTEM32\IPHLPAPI.DLL
0x00007ffb09550000 - 0x00007ffb09559000 	C:\WINDOWS\System32\NSI.dll
0x00007ffafe3d0000 - 0x00007ffafe3e9000 	C:\WINDOWS\SYSTEM32\dhcpcsvc6.DLL
0x00007ffafe100000 - 0x00007ffafe11f000 	C:\WINDOWS\SYSTEM32\dhcpcsvc.DLL
0x00007ffb05f30000 - 0x00007ffb06023000 	C:\WINDOWS\SYSTEM32\DNSAPI.dll
0x00007ffabcc30000 - 0x00007ffabcc38000 	C:\WINDOWS\system32\wshunix.dll

dbghelp: loaded successfully - version: 4.0.5 - missing functions: none
symbol engine: initialized successfully - sym options: 0x614 - pdb path: .;C:\Program Files\Android\Android Studio\jbr\bin;C:\WINDOWS\SYSTEM32;C:\WINDOWS\WinSxS\amd64_microsoft.windows.common-controls_6595b64144ccf1df_6.0.22621.1635_none_270f70857386168e;C:\Program Files\Android\Android Studio\jbr\bin\server;C:\Users\leana\.gradle\native\68d5fa5c4cc2d200863cafc0d521ce42e7d3e7ee720ec0a83991735586a16f82\windows-amd64;C:\Users\leana\.gradle\native\e376f236ea51e6404a007f0833ffe2c6e607c4080706a723a18a27aeea778392\windows-amd64

VM Arguments:
jvm_args: --add-opens=java.base/java.util=ALL-UNNAMED --add-opens=java.base/java.lang=ALL-UNNAMED --add-opens=java.base/java.lang.invoke=ALL-UNNAMED --add-opens=java.prefs/java.util.prefs=ALL-UNNAMED --add-opens=java.base/java.nio.charset=ALL-UNNAMED --add-opens=java.base/java.net=ALL-UNNAMED --add-opens=java.base/java.util.concurrent.atomic=ALL-UNNAMED -Xmx2048m -Dfile.encoding=UTF-8 -Duser.country=CO -Duser.language=es -Duser.variant 
java_command: org.gradle.launcher.daemon.bootstrap.GradleDaemon 7.6
java_class_path (initial): C:\Users\leana\.gradle\wrapper\dists\gradle-7.6-bin\9l9tetv7ltxvx3i8an4pb86ye\gradle-7.6\lib\gradle-launcher-7.6.jar
Launcher Type: SUN_STANDARD

[Global flags]
     intx CICompilerCount                          = 3                                         {product} {ergonomic}
     uint ConcGCThreads                            = 1                                         {product} {ergonomic}
     uint G1ConcRefinementThreads                  = 4                                         {product} {ergonomic}
   size_t G1HeapRegionSize                         = 1048576                                   {product} {ergonomic}
    uintx GCDrainStackTargetSize                   = 64                                        {product} {ergonomic}
   size_t InitialHeapSize                          = 58720256                                  {product} {ergonomic}
   size_t MarkStackSize                            = 4194304                                   {product} {ergonomic}
   size_t MaxHeapSize                              = 2147483648                                {product} {command line}
   size_t MaxNewSize                               = 1287651328                                {product} {ergonomic}
   size_t MinHeapDeltaBytes                        = 1048576                                   {product} {ergonomic}
   size_t MinHeapSize                              = 8388608                                   {product} {ergonomic}
    uintx NonNMethodCodeHeapSize                   = 5832780                                {pd product} {ergonomic}
    uintx NonProfiledCodeHeapSize                  = 122912730                              {pd product} {ergonomic}
    uintx ProfiledCodeHeapSize                     = 122912730                              {pd product} {ergonomic}
    uintx ReservedCodeCacheSize                    = 251658240                              {pd product} {ergonomic}
     bool SegmentedCodeCache                       = true                                      {product} {ergonomic}
   size_t SoftMaxHeapSize                          = 2147483648                             {manageable} {ergonomic}
     bool UseCompressedClassPointers               = true                           {product lp64_product} {ergonomic}
     bool UseCompressedOops                        = true                           {product lp64_product} {ergonomic}
     bool UseG1GC                                  = true                                      {product} {ergonomic}
     bool UseLargePagesIndividualAllocation        = false                                  {pd product} {ergonomic}

Logging:
Log output configuration:
 #0: stdout all=warning uptime,level,tags
 #1: stderr all=off uptime,level,tags

Environment Variables:
PATH=C:\Python311\Scripts\;C:\Python311\;C:\WINDOWS\system32;C:\WINDOWS;C:\WINDOWS\System32\Wbem;C:\WINDOWS\System32\WindowsPowerShell\v1.0\;C:\WINDOWS\System32\OpenSSH\;C:\Program Files\dotnet\;C:\ProgramData\chocolatey\bin;C:\Program Files\Git\cmd;C:\Program Files\Git\get;C:\Users\leana\AppData\Roaming\nvm;C:\Program Files\nodejs;C:\Program Files\MySQL\MySQL Shell 8.0\bin\;C:\Users\leana\AppData\Local\Microsoft\WindowsApps;C:\Users\leana\AppData\Local\Programs\Microsoft VS Code\bin;C:\Users\leana\.dotnet\tools;C:\Users\leana\AppData\Roaming\npm;C:\Users\leana\AppData\Roaming\nvm;C:\Program Files\nodejs
USERNAME=leana
OS=Windows_NT
PROCESSOR_IDENTIFIER=AMD64 Family 23 Model 24 Stepping 1, AuthenticAMD
TMP=C:\Users\leana\AppData\Local\Temp
TEMP=C:\Users\leana\AppData\Local\Temp



---------------  S Y S T E M  ---------------

OS:
 Windows 11 , 64 bit Build 22621 (10.0.22621.1778)
OS uptime: 0 days 1:10 hours

CPU: total 4 (initial active 4) (4 cores per cpu, 2 threads per core) family 23 model 24 stepping 1 microcode 0x0, cx8, cmov, fxsr, ht, mmx, 3dnowpref, sse, sse2, sse3, ssse3, sse4a, sse4.1, sse4.2, popcnt, lzcnt, tsc, tscinvbit, avx, avx2, aes, clmul, bmi1, bmi2, adx, sha, fma, vzeroupper, clflush, clflushopt

Memory: 4k page, system-wide physical 3521M (71M free)
TotalPageFile size 14273M (AvailPageFile size 0M)
current process WorkingSet (physical memory assigned to process): 161M, peak: 204M
current process commit charge ("private bytes"): 341M, peak: 342M

vm_info: OpenJDK 64-Bit Server VM (17.0.6+0-b2043.56-9586694) for windows-amd64 JRE (17.0.6+0-b2043.56-9586694), built on Feb  9 2023 20:06:20 by "androidbuild" with MS VC++ 16.10 / 16.11 (VS2019)

END.
