#
# There is insufficient memory for the Java Runtime Environment to continue.
# Native memory allocation (malloc) failed to allocate 1102416 bytes for Chunk::new
# Possible reasons:
#   The system is out of physical RAM or swap space
#   The process is running with CompressedOops enabled, and the Java Heap may be blocking the growth of the native heap
# Possible solutions:
#   Reduce memory load on the system
#   Increase physical memory or swap space
#   Check if swap backing store is full
#   Decrease Java heap size (-Xmx/-Xms)
#   Decrease number of Java threads
#   Decrease Java thread stack sizes (-Xss)
#   Set larger code cache with -XX:ReservedCodeCacheSize=
#   JVM is running with Unscaled Compressed Oops mode in which the Java heap is
#     placed in the first 4GB address space. The Java Heap base address is the
#     maximum limit for the native heap growth. Please use -XX:HeapBaseMinAddress
#     to set the Java Heap base and to place the Java Heap above 4GB virtual address.
# This output file may be truncated or incomplete.
#
#  Out of Memory Error (arena.cpp:189), pid=15616, tid=15952
#
# JRE version: OpenJDK Runtime Environment (17.0.6) (build 17.0.6+0-b2043.56-9586694)
# Java VM: OpenJDK 64-Bit Server VM (17.0.6+0-b2043.56-9586694, mixed mode, tiered, compressed oops, compressed class ptrs, g1 gc, windows-amd64)
# No core dump will be written. Minidumps are not enabled by default on client versions of Windows
#

---------------  S U M M A R Y ------------

Command Line: --add-opens=java.base/java.util=ALL-UNNAMED --add-opens=java.base/java.lang=ALL-UNNAMED --add-opens=java.base/java.lang.invoke=ALL-UNNAMED --add-opens=java.prefs/java.util.prefs=ALL-UNNAMED --add-opens=java.base/java.nio.charset=ALL-UNNAMED --add-opens=java.base/java.net=ALL-UNNAMED --add-opens=java.base/java.util.concurrent.atomic=ALL-UNNAMED -Xmx2048m -Dfile.encoding=UTF-8 -Duser.country=CO -Duser.language=es -Duser.variant org.gradle.launcher.daemon.bootstrap.GradleDaemon 7.6

Host: AMD Ryzen 3 3250U with Radeon Graphics         , 4 cores, 3G,  Windows 11 , 64 bit Build 22621 (10.0.22621.1778)
Time: Mon Jun 26 10:39:06 2023 Hora est. Pacífico, Sudamérica elapsed time: 66.482121 seconds (0d 0h 1m 6s)

---------------  T H R E A D  ---------------

Current thread (0x0000016f790007a0):  JavaThread "C2 CompilerThread0" daemon [_thread_in_native, id=15952, stack(0x0000001935400000,0x0000001935500000)]


Current CompileTask:
C2:  66482 3037       4       jdk.internal.loader.URLClassPath::getResource (74 bytes)

Stack: [0x0000001935400000,0x0000001935500000]
Native frames: (J=compiled Java code, j=interpreted, Vv=VM code, C=native code)
V  [jvm.dll+0x683b4a]
V  [jvm.dll+0x842654]
V  [jvm.dll+0x843dfe]
V  [jvm.dll+0x844463]
V  [jvm.dll+0x249b75]
V  [jvm.dll+0xabcac]
V  [jvm.dll+0xac27c]
V  [jvm.dll+0x2b0eef]
V  [jvm.dll+0x58a207]
V  [jvm.dll+0x2243b2]
V  [jvm.dll+0x22478f]
V  [jvm.dll+0x21e055]
V  [jvm.dll+0x21b51b]
V  [jvm.dll+0x1a4fdd]
V  [jvm.dll+0x22b098]
V  [jvm.dll+0x229159]
V  [jvm.dll+0x7f809c]
V  [jvm.dll+0x7f25fa]
V  [jvm.dll+0x682985]
C  [ucrtbase.dll+0x29363]
C  [KERNEL32.DLL+0x126ad]
C  [ntdll.dll+0x5a9f8]


---------------  P R O C E S S  ---------------

Threads class SMR info:
_java_thread_list=0x0000016f7c10b4e0, length=36, elements={
0x0000016f5eef8cf0, 0x0000016f784a2270, 0x0000016f784a3840, 0x0000016f7848d220,
0x0000016f784d7300, 0x0000016f784d7eb0, 0x0000016f784da870, 0x0000016f790007a0,
0x0000016f784ee6c0, 0x0000016f7905ff00, 0x0000016f7918b420, 0x0000016f7918f900,
0x0000016f7b83c670, 0x0000016f7bbe0010, 0x0000016f7a80fa80, 0x0000016f7a840020,
0x0000016f7abb8fd0, 0x0000016f79ea5d40, 0x0000016f79ea53a0, 0x0000016f79ea6210,
0x0000016f79ea31f0, 0x0000016f79ea4530, 0x0000016f79ea36c0, 0x0000016f79ea5870,
0x0000016f79ea66e0, 0x0000016f79ea2d20, 0x0000016f79ea4060, 0x0000016f79ea4a00,
0x0000016f7a935590, 0x0000016f7a934250, 0x0000016f7a9333e0, 0x0000016f7a931230,
0x0000016f7a931bd0, 0x0000016f7a9350c0, 0x0000016f7a931700, 0x0000016f7a932570
}

Java Threads: ( => current thread )
  0x0000016f5eef8cf0 JavaThread "main" [_thread_blocked, id=15776, stack(0x0000001934600000,0x0000001934700000)]
  0x0000016f784a2270 JavaThread "Reference Handler" daemon [_thread_blocked, id=15912, stack(0x0000001934e00000,0x0000001934f00000)]
  0x0000016f784a3840 JavaThread "Finalizer" daemon [_thread_blocked, id=15916, stack(0x0000001934f00000,0x0000001935000000)]
  0x0000016f7848d220 JavaThread "Signal Dispatcher" daemon [_thread_blocked, id=15936, stack(0x0000001935000000,0x0000001935100000)]
  0x0000016f784d7300 JavaThread "Attach Listener" daemon [_thread_blocked, id=15940, stack(0x0000001935100000,0x0000001935200000)]
  0x0000016f784d7eb0 JavaThread "Service Thread" daemon [_thread_blocked, id=15944, stack(0x0000001935200000,0x0000001935300000)]
  0x0000016f784da870 JavaThread "Monitor Deflation Thread" daemon [_thread_blocked, id=15948, stack(0x0000001935300000,0x0000001935400000)]
=>0x0000016f790007a0 JavaThread "C2 CompilerThread0" daemon [_thread_in_native, id=15952, stack(0x0000001935400000,0x0000001935500000)]
  0x0000016f784ee6c0 JavaThread "C1 CompilerThread0" daemon [_thread_blocked, id=15964, stack(0x0000001935500000,0x0000001935600000)]
  0x0000016f7905ff00 JavaThread "Sweeper thread" daemon [_thread_blocked, id=15972, stack(0x0000001935600000,0x0000001935700000)]
  0x0000016f7918b420 JavaThread "Common-Cleaner" daemon [_thread_blocked, id=16012, stack(0x0000001935700000,0x0000001935800000)]
  0x0000016f7918f900 JavaThread "Notification Thread" daemon [_thread_blocked, id=16016, stack(0x0000001935800000,0x0000001935900000)]
  0x0000016f7b83c670 JavaThread "Daemon health stats" [_thread_blocked, id=16352, stack(0x0000001935d00000,0x0000001935e00000)]
  0x0000016f7bbe0010 JavaThread "Incoming local TCP Connector on port 57466" [_thread_in_native, id=9392, stack(0x0000001935e00000,0x0000001935f00000)]
  0x0000016f7a80fa80 JavaThread "Daemon periodic checks" [_thread_blocked, id=7496, stack(0x0000001935f00000,0x0000001936000000)]
  0x0000016f7a840020 JavaThread "Daemon" [_thread_blocked, id=14048, stack(0x0000001936000000,0x0000001936100000)]
  0x0000016f7abb8fd0 JavaThread "Handler for socket connection from /127.0.0.1:57466 to /127.0.0.1:57469" [_thread_in_native, id=9544, stack(0x0000001936100000,0x0000001936200000)]
  0x0000016f79ea5d40 JavaThread "Cancel handler" [_thread_blocked, id=14168, stack(0x0000001936200000,0x0000001936300000)]
  0x0000016f79ea53a0 JavaThread "Daemon worker" [_thread_in_Java, id=15960, stack(0x0000001936300000,0x0000001936400000)]
  0x0000016f79ea6210 JavaThread "Asynchronous log dispatcher for DefaultDaemonConnection: socket connection from /127.0.0.1:57466 to /127.0.0.1:57469" [_thread_blocked, id=10708, stack(0x0000001936400000,0x0000001936500000)]
  0x0000016f79ea31f0 JavaThread "Stdin handler" [_thread_blocked, id=11128, stack(0x0000001936500000,0x0000001936600000)]
  0x0000016f79ea4530 JavaThread "Daemon client event forwarder" [_thread_blocked, id=716, stack(0x0000001936600000,0x0000001936700000)]
  0x0000016f79ea36c0 JavaThread "Cache worker for journal cache (C:\Users\leana\.gradle\caches\journal-1)" [_thread_blocked, id=16164, stack(0x0000001936700000,0x0000001936800000)]
  0x0000016f79ea5870 JavaThread "File lock request listener" [_thread_in_native, id=15056, stack(0x0000001936800000,0x0000001936900000)]
  0x0000016f79ea66e0 JavaThread "File lock release action executor" [_thread_blocked, id=236, stack(0x0000001936900000,0x0000001936a00000)]
  0x0000016f79ea2d20 JavaThread "Cache worker for file hash cache (C:\Users\leana\.gradle\caches\7.6\fileHashes)" [_thread_blocked, id=928, stack(0x0000001936a00000,0x0000001936b00000)]
  0x0000016f79ea4060 JavaThread "File watcher server" daemon [_thread_in_native, id=1532, stack(0x0000001936b00000,0x0000001936c00000)]
  0x0000016f79ea4a00 JavaThread "File watcher consumer" daemon [_thread_blocked, id=14512, stack(0x0000001936c00000,0x0000001936d00000)]
  0x0000016f7a935590 JavaThread "Cache worker for checksums cache (C:\Users\leana\AndroidStudioProjects\ProcexApp2\.gradle\7.6\checksums)" [_thread_blocked, id=15756, stack(0x0000001936d00000,0x0000001936e00000)]
  0x0000016f7a934250 JavaThread "Cache worker for cache directory md-rule (C:\Users\leana\.gradle\caches\7.6\md-rule)" [_thread_blocked, id=15808, stack(0x0000001936e00000,0x0000001936f00000)]
  0x0000016f7a9333e0 JavaThread "Cache worker for file content cache (C:\Users\leana\.gradle\caches\7.6\fileContent)" [_thread_blocked, id=14976, stack(0x0000001934400000,0x0000001934500000)]
  0x0000016f7a931230 JavaThread "Cache worker for file hash cache (C:\Users\leana\AndroidStudioProjects\ProcexApp2\.gradle\7.6\fileHashes)" [_thread_blocked, id=15244, stack(0x0000001934500000,0x0000001934600000)]
  0x0000016f7a931bd0 JavaThread "Cache worker for cache directory md-supplier (C:\Users\leana\.gradle\caches\7.6\md-supplier)" [_thread_blocked, id=15680, stack(0x0000001936f00000,0x0000001937000000)]
  0x0000016f7a9350c0 JavaThread "Cache worker for execution history cache (C:\Users\leana\.gradle\caches\7.6\executionHistory)" [_thread_blocked, id=15052, stack(0x0000001937000000,0x0000001937100000)]
  0x0000016f7a931700 JavaThread "jar transforms" [_thread_blocked, id=15772, stack(0x0000001937100000,0x0000001937200000)]
  0x0000016f7a932570 JavaThread "jar transforms Thread 2" [_thread_blocked, id=9460, stack(0x0000001937200000,0x0000001937300000)]

Other Threads:
  0x0000016f7847dd60 VMThread "VM Thread" [stack: 0x0000001934d00000,0x0000001934e00000] [id=15884]
  0x0000016f79191de0 WatcherThread [stack: 0x0000001935900000,0x0000001935a00000] [id=16020]
  0x0000016f5ef531e0 GCTaskThread "GC Thread#0" [stack: 0x0000001934800000,0x0000001934900000] [id=15836]
  0x0000016f795ca000 GCTaskThread "GC Thread#1" [stack: 0x0000001935a00000,0x0000001935b00000] [id=16120]
  0x0000016f795ca670 GCTaskThread "GC Thread#2" [stack: 0x0000001935b00000,0x0000001935c00000] [id=16124]
  0x0000016f796073a0 GCTaskThread "GC Thread#3" [stack: 0x0000001935c00000,0x0000001935d00000] [id=16268]
  0x0000016f5ef64120 ConcurrentGCThread "G1 Main Marker" [stack: 0x0000001934900000,0x0000001934a00000] [id=15840]
  0x0000016f5ef64b30 ConcurrentGCThread "G1 Conc#0" [stack: 0x0000001934a00000,0x0000001934b00000] [id=15844]
  0x0000016f5efa0020 ConcurrentGCThread "G1 Refine#0" [stack: 0x0000001934b00000,0x0000001934c00000] [id=15848]
  0x0000016f5efa1340 ConcurrentGCThread "G1 Service" [stack: 0x0000001934c00000,0x0000001934d00000] [id=15852]

Threads with active compile tasks:
C2 CompilerThread0    66622 3037       4       jdk.internal.loader.URLClassPath::getResource (74 bytes)

VM state: not at safepoint (normal execution)

VM Mutex/Monitor currently owned by a thread: None

Heap address: 0x0000000080000000, size: 2048 MB, Compressed Oops mode: 32-bit

CDS archive(s) not mapped
Compressed class space mapped at: 0x0000000100000000-0x0000000140000000, reserved size: 1073741824
Narrow klass base: 0x0000000000000000, Narrow klass shift: 3, Narrow klass range: 0x140000000

GC Precious Log:
 CPUs: 4 total, 4 available
 Memory: 3521M
 Large Page Support: Disabled
 NUMA Support: Disabled
 Compressed Oops: Enabled (32-bit)
 Heap Region Size: 1M
 Heap Min Capacity: 8M
 Heap Initial Capacity: 56M
 Heap Max Capacity: 2G
 Pre-touch: Disabled
 Parallel Workers: 4
 Concurrent Workers: 1
 Concurrent Refinement Workers: 4
 Periodic GC: Disabled

Heap:
 garbage-first heap   total 57344K, used 25934K [0x0000000080000000, 0x0000000100000000)
  region size 1024K, 6 young (6144K), 3 survivors (3072K)
 Metaspace       used 36704K, committed 37056K, reserved 1081344K
  class space    used 4970K, committed 5120K, reserved 1048576K

Heap Regions: E=young(eden), S=young(survivor), O=old, HS=humongous(starts), HC=humongous(continues), CS=collection set, F=free, OA=open archive, CA=closed archive, TAMS=top-at-mark-start (previous, next)
|   0|0x0000000080000000, 0x0000000080100000, 0x0000000080100000|100%| O|  |TAMS 0x0000000080100000, 0x0000000080000000| Untracked 
|   1|0x0000000080100000, 0x0000000080200000, 0x0000000080200000|100%| O|  |TAMS 0x0000000080200000, 0x0000000080100000| Untracked 
|   2|0x0000000080200000, 0x0000000080300000, 0x0000000080300000|100%|HS|  |TAMS 0x0000000080300000, 0x0000000080200000| Complete 
|   3|0x0000000080300000, 0x0000000080400000, 0x0000000080400000|100%|HC|  |TAMS 0x0000000080400000, 0x0000000080300000| Complete 
|   4|0x0000000080400000, 0x0000000080500000, 0x0000000080500000|100%|HC|  |TAMS 0x0000000080500000, 0x0000000080400000| Complete 
|   5|0x0000000080500000, 0x0000000080600000, 0x0000000080600000|100%| O|  |TAMS 0x0000000080600000, 0x0000000080500000| Untracked 
|   6|0x0000000080600000, 0x0000000080700000, 0x0000000080700000|100%| O|  |TAMS 0x0000000080700000, 0x0000000080600000| Untracked 
|   7|0x0000000080700000, 0x0000000080800000, 0x0000000080800000|100%| O|  |TAMS 0x0000000080800000, 0x0000000080700000| Untracked 
|   8|0x0000000080800000, 0x0000000080900000, 0x0000000080900000|100%| O|  |TAMS 0x0000000080900000, 0x0000000080800000| Untracked 
|   9|0x0000000080900000, 0x0000000080a00000, 0x0000000080a00000|100%| O|  |TAMS 0x0000000080a00000, 0x0000000080900000| Untracked 
|  10|0x0000000080a00000, 0x0000000080b00000, 0x0000000080b00000|100%| O|  |TAMS 0x0000000080b00000, 0x0000000080a00000| Untracked 
|  11|0x0000000080b00000, 0x0000000080c00000, 0x0000000080c00000|100%| O|  |TAMS 0x0000000080c00000, 0x0000000080b00000| Untracked 
|  12|0x0000000080c00000, 0x0000000080d00000, 0x0000000080d00000|100%| O|  |TAMS 0x0000000080d00000, 0x0000000080c00000| Untracked 
|  13|0x0000000080d00000, 0x0000000080e00000, 0x0000000080e00000|100%| O|  |TAMS 0x0000000080e00000, 0x0000000080d00000| Untracked 
|  14|0x0000000080e00000, 0x0000000080f00000, 0x0000000080f00000|100%| O|  |TAMS 0x0000000080f00000, 0x0000000080e00000| Untracked 
|  15|0x0000000080f00000, 0x0000000081000000, 0x0000000081000000|100%| O|  |TAMS 0x0000000081000000, 0x0000000080f00000| Untracked 
|  16|0x0000000081000000, 0x0000000081100000, 0x0000000081100000|100%| O|  |TAMS 0x0000000081100000, 0x0000000081000000| Untracked 
|  17|0x0000000081100000, 0x0000000081200000, 0x0000000081200000|100%| O|  |TAMS 0x0000000081200000, 0x0000000081100000| Untracked 
|  18|0x0000000081200000, 0x0000000081300000, 0x0000000081300000|100%| O|  |TAMS 0x0000000081300000, 0x0000000081200000| Untracked 
|  19|0x0000000081300000, 0x0000000081400000, 0x0000000081400000|100%| O|  |TAMS 0x0000000081400000, 0x0000000081300000| Untracked 
|  20|0x0000000081400000, 0x0000000081500000, 0x0000000081500000|100%| O|  |TAMS 0x0000000081438e00, 0x0000000081400000| Untracked 
|  21|0x0000000081500000, 0x0000000081535c00, 0x0000000081600000| 20%| O|  |TAMS 0x0000000081500000, 0x0000000081500000| Untracked 
|  22|0x0000000081600000, 0x0000000081600000, 0x0000000081700000|  0%| F|  |TAMS 0x0000000081600000, 0x0000000081600000| Untracked 
|  23|0x0000000081700000, 0x0000000081700000, 0x0000000081800000|  0%| F|  |TAMS 0x0000000081700000, 0x0000000081700000| Untracked 
|  24|0x0000000081800000, 0x0000000081800000, 0x0000000081900000|  0%| F|  |TAMS 0x0000000081800000, 0x0000000081800000| Untracked 
|  25|0x0000000081900000, 0x0000000081900000, 0x0000000081a00000|  0%| F|  |TAMS 0x0000000081900000, 0x0000000081900000| Untracked 
|  26|0x0000000081a00000, 0x0000000081a00000, 0x0000000081b00000|  0%| F|  |TAMS 0x0000000081a00000, 0x0000000081a00000| Untracked 
|  27|0x0000000081b00000, 0x0000000081b00000, 0x0000000081c00000|  0%| F|  |TAMS 0x0000000081b00000, 0x0000000081b00000| Untracked 
|  28|0x0000000081c00000, 0x0000000081c00000, 0x0000000081d00000|  0%| F|  |TAMS 0x0000000081c00000, 0x0000000081c00000| Untracked 
|  29|0x0000000081d00000, 0x0000000081d00000, 0x0000000081e00000|  0%| F|  |TAMS 0x0000000081d00000, 0x0000000081d00000| Untracked 
|  30|0x0000000081e00000, 0x0000000081e00000, 0x0000000081f00000|  0%| F|  |TAMS 0x0000000081e00000, 0x0000000081e00000| Untracked 
|  31|0x0000000081f00000, 0x0000000081f00000, 0x0000000082000000|  0%| F|  |TAMS 0x0000000081f00000, 0x0000000081f00000| Untracked 
|  32|0x0000000082000000, 0x0000000082000000, 0x0000000082100000|  0%| F|  |TAMS 0x0000000082000000, 0x0000000082000000| Untracked 
|  33|0x0000000082100000, 0x0000000082100000, 0x0000000082200000|  0%| F|  |TAMS 0x0000000082100000, 0x0000000082100000| Untracked 
|  34|0x0000000082200000, 0x0000000082200000, 0x0000000082300000|  0%| F|  |TAMS 0x0000000082200000, 0x0000000082200000| Untracked 
|  35|0x0000000082300000, 0x0000000082300000, 0x0000000082400000|  0%| F|  |TAMS 0x0000000082300000, 0x0000000082300000| Untracked 
|  36|0x0000000082400000, 0x0000000082400000, 0x0000000082500000|  0%| F|  |TAMS 0x0000000082400000, 0x0000000082400000| Untracked 
|  37|0x0000000082500000, 0x0000000082500000, 0x0000000082600000|  0%| F|  |TAMS 0x0000000082500000, 0x0000000082500000| Untracked 
|  38|0x0000000082600000, 0x0000000082600000, 0x0000000082700000|  0%| F|  |TAMS 0x0000000082600000, 0x0000000082600000| Untracked 
|  39|0x0000000082700000, 0x0000000082700000, 0x0000000082800000|  0%| F|  |TAMS 0x0000000082700000, 0x0000000082700000| Untracked 
|  40|0x0000000082800000, 0x0000000082800000, 0x0000000082900000|  0%| F|  |TAMS 0x0000000082800000, 0x0000000082800000| Untracked 
|  41|0x0000000082900000, 0x0000000082900000, 0x0000000082a00000|  0%| F|  |TAMS 0x0000000082900000, 0x0000000082900000| Untracked 
|  42|0x0000000082a00000, 0x0000000082a00000, 0x0000000082b00000|  0%| F|  |TAMS 0x0000000082a00000, 0x0000000082a00000| Untracked 
|  43|0x0000000082b00000, 0x0000000082b00000, 0x0000000082c00000|  0%| F|  |TAMS 0x0000000082b00000, 0x0000000082b00000| Untracked 
|  44|0x0000000082c00000, 0x0000000082c00000, 0x0000000082d00000|  0%| F|  |TAMS 0x0000000082c00000, 0x0000000082c00000| Untracked 
|  45|0x0000000082d00000, 0x0000000082d00000, 0x0000000082e00000|  0%| F|  |TAMS 0x0000000082d00000, 0x0000000082d00000| Untracked 
|  46|0x0000000082e00000, 0x0000000082e00000, 0x0000000082f00000|  0%| F|  |TAMS 0x0000000082e00000, 0x0000000082e00000| Untracked 
|  47|0x0000000082f00000, 0x0000000082f00000, 0x0000000083000000|  0%| F|  |TAMS 0x0000000082f00000, 0x0000000082f00000| Untracked 
|  48|0x0000000083000000, 0x0000000083000000, 0x0000000083100000|  0%| F|  |TAMS 0x0000000083000000, 0x0000000083000000| Untracked 
|  49|0x0000000083100000, 0x0000000083100000, 0x0000000083200000|  0%| F|  |TAMS 0x0000000083100000, 0x0000000083100000| Untracked 
|  50|0x0000000083200000, 0x00000000832e30e8, 0x0000000083300000| 88%| E|  |TAMS 0x0000000083200000, 0x0000000083200000| Complete 
|  51|0x0000000083300000, 0x000000008331dd28, 0x0000000083400000| 11%| S|CS|TAMS 0x0000000083300000, 0x0000000083300000| Complete 
|  52|0x0000000083400000, 0x0000000083500000, 0x0000000083500000|100%| S|CS|TAMS 0x0000000083400000, 0x0000000083400000| Complete 
|  53|0x0000000083500000, 0x0000000083600000, 0x0000000083600000|100%| S|CS|TAMS 0x0000000083500000, 0x0000000083500000| Complete 
|  54|0x0000000083600000, 0x0000000083700000, 0x0000000083700000|100%| E|CS|TAMS 0x0000000083600000, 0x0000000083600000| Complete 
|  55|0x0000000083700000, 0x0000000083800000, 0x0000000083800000|100%| E|CS|TAMS 0x0000000083700000, 0x0000000083700000| Complete 

Card table byte_map: [0x0000016f717c0000,0x0000016f71bc0000] _byte_map_base: 0x0000016f713c0000

Marking Bits (Prev, Next): (CMBitMap*) 0x0000016f5ef537f0, (CMBitMap*) 0x0000016f5ef53830
 Prev Bits: [0x0000016f71fc0000, 0x0000016f73fc0000)
 Next Bits: [0x0000016f73fc0000, 0x0000016f75fc0000)

Polling page: 0x0000016f5e6c0000

Metaspace:

Usage:
  Non-class:     30.99 MB used.
      Class:      4.86 MB used.
       Both:     35.85 MB used.

Virtual space:
  Non-class space:       32.00 MB reserved,      31.19 MB ( 97%) committed,  4 nodes.
      Class space:        1.00 GB reserved,       5.00 MB ( <1%) committed,  1 nodes.
             Both:        1.03 GB reserved,      36.19 MB (  3%) committed. 

Chunk freelists:
   Non-Class:  432.00 KB
       Class:  3.05 MB
        Both:  3.47 MB

MaxMetaspaceSize: unlimited
CompressedClassSpaceSize: 1.00 GB
Initial GC threshold: 21.00 MB
Current GC threshold: 58.75 MB
CDS: off
MetaspaceReclaimPolicy: balanced
 - commit_granule_bytes: 65536.
 - commit_granule_words: 8192.
 - virtual_space_node_default_size: 1048576.
 - enlarge_chunks_in_place: 1.
 - new_chunks_are_fully_committed: 0.
 - uncommit_free_chunks: 1.
 - use_allocation_guard: 0.
 - handle_deallocations: 1.


Internal statistics:

num_allocs_failed_limit: 6.
num_arena_births: 284.
num_arena_deaths: 0.
num_vsnodes_births: 5.
num_vsnodes_deaths: 0.
num_space_committed: 579.
num_space_uncommitted: 0.
num_chunks_returned_to_freelist: 6.
num_chunks_taken_from_freelist: 1304.
num_chunk_merges: 6.
num_chunk_splits: 868.
num_chunks_enlarged: 635.
num_purges: 0.
num_inconsistent_stats: 0.

CodeHeap 'non-profiled nmethods': size=120000Kb used=1686Kb max_used=1686Kb free=118313Kb
 bounds [0x0000016f69e90000, 0x0000016f6a100000, 0x0000016f713c0000]
CodeHeap 'profiled nmethods': size=120000Kb used=6524Kb max_used=6524Kb free=113475Kb
 bounds [0x0000016f623c0000, 0x0000016f62a20000, 0x0000016f698f0000]
CodeHeap 'non-nmethods': size=5760Kb used=1235Kb max_used=1264Kb free=4524Kb
 bounds [0x0000016f698f0000, 0x0000016f69b60000, 0x0000016f69e90000]
 total_blobs=3706 nmethods=3158 adapters=460
 compilation: enabled
              stopped_count=0, restarted_count=0
 full_count=0

Compilation events (20 events):
Event: 66.359 Thread 0x0000016f784ee6c0 3148       2       org.codehaus.groovy.util.ManagedReference::<init> (40 bytes)
Event: 66.360 Thread 0x0000016f784ee6c0 nmethod 3148 0x0000016f62a12f90 code [0x0000016f62a13140, 0x0000016f62a13398]
Event: 66.360 Thread 0x0000016f784ee6c0 3149       2       org.codehaus.groovy.util.ManagedReference::<init> (14 bytes)
Event: 66.361 Thread 0x0000016f784ee6c0 nmethod 3149 0x0000016f62a13490 code [0x0000016f62a13620, 0x0000016f62a13768]
Event: 66.361 Thread 0x0000016f784ee6c0 3150       2       org.codehaus.groovy.util.ReferenceManager$1::afterReferenceCreation (57 bytes)
Event: 66.361 Thread 0x0000016f784ee6c0 nmethod 3150 0x0000016f62a13890 code [0x0000016f62a13a60, 0x0000016f62a13ca8]
Event: 66.362 Thread 0x0000016f784ee6c0 3151       2       java.util.concurrent.atomic.AtomicInteger::<init> (5 bytes)
Event: 66.362 Thread 0x0000016f784ee6c0 nmethod 3151 0x0000016f62a13d90 code [0x0000016f62a13f20, 0x0000016f62a14018]
Event: 66.365 Thread 0x0000016f784ee6c0 3152   !   2       org.codehaus.groovy.util.LazyReference::getLocked (85 bytes)
Event: 66.366 Thread 0x0000016f784ee6c0 nmethod 3152 0x0000016f62a14090 code [0x0000016f62a142c0, 0x0000016f62a14848]
Event: 66.369 Thread 0x0000016f784ee6c0 3154       2       java.util.WeakHashMap::get (75 bytes)
Event: 66.370 Thread 0x0000016f784ee6c0 nmethod 3154 0x0000016f62a14c10 code [0x0000016f62a14de0, 0x0000016f62a15138]
Event: 66.370 Thread 0x0000016f784ee6c0 3153       2       org.codehaus.groovy.reflection.CachedClass::getInterfaces (11 bytes)
Event: 66.370 Thread 0x0000016f784ee6c0 nmethod 3153 0x0000016f62a15390 code [0x0000016f62a15540, 0x0000016f62a156c8]
Event: 66.370 Thread 0x0000016f784ee6c0 3155       2       org.codehaus.groovy.util.ReferenceType$1::createReference (11 bytes)
Event: 66.370 Thread 0x0000016f784ee6c0 nmethod 3155 0x0000016f62a15790 code [0x0000016f62a15940, 0x0000016f62a15bf8]
Event: 66.370 Thread 0x0000016f784ee6c0 3156       2       org.codehaus.groovy.util.ReferenceType$SoftRef::<init> (12 bytes)
Event: 66.370 Thread 0x0000016f784ee6c0 nmethod 3156 0x0000016f62a15c90 code [0x0000016f62a15e20, 0x0000016f62a16078]
Event: 66.372 Thread 0x0000016f784ee6c0 3157       2       java.util.stream.Sink$ChainedReference::end (10 bytes)
Event: 66.372 Thread 0x0000016f784ee6c0 nmethod 3157 0x0000016f62a16110 code [0x0000016f62a162a0, 0x0000016f62a163c8]

GC Heap History (20 events):
Event: 10.881 GC heap before
{Heap before GC invocations=0 (full 0):
 garbage-first heap   total 57344K, used 12288K [0x0000000080000000, 0x0000000100000000)
  region size 1024K, 13 young (13312K), 0 survivors (0K)
 Metaspace       used 7088K, committed 7296K, reserved 1056768K
  class space    used 608K, committed 704K, reserved 1048576K
}
Event: 12.236 GC heap after
{Heap after GC invocations=1 (full 0):
 garbage-first heap   total 57344K, used 3659K [0x0000000080000000, 0x0000000100000000)
  region size 1024K, 2 young (2048K), 2 survivors (2048K)
 Metaspace       used 7088K, committed 7296K, reserved 1056768K
  class space    used 608K, committed 704K, reserved 1048576K
}
Event: 23.984 GC heap before
{Heap before GC invocations=1 (full 0):
 garbage-first heap   total 57344K, used 21067K [0x0000000080000000, 0x0000000100000000)
  region size 1024K, 17 young (17408K), 2 survivors (2048K)
 Metaspace       used 11093K, committed 11264K, reserved 1064960K
  class space    used 1163K, committed 1280K, reserved 1048576K
}
Event: 23.993 GC heap after
{Heap after GC invocations=2 (full 0):
 garbage-first heap   total 57344K, used 9570K [0x0000000080000000, 0x0000000100000000)
  region size 1024K, 3 young (3072K), 3 survivors (3072K)
 Metaspace       used 11093K, committed 11264K, reserved 1064960K
  class space    used 1163K, committed 1280K, reserved 1048576K
}
Event: 29.520 GC heap before
{Heap before GC invocations=2 (full 0):
 garbage-first heap   total 57344K, used 26978K [0x0000000080000000, 0x0000000100000000)
  region size 1024K, 20 young (20480K), 3 survivors (3072K)
 Metaspace       used 11179K, committed 11328K, reserved 1064960K
  class space    used 1164K, committed 1280K, reserved 1048576K
}
Event: 29.526 GC heap after
{Heap after GC invocations=3 (full 0):
 garbage-first heap   total 57344K, used 10212K [0x0000000080000000, 0x0000000100000000)
  region size 1024K, 1 young (1024K), 1 survivors (1024K)
 Metaspace       used 11179K, committed 11328K, reserved 1064960K
  class space    used 1164K, committed 1280K, reserved 1048576K
}
Event: 41.289 GC heap before
{Heap before GC invocations=3 (full 0):
 garbage-first heap   total 57344K, used 38884K [0x0000000080000000, 0x0000000100000000)
  region size 1024K, 28 young (28672K), 1 survivors (1024K)
 Metaspace       used 17877K, committed 18112K, reserved 1064960K
  class space    used 2062K, committed 2176K, reserved 1048576K
}
Event: 41.299 GC heap after
{Heap after GC invocations=4 (full 0):
 garbage-first heap   total 57344K, used 16707K [0x0000000080000000, 0x0000000100000000)
  region size 1024K, 4 young (4096K), 4 survivors (4096K)
 Metaspace       used 17877K, committed 18112K, reserved 1064960K
  class space    used 2062K, committed 2176K, reserved 1048576K
}
Event: 46.685 GC heap before
{Heap before GC invocations=4 (full 0):
 garbage-first heap   total 57344K, used 32067K [0x0000000080000000, 0x0000000100000000)
  region size 1024K, 21 young (21504K), 4 survivors (4096K)
 Metaspace       used 21308K, committed 21504K, reserved 1073152K
  class space    used 2579K, committed 2688K, reserved 1048576K
}
Event: 46.694 GC heap after
{Heap after GC invocations=5 (full 0):
 garbage-first heap   total 57344K, used 18165K [0x0000000080000000, 0x0000000100000000)
  region size 1024K, 2 young (2048K), 2 survivors (2048K)
 Metaspace       used 21308K, committed 21504K, reserved 1073152K
  class space    used 2579K, committed 2688K, reserved 1048576K
}
Event: 51.087 GC heap before
{Heap before GC invocations=6 (full 0):
 garbage-first heap   total 57344K, used 37621K [0x0000000080000000, 0x0000000100000000)
  region size 1024K, 22 young (22528K), 2 survivors (2048K)
 Metaspace       used 24562K, committed 24896K, reserved 1073152K
  class space    used 3181K, committed 3328K, reserved 1048576K
}
Event: 51.091 GC heap after
{Heap after GC invocations=7 (full 0):
 garbage-first heap   total 57344K, used 19353K [0x0000000080000000, 0x0000000100000000)
  region size 1024K, 3 young (3072K), 3 survivors (3072K)
 Metaspace       used 24562K, committed 24896K, reserved 1073152K
  class space    used 3181K, committed 3328K, reserved 1048576K
}
Event: 55.932 GC heap before
{Heap before GC invocations=7 (full 0):
 garbage-first heap   total 57344K, used 39833K [0x0000000080000000, 0x0000000100000000)
  region size 1024K, 24 young (24576K), 3 survivors (3072K)
 Metaspace       used 28407K, committed 28672K, reserved 1081344K
  class space    used 3821K, committed 3968K, reserved 1048576K
}
Event: 55.945 GC heap after
{Heap after GC invocations=8 (full 0):
 garbage-first heap   total 57344K, used 20672K [0x0000000080000000, 0x0000000100000000)
  region size 1024K, 3 young (3072K), 3 survivors (3072K)
 Metaspace       used 28407K, committed 28672K, reserved 1081344K
  class space    used 3821K, committed 3968K, reserved 1048576K
}
Event: 61.438 GC heap before
{Heap before GC invocations=8 (full 0):
 garbage-first heap   total 57344K, used 42176K [0x0000000080000000, 0x0000000100000000)
  region size 1024K, 24 young (24576K), 3 survivors (3072K)
 Metaspace       used 31443K, committed 31744K, reserved 1081344K
  class space    used 4285K, committed 4416K, reserved 1048576K
}
Event: 61.446 GC heap after
{Heap after GC invocations=9 (full 0):
 garbage-first heap   total 57344K, used 21813K [0x0000000080000000, 0x0000000100000000)
  region size 1024K, 3 young (3072K), 3 survivors (3072K)
 Metaspace       used 31443K, committed 31744K, reserved 1081344K
  class space    used 4285K, committed 4416K, reserved 1048576K
}
Event: 66.335 GC heap before
{Heap before GC invocations=9 (full 0):
 garbage-first heap   total 57344K, used 43317K [0x0000000080000000, 0x0000000100000000)
  region size 1024K, 24 young (24576K), 3 survivors (3072K)
 Metaspace       used 35341K, committed 35648K, reserved 1081344K
  class space    used 4889K, committed 5056K, reserved 1048576K
}
Event: 66.341 GC heap after
{Heap after GC invocations=10 (full 0):
 garbage-first heap   total 57344K, used 23457K [0x0000000080000000, 0x0000000100000000)
  region size 1024K, 3 young (3072K), 3 survivors (3072K)
 Metaspace       used 35341K, committed 35648K, reserved 1081344K
  class space    used 4889K, committed 5056K, reserved 1048576K
}
Event: 66.384 GC heap before
{Heap before GC invocations=10 (full 0):
 garbage-first heap   total 57344K, used 24481K [0x0000000080000000, 0x0000000100000000)
  region size 1024K, 5 young (5120K), 3 survivors (3072K)
 Metaspace       used 35628K, committed 35968K, reserved 1081344K
  class space    used 4895K, committed 5056K, reserved 1048576K
}
Event: 66.389 GC heap after
{Heap after GC invocations=11 (full 0):
 garbage-first heap   total 57344K, used 23886K [0x0000000080000000, 0x0000000100000000)
  region size 1024K, 3 young (3072K), 3 survivors (3072K)
 Metaspace       used 35628K, committed 35968K, reserved 1081344K
  class space    used 4895K, committed 5056K, reserved 1048576K
}

Dll operation events (2 events):
Event: 0.487 Loaded shared library C:\Program Files\Android\Android Studio\jbr\bin\java.dll
Event: 10.280 Loaded shared library C:\Program Files\Android\Android Studio\jbr\bin\verify.dll

Deoptimization events (20 events):
Event: 66.036 Thread 0x0000016f79ea53a0 Uncommon trap: trap_request=0xffffffde fr.pc=0x0000016f69f78b14 relative=0x00000000000019b4
Event: 66.036 Thread 0x0000016f79ea53a0 Uncommon trap: reason=class_check action=maybe_recompile pc=0x0000016f69f78b14 method=java.io.BufferedInputStream.read([BII)I @ 101 c2
Event: 66.036 Thread 0x0000016f79ea53a0 DEOPT PACKING pc=0x0000016f69f78b14 sp=0x00000019363f7d90
Event: 66.036 Thread 0x0000016f79ea53a0 DEOPT UNPACKING pc=0x0000016f699469a3 sp=0x00000019363f7c50 mode 2
Event: 66.037 Thread 0x0000016f79ea53a0 Uncommon trap: trap_request=0xffffffde fr.pc=0x0000016f69f78b14 relative=0x00000000000019b4
Event: 66.037 Thread 0x0000016f79ea53a0 Uncommon trap: reason=class_check action=maybe_recompile pc=0x0000016f69f78b14 method=java.io.BufferedInputStream.read([BII)I @ 101 c2
Event: 66.037 Thread 0x0000016f79ea53a0 DEOPT PACKING pc=0x0000016f69f78b14 sp=0x00000019363f7d90
Event: 66.037 Thread 0x0000016f79ea53a0 DEOPT UNPACKING pc=0x0000016f699469a3 sp=0x00000019363f7c50 mode 2
Event: 66.039 Thread 0x0000016f79ea53a0 Uncommon trap: trap_request=0xffffffc6 fr.pc=0x0000016f6a02acd8 relative=0x00000000000006b8
Event: 66.039 Thread 0x0000016f79ea53a0 Uncommon trap: reason=bimorphic_or_optimized_type_check action=maybe_recompile pc=0x0000016f6a02acd8 method=java.io.BufferedInputStream.read([BII)I @ 101 c2
Event: 66.040 Thread 0x0000016f79ea53a0 DEOPT PACKING pc=0x0000016f6a02acd8 sp=0x00000019363f7ca0
Event: 66.040 Thread 0x0000016f79ea53a0 DEOPT UNPACKING pc=0x0000016f699469a3 sp=0x00000019363f7c58 mode 2
Event: 66.040 Thread 0x0000016f79ea53a0 Uncommon trap: trap_request=0xffffffc6 fr.pc=0x0000016f6a02acd8 relative=0x00000000000006b8
Event: 66.040 Thread 0x0000016f79ea53a0 Uncommon trap: reason=bimorphic_or_optimized_type_check action=maybe_recompile pc=0x0000016f6a02acd8 method=java.io.BufferedInputStream.read([BII)I @ 101 c2
Event: 66.040 Thread 0x0000016f79ea53a0 DEOPT PACKING pc=0x0000016f6a02acd8 sp=0x00000019363f7ca0
Event: 66.040 Thread 0x0000016f79ea53a0 DEOPT UNPACKING pc=0x0000016f699469a3 sp=0x00000019363f7c58 mode 2
Event: 66.041 Thread 0x0000016f79ea53a0 Uncommon trap: trap_request=0xffffffc6 fr.pc=0x0000016f6a02acd8 relative=0x00000000000006b8
Event: 66.041 Thread 0x0000016f79ea53a0 Uncommon trap: reason=bimorphic_or_optimized_type_check action=maybe_recompile pc=0x0000016f6a02acd8 method=java.io.BufferedInputStream.read([BII)I @ 101 c2
Event: 66.041 Thread 0x0000016f79ea53a0 DEOPT PACKING pc=0x0000016f6a02acd8 sp=0x00000019363f7ca0
Event: 66.041 Thread 0x0000016f79ea53a0 DEOPT UNPACKING pc=0x0000016f699469a3 sp=0x00000019363f7c58 mode 2

Classes unloaded (0 events):
No events

Classes redefined (0 events):
No events

Internal exceptions (20 events):
Event: 60.240 Thread 0x0000016f79ea53a0 Exception <a 'java/lang/NoSuchMethodError'{0x000000008282e948}: 'java.lang.Object java.lang.invoke.DirectMethodHandle$Holder.invokeSpecial(java.lang.Object, java.lang.Object, java.lang.Object, java.lang.Object, java.lang.Object, java.lang.Object, java.lang.Object, java.lang.Object, java.lang.Object, java.lang.Object, java.lang.Object, java.lang.Object)'> (0x000000008282e948) 
thrown [s\src\hotspot\share\interpreter\linkResolver.cpp, line 771]
Event: 60.241 Thread 0x0000016f79ea53a0 Exception <a 'java/lang/NoSuchMethodError'{0x0000000082833d38}: 'java.lang.Object java.lang.invoke.Invokers$Holder.linkToTargetMethod(java.lang.Object, java.lang.Object, java.lang.Object, java.lang.Object, java.lang.Object, java.lang.Object, java.lang.Object, java.lang.Object, java.lang.Object, java.lang.Object, java.lang.Object)'> (0x0000000082833d38) 
thrown [s\src\hotspot\share\interpreter\linkResolver.cpp, line 771]
Event: 60.257 Thread 0x0000016f79ea53a0 Exception <a 'java/lang/NoSuchMethodError'{0x0000000082877bf0}: 'java.lang.Object java.lang.invoke.DirectMethodHandle$Holder.invokeSpecial(java.lang.Object, java.lang.Object, java.lang.Object, java.lang.Object, java.lang.Object, java.lang.Object, java.lang.Object, java.lang.Object, java.lang.Object, java.lang.Object, java.lang.Object, java.lang.Object, java.lang.Object, java.lang.Object)'> (0x0000000082877bf0) 
thrown [s\src\hotspot\share\interpreter\linkResolver.cpp, line 771]
Event: 60.259 Thread 0x0000016f79ea53a0 Exception <a 'java/lang/NoSuchMethodError'{0x000000008288a030}: 'java.lang.Object java.lang.invoke.DirectMethodHandle$Holder.newInvokeSpecial(java.lang.Object, java.lang.Object, java.lang.Object, java.lang.Object, java.lang.Object, java.lang.Object, java.lang.Object, java.lang.Object, java.lang.Object, java.lang.Object, java.lang.Object, java.lang.Object)'> (0x000000008288a030) 
thrown [s\src\hotspot\share\interpreter\linkResolver.cpp, line 771]
Event: 60.259 Thread 0x0000016f79ea53a0 Exception <a 'java/lang/NoSuchMethodError'{0x000000008288f720}: 'java.lang.Object java.lang.invoke.Invokers$Holder.linkToTargetMethod(java.lang.Object, java.lang.Object, java.lang.Object, java.lang.Object, java.lang.Object, java.lang.Object, java.lang.Object, java.lang.Object, java.lang.Object, java.lang.Object, java.lang.Object, java.lang.Object)'> (0x000000008288f720) 
thrown [s\src\hotspot\share\interpreter\linkResolver.cpp, line 771]
Event: 60.880 Thread 0x0000016f79ea53a0 Exception <a 'java/lang/NoSuchMethodError'{0x00000000827588d8}: 'java.lang.Object java.lang.invoke.DirectMethodHandle$Holder.invokeStaticInit(java.lang.Object, java.lang.Object, java.lang.Object, java.lang.Object)'> (0x00000000827588d8) 
thrown [s\src\hotspot\share\interpreter\linkResolver.cpp, line 771]
Event: 61.578 Thread 0x0000016f79ea53a0 Exception <a 'java/lang/NoSuchMethodError'{0x0000000083600a30}: 'java.lang.Object java.lang.invoke.DirectMethodHandle$Holder.newInvokeSpecial(java.lang.Object, java.lang.Object, java.lang.Object, java.lang.Object, java.lang.Object, java.lang.Object, java.lang.Object, java.lang.Object)'> (0x0000000083600a30) 
thrown [s\src\hotspot\share\interpreter\linkResolver.cpp, line 771]
Event: 61.579 Thread 0x0000016f79ea53a0 Exception <a 'java/lang/NoSuchMethodError'{0x0000000083606810}: 'java.lang.Object java.lang.invoke.Invokers$Holder.linkToTargetMethod(java.lang.Object, java.lang.Object, java.lang.Object, java.lang.Object, java.lang.Object, java.lang.Object, java.lang.Object, java.lang.Object)'> (0x0000000083606810) 
thrown [s\src\hotspot\share\interpreter\linkResolver.cpp, line 771]
Event: 61.691 Thread 0x0000016f79ea53a0 Exception <a 'java/lang/IncompatibleClassChangeError'{0x0000000083676698}: Found class java.lang.Object, but interface was expected> (0x0000000083676698) 
thrown [s\src\hotspot\share\interpreter\linkResolver.cpp, line 838]
Event: 64.180 Thread 0x0000016f79ea53a0 Exception <a 'java/lang/NoSuchMethodError'{0x0000000082c65fa0}: 'java.lang.Object java.lang.invoke.DirectMethodHandle$Holder.newInvokeSpecial(java.lang.Object, java.lang.Object, long)'> (0x0000000082c65fa0) 
thrown [s\src\hotspot\share\interpreter\linkResolver.cpp, line 771]
Event: 64.181 Thread 0x0000016f79ea53a0 Exception <a 'java/lang/NoSuchMethodError'{0x0000000082c6a5b0}: 'java.lang.Object java.lang.invoke.Invokers$Holder.linkToTargetMethod(java.lang.Object, long, java.lang.Object)'> (0x0000000082c6a5b0) 
thrown [s\src\hotspot\share\interpreter\linkResolver.cpp, line 771]
Event: 64.263 Thread 0x0000016f79ea53a0 Exception <a 'java/lang/NoSuchMethodError'{0x0000000082b5f368}: 'int java.lang.invoke.DirectMethodHandle$Holder.invokeInterface(java.lang.Object, java.lang.Object)'> (0x0000000082b5f368) 
thrown [s\src\hotspot\share\interpreter\linkResolver.cpp, line 771]
Event: 64.275 Thread 0x0000016f79ea53a0 Exception <a 'java/lang/NoSuchMethodError'{0x0000000082b82cc0}: 'java.lang.Object java.lang.invoke.DirectMethodHandle$Holder.invokeStatic(java.lang.Object, java.lang.Object, int, java.lang.Object)'> (0x0000000082b82cc0) 
thrown [s\src\hotspot\share\interpreter\linkResolver.cpp, line 771]
Event: 64.277 Thread 0x0000016f79ea53a0 Exception <a 'java/lang/NoSuchMethodError'{0x0000000082b8a878}: 'java.lang.Object java.lang.invoke.DirectMethodHandle$Holder.newInvokeSpecial(java.lang.Object, java.lang.Object, int, java.lang.Object)'> (0x0000000082b8a878) 
thrown [s\src\hotspot\share\interpreter\linkResolver.cpp, line 771]
Event: 64.278 Thread 0x0000016f79ea53a0 Exception <a 'java/lang/NoSuchMethodError'{0x0000000082b8f160}: 'java.lang.Object java.lang.invoke.DirectMethodHandle$Holder.invokeSpecial(java.lang.Object, java.lang.Object, java.lang.Object, int, java.lang.Object)'> (0x0000000082b8f160) 
thrown [s\src\hotspot\share\interpreter\linkResolver.cpp, line 771]
Event: 65.586 Thread 0x0000016f79ea53a0 Exception <a 'java/lang/NoSuchMethodError'{0x0000000082709418}: 'java.lang.Object java.lang.invoke.DirectMethodHandle$Holder.invokeSpecial(java.lang.Object, java.lang.Object, java.lang.Object, int, java.lang.Object, java.lang.Object)'> (0x0000000082709418) 
thrown [s\src\hotspot\share\interpreter\linkResolver.cpp, line 771]
Event: 66.257 Thread 0x0000016f79ea53a0 Exception <a 'java/lang/NoSuchMethodError'{0x00000000823363a8}: 'void java.lang.invoke.DirectMethodHandle$Holder.invokeStaticInit(java.lang.Object, java.lang.Object, java.lang.Object)'> (0x00000000823363a8) 
thrown [s\src\hotspot\share\interpreter\linkResolver.cpp, line 771]
Event: 66.260 Thread 0x0000016f79ea53a0 Exception <a 'java/lang/NoSuchMethodError'{0x000000008233d848}: 'void java.lang.invoke.DirectMethodHandle$Holder.invokeStaticInit(java.lang.Object, java.lang.Object, java.lang.Object, java.lang.Object)'> (0x000000008233d848) 
thrown [s\src\hotspot\share\interpreter\linkResolver.cpp, line 771]
Event: 66.278 Thread 0x0000016f79ea53a0 Exception <a 'java/lang/NoSuchMethodError'{0x0000000082362760}: 'void java.lang.invoke.DirectMethodHandle$Holder.invokeStaticInit(java.lang.Object, java.lang.Object, java.lang.Object, java.lang.Object, java.lang.Object)'> (0x0000000082362760) 
thrown [s\src\hotspot\share\interpreter\linkResolver.cpp, line 771]
Event: 66.319 Thread 0x0000016f79ea53a0 Exception <a 'java/lang/NoSuchMethodError'{0x00000000823bca48}: 'int java.lang.invoke.DirectMethodHandle$Holder.invokeStaticInit(java.lang.Object, java.lang.Object, java.lang.Object, java.lang.Object)'> (0x00000000823bca48) 
thrown [s\src\hotspot\share\interpreter\linkResolver.cpp, line 771]

VM Operations (20 events):
Event: 63.478 Executing VM operation: Cleanup
Event: 63.478 Executing VM operation: Cleanup done
Event: 64.487 Executing VM operation: Cleanup
Event: 64.487 Executing VM operation: Cleanup done
Event: 64.698 Executing VM operation: HandshakeAllThreads
Event: 64.698 Executing VM operation: HandshakeAllThreads done
Event: 64.700 Executing VM operation: HandshakeAllThreads
Event: 64.700 Executing VM operation: HandshakeAllThreads done
Event: 65.438 Executing VM operation: HandshakeAllThreads
Event: 65.438 Executing VM operation: HandshakeAllThreads done
Event: 66.094 Executing VM operation: HandshakeAllThreads
Event: 66.094 Executing VM operation: HandshakeAllThreads done
Event: 66.094 Executing VM operation: Cleanup
Event: 66.094 Executing VM operation: Cleanup done
Event: 66.335 Executing VM operation: G1CollectForAllocation
Event: 66.341 Executing VM operation: G1CollectForAllocation done
Event: 66.384 Executing VM operation: CollectForMetadataAllocation
Event: 66.389 Executing VM operation: CollectForMetadataAllocation done
Event: 66.430 Executing VM operation: G1Concurrent
Event: 66.452 Executing VM operation: G1Concurrent done

Events (20 events):
Event: 66.217 loading class java/lang/IllegalCallerException
Event: 66.217 loading class java/lang/IllegalCallerException done
Event: 66.223 loading class jdk/internal/module/SystemModules$all
Event: 66.227 loading class jdk/internal/module/SystemModules$all done
Event: 66.243 loading class java/util/Spliterators$IteratorSpliterator
Event: 66.243 loading class java/util/Spliterators$IteratorSpliterator done
Event: 66.322 loading class java/util/HashMap$KeySpliterator
Event: 66.323 loading class java/util/HashMap$KeySpliterator done
Event: 66.348 loading class java/lang/ClassFormatError
Event: 66.349 loading class java/lang/ClassFormatError done
Event: 66.366 loading class java/lang/ProcessHandle$Info
Event: 66.367 loading class java/lang/ProcessHandle$Info done
Event: 66.367 loading class java/lang/ProcessHandle
Event: 66.367 loading class java/lang/ProcessHandle done
Event: 66.367 loading class java/util/concurrent/CompletableFuture
Event: 66.368 loading class java/util/concurrent/CompletionStage
Event: 66.368 loading class java/util/concurrent/CompletionStage done
Event: 66.368 loading class java/util/concurrent/CompletableFuture done
Event: 66.371 loading class java/io/UnsupportedEncodingException
Event: 66.371 loading class java/io/UnsupportedEncodingException done


Dynamic libraries:
0x00007ff7ac340000 - 0x00007ff7ac34a000 	C:\Program Files\Android\Android Studio\jbr\bin\java.exe
0x00007ffb09f90000 - 0x00007ffb0a1a4000 	C:\WINDOWS\SYSTEM32\ntdll.dll
0x00007ffb09670000 - 0x00007ffb09732000 	C:\WINDOWS\System32\KERNEL32.DLL
0x00007ffb07720000 - 0x00007ffb07ac3000 	C:\WINDOWS\System32\KERNELBASE.dll
0x00007ffb07600000 - 0x00007ffb07711000 	C:\WINDOWS\System32\ucrtbase.dll
0x00007ffafbd50000 - 0x00007ffafbd67000 	C:\Program Files\Android\Android Studio\jbr\bin\jli.dll
0x00007ffb02770000 - 0x00007ffb0278b000 	C:\Program Files\Android\Android Studio\jbr\bin\VCRUNTIME140.dll
0x00007ffaf4350000 - 0x00007ffaf45de000 	C:\WINDOWS\WinSxS\amd64_microsoft.windows.common-controls_6595b64144ccf1df_6.0.22621.1635_none_270f70857386168e\COMCTL32.dll
0x00007ffb09b00000 - 0x00007ffb09ba7000 	C:\WINDOWS\System32\msvcrt.dll
0x00007ffb09520000 - 0x00007ffb09549000 	C:\WINDOWS\System32\GDI32.dll
0x00007ffb07390000 - 0x00007ffb073b6000 	C:\WINDOWS\System32\win32u.dll
0x00007ffb073c0000 - 0x00007ffb074d9000 	C:\WINDOWS\System32\gdi32full.dll
0x00007ffb07560000 - 0x00007ffb075fa000 	C:\WINDOWS\System32\msvcp_win.dll
0x00007ffb08320000 - 0x00007ffb084cb000 	C:\WINDOWS\System32\USER32.dll
0x00007ffb093d0000 - 0x00007ffb09401000 	C:\WINDOWS\System32\IMM32.DLL
0x00007ffafec10000 - 0x00007ffafec1c000 	C:\Program Files\Android\Android Studio\jbr\bin\vcruntime140_1.dll
0x00007ffae1b40000 - 0x00007ffae1bcd000 	C:\Program Files\Android\Android Studio\jbr\bin\msvcp140.dll
0x00007ffabd040000 - 0x00007ffabdcad000 	C:\Program Files\Android\Android Studio\jbr\bin\server\jvm.dll
0x00007ffb09470000 - 0x00007ffb0951e000 	C:\WINDOWS\System32\ADVAPI32.dll
0x00007ffb09e10000 - 0x00007ffb09eb4000 	C:\WINDOWS\System32\sechost.dll
0x00007ffb08200000 - 0x00007ffb08317000 	C:\WINDOWS\System32\RPCRT4.dll
0x00007ffae1500000 - 0x00007ffae1509000 	C:\WINDOWS\SYSTEM32\WSOCK32.dll
0x00007ffb09bb0000 - 0x00007ffb09c21000 	C:\WINDOWS\System32\WS2_32.dll
0x00007ffafebd0000 - 0x00007ffafec04000 	C:\WINDOWS\SYSTEM32\WINMM.dll
0x00007ffaff580000 - 0x00007ffaff58a000 	C:\WINDOWS\SYSTEM32\VERSION.dll
0x00007ffb063e0000 - 0x00007ffb063f8000 	C:\WINDOWS\SYSTEM32\kernel.appcore.dll
0x00007ffae14f0000 - 0x00007ffae14fa000 	C:\Program Files\Android\Android Studio\jbr\bin\jimage.dll
0x00007ffb04eb0000 - 0x00007ffb050de000 	C:\WINDOWS\SYSTEM32\DBGHELP.DLL
0x00007ffb09040000 - 0x00007ffb093c9000 	C:\WINDOWS\System32\combase.dll
0x00007ffb09990000 - 0x00007ffb09a67000 	C:\WINDOWS\System32\OLEAUT32.dll
0x00007ffaeab50000 - 0x00007ffaeab82000 	C:\WINDOWS\SYSTEM32\dbgcore.DLL
0x00007ffb074e0000 - 0x00007ffb0755b000 	C:\WINDOWS\System32\bcryptPrimitives.dll
0x00007ffabd010000 - 0x00007ffabd035000 	C:\Program Files\Android\Android Studio\jbr\bin\java.dll
0x00007ffac0b90000 - 0x00007ffac0ba8000 	C:\Program Files\Android\Android Studio\jbr\bin\zip.dll
0x00007ffb086d0000 - 0x00007ffb08eca000 	C:\WINDOWS\System32\SHELL32.dll
0x00007ffb05390000 - 0x00007ffb05c5e000 	C:\WINDOWS\SYSTEM32\windows.storage.dll
0x00007ffb050e0000 - 0x00007ffb0521e000 	C:\WINDOWS\SYSTEM32\wintypes.dll
0x00007ffb09740000 - 0x00007ffb09831000 	C:\WINDOWS\System32\SHCORE.dll
0x00007ffb084d0000 - 0x00007ffb0852e000 	C:\WINDOWS\System32\shlwapi.dll
0x00007ffb072c0000 - 0x00007ffb072e1000 	C:\WINDOWS\SYSTEM32\profapi.dll
0x00007ffabcff0000 - 0x00007ffabd009000 	C:\Program Files\Android\Android Studio\jbr\bin\net.dll
0x00007ffafe140000 - 0x00007ffafe277000 	C:\WINDOWS\SYSTEM32\WINHTTP.dll
0x00007ffb06850000 - 0x00007ffb068b9000 	C:\WINDOWS\system32\mswsock.dll
0x00007ffabcfd0000 - 0x00007ffabcfe6000 	C:\Program Files\Android\Android Studio\jbr\bin\nio.dll
0x00007ffabcd70000 - 0x00007ffabcd80000 	C:\Program Files\Android\Android Studio\jbr\bin\verify.dll
0x00007ffaf78f0000 - 0x00007ffaf7917000 	C:\Users\leana\.gradle\native\68d5fa5c4cc2d200863cafc0d521ce42e7d3e7ee720ec0a83991735586a16f82\windows-amd64\native-platform.dll
0x00007ffada320000 - 0x00007ffada464000 	C:\Users\leana\.gradle\native\e376f236ea51e6404a007f0833ffe2c6e607c4080706a723a18a27aeea778392\windows-amd64\native-platform-file-events.dll
0x00007ffabcfc0000 - 0x00007ffabcfc9000 	C:\Program Files\Android\Android Studio\jbr\bin\management.dll
0x00007ffabcfb0000 - 0x00007ffabcfbb000 	C:\Program Files\Android\Android Studio\jbr\bin\management_ext.dll
0x00007ffb09f40000 - 0x00007ffb09f48000 	C:\WINDOWS\System32\PSAPI.DLL
0x00007ffb06ac0000 - 0x00007ffb06adb000 	C:\WINDOWS\SYSTEM32\CRYPTSP.dll
0x00007ffb06350000 - 0x00007ffb06385000 	C:\WINDOWS\system32\rsaenh.dll
0x00007ffb06950000 - 0x00007ffb06978000 	C:\WINDOWS\SYSTEM32\USERENV.dll
0x00007ffb06c70000 - 0x00007ffb06c98000 	C:\WINDOWS\SYSTEM32\bcrypt.dll
0x00007ffb06ab0000 - 0x00007ffb06abc000 	C:\WINDOWS\SYSTEM32\CRYPTBASE.dll
0x00007ffb05ec0000 - 0x00007ffb05eed000 	C:\WINDOWS\SYSTEM32\IPHLPAPI.DLL
0x00007ffb09550000 - 0x00007ffb09559000 	C:\WINDOWS\System32\NSI.dll
0x00007ffafe3d0000 - 0x00007ffafe3e9000 	C:\WINDOWS\SYSTEM32\dhcpcsvc6.DLL
0x00007ffafe100000 - 0x00007ffafe11f000 	C:\WINDOWS\SYSTEM32\dhcpcsvc.DLL
0x00007ffb05f30000 - 0x00007ffb06023000 	C:\WINDOWS\SYSTEM32\DNSAPI.dll
0x00007ffabcc30000 - 0x00007ffabcc38000 	C:\WINDOWS\system32\wshunix.dll

dbghelp: loaded successfully - version: 4.0.5 - missing functions: none
symbol engine: initialized successfully - sym options: 0x614 - pdb path: .;C:\Program Files\Android\Android Studio\jbr\bin;C:\WINDOWS\SYSTEM32;C:\WINDOWS\WinSxS\amd64_microsoft.windows.common-controls_6595b64144ccf1df_6.0.22621.1635_none_270f70857386168e;C:\Program Files\Android\Android Studio\jbr\bin\server;C:\Users\leana\.gradle\native\68d5fa5c4cc2d200863cafc0d521ce42e7d3e7ee720ec0a83991735586a16f82\windows-amd64;C:\Users\leana\.gradle\native\e376f236ea51e6404a007f0833ffe2c6e607c4080706a723a18a27aeea778392\windows-amd64

VM Arguments:
jvm_args: --add-opens=java.base/java.util=ALL-UNNAMED --add-opens=java.base/java.lang=ALL-UNNAMED --add-opens=java.base/java.lang.invoke=ALL-UNNAMED --add-opens=java.prefs/java.util.prefs=ALL-UNNAMED --add-opens=java.base/java.nio.charset=ALL-UNNAMED --add-opens=java.base/java.net=ALL-UNNAMED --add-opens=java.base/java.util.concurrent.atomic=ALL-UNNAMED -Xmx2048m -Dfile.encoding=UTF-8 -Duser.country=CO -Duser.language=es -Duser.variant 
java_command: org.gradle.launcher.daemon.bootstrap.GradleDaemon 7.6
java_class_path (initial): C:\Users\leana\.gradle\wrapper\dists\gradle-7.6-bin\9l9tetv7ltxvx3i8an4pb86ye\gradle-7.6\lib\gradle-launcher-7.6.jar
Launcher Type: SUN_STANDARD

[Global flags]
     intx CICompilerCount                          = 3                                         {product} {ergonomic}
     uint ConcGCThreads                            = 1                                         {product} {ergonomic}
     uint G1ConcRefinementThreads                  = 4                                         {product} {ergonomic}
   size_t G1HeapRegionSize                         = 1048576                                   {product} {ergonomic}
    uintx GCDrainStackTargetSize                   = 64                                        {product} {ergonomic}
   size_t InitialHeapSize                          = 58720256                                  {product} {ergonomic}
   size_t MarkStackSize                            = 4194304                                   {product} {ergonomic}
   size_t MaxHeapSize                              = 2147483648                                {product} {command line}
   size_t MaxNewSize                               = 1287651328                                {product} {ergonomic}
   size_t MinHeapDeltaBytes                        = 1048576                                   {product} {ergonomic}
   size_t MinHeapSize                              = 8388608                                   {product} {ergonomic}
    uintx NonNMethodCodeHeapSize                   = 5832780                                {pd product} {ergonomic}
    uintx NonProfiledCodeHeapSize                  = 122912730                              {pd product} {ergonomic}
    uintx ProfiledCodeHeapSize                     = 122912730                              {pd product} {ergonomic}
    uintx ReservedCodeCacheSize                    = 251658240                              {pd product} {ergonomic}
     bool SegmentedCodeCache                       = true                                      {product} {ergonomic}
   size_t SoftMaxHeapSize                          = 2147483648                             {manageable} {ergonomic}
     bool UseCompressedClassPointers               = true                           {product lp64_product} {ergonomic}
     bool UseCompressedOops                        = true                           {product lp64_product} {ergonomic}
     bool UseG1GC                                  = true                                      {product} {ergonomic}
     bool UseLargePagesIndividualAllocation        = false                                  {pd product} {ergonomic}

Logging:
Log output configuration:
 #0: stdout all=warning uptime,level,tags
 #1: stderr all=off uptime,level,tags

Environment Variables:
PATH=C:\Python311\Scripts\;C:\Python311\;C:\WINDOWS\system32;C:\WINDOWS;C:\WINDOWS\System32\Wbem;C:\WINDOWS\System32\WindowsPowerShell\v1.0\;C:\WINDOWS\System32\OpenSSH\;C:\Program Files\dotnet\;C:\ProgramData\chocolatey\bin;C:\Program Files\Git\cmd;C:\Program Files\Git\get;C:\Users\leana\AppData\Roaming\nvm;C:\Program Files\nodejs;C:\Program Files\MySQL\MySQL Shell 8.0\bin\;C:\Users\leana\AppData\Local\Microsoft\WindowsApps;C:\Users\leana\AppData\Local\Programs\Microsoft VS Code\bin;C:\Users\leana\.dotnet\tools;C:\Users\leana\AppData\Roaming\npm;C:\Users\leana\AppData\Roaming\nvm;C:\Program Files\nodejs
USERNAME=leana
OS=Windows_NT
PROCESSOR_IDENTIFIER=AMD64 Family 23 Model 24 Stepping 1, AuthenticAMD
TMP=C:\Users\leana\AppData\Local\Temp
TEMP=C:\Users\leana\AppData\Local\Temp



---------------  S Y S T E M  ---------------

OS:
 Windows 11 , 64 bit Build 22621 (10.0.22621.1778)
OS uptime: 0 days 1:08 hours

CPU: total 4 (initial active 4) (4 cores per cpu, 2 threads per core) family 23 model 24 stepping 1 microcode 0x0, cx8, cmov, fxsr, ht, mmx, 3dnowpref, sse, sse2, sse3, ssse3, sse4a, sse4.1, sse4.2, popcnt, lzcnt, tsc, tscinvbit, avx, avx2, aes, clmul, bmi1, bmi2, adx, sha, fma, vzeroupper, clflush, clflushopt

Memory: 4k page, system-wide physical 3521M (68M free)
TotalPageFile size 14273M (AvailPageFile size 0M)
current process WorkingSet (physical memory assigned to process): 131M, peak: 151M
current process commit charge ("private bytes"): 200M, peak: 200M

vm_info: OpenJDK 64-Bit Server VM (17.0.6+0-b2043.56-9586694) for windows-amd64 JRE (17.0.6+0-b2043.56-9586694), built on Feb  9 2023 20:06:20 by "androidbuild" with MS VC++ 16.10 / 16.11 (VS2019)

END.
