#
# There is insufficient memory for the Java Runtime Environment to continue.
# Native memory allocation (malloc) failed to allocate 1056496 bytes for Chunk::new
# Possible reasons:
#   The system is out of physical RAM or swap space
#   The process is running with CompressedOops enabled, and the Java Heap may be blocking the growth of the native heap
# Possible solutions:
#   Reduce memory load on the system
#   Increase physical memory or swap space
#   Check if swap backing store is full
#   Decrease Java heap size (-Xmx/-Xms)
#   Decrease number of Java threads
#   Decrease Java thread stack sizes (-Xss)
#   Set larger code cache with -XX:ReservedCodeCacheSize=
#   JVM is running with Unscaled Compressed Oops mode in which the Java heap is
#     placed in the first 4GB address space. The Java Heap base address is the
#     maximum limit for the native heap growth. Please use -XX:HeapBaseMinAddress
#     to set the Java Heap base and to place the Java Heap above 4GB virtual address.
# This output file may be truncated or incomplete.
#
#  Out of Memory Error (arena.cpp:189), pid=8880, tid=10992
#
# JRE version: OpenJDK Runtime Environment (17.0.6) (build 17.0.6+0-b2043.56-9586694)
# Java VM: OpenJDK 64-Bit Server VM (17.0.6+0-b2043.56-9586694, mixed mode, tiered, compressed oops, compressed class ptrs, g1 gc, windows-amd64)
# No core dump will be written. Minidumps are not enabled by default on client versions of Windows
#

---------------  S U M M A R Y ------------

Command Line: --add-opens=java.base/java.util=ALL-UNNAMED --add-opens=java.base/java.lang=ALL-UNNAMED --add-opens=java.base/java.lang.invoke=ALL-UNNAMED --add-opens=java.prefs/java.util.prefs=ALL-UNNAMED --add-opens=java.base/java.nio.charset=ALL-UNNAMED --add-opens=java.base/java.net=ALL-UNNAMED --add-opens=java.base/java.util.concurrent.atomic=ALL-UNNAMED -Xmx2048m -Dfile.encoding=UTF-8 -Duser.country=CO -Duser.language=es -Duser.variant org.gradle.launcher.daemon.bootstrap.GradleDaemon 7.6

Host: AMD Ryzen 3 3250U with Radeon Graphics         , 4 cores, 3G,  Windows 11 , 64 bit Build 22621 (10.0.22621.1778)
Time: Mon Jun 26 10:41:22 2023 Hora est. Pacífico, Sudamérica elapsed time: 262.827832 seconds (0d 0h 4m 22s)

---------------  T H R E A D  ---------------

Current thread (0x0000021ce900d920):  JavaThread "C2 CompilerThread0" daemon [_thread_in_native, id=10992, stack(0x000000aa06c00000,0x000000aa06d00000)]


Current CompileTask:
C2: 262827 7827       4       java.beans.Introspector::addMethod (196 bytes)

Stack: [0x000000aa06c00000,0x000000aa06d00000]
Native frames: (J=compiled Java code, j=interpreted, Vv=VM code, C=native code)
V  [jvm.dll+0x683b4a]
V  [jvm.dll+0x842654]
V  [jvm.dll+0x843dfe]
V  [jvm.dll+0x844463]
V  [jvm.dll+0x249b75]
V  [jvm.dll+0xabcac]
V  [jvm.dll+0xac27c]
V  [jvm.dll+0x2b0eef]
V  [jvm.dll+0x58a207]
V  [jvm.dll+0x2243b2]
V  [jvm.dll+0x22478f]
V  [jvm.dll+0x21e055]
V  [jvm.dll+0x21b51b]
V  [jvm.dll+0x1a4fdd]
V  [jvm.dll+0x22b098]
V  [jvm.dll+0x229159]
V  [jvm.dll+0x7f809c]
V  [jvm.dll+0x7f25fa]
V  [jvm.dll+0x682985]
C  [ucrtbase.dll+0x29363]
C  [KERNEL32.DLL+0x126ad]
C  [ntdll.dll+0x5a9f8]


---------------  P R O C E S S  ---------------

Threads class SMR info:
_java_thread_list=0x0000021cefc5b500, length=81, elements={
0x0000021ccf017ef0, 0x0000021ce85d3270, 0x0000021ce85d4840, 0x0000021ce85bd510,
0x0000021ce85be0c0, 0x0000021ce900a280, 0x0000021ce900cc40, 0x0000021ce900d920,
0x0000021ce8618470, 0x0000021ce8619a80, 0x0000021ce9196420, 0x0000021ce919a900,
0x0000021ce936b040, 0x0000021ceb4136e0, 0x0000021ceb928080, 0x0000021cea7c8be0,
0x0000021ceb411620, 0x0000021ce927ba30, 0x0000021ce9279880, 0x0000021ce927abc0,
0x0000021ce9279d50, 0x0000021ce92793b0, 0x0000021ce927b090, 0x0000021ce927b560,
0x0000021ce9278540, 0x0000021ce9278070, 0x0000021ce9278a10, 0x0000021ceab091b0,
0x0000021ceab079a0, 0x0000021ceab06b30, 0x0000021ceab07000, 0x0000021ceab074d0,
0x0000021ceab07e70, 0x0000021ceab06660, 0x0000021ceab09b50, 0x0000021ceab06190,
0x0000021ce927a6f0, 0x0000021cedd22b90, 0x0000021cedd26ef0, 0x0000021cedd20040,
0x0000021cedd20510, 0x0000021cedd27890, 0x0000021cedd23a00, 0x0000021cedd209e0,
0x0000021cedd23060, 0x0000021cedd23ed0, 0x0000021cedd20eb0, 0x0000021cedd21380,
0x0000021cedd24d40, 0x0000021cedd221f0, 0x0000021cedd226c0, 0x0000021cedd273c0,
0x0000021cedd23530, 0x0000021cedd243a0, 0x0000021cedd24870, 0x0000021cedd26a20,
0x0000021cedd21850, 0x0000021cedd26550, 0x0000021cedd256e0, 0x0000021cedd25bb0,
0x0000021cedd26080, 0x0000021cebc67820, 0x0000021cebc68690, 0x0000021cebc68b60,
0x0000021cebc69ea0, 0x0000021cebc6a840, 0x0000021cebc699d0, 0x0000021cebc69030,
0x0000021cebc69500, 0x0000021cebc6a370, 0x0000021cebc6ad10, 0x0000021cebc6b1e0,
0x0000021cebc67cf0, 0x0000021cebc681c0, 0x0000021ceb857070, 0x0000021ceb856ba0,
0x0000021ceb8536b0, 0x0000021ceb8531e0, 0x0000021ceb854050, 0x0000021ceb857540,
0x0000021ceb851500
}

Java Threads: ( => current thread )
  0x0000021ccf017ef0 JavaThread "main" [_thread_blocked, id=6736, stack(0x000000aa05f00000,0x000000aa06000000)]
  0x0000021ce85d3270 JavaThread "Reference Handler" daemon [_thread_blocked, id=6544, stack(0x000000aa06600000,0x000000aa06700000)]
  0x0000021ce85d4840 JavaThread "Finalizer" daemon [_thread_blocked, id=8652, stack(0x000000aa06700000,0x000000aa06800000)]
  0x0000021ce85bd510 JavaThread "Signal Dispatcher" daemon [_thread_blocked, id=13944, stack(0x000000aa06800000,0x000000aa06900000)]
  0x0000021ce85be0c0 JavaThread "Attach Listener" daemon [_thread_blocked, id=14064, stack(0x000000aa06900000,0x000000aa06a00000)]
  0x0000021ce900a280 JavaThread "Service Thread" daemon [_thread_blocked, id=10448, stack(0x000000aa06a00000,0x000000aa06b00000)]
  0x0000021ce900cc40 JavaThread "Monitor Deflation Thread" daemon [_thread_blocked, id=7320, stack(0x000000aa06b00000,0x000000aa06c00000)]
=>0x0000021ce900d920 JavaThread "C2 CompilerThread0" daemon [_thread_in_native, id=10992, stack(0x000000aa06c00000,0x000000aa06d00000)]
  0x0000021ce8618470 JavaThread "C1 CompilerThread0" daemon [_thread_blocked, id=7700, stack(0x000000aa06d00000,0x000000aa06e00000)]
  0x0000021ce8619a80 JavaThread "Sweeper thread" daemon [_thread_blocked, id=3688, stack(0x000000aa06e00000,0x000000aa06f00000)]
  0x0000021ce9196420 JavaThread "Common-Cleaner" daemon [_thread_blocked, id=1856, stack(0x000000aa06f00000,0x000000aa07000000)]
  0x0000021ce919a900 JavaThread "Notification Thread" daemon [_thread_blocked, id=10904, stack(0x000000aa07000000,0x000000aa07100000)]
  0x0000021ce936b040 JavaThread "Daemon health stats" [_thread_blocked, id=14700, stack(0x000000aa07500000,0x000000aa07600000)]
  0x0000021ceb4136e0 JavaThread "Incoming local TCP Connector on port 57446" [_thread_in_native, id=14788, stack(0x000000aa07600000,0x000000aa07700000)]
  0x0000021ceb928080 JavaThread "Daemon periodic checks" [_thread_blocked, id=14812, stack(0x000000aa07700000,0x000000aa07800000)]
  0x0000021cea7c8be0 JavaThread "Daemon" [_thread_blocked, id=14836, stack(0x000000aa07800000,0x000000aa07900000)]
  0x0000021ceb411620 JavaThread "Handler for socket connection from /127.0.0.1:57446 to /127.0.0.1:57448" [_thread_in_native, id=14844, stack(0x000000aa07900000,0x000000aa07a00000)]
  0x0000021ce927ba30 JavaThread "Cancel handler" [_thread_blocked, id=14864, stack(0x000000aa07a00000,0x000000aa07b00000)]
  0x0000021ce9279880 JavaThread "Daemon worker" [_thread_in_Java, id=14916, stack(0x000000aa07b00000,0x000000aa07c00000)]
  0x0000021ce927abc0 JavaThread "Asynchronous log dispatcher for DefaultDaemonConnection: socket connection from /127.0.0.1:57446 to /127.0.0.1:57448" [_thread_blocked, id=14928, stack(0x000000aa07c00000,0x000000aa07d00000)]
  0x0000021ce9279d50 JavaThread "Daemon client event forwarder" [_thread_blocked, id=14968, stack(0x000000aa07e00000,0x000000aa07f00000)]
  0x0000021ce92793b0 JavaThread "Cache worker for journal cache (C:\Users\leana\.gradle\caches\journal-1)" [_thread_blocked, id=15048, stack(0x000000aa07f00000,0x000000aa08000000)]
  0x0000021ce927b090 JavaThread "File lock request listener" [_thread_in_native, id=15108, stack(0x000000aa08000000,0x000000aa08100000)]
  0x0000021ce927b560 JavaThread "Cache worker for file hash cache (C:\Users\leana\.gradle\caches\7.6\fileHashes)" [_thread_blocked, id=6076, stack(0x000000aa08200000,0x000000aa08300000)]
  0x0000021ce9278540 JavaThread "File watcher server" daemon [_thread_in_native, id=15684, stack(0x000000aa08500000,0x000000aa08600000)]
  0x0000021ce9278070 JavaThread "File watcher consumer" daemon [_thread_blocked, id=15696, stack(0x000000aa08600000,0x000000aa08700000)]
  0x0000021ce9278a10 JavaThread "Cache worker for checksums cache (C:\Users\leana\AndroidStudioProjects\ProcexApp2\.gradle\7.6\checksums)" [_thread_blocked, id=15880, stack(0x000000aa05c00000,0x000000aa05d00000)]
  0x0000021ceab091b0 JavaThread "Cache worker for cache directory md-rule (C:\Users\leana\.gradle\caches\7.6\md-rule)" [_thread_blocked, id=15932, stack(0x000000aa05d00000,0x000000aa05e00000)]
  0x0000021ceab079a0 JavaThread "Cache worker for file content cache (C:\Users\leana\.gradle\caches\7.6\fileContent)" [_thread_blocked, id=16004, stack(0x000000aa05e00000,0x000000aa05f00000)]
  0x0000021ceab06b30 JavaThread "Cache worker for file hash cache (C:\Users\leana\AndroidStudioProjects\ProcexApp2\.gradle\7.6\fileHashes)" [_thread_blocked, id=16044, stack(0x000000aa08700000,0x000000aa08800000)]
  0x0000021ceab07000 JavaThread "Cache worker for cache directory md-supplier (C:\Users\leana\.gradle\caches\7.6\md-supplier)" [_thread_blocked, id=16052, stack(0x000000aa08800000,0x000000aa08900000)]
  0x0000021ceab074d0 JavaThread "Cache worker for execution history cache (C:\Users\leana\.gradle\caches\7.6\executionHistory)" [_thread_blocked, id=16092, stack(0x000000aa08a00000,0x000000aa08b00000)]
  0x0000021ceab07e70 JavaThread "jar transforms" [_thread_blocked, id=16184, stack(0x000000aa08b00000,0x000000aa08c00000)]
  0x0000021ceab06660 JavaThread "jar transforms Thread 2" [_thread_blocked, id=16284, stack(0x000000aa08c00000,0x000000aa08d00000)]
  0x0000021ceab09b50 JavaThread "jar transforms Thread 3" [_thread_blocked, id=12012, stack(0x000000aa07d00000,0x000000aa07e00000)]
  0x0000021ceab06190 JavaThread "jar transforms Thread 4" [_thread_blocked, id=12640, stack(0x000000aa08d00000,0x000000aa08e00000)]
  0x0000021ce927a6f0 JavaThread "Cache worker for dependencies-accessors (C:\Users\leana\AndroidStudioProjects\ProcexApp2\.gradle\7.6\dependencies-accessors)" [_thread_blocked, id=14180, stack(0x000000aa08e00000,0x000000aa08f00000)]
  0x0000021cedd22b90 JavaThread "Cache worker for Build Output Cleanup Cache (C:\Users\leana\AndroidStudioProjects\ProcexApp2\.gradle\buildOutputCleanup)" [_thread_blocked, id=1628, stack(0x000000aa08f00000,0x000000aa09000000)]
  0x0000021cedd26ef0 JavaThread "Unconstrained build operations" [_thread_blocked, id=5716, stack(0x000000aa08300000,0x000000aa08400000)]
  0x0000021cedd20040 JavaThread "Unconstrained build operations Thread 2" [_thread_blocked, id=596, stack(0x000000aa09000000,0x000000aa09100000)]
  0x0000021cedd20510 JavaThread "Unconstrained build operations Thread 3" [_thread_blocked, id=6636, stack(0x000000aa09100000,0x000000aa09200000)]
  0x0000021cedd27890 JavaThread "Unconstrained build operations Thread 4" [_thread_blocked, id=992, stack(0x000000aa09200000,0x000000aa09300000)]
  0x0000021cedd23a00 JavaThread "Unconstrained build operations Thread 5" [_thread_blocked, id=1728, stack(0x000000aa09300000,0x000000aa09400000)]
  0x0000021cedd209e0 JavaThread "Unconstrained build operations Thread 6" [_thread_blocked, id=2400, stack(0x000000aa09400000,0x000000aa09500000)]
  0x0000021cedd23060 JavaThread "Unconstrained build operations Thread 7" [_thread_blocked, id=6436, stack(0x000000aa09500000,0x000000aa09600000)]
  0x0000021cedd23ed0 JavaThread "Unconstrained build operations Thread 8" [_thread_blocked, id=15012, stack(0x000000aa09600000,0x000000aa09700000)]
  0x0000021cedd20eb0 JavaThread "Unconstrained build operations Thread 9" [_thread_blocked, id=14824, stack(0x000000aa09700000,0x000000aa09800000)]
  0x0000021cedd21380 JavaThread "Unconstrained build operations Thread 10" [_thread_blocked, id=13504, stack(0x000000aa09800000,0x000000aa09900000)]
  0x0000021cedd24d40 JavaThread "Unconstrained build operations Thread 11" [_thread_blocked, id=15064, stack(0x000000aa09900000,0x000000aa09a00000)]
  0x0000021cedd221f0 JavaThread "Unconstrained build operations Thread 12" [_thread_blocked, id=14404, stack(0x000000aa09a00000,0x000000aa09b00000)]
  0x0000021cedd226c0 JavaThread "Unconstrained build operations Thread 13" [_thread_blocked, id=15280, stack(0x000000aa09b00000,0x000000aa09c00000)]
  0x0000021cedd273c0 JavaThread "Unconstrained build operations Thread 14" [_thread_blocked, id=14852, stack(0x000000aa09c00000,0x000000aa09d00000)]
  0x0000021cedd23530 JavaThread "Unconstrained build operations Thread 15" [_thread_blocked, id=14352, stack(0x000000aa09d00000,0x000000aa09e00000)]
  0x0000021cedd243a0 JavaThread "Unconstrained build operations Thread 16" [_thread_blocked, id=7152, stack(0x000000aa09e00000,0x000000aa09f00000)]
  0x0000021cedd24870 JavaThread "Unconstrained build operations Thread 17" [_thread_blocked, id=6676, stack(0x000000aa09f00000,0x000000aa0a000000)]
  0x0000021cedd26a20 JavaThread "Unconstrained build operations Thread 18" [_thread_blocked, id=15804, stack(0x000000aa0a000000,0x000000aa0a100000)]
  0x0000021cedd21850 JavaThread "Unconstrained build operations Thread 19" [_thread_blocked, id=15372, stack(0x000000aa0a100000,0x000000aa0a200000)]
  0x0000021cedd26550 JavaThread "Unconstrained build operations Thread 20" [_thread_blocked, id=14748, stack(0x000000aa0a200000,0x000000aa0a300000)]
  0x0000021cedd256e0 JavaThread "Unconstrained build operations Thread 21" [_thread_blocked, id=15024, stack(0x000000aa0a300000,0x000000aa0a400000)]
  0x0000021cedd25bb0 JavaThread "Unconstrained build operations Thread 22" [_thread_blocked, id=15952, stack(0x000000aa0a400000,0x000000aa0a500000)]
  0x0000021cedd26080 JavaThread "Unconstrained build operations Thread 23" [_thread_blocked, id=7136, stack(0x000000aa0a500000,0x000000aa0a600000)]
  0x0000021cebc67820 JavaThread "Unconstrained build operations Thread 24" [_thread_blocked, id=14996, stack(0x000000aa0a600000,0x000000aa0a700000)]
  0x0000021cebc68690 JavaThread "Unconstrained build operations Thread 25" [_thread_blocked, id=15192, stack(0x000000aa0a700000,0x000000aa0a800000)]
  0x0000021cebc68b60 JavaThread "Unconstrained build operations Thread 26" [_thread_blocked, id=15204, stack(0x000000aa0a800000,0x000000aa0a900000)]
  0x0000021cebc69ea0 JavaThread "Unconstrained build operations Thread 27" [_thread_blocked, id=15296, stack(0x000000aa0a900000,0x000000aa0aa00000)]
  0x0000021cebc6a840 JavaThread "Unconstrained build operations Thread 28" [_thread_blocked, id=15312, stack(0x000000aa0aa00000,0x000000aa0ab00000)]
  0x0000021cebc699d0 JavaThread "Unconstrained build operations Thread 29" [_thread_blocked, id=5436, stack(0x000000aa0ab00000,0x000000aa0ac00000)]
  0x0000021cebc69030 JavaThread "Unconstrained build operations Thread 30" [_thread_blocked, id=15724, stack(0x000000aa0ac00000,0x000000aa0ad00000)]
  0x0000021cebc69500 JavaThread "Unconstrained build operations Thread 31" [_thread_blocked, id=14884, stack(0x000000aa0ad00000,0x000000aa0ae00000)]
  0x0000021cebc6a370 JavaThread "Unconstrained build operations Thread 32" [_thread_blocked, id=12540, stack(0x000000aa0ae00000,0x000000aa0af00000)]
  0x0000021cebc6ad10 JavaThread "Unconstrained build operations Thread 33" [_thread_blocked, id=15988, stack(0x000000aa0af00000,0x000000aa0b000000)]
  0x0000021cebc6b1e0 JavaThread "Unconstrained build operations Thread 34" [_thread_blocked, id=16008, stack(0x000000aa0b000000,0x000000aa0b100000)]
  0x0000021cebc67cf0 JavaThread "Unconstrained build operations Thread 35" [_thread_blocked, id=16068, stack(0x000000aa0b100000,0x000000aa0b200000)]
  0x0000021cebc681c0 JavaThread "Unconstrained build operations Thread 36" [_thread_blocked, id=16084, stack(0x000000aa0b200000,0x000000aa0b300000)]
  0x0000021ceb857070 JavaThread "Unconstrained build operations Thread 37" [_thread_blocked, id=16088, stack(0x000000aa0b300000,0x000000aa0b400000)]
  0x0000021ceb856ba0 JavaThread "Unconstrained build operations Thread 38" [_thread_blocked, id=16116, stack(0x000000aa0b400000,0x000000aa0b500000)]
  0x0000021ceb8536b0 JavaThread "Unconstrained build operations Thread 39" [_thread_blocked, id=16132, stack(0x000000aa0b500000,0x000000aa0b600000)]
  0x0000021ceb8531e0 JavaThread "Unconstrained build operations Thread 40" [_thread_blocked, id=16172, stack(0x000000aa0b600000,0x000000aa0b700000)]
  0x0000021ceb854050 JavaThread "build event listener" [_thread_blocked, id=16780, stack(0x000000aa08100000,0x000000aa08200000)]
  0x0000021ceb857540 JavaThread "Memory manager" [_thread_blocked, id=17004, stack(0x000000aa08400000,0x000000aa08500000)]
  0x0000021ceb851500 JavaThread "File lock release action executor Thread 3" [_thread_blocked, id=17044, stack(0x000000aa08900000,0x000000aa08a00000)]

Other Threads:
  0x0000021ce85ae630 VMThread "VM Thread" [stack: 0x000000aa06500000,0x000000aa06600000] [id=13732]
  0x0000021ce919ede0 WatcherThread [stack: 0x000000aa07100000,0x000000aa07200000] [id=4716]
  0x0000021ccf0723a0 GCTaskThread "GC Thread#0" [stack: 0x000000aa06000000,0x000000aa06100000] [id=9468]
  0x0000021ce9123020 GCTaskThread "GC Thread#1" [stack: 0x000000aa07200000,0x000000aa07300000] [id=14368]
  0x0000021ce996d300 GCTaskThread "GC Thread#2" [stack: 0x000000aa07300000,0x000000aa07400000] [id=14372]
  0x0000021cea03ad60 GCTaskThread "GC Thread#3" [stack: 0x000000aa07400000,0x000000aa07500000] [id=14544]
  0x0000021ccf0832e0 ConcurrentGCThread "G1 Main Marker" [stack: 0x000000aa06100000,0x000000aa06200000] [id=8120]
  0x0000021ccf083cf0 ConcurrentGCThread "G1 Conc#0" [stack: 0x000000aa06200000,0x000000aa06300000] [id=3496]
  0x0000021ccf0bea40 ConcurrentGCThread "G1 Refine#0" [stack: 0x000000aa06300000,0x000000aa06400000] [id=5952]
  0x0000021ccf0bf460 ConcurrentGCThread "G1 Service" [stack: 0x000000aa06400000,0x000000aa06500000] [id=13072]

Threads with active compile tasks:
C2 CompilerThread0   263452 7827       4       java.beans.Introspector::addMethod (196 bytes)
C1 CompilerThread0   263452 7869   !   3       java.beans.WeakIdentityMap::get (278 bytes)

VM state: not at safepoint (normal execution)

VM Mutex/Monitor currently owned by a thread: None

Heap address: 0x0000000080000000, size: 2048 MB, Compressed Oops mode: 32-bit

CDS archive(s) not mapped
Compressed class space mapped at: 0x0000000100000000-0x0000000140000000, reserved size: 1073741824
Narrow klass base: 0x0000000000000000, Narrow klass shift: 3, Narrow klass range: 0x140000000

GC Precious Log:
 CPUs: 4 total, 4 available
 Memory: 3521M
 Large Page Support: Disabled
 NUMA Support: Disabled
 Compressed Oops: Enabled (32-bit)
 Heap Region Size: 1M
 Heap Min Capacity: 8M
 Heap Initial Capacity: 56M
 Heap Max Capacity: 2G
 Pre-touch: Disabled
 Parallel Workers: 4
 Concurrent Workers: 1
 Concurrent Refinement Workers: 4
 Periodic GC: Disabled

Heap:
 garbage-first heap   total 121856K, used 91803K [0x0000000080000000, 0x0000000100000000)
  region size 1024K, 33 young (33792K), 1 survivors (1024K)
 Metaspace       used 69916K, committed 70464K, reserved 1114112K
  class space    used 9149K, committed 9408K, reserved 1048576K

Heap Regions: E=young(eden), S=young(survivor), O=old, HS=humongous(starts), HC=humongous(continues), CS=collection set, F=free, OA=open archive, CA=closed archive, TAMS=top-at-mark-start (previous, next)
|   0|0x0000000080000000, 0x0000000080100000, 0x0000000080100000|100%| O|  |TAMS 0x0000000080100000, 0x0000000080000000| Untracked 
|   1|0x0000000080100000, 0x0000000080200000, 0x0000000080200000|100%| O|  |TAMS 0x0000000080200000, 0x0000000080100000| Untracked 
|   2|0x0000000080200000, 0x0000000080300000, 0x0000000080300000|100%|HS|  |TAMS 0x0000000080300000, 0x0000000080200000| Complete 
|   3|0x0000000080300000, 0x0000000080400000, 0x0000000080400000|100%|HC|  |TAMS 0x0000000080400000, 0x0000000080300000| Complete 
|   4|0x0000000080400000, 0x0000000080500000, 0x0000000080500000|100%|HC|  |TAMS 0x0000000080500000, 0x0000000080400000| Complete 
|   5|0x0000000080500000, 0x0000000080600000, 0x0000000080600000|100%| O|  |TAMS 0x0000000080600000, 0x0000000080500000| Untracked 
|   6|0x0000000080600000, 0x0000000080700000, 0x0000000080700000|100%| O|  |TAMS 0x0000000080700000, 0x0000000080600000| Untracked 
|   7|0x0000000080700000, 0x0000000080800000, 0x0000000080800000|100%| O|  |TAMS 0x0000000080800000, 0x0000000080700000| Untracked 
|   8|0x0000000080800000, 0x0000000080900000, 0x0000000080900000|100%| O|  |TAMS 0x0000000080900000, 0x0000000080800000| Untracked 
|   9|0x0000000080900000, 0x0000000080a00000, 0x0000000080a00000|100%| O|  |TAMS 0x0000000080a00000, 0x0000000080900000| Untracked 
|  10|0x0000000080a00000, 0x0000000080b00000, 0x0000000080b00000|100%| O|  |TAMS 0x0000000080b00000, 0x0000000080a00000| Untracked 
|  11|0x0000000080b00000, 0x0000000080c00000, 0x0000000080c00000|100%| O|  |TAMS 0x0000000080c00000, 0x0000000080b00000| Untracked 
|  12|0x0000000080c00000, 0x0000000080d00000, 0x0000000080d00000|100%| O|  |TAMS 0x0000000080d00000, 0x0000000080c00000| Untracked 
|  13|0x0000000080d00000, 0x0000000080e00000, 0x0000000080e00000|100%| O|  |TAMS 0x0000000080e00000, 0x0000000080d00000| Untracked 
|  14|0x0000000080e00000, 0x0000000080f00000, 0x0000000080f00000|100%| O|  |TAMS 0x0000000080f00000, 0x0000000080e00000| Untracked 
|  15|0x0000000080f00000, 0x0000000081000000, 0x0000000081000000|100%| O|  |TAMS 0x0000000081000000, 0x0000000080f00000| Untracked 
|  16|0x0000000081000000, 0x0000000081100000, 0x0000000081100000|100%| O|  |TAMS 0x0000000081100000, 0x0000000081000000| Untracked 
|  17|0x0000000081100000, 0x0000000081200000, 0x0000000081200000|100%| O|  |TAMS 0x0000000081200000, 0x0000000081100000| Untracked 
|  18|0x0000000081200000, 0x0000000081300000, 0x0000000081300000|100%| O|  |TAMS 0x0000000081300000, 0x0000000081200000| Untracked 
|  19|0x0000000081300000, 0x0000000081400000, 0x0000000081400000|100%| O|  |TAMS 0x0000000081400000, 0x0000000081300000| Untracked 
|  20|0x0000000081400000, 0x0000000081500000, 0x0000000081500000|100%| O|  |TAMS 0x0000000081500000, 0x0000000081400000| Untracked 
|  21|0x0000000081500000, 0x0000000081600000, 0x0000000081600000|100%| O|  |TAMS 0x0000000081600000, 0x0000000081500000| Untracked 
|  22|0x0000000081600000, 0x0000000081700000, 0x0000000081700000|100%| O|  |TAMS 0x0000000081700000, 0x0000000081600000| Untracked 
|  23|0x0000000081700000, 0x0000000081800000, 0x0000000081800000|100%| O|  |TAMS 0x0000000081800000, 0x0000000081700000| Untracked 
|  24|0x0000000081800000, 0x0000000081900000, 0x0000000081900000|100%| O|  |TAMS 0x0000000081900000, 0x0000000081800000| Untracked 
|  25|0x0000000081900000, 0x0000000081900000, 0x0000000081a00000|  0%| F|  |TAMS 0x0000000081900000, 0x0000000081900000| Untracked 
|  26|0x0000000081a00000, 0x0000000081b00000, 0x0000000081b00000|100%| O|  |TAMS 0x0000000081b00000, 0x0000000081a00000| Untracked 
|  27|0x0000000081b00000, 0x0000000081c00000, 0x0000000081c00000|100%| O|  |TAMS 0x0000000081c00000, 0x0000000081b00000| Untracked 
|  28|0x0000000081c00000, 0x0000000081d00000, 0x0000000081d00000|100%| O|  |TAMS 0x0000000081d00000, 0x0000000081c00000| Untracked 
|  29|0x0000000081d00000, 0x0000000081e00000, 0x0000000081e00000|100%| O|  |TAMS 0x0000000081e00000, 0x0000000081d00000| Untracked 
|  30|0x0000000081e00000, 0x0000000081f00000, 0x0000000081f00000|100%| O|  |TAMS 0x0000000081f00000, 0x0000000081e00000| Untracked 
|  31|0x0000000081f00000, 0x0000000082000000, 0x0000000082000000|100%| O|  |TAMS 0x0000000082000000, 0x0000000081f00000| Untracked 
|  32|0x0000000082000000, 0x0000000082100000, 0x0000000082100000|100%| O|  |TAMS 0x0000000082100000, 0x0000000082000000| Untracked 
|  33|0x0000000082100000, 0x0000000082200000, 0x0000000082200000|100%| O|  |TAMS 0x0000000082200000, 0x0000000082100000| Untracked 
|  34|0x0000000082200000, 0x0000000082300000, 0x0000000082300000|100%|HS|  |TAMS 0x0000000082300000, 0x0000000082200000| Complete 
|  35|0x0000000082300000, 0x0000000082400000, 0x0000000082400000|100%|HS|  |TAMS 0x0000000082400000, 0x0000000082300000| Complete 
|  36|0x0000000082400000, 0x0000000082500000, 0x0000000082500000|100%|HS|  |TAMS 0x0000000082500000, 0x0000000082400000| Complete 
|  37|0x0000000082500000, 0x0000000082600000, 0x0000000082600000|100%| O|  |TAMS 0x0000000082600000, 0x0000000082500000| Untracked 
|  38|0x0000000082600000, 0x0000000082700000, 0x0000000082700000|100%| O|  |TAMS 0x0000000082700000, 0x0000000082600000| Untracked 
|  39|0x0000000082700000, 0x0000000082800000, 0x0000000082800000|100%| O|  |TAMS 0x0000000082800000, 0x0000000082700000| Untracked 
|  40|0x0000000082800000, 0x0000000082900000, 0x0000000082900000|100%|HS|  |TAMS 0x0000000082900000, 0x0000000082800000| Complete 
|  41|0x0000000082900000, 0x0000000082a00000, 0x0000000082a00000|100%|HC|  |TAMS 0x0000000082a00000, 0x0000000082900000| Complete 
|  42|0x0000000082a00000, 0x0000000082b00000, 0x0000000082b00000|100%|HC|  |TAMS 0x0000000082b00000, 0x0000000082a00000| Complete 
|  43|0x0000000082b00000, 0x0000000082c00000, 0x0000000082c00000|100%|HC|  |TAMS 0x0000000082c00000, 0x0000000082b00000| Complete 
|  44|0x0000000082c00000, 0x0000000082d00000, 0x0000000082d00000|100%| O|  |TAMS 0x0000000082d00000, 0x0000000082c00000| Untracked 
|  45|0x0000000082d00000, 0x0000000082e00000, 0x0000000082e00000|100%| O|  |TAMS 0x0000000082e00000, 0x0000000082d00000| Untracked 
|  46|0x0000000082e00000, 0x0000000082f00000, 0x0000000082f00000|100%| O|  |TAMS 0x0000000082f00000, 0x0000000082e00000| Untracked 
|  47|0x0000000082f00000, 0x0000000083000000, 0x0000000083000000|100%| O|  |TAMS 0x0000000083000000, 0x0000000082f00000| Untracked 
|  48|0x0000000083000000, 0x0000000083100000, 0x0000000083100000|100%| O|  |TAMS 0x0000000083100000, 0x0000000083000000| Untracked 
|  49|0x0000000083100000, 0x0000000083200000, 0x0000000083200000|100%| O|  |TAMS 0x0000000083200000, 0x0000000083100000| Untracked 
|  50|0x0000000083200000, 0x0000000083300000, 0x0000000083300000|100%| O|  |TAMS 0x0000000083300000, 0x0000000083200000| Untracked 
|  51|0x0000000083300000, 0x0000000083400000, 0x0000000083400000|100%| O|  |TAMS 0x0000000083351e00, 0x0000000083300000| Untracked 
|  52|0x0000000083400000, 0x0000000083500000, 0x0000000083500000|100%| O|  |TAMS 0x0000000083400000, 0x0000000083400000| Untracked 
|  53|0x0000000083500000, 0x0000000083600000, 0x0000000083600000|100%| O|  |TAMS 0x0000000083500000, 0x0000000083500000| Untracked 
|  54|0x0000000083600000, 0x0000000083700000, 0x0000000083700000|100%| O|  |TAMS 0x0000000083600000, 0x0000000083600000| Untracked 
|  55|0x0000000083700000, 0x0000000083800000, 0x0000000083800000|100%| O|  |TAMS 0x0000000083700000, 0x0000000083700000| Untracked 
|  56|0x0000000083800000, 0x0000000083900000, 0x0000000083900000|100%| O|  |TAMS 0x0000000083800000, 0x0000000083800000| Untracked 
|  57|0x0000000083900000, 0x0000000083a00000, 0x0000000083a00000|100%| O|  |TAMS 0x0000000083900000, 0x0000000083900000| Untracked 
|  58|0x0000000083a00000, 0x0000000083ae0800, 0x0000000083b00000| 87%| O|  |TAMS 0x0000000083a00000, 0x0000000083a00000| Untracked 
|  59|0x0000000083b00000, 0x0000000083b00000, 0x0000000083c00000|  0%| F|  |TAMS 0x0000000083b00000, 0x0000000083b00000| Untracked 
|  60|0x0000000083c00000, 0x0000000083c00000, 0x0000000083d00000|  0%| F|  |TAMS 0x0000000083c00000, 0x0000000083c00000| Untracked 
|  61|0x0000000083d00000, 0x0000000083d00000, 0x0000000083e00000|  0%| F|  |TAMS 0x0000000083d00000, 0x0000000083d00000| Untracked 
|  62|0x0000000083e00000, 0x0000000083e00000, 0x0000000083f00000|  0%| F|  |TAMS 0x0000000083e00000, 0x0000000083e00000| Untracked 
|  63|0x0000000083f00000, 0x0000000083f00000, 0x0000000084000000|  0%| F|  |TAMS 0x0000000083f00000, 0x0000000083f00000| Untracked 
|  64|0x0000000084000000, 0x0000000084000000, 0x0000000084100000|  0%| F|  |TAMS 0x0000000084000000, 0x0000000084000000| Untracked 
|  65|0x0000000084100000, 0x0000000084100000, 0x0000000084200000|  0%| F|  |TAMS 0x0000000084100000, 0x0000000084100000| Untracked 
|  66|0x0000000084200000, 0x0000000084200000, 0x0000000084300000|  0%| F|  |TAMS 0x0000000084200000, 0x0000000084200000| Untracked 
|  67|0x0000000084300000, 0x0000000084300000, 0x0000000084400000|  0%| F|  |TAMS 0x0000000084300000, 0x0000000084300000| Untracked 
|  68|0x0000000084400000, 0x0000000084400000, 0x0000000084500000|  0%| F|  |TAMS 0x0000000084400000, 0x0000000084400000| Untracked 
|  69|0x0000000084500000, 0x0000000084500000, 0x0000000084600000|  0%| F|  |TAMS 0x0000000084500000, 0x0000000084500000| Untracked 
|  70|0x0000000084600000, 0x0000000084600000, 0x0000000084700000|  0%| F|  |TAMS 0x0000000084600000, 0x0000000084600000| Untracked 
|  71|0x0000000084700000, 0x0000000084700000, 0x0000000084800000|  0%| F|  |TAMS 0x0000000084700000, 0x0000000084700000| Untracked 
|  72|0x0000000084800000, 0x0000000084800000, 0x0000000084900000|  0%| F|  |TAMS 0x0000000084800000, 0x0000000084800000| Untracked 
|  73|0x0000000084900000, 0x0000000084900000, 0x0000000084a00000|  0%| F|  |TAMS 0x0000000084900000, 0x0000000084900000| Untracked 
|  74|0x0000000084a00000, 0x0000000084a00000, 0x0000000084b00000|  0%| F|  |TAMS 0x0000000084a00000, 0x0000000084a00000| Untracked 
|  75|0x0000000084b00000, 0x0000000084b00000, 0x0000000084c00000|  0%| F|  |TAMS 0x0000000084b00000, 0x0000000084b00000| Untracked 
|  76|0x0000000084c00000, 0x0000000084c00000, 0x0000000084d00000|  0%| F|  |TAMS 0x0000000084c00000, 0x0000000084c00000| Untracked 
|  77|0x0000000084d00000, 0x0000000084d00000, 0x0000000084e00000|  0%| F|  |TAMS 0x0000000084d00000, 0x0000000084d00000| Untracked 
|  78|0x0000000084e00000, 0x0000000084e00000, 0x0000000084f00000|  0%| F|  |TAMS 0x0000000084e00000, 0x0000000084e00000| Untracked 
|  79|0x0000000084f00000, 0x0000000084f00000, 0x0000000085000000|  0%| F|  |TAMS 0x0000000084f00000, 0x0000000084f00000| Untracked 
|  80|0x0000000085000000, 0x0000000085000000, 0x0000000085100000|  0%| F|  |TAMS 0x0000000085000000, 0x0000000085000000| Untracked 
|  81|0x0000000085100000, 0x0000000085100000, 0x0000000085200000|  0%| F|  |TAMS 0x0000000085100000, 0x0000000085100000| Untracked 
|  82|0x0000000085200000, 0x0000000085200000, 0x0000000085300000|  0%| F|  |TAMS 0x0000000085200000, 0x0000000085200000| Untracked 
|  83|0x0000000085300000, 0x0000000085300000, 0x0000000085400000|  0%| F|  |TAMS 0x0000000085300000, 0x0000000085300000| Untracked 
|  84|0x0000000085400000, 0x0000000085400000, 0x0000000085500000|  0%| F|  |TAMS 0x0000000085400000, 0x0000000085400000| Untracked 
|  85|0x0000000085500000, 0x0000000085500000, 0x0000000085600000|  0%| F|  |TAMS 0x0000000085500000, 0x0000000085500000| Untracked 
|  86|0x0000000085600000, 0x0000000085680800, 0x0000000085700000| 50%| E|  |TAMS 0x0000000085600000, 0x0000000085600000| Complete 
|  87|0x0000000085700000, 0x0000000085800000, 0x0000000085800000|100%| E|CS|TAMS 0x0000000085700000, 0x0000000085700000| Complete 
|  88|0x0000000085800000, 0x0000000085900000, 0x0000000085900000|100%| E|CS|TAMS 0x0000000085800000, 0x0000000085800000| Complete 
|  89|0x0000000085900000, 0x0000000085a00000, 0x0000000085a00000|100%| E|CS|TAMS 0x0000000085900000, 0x0000000085900000| Complete 
|  90|0x0000000085a00000, 0x0000000085b00000, 0x0000000085b00000|100%| E|CS|TAMS 0x0000000085a00000, 0x0000000085a00000| Complete 
|  91|0x0000000085b00000, 0x0000000085c00000, 0x0000000085c00000|100%| E|CS|TAMS 0x0000000085b00000, 0x0000000085b00000| Complete 
|  92|0x0000000085c00000, 0x0000000085d00000, 0x0000000085d00000|100%| E|CS|TAMS 0x0000000085c00000, 0x0000000085c00000| Complete 
|  93|0x0000000085d00000, 0x0000000085e00000, 0x0000000085e00000|100%| E|CS|TAMS 0x0000000085d00000, 0x0000000085d00000| Complete 
|  94|0x0000000085e00000, 0x0000000085f00000, 0x0000000085f00000|100%| E|CS|TAMS 0x0000000085e00000, 0x0000000085e00000| Complete 
|  95|0x0000000085f00000, 0x0000000086000000, 0x0000000086000000|100%| E|CS|TAMS 0x0000000085f00000, 0x0000000085f00000| Complete 
|  96|0x0000000086000000, 0x0000000086100000, 0x0000000086100000|100%| E|CS|TAMS 0x0000000086000000, 0x0000000086000000| Complete 
|  97|0x0000000086100000, 0x0000000086200000, 0x0000000086200000|100%| E|CS|TAMS 0x0000000086100000, 0x0000000086100000| Complete 
|  98|0x0000000086200000, 0x0000000086300000, 0x0000000086300000|100%| E|CS|TAMS 0x0000000086200000, 0x0000000086200000| Complete 
|  99|0x0000000086300000, 0x0000000086400000, 0x0000000086400000|100%| E|CS|TAMS 0x0000000086300000, 0x0000000086300000| Complete 
| 100|0x0000000086400000, 0x0000000086500000, 0x0000000086500000|100%| E|CS|TAMS 0x0000000086400000, 0x0000000086400000| Complete 
| 101|0x0000000086500000, 0x0000000086600000, 0x0000000086600000|100%| E|CS|TAMS 0x0000000086500000, 0x0000000086500000| Complete 
| 102|0x0000000086600000, 0x0000000086700000, 0x0000000086700000|100%| E|CS|TAMS 0x0000000086600000, 0x0000000086600000| Complete 
| 103|0x0000000086700000, 0x0000000086800000, 0x0000000086800000|100%| E|CS|TAMS 0x0000000086700000, 0x0000000086700000| Complete 
| 104|0x0000000086800000, 0x0000000086900000, 0x0000000086900000|100%| E|CS|TAMS 0x0000000086800000, 0x0000000086800000| Complete 
| 105|0x0000000086900000, 0x0000000086a00000, 0x0000000086a00000|100%| E|CS|TAMS 0x0000000086900000, 0x0000000086900000| Complete 
| 106|0x0000000086a00000, 0x0000000086b00000, 0x0000000086b00000|100%| E|CS|TAMS 0x0000000086a00000, 0x0000000086a00000| Complete 
| 107|0x0000000086b00000, 0x0000000086c00000, 0x0000000086c00000|100%| E|CS|TAMS 0x0000000086b00000, 0x0000000086b00000| Complete 
| 108|0x0000000086c00000, 0x0000000086d00000, 0x0000000086d00000|100%| E|CS|TAMS 0x0000000086c00000, 0x0000000086c00000| Complete 
| 109|0x0000000086d00000, 0x0000000086e00000, 0x0000000086e00000|100%| E|CS|TAMS 0x0000000086d00000, 0x0000000086d00000| Complete 
| 110|0x0000000086e00000, 0x0000000086f00000, 0x0000000086f00000|100%| E|CS|TAMS 0x0000000086e00000, 0x0000000086e00000| Complete 
| 111|0x0000000086f00000, 0x0000000087000000, 0x0000000087000000|100%| E|CS|TAMS 0x0000000086f00000, 0x0000000086f00000| Complete 
| 112|0x0000000087000000, 0x0000000087100000, 0x0000000087100000|100%| E|CS|TAMS 0x0000000087000000, 0x0000000087000000| Complete 
| 113|0x0000000087100000, 0x0000000087200000, 0x0000000087200000|100%| E|CS|TAMS 0x0000000087100000, 0x0000000087100000| Complete 
| 114|0x0000000087200000, 0x0000000087300000, 0x0000000087300000|100%| E|CS|TAMS 0x0000000087200000, 0x0000000087200000| Complete 
| 115|0x0000000087300000, 0x0000000087400000, 0x0000000087400000|100%| E|CS|TAMS 0x0000000087300000, 0x0000000087300000| Complete 
| 116|0x0000000087400000, 0x00000000874c6420, 0x0000000087500000| 77%| S|CS|TAMS 0x0000000087400000, 0x0000000087400000| Complete 
| 117|0x0000000087500000, 0x0000000087600000, 0x0000000087600000|100%| E|CS|TAMS 0x0000000087500000, 0x0000000087500000| Complete 
| 118|0x0000000087600000, 0x0000000087700000, 0x0000000087700000|100%| E|CS|TAMS 0x0000000087600000, 0x0000000087600000| Complete 

Card table byte_map: [0x0000021ce18e0000,0x0000021ce1ce0000] _byte_map_base: 0x0000021ce14e0000

Marking Bits (Prev, Next): (CMBitMap*) 0x0000021ccf0729f0, (CMBitMap*) 0x0000021ccf0729b0
 Prev Bits: [0x0000021ce40e0000, 0x0000021ce60e0000)
 Next Bits: [0x0000021ce20e0000, 0x0000021ce40e0000)

Polling page: 0x0000021cccfd0000

Metaspace:

Usage:
  Non-class:     59.35 MB used.
      Class:      8.94 MB used.
       Both:     68.28 MB used.

Virtual space:
  Non-class space:       64.00 MB reserved,      59.62 MB ( 93%) committed,  8 nodes.
      Class space:        1.00 GB reserved,       9.19 MB ( <1%) committed,  1 nodes.
             Both:        1.06 GB reserved,      68.81 MB (  6%) committed. 

Chunk freelists:
   Non-Class:  224.00 KB
       Class:  2.72 MB
        Both:  2.94 MB

MaxMetaspaceSize: unlimited
CompressedClassSpaceSize: 1.00 GB
Initial GC threshold: 21.00 MB
Current GC threshold: 108.69 MB
CDS: off
MetaspaceReclaimPolicy: balanced
 - commit_granule_bytes: 65536.
 - commit_granule_words: 8192.
 - virtual_space_node_default_size: 1048576.
 - enlarge_chunks_in_place: 1.
 - new_chunks_are_fully_committed: 0.
 - uncommit_free_chunks: 1.
 - use_allocation_guard: 0.
 - handle_deallocations: 1.


Internal statistics:

num_allocs_failed_limit: 9.
num_arena_births: 614.
num_arena_deaths: 0.
num_vsnodes_births: 9.
num_vsnodes_deaths: 0.
num_space_committed: 1101.
num_space_uncommitted: 0.
num_chunks_returned_to_freelist: 9.
num_chunks_taken_from_freelist: 2933.
num_chunk_merges: 9.
num_chunk_splits: 1973.
num_chunks_enlarged: 1365.
num_purges: 0.
num_inconsistent_stats: 0.

CodeHeap 'non-profiled nmethods': size=120000Kb used=4330Kb max_used=4330Kb free=115669Kb
 bounds [0x0000021cd9fb0000, 0x0000021cda3f0000, 0x0000021ce14e0000]
CodeHeap 'profiled nmethods': size=120000Kb used=13547Kb max_used=13547Kb free=106452Kb
 bounds [0x0000021cd24e0000, 0x0000021cd3220000, 0x0000021cd9a10000]
CodeHeap 'non-nmethods': size=5760Kb used=2354Kb max_used=2392Kb free=3405Kb
 bounds [0x0000021cd9a10000, 0x0000021cd9c80000, 0x0000021cd9fb0000]
 total_blobs=7885 nmethods=7001 adapters=795
 compilation: enabled
              stopped_count=0, restarted_count=0
 full_count=0

Compilation events (20 events):
Event: 262.337 Thread 0x0000021ce900d920 nmethod 7823 0x0000021cda3e7890 code [0x0000021cda3e7a20, 0x0000021cda3e7d78]
Event: 262.361 Thread 0x0000021ce900d920 7824       4       com.sun.beans.introspect.MethodInfo$MethodOrder::compare (167 bytes)
Event: 262.364 Thread 0x0000021ce8618470 7826       3       java.util.AbstractMap::isEmpty (13 bytes)
Event: 262.364 Thread 0x0000021ce8618470 nmethod 7826 0x0000021cd3201490 code [0x0000021cd3201640, 0x0000021cd3201868]
Event: 262.375 Thread 0x0000021ce900d920 nmethod 7824 0x0000021cda3e7f10 code [0x0000021cda3e8100, 0x0000021cda3e8c20]
Event: 262.375 Thread 0x0000021ce900d920 7825       4       com.sun.beans.introspect.MethodInfo$MethodOrder::compare (13 bytes)
Event: 262.376 Thread 0x0000021ce900d920 nmethod 7825 0x0000021cda3e9290 code [0x0000021cda3e9420, 0x0000021cda3e9528]
Event: 262.378 Thread 0x0000021ce900d920 7827       4       java.beans.Introspector::addMethod (196 bytes)
Event: 262.380 Thread 0x0000021ce8618470 7828       3       java.beans.FeatureDescriptor::<init> (69 bytes)
Event: 262.380 Thread 0x0000021ce8618470 nmethod 7828 0x0000021cd3201910 code [0x0000021cd3201b40, 0x0000021cd32022c8]
Event: 262.395 Thread 0x0000021ce8618470 7833       3       java.beans.PropertyDescriptor::isAssignable (148 bytes)
Event: 262.404 Thread 0x0000021ce8618470 nmethod 7833 0x0000021cd3202510 code [0x0000021cd3202c80, 0x0000021cd32070f8]
Event: 262.405 Thread 0x0000021ce8618470 7835       3       groovy.lang.MetaClassImpl$$Lambda$420/0x000000010054a128::apply (12 bytes)
Event: 262.405 Thread 0x0000021ce8618470 nmethod 7835 0x0000021cd3208590 code [0x0000021cd32087c0, 0x0000021cd3208e98]
Event: 262.405 Thread 0x0000021ce8618470 7836       3       groovy.lang.MetaClassImpl::lambda$getPropName$5 (27 bytes)
Event: 262.406 Thread 0x0000021ce8618470 nmethod 7836 0x0000021cd3209190 code [0x0000021cd32093a0, 0x0000021cd32098f8]
Event: 262.406 Thread 0x0000021ce8618470 7837       3       org.apache.groovy.util.BeanUtils::decapitalize (68 bytes)
Event: 262.407 Thread 0x0000021ce8618470 nmethod 7837 0x0000021cd3209b90 code [0x0000021cd3209f00, 0x0000021cd320b448]
Event: 262.407 Thread 0x0000021ce8618470 7834       3       java.util.LinkedList$ListItr::set (28 bytes)
Event: 262.407 Thread 0x0000021ce8618470 nmethod 7834 0x0000021cd320bb90 code [0x0000021cd320bd60, 0x0000021cd320c158]

GC Heap History (20 events):
Event: 195.483 GC heap before
{Heap before GC invocations=44 (full 0):
 garbage-first heap   total 83968K, used 58324K [0x0000000080000000, 0x0000000100000000)
  region size 1024K, 11 young (11264K), 1 survivors (1024K)
 Metaspace       used 54697K, committed 55168K, reserved 1097728K
  class space    used 7189K, committed 7424K, reserved 1048576K
}
Event: 195.489 GC heap after
{Heap after GC invocations=45 (full 0):
 garbage-first heap   total 83968K, used 49382K [0x0000000080000000, 0x0000000100000000)
  region size 1024K, 1 young (1024K), 1 survivors (1024K)
 Metaspace       used 54697K, committed 55168K, reserved 1097728K
  class space    used 7189K, committed 7424K, reserved 1048576K
}
Event: 204.088 GC heap before
{Heap before GC invocations=46 (full 0):
 garbage-first heap   total 86016K, used 61670K [0x0000000080000000, 0x0000000100000000)
  region size 1024K, 13 young (13312K), 1 survivors (1024K)
 Metaspace       used 56483K, committed 56960K, reserved 1105920K
  class space    used 7413K, committed 7616K, reserved 1048576K
}
Event: 204.096 GC heap after
{Heap after GC invocations=47 (full 0):
 garbage-first heap   total 86016K, used 50010K [0x0000000080000000, 0x0000000100000000)
  region size 1024K, 2 young (2048K), 2 survivors (2048K)
 Metaspace       used 56483K, committed 56960K, reserved 1105920K
  class space    used 7413K, committed 7616K, reserved 1048576K
}
Event: 215.286 GC heap before
{Heap before GC invocations=47 (full 0):
 garbage-first heap   total 86016K, used 63322K [0x0000000080000000, 0x0000000100000000)
  region size 1024K, 15 young (15360K), 2 survivors (2048K)
 Metaspace       used 58606K, committed 59008K, reserved 1105920K
  class space    used 7687K, committed 7872K, reserved 1048576K
}
Event: 215.314 GC heap after
{Heap after GC invocations=48 (full 0):
 garbage-first heap   total 86016K, used 50362K [0x0000000080000000, 0x0000000100000000)
  region size 1024K, 2 young (2048K), 2 survivors (2048K)
 Metaspace       used 58606K, committed 59008K, reserved 1105920K
  class space    used 7687K, committed 7872K, reserved 1048576K
}
Event: 229.543 GC heap before
{Heap before GC invocations=49 (full 0):
 garbage-first heap   total 87040K, used 64698K [0x0000000080000000, 0x0000000100000000)
  region size 1024K, 17 young (17408K), 2 survivors (2048K)
 Metaspace       used 62064K, committed 62592K, reserved 1105920K
  class space    used 8147K, committed 8384K, reserved 1048576K
}
Event: 229.654 GC heap after
{Heap after GC invocations=50 (full 0):
 garbage-first heap   total 87040K, used 52222K [0x0000000080000000, 0x0000000100000000)
  region size 1024K, 3 young (3072K), 3 survivors (3072K)
 Metaspace       used 62064K, committed 62592K, reserved 1105920K
  class space    used 8147K, committed 8384K, reserved 1048576K
}
Event: 230.550 GC heap before
{Heap before GC invocations=50 (full 0):
 garbage-first heap   total 87040K, used 54270K [0x0000000080000000, 0x0000000100000000)
  region size 1024K, 6 young (6144K), 3 survivors (3072K)
 Metaspace       used 62409K, committed 62976K, reserved 1105920K
  class space    used 8190K, committed 8448K, reserved 1048576K
}
Event: 230.710 GC heap after
{Heap after GC invocations=51 (full 0):
 garbage-first heap   total 87040K, used 52678K [0x0000000080000000, 0x0000000100000000)
  region size 1024K, 2 young (2048K), 2 survivors (2048K)
 Metaspace       used 62409K, committed 62976K, reserved 1105920K
  class space    used 8190K, committed 8448K, reserved 1048576K
}
Event: 233.147 GC heap before
{Heap before GC invocations=52 (full 0):
 garbage-first heap   total 121856K, used 72134K [0x0000000080000000, 0x0000000100000000)
  region size 1024K, 16 young (16384K), 2 survivors (2048K)
 Metaspace       used 62742K, committed 63296K, reserved 1105920K
  class space    used 8246K, committed 8512K, reserved 1048576K
}
Event: 233.164 GC heap after
{Heap after GC invocations=53 (full 0):
 garbage-first heap   total 121856K, used 54138K [0x0000000080000000, 0x0000000100000000)
  region size 1024K, 2 young (2048K), 2 survivors (2048K)
 Metaspace       used 62742K, committed 63296K, reserved 1105920K
  class space    used 8246K, committed 8512K, reserved 1048576K
}
Event: 243.395 GC heap before
{Heap before GC invocations=53 (full 0):
 garbage-first heap   total 121856K, used 84858K [0x0000000080000000, 0x0000000100000000)
  region size 1024K, 32 young (32768K), 2 survivors (2048K)
 Metaspace       used 65358K, committed 65920K, reserved 1114112K
  class space    used 8571K, committed 8832K, reserved 1048576K
}
Event: 243.439 GC heap after
{Heap after GC invocations=54 (full 0):
 garbage-first heap   total 121856K, used 56647K [0x0000000080000000, 0x0000000100000000)
  region size 1024K, 4 young (4096K), 4 survivors (4096K)
 Metaspace       used 65358K, committed 65920K, reserved 1114112K
  class space    used 8571K, committed 8832K, reserved 1048576K
}
Event: 249.378 GC heap before
{Heap before GC invocations=54 (full 0):
 garbage-first heap   total 121856K, used 63815K [0x0000000080000000, 0x0000000100000000)
  region size 1024K, 12 young (12288K), 4 survivors (4096K)
 Metaspace       used 66157K, committed 66688K, reserved 1114112K
  class space    used 8650K, committed 8896K, reserved 1048576K
}
Event: 249.410 GC heap after
{Heap after GC invocations=55 (full 0):
 garbage-first heap   total 121856K, used 57863K [0x0000000080000000, 0x0000000100000000)
  region size 1024K, 4 young (4096K), 4 survivors (4096K)
 Metaspace       used 66157K, committed 66688K, reserved 1114112K
  class space    used 8650K, committed 8896K, reserved 1048576K
}
Event: 261.404 GC heap before
{Heap before GC invocations=56 (full 0):
 garbage-first heap   total 121856K, used 94727K [0x0000000080000000, 0x0000000100000000)
  region size 1024K, 39 young (39936K), 4 survivors (4096K)
 Metaspace       used 69544K, committed 70080K, reserved 1114112K
  class space    used 9109K, committed 9344K, reserved 1048576K
}
Event: 261.456 GC heap after
{Heap after GC invocations=57 (full 0):
 garbage-first heap   total 121856K, used 59872K [0x0000000080000000, 0x0000000100000000)
  region size 1024K, 3 young (3072K), 3 survivors (3072K)
 Metaspace       used 69544K, committed 70080K, reserved 1114112K
  class space    used 9109K, committed 9344K, reserved 1048576K
}
Event: 261.717 GC heap before
{Heap before GC invocations=57 (full 0):
 garbage-first heap   total 121856K, used 61920K [0x0000000080000000, 0x0000000100000000)
  region size 1024K, 5 young (5120K), 3 survivors (3072K)
 Metaspace       used 69648K, committed 70208K, reserved 1114112K
  class space    used 9135K, committed 9408K, reserved 1048576K
}
Event: 261.766 GC heap after
{Heap after GC invocations=58 (full 0):
 garbage-first heap   total 121856K, used 60059K [0x0000000080000000, 0x0000000100000000)
  region size 1024K, 1 young (1024K), 1 survivors (1024K)
 Metaspace       used 69648K, committed 70208K, reserved 1114112K
  class space    used 9135K, committed 9408K, reserved 1048576K
}

Dll operation events (2 events):
Event: 0.050 Loaded shared library C:\Program Files\Android\Android Studio\jbr\bin\java.dll
Event: 9.546 Loaded shared library C:\Program Files\Android\Android Studio\jbr\bin\verify.dll

Deoptimization events (20 events):
Event: 262.174 Thread 0x0000021ce9279880 Uncommon trap: trap_request=0xfffffff4 fr.pc=0x0000021cda3decf4 relative=0x0000000000003574
Event: 262.174 Thread 0x0000021ce9279880 Uncommon trap: reason=null_check action=make_not_entrant pc=0x0000021cda3decf4 method=java.lang.PublicMethods$MethodList.getMostSpecific()Ljava/lang/reflect/Method; @ 41 c2
Event: 262.174 Thread 0x0000021ce9279880 DEOPT PACKING pc=0x0000021cda3decf4 sp=0x000000aa07bf4010
Event: 262.174 Thread 0x0000021ce9279880 DEOPT UNPACKING pc=0x0000021cd9a669a3 sp=0x000000aa07bf3f00 mode 2
Event: 262.174 Thread 0x0000021ce9279880 Uncommon trap: trap_request=0xfffffff4 fr.pc=0x0000021cda3e1758 relative=0x00000000000001b8
Event: 262.174 Thread 0x0000021ce9279880 Uncommon trap: reason=null_check action=make_not_entrant pc=0x0000021cda3e1758 method=java.lang.PublicMethods$MethodList.getMostSpecific()Ljava/lang/reflect/Method; @ 41 c2
Event: 262.174 Thread 0x0000021ce9279880 DEOPT PACKING pc=0x0000021cda3e1758 sp=0x000000aa07bf3fe0
Event: 262.174 Thread 0x0000021ce9279880 DEOPT UNPACKING pc=0x0000021cd9a669a3 sp=0x000000aa07bf3ef8 mode 2
Event: 262.361 Thread 0x0000021ce9279880 Uncommon trap: trap_request=0xfffffff4 fr.pc=0x0000021cda3d6d58 relative=0x00000000000009b8
Event: 262.361 Thread 0x0000021ce9279880 Uncommon trap: reason=null_check action=make_not_entrant pc=0x0000021cda3d6d58 method=com.sun.beans.introspect.MethodInfo$MethodOrder.compare(Ljava/lang/reflect/Method;Ljava/lang/reflect/Method;)I @ 133 c2
Event: 262.361 Thread 0x0000021ce9279880 DEOPT PACKING pc=0x0000021cda3d6d58 sp=0x000000aa07bf4c10
Event: 262.361 Thread 0x0000021ce9279880 DEOPT UNPACKING pc=0x0000021cd9a669a3 sp=0x000000aa07bf4b40 mode 2
Event: 262.361 Thread 0x0000021ce9279880 Uncommon trap: trap_request=0xfffffff4 fr.pc=0x0000021cda3d5a20 relative=0x0000000000000920
Event: 262.361 Thread 0x0000021ce9279880 Uncommon trap: reason=null_check action=make_not_entrant pc=0x0000021cda3d5a20 method=com.sun.beans.introspect.MethodInfo$MethodOrder.compare(Ljava/lang/reflect/Method;Ljava/lang/reflect/Method;)I @ 133 c2
Event: 262.361 Thread 0x0000021ce9279880 DEOPT PACKING pc=0x0000021cda3d5a20 sp=0x000000aa07bf4b80
Event: 262.361 Thread 0x0000021ce9279880 DEOPT UNPACKING pc=0x0000021cd9a669a3 sp=0x000000aa07bf4b38 mode 2
Event: 262.386 Thread 0x0000021ce9279880 Uncommon trap: trap_request=0xfffffff4 fr.pc=0x0000021cda3e8b68 relative=0x0000000000000a68
Event: 262.386 Thread 0x0000021ce9279880 Uncommon trap: reason=null_check action=make_not_entrant pc=0x0000021cda3e8b68 method=com.sun.beans.introspect.MethodInfo$MethodOrder.compare(Ljava/lang/reflect/Method;Ljava/lang/reflect/Method;)I @ 145 c2
Event: 262.386 Thread 0x0000021ce9279880 DEOPT PACKING pc=0x0000021cda3e8b68 sp=0x000000aa07bf5360
Event: 262.386 Thread 0x0000021ce9279880 DEOPT UNPACKING pc=0x0000021cd9a669a3 sp=0x000000aa07bf5300 mode 2

Classes unloaded (0 events):
No events

Classes redefined (0 events):
No events

Internal exceptions (20 events):
Event: 262.361 Thread 0x0000021ce9279880 Implicit null exception at 0x0000021cda3d66d9 to 0x0000021cda3d6d44
Event: 262.361 Thread 0x0000021ce9279880 Implicit null exception at 0x0000021cda3d540c to 0x0000021cda3d5a0c
Event: 262.362 Thread 0x0000021ce9279880 Exception <a 'java/lang/ClassNotFoundException'{0x00000000869e3650}: com/android/builder/core/AbstractProductFlavorCustomizer> (0x00000000869e3650) 
thrown [s\src\hotspot\share\classfile\systemDictionary.cpp, line 256]
Event: 262.366 Thread 0x0000021ce9279880 Exception <a 'java/lang/ClassNotFoundException'{0x000000008682b768}: com/android/build/gradle/internal/dsl/BaseFlavorCustomizer> (0x000000008682b768) 
thrown [s\src\hotspot\share\classfile\systemDictionary.cpp, line 256]
Event: 262.376 Thread 0x0000021ce9279880 Exception <a 'java/lang/ClassNotFoundException'{0x0000000086893050}: com/android/build/gradle/internal/dsl/DefaultConfigCustomizer> (0x0000000086893050) 
thrown [s\src\hotspot\share\classfile\systemDictionary.cpp, line 256]
Event: 262.378 Thread 0x0000021ce9279880 Exception <a 'java/lang/ClassNotFoundException'{0x00000000868b6fe0}: com/android/build/gradle/internal/dsl/DefaultConfig$AgpDecoratedCustomizer> (0x00000000868b6fe0) 
thrown [s\src\hotspot\share\classfile\systemDictionary.cpp, line 256]
Event: 262.383 Thread 0x0000021ce9279880 Exception <a 'java/lang/ClassNotFoundException'{0x000000008670c4d8}: com/android/build/gradle/internal/dsl/DefaultConfig$AgpDecorated_DecoratedCustomizer> (0x000000008670c4d8) 
thrown [s\src\hotspot\share\classfile\systemDictionary.cpp, line 256]
Event: 262.386 Thread 0x0000021ce9279880 Implicit null exception at 0x0000021cda3e8742 to 0x0000021cda3e8b54
Event: 262.424 Thread 0x0000021ce9279880 Exception <a 'java/lang/ClassNotFoundException'{0x00000000866460f0}: com/android/build/gradle/internal/dsl/VectorDrawablesOptions_DecoratedBeanInfo> (0x00000000866460f0) 
thrown [s\src\hotspot\share\classfile\systemDictionary.cpp, line 256]
Event: 262.425 Thread 0x0000021ce9279880 Exception <a 'java/lang/ClassNotFoundException'{0x0000000086653900}: com/android/build/gradle/internal/dsl/VectorDrawablesOptionsBeanInfo> (0x0000000086653900) 
thrown [s\src\hotspot\share\classfile\systemDictionary.cpp, line 256]
Event: 262.436 Thread 0x0000021ce9279880 Exception <a 'java/lang/ClassNotFoundException'{0x0000000086660ee0}: com/android/builder/core/DefaultVectorDrawablesOptionsBeanInfo> (0x0000000086660ee0) 
thrown [s\src\hotspot\share\classfile\systemDictionary.cpp, line 256]
Event: 262.437 Thread 0x0000021ce9279880 Exception <a 'java/lang/ClassNotFoundException'{0x000000008666e510}: com/android/builder/core/DefaultVectorDrawablesOptionsCustomizer> (0x000000008666e510) 
thrown [s\src\hotspot\share\classfile\systemDictionary.cpp, line 256]
Event: 262.439 Thread 0x0000021ce9279880 Exception <a 'java/lang/ClassNotFoundException'{0x00000000866823f0}: com/android/build/gradle/internal/dsl/VectorDrawablesOptionsCustomizer> (0x00000000866823f0) 
thrown [s\src\hotspot\share\classfile\systemDictionary.cpp, line 256]
Event: 262.441 Thread 0x0000021ce9279880 Exception <a 'java/lang/ClassNotFoundException'{0x0000000086693f28}: com/android/build/gradle/internal/dsl/VectorDrawablesOptions_DecoratedCustomizer> (0x0000000086693f28) 
thrown [s\src\hotspot\share\classfile\systemDictionary.cpp, line 256]
Event: 262.461 Thread 0x0000021ce9279880 Exception <a 'java/lang/ClassNotFoundException'{0x00000000866dc280}: org/gradle/api/internal/NamedDomainObjectContainerConfigureDelegateBeanInfo> (0x00000000866dc280) 
thrown [s\src\hotspot\share\classfile\systemDictionary.cpp, line 256]
Event: 262.474 Thread 0x0000021ce9279880 Exception <a 'java/lang/ClassNotFoundException'{0x00000000866f0340}: org/gradle/api/internal/NamedDomainObjectContainerConfigureDelegateCustomizer> (0x00000000866f0340) 
thrown [s\src\hotspot\share\classfile\systemDictionary.cpp, line 256]
Event: 262.504 Thread 0x0000021ce9279880 Exception <a 'java/lang/ClassNotFoundException'{0x0000000086327fe8}: org/gradle/api/internal/FactoryNamedDomainObjectContainer_DecoratedBeanInfo> (0x0000000086327fe8) 
thrown [s\src\hotspot\share\classfile\systemDictionary.cpp, line 256]
Event: 262.521 Thread 0x0000021ce9279880 Exception <a 'java/lang/ClassNotFoundException'{0x000000008633def8}: org/gradle/api/internal/FactoryNamedDomainObjectContainerBeanInfo> (0x000000008633def8) 
thrown [s\src\hotspot\share\classfile\systemDictionary.cpp, line 256]
Event: 262.523 Thread 0x0000021ce9279880 Exception <a 'java/lang/ClassNotFoundException'{0x0000000086353e00}: org/gradle/api/internal/AbstractNamedDomainObjectContainerBeanInfo> (0x0000000086353e00) 
thrown [s\src\hotspot\share\classfile\systemDictionary.cpp, line 256]
Event: 262.571 Thread 0x0000021ce9279880 Exception <a 'java/lang/ClassNotFoundException'{0x0000000086369ba8}: org/gradle/api/internal/DefaultNamedDomainObjectSetBeanInfo> (0x0000000086369ba8) 
thrown [s\src\hotspot\share\classfile\systemDictionary.cpp, line 256]

VM Operations (20 events):
Event: 253.918 Executing VM operation: Cleanup
Event: 253.918 Executing VM operation: Cleanup done
Event: 254.934 Executing VM operation: Cleanup
Event: 254.966 Executing VM operation: Cleanup done
Event: 255.967 Executing VM operation: Cleanup
Event: 255.984 Executing VM operation: Cleanup done
Event: 256.986 Executing VM operation: Cleanup
Event: 256.986 Executing VM operation: Cleanup done
Event: 257.989 Executing VM operation: Cleanup
Event: 257.989 Executing VM operation: Cleanup done
Event: 258.992 Executing VM operation: Cleanup
Event: 258.993 Executing VM operation: Cleanup done
Event: 259.996 Executing VM operation: Cleanup
Event: 259.996 Executing VM operation: Cleanup done
Event: 260.998 Executing VM operation: Cleanup
Event: 260.998 Executing VM operation: Cleanup done
Event: 261.388 Executing VM operation: G1CollectForAllocation
Event: 261.458 Executing VM operation: G1CollectForAllocation done
Event: 261.717 Executing VM operation: G1CollectForAllocation
Event: 261.766 Executing VM operation: G1CollectForAllocation done

Events (20 events):
Event: 252.321 loading class org/xml/sax/ContentHandler
Event: 252.321 loading class org/xml/sax/ContentHandler done
Event: 252.321 loading class org/xml/sax/EntityResolver
Event: 252.321 loading class org/xml/sax/EntityResolver done
Event: 252.321 loading class org/xml/sax/DTDHandler
Event: 252.322 loading class org/xml/sax/DTDHandler done
Event: 252.411 loading class java/util/Spliterators$IntArraySpliterator
Event: 252.425 loading class java/util/Spliterators$IntArraySpliterator done
Event: 252.501 loading class java/text/ParsePosition
Event: 252.501 loading class java/text/ParsePosition done
Event: 252.613 loading class java/text/CharacterIterator
Event: 252.613 loading class java/text/CharacterIterator done
Event: 253.894 loading class java/time/format/DateTimeFormatterBuilder$WeekBasedFieldPrinterParser
Event: 253.895 loading class java/time/format/DateTimeFormatterBuilder$WeekBasedFieldPrinterParser done
Event: 254.099 loading class com/sun/jmx/mbeanserver/StandardMBeanSupport
Event: 254.129 loading class com/sun/jmx/mbeanserver/StandardMBeanSupport done
Event: 254.130 loading class com/sun/jmx/mbeanserver/StandardMBeanIntrospector
Event: 254.154 loading class com/sun/jmx/mbeanserver/StandardMBeanIntrospector done
Event: 262.369 loading class java/beans/IntrospectionException
Event: 262.374 loading class java/beans/IntrospectionException done


Dynamic libraries:
0x00007ff7ac340000 - 0x00007ff7ac34a000 	C:\Program Files\Android\Android Studio\jbr\bin\java.exe
0x00007ffb09f90000 - 0x00007ffb0a1a4000 	C:\WINDOWS\SYSTEM32\ntdll.dll
0x00007ffb09670000 - 0x00007ffb09732000 	C:\WINDOWS\System32\KERNEL32.DLL
0x00007ffb07720000 - 0x00007ffb07ac3000 	C:\WINDOWS\System32\KERNELBASE.dll
0x00007ffb07600000 - 0x00007ffb07711000 	C:\WINDOWS\System32\ucrtbase.dll
0x00007ffafbd50000 - 0x00007ffafbd67000 	C:\Program Files\Android\Android Studio\jbr\bin\jli.dll
0x00007ffb08320000 - 0x00007ffb084cb000 	C:\WINDOWS\System32\USER32.dll
0x00007ffb07390000 - 0x00007ffb073b6000 	C:\WINDOWS\System32\win32u.dll
0x00007ffb09520000 - 0x00007ffb09549000 	C:\WINDOWS\System32\GDI32.dll
0x00007ffb073c0000 - 0x00007ffb074d9000 	C:\WINDOWS\System32\gdi32full.dll
0x00007ffb07560000 - 0x00007ffb075fa000 	C:\WINDOWS\System32\msvcp_win.dll
0x00007ffaf4350000 - 0x00007ffaf45de000 	C:\WINDOWS\WinSxS\amd64_microsoft.windows.common-controls_6595b64144ccf1df_6.0.22621.1635_none_270f70857386168e\COMCTL32.dll
0x00007ffb09b00000 - 0x00007ffb09ba7000 	C:\WINDOWS\System32\msvcrt.dll
0x00007ffb02770000 - 0x00007ffb0278b000 	C:\Program Files\Android\Android Studio\jbr\bin\VCRUNTIME140.dll
0x00007ffb093d0000 - 0x00007ffb09401000 	C:\WINDOWS\System32\IMM32.DLL
0x00007ffafec10000 - 0x00007ffafec1c000 	C:\Program Files\Android\Android Studio\jbr\bin\vcruntime140_1.dll
0x00007ffae1b40000 - 0x00007ffae1bcd000 	C:\Program Files\Android\Android Studio\jbr\bin\msvcp140.dll
0x00007ffabd040000 - 0x00007ffabdcad000 	C:\Program Files\Android\Android Studio\jbr\bin\server\jvm.dll
0x00007ffb09470000 - 0x00007ffb0951e000 	C:\WINDOWS\System32\ADVAPI32.dll
0x00007ffb09e10000 - 0x00007ffb09eb4000 	C:\WINDOWS\System32\sechost.dll
0x00007ffb08200000 - 0x00007ffb08317000 	C:\WINDOWS\System32\RPCRT4.dll
0x00007ffae1500000 - 0x00007ffae1509000 	C:\WINDOWS\SYSTEM32\WSOCK32.dll
0x00007ffb09bb0000 - 0x00007ffb09c21000 	C:\WINDOWS\System32\WS2_32.dll
0x00007ffafebd0000 - 0x00007ffafec04000 	C:\WINDOWS\SYSTEM32\WINMM.dll
0x00007ffaff580000 - 0x00007ffaff58a000 	C:\WINDOWS\SYSTEM32\VERSION.dll
0x00007ffb063e0000 - 0x00007ffb063f8000 	C:\WINDOWS\SYSTEM32\kernel.appcore.dll
0x00007ffae14f0000 - 0x00007ffae14fa000 	C:\Program Files\Android\Android Studio\jbr\bin\jimage.dll
0x00007ffb04eb0000 - 0x00007ffb050de000 	C:\WINDOWS\SYSTEM32\DBGHELP.DLL
0x00007ffb09040000 - 0x00007ffb093c9000 	C:\WINDOWS\System32\combase.dll
0x00007ffb09990000 - 0x00007ffb09a67000 	C:\WINDOWS\System32\OLEAUT32.dll
0x00007ffaeab50000 - 0x00007ffaeab82000 	C:\WINDOWS\SYSTEM32\dbgcore.DLL
0x00007ffb074e0000 - 0x00007ffb0755b000 	C:\WINDOWS\System32\bcryptPrimitives.dll
0x00007ffabd010000 - 0x00007ffabd035000 	C:\Program Files\Android\Android Studio\jbr\bin\java.dll
0x00007ffac0b90000 - 0x00007ffac0ba8000 	C:\Program Files\Android\Android Studio\jbr\bin\zip.dll
0x00007ffb086d0000 - 0x00007ffb08eca000 	C:\WINDOWS\System32\SHELL32.dll
0x00007ffb05390000 - 0x00007ffb05c5e000 	C:\WINDOWS\SYSTEM32\windows.storage.dll
0x00007ffb050e0000 - 0x00007ffb0521e000 	C:\WINDOWS\SYSTEM32\wintypes.dll
0x00007ffb09740000 - 0x00007ffb09831000 	C:\WINDOWS\System32\SHCORE.dll
0x00007ffb084d0000 - 0x00007ffb0852e000 	C:\WINDOWS\System32\shlwapi.dll
0x00007ffb072c0000 - 0x00007ffb072e1000 	C:\WINDOWS\SYSTEM32\profapi.dll
0x00007ffabcff0000 - 0x00007ffabd009000 	C:\Program Files\Android\Android Studio\jbr\bin\net.dll
0x00007ffafe140000 - 0x00007ffafe277000 	C:\WINDOWS\SYSTEM32\WINHTTP.dll
0x00007ffb06850000 - 0x00007ffb068b9000 	C:\WINDOWS\system32\mswsock.dll
0x00007ffabcfd0000 - 0x00007ffabcfe6000 	C:\Program Files\Android\Android Studio\jbr\bin\nio.dll
0x00007ffabcd70000 - 0x00007ffabcd80000 	C:\Program Files\Android\Android Studio\jbr\bin\verify.dll
0x00007ffaf78f0000 - 0x00007ffaf7917000 	C:\Users\leana\.gradle\native\68d5fa5c4cc2d200863cafc0d521ce42e7d3e7ee720ec0a83991735586a16f82\windows-amd64\native-platform.dll
0x00007ffada320000 - 0x00007ffada464000 	C:\Users\leana\.gradle\native\e376f236ea51e6404a007f0833ffe2c6e607c4080706a723a18a27aeea778392\windows-amd64\native-platform-file-events.dll
0x00007ffabcfc0000 - 0x00007ffabcfc9000 	C:\Program Files\Android\Android Studio\jbr\bin\management.dll
0x00007ffabcfb0000 - 0x00007ffabcfbb000 	C:\Program Files\Android\Android Studio\jbr\bin\management_ext.dll
0x00007ffb09f40000 - 0x00007ffb09f48000 	C:\WINDOWS\System32\PSAPI.DLL
0x00007ffb06ac0000 - 0x00007ffb06adb000 	C:\WINDOWS\SYSTEM32\CRYPTSP.dll
0x00007ffb06350000 - 0x00007ffb06385000 	C:\WINDOWS\system32\rsaenh.dll
0x00007ffb06950000 - 0x00007ffb06978000 	C:\WINDOWS\SYSTEM32\USERENV.dll
0x00007ffb06c70000 - 0x00007ffb06c98000 	C:\WINDOWS\SYSTEM32\bcrypt.dll
0x00007ffb06ab0000 - 0x00007ffb06abc000 	C:\WINDOWS\SYSTEM32\CRYPTBASE.dll
0x00007ffb05ec0000 - 0x00007ffb05eed000 	C:\WINDOWS\SYSTEM32\IPHLPAPI.DLL
0x00007ffb09550000 - 0x00007ffb09559000 	C:\WINDOWS\System32\NSI.dll
0x00007ffafe3d0000 - 0x00007ffafe3e9000 	C:\WINDOWS\SYSTEM32\dhcpcsvc6.DLL
0x00007ffafe100000 - 0x00007ffafe11f000 	C:\WINDOWS\SYSTEM32\dhcpcsvc.DLL
0x00007ffb05f30000 - 0x00007ffb06023000 	C:\WINDOWS\SYSTEM32\DNSAPI.dll
0x00007ffabcc30000 - 0x00007ffabcc38000 	C:\WINDOWS\system32\wshunix.dll

dbghelp: loaded successfully - version: 4.0.5 - missing functions: none
symbol engine: initialized successfully - sym options: 0x614 - pdb path: .;C:\Program Files\Android\Android Studio\jbr\bin;C:\WINDOWS\SYSTEM32;C:\WINDOWS\WinSxS\amd64_microsoft.windows.common-controls_6595b64144ccf1df_6.0.22621.1635_none_270f70857386168e;C:\Program Files\Android\Android Studio\jbr\bin\server;C:\Users\leana\.gradle\native\68d5fa5c4cc2d200863cafc0d521ce42e7d3e7ee720ec0a83991735586a16f82\windows-amd64;C:\Users\leana\.gradle\native\e376f236ea51e6404a007f0833ffe2c6e607c4080706a723a18a27aeea778392\windows-amd64

VM Arguments:
jvm_args: --add-opens=java.base/java.util=ALL-UNNAMED --add-opens=java.base/java.lang=ALL-UNNAMED --add-opens=java.base/java.lang.invoke=ALL-UNNAMED --add-opens=java.prefs/java.util.prefs=ALL-UNNAMED --add-opens=java.base/java.nio.charset=ALL-UNNAMED --add-opens=java.base/java.net=ALL-UNNAMED --add-opens=java.base/java.util.concurrent.atomic=ALL-UNNAMED -Xmx2048m -Dfile.encoding=UTF-8 -Duser.country=CO -Duser.language=es -Duser.variant 
java_command: org.gradle.launcher.daemon.bootstrap.GradleDaemon 7.6
java_class_path (initial): C:\Users\leana\.gradle\wrapper\dists\gradle-7.6-bin\9l9tetv7ltxvx3i8an4pb86ye\gradle-7.6\lib\gradle-launcher-7.6.jar
Launcher Type: SUN_STANDARD

[Global flags]
     intx CICompilerCount                          = 3                                         {product} {ergonomic}
     uint ConcGCThreads                            = 1                                         {product} {ergonomic}
     uint G1ConcRefinementThreads                  = 4                                         {product} {ergonomic}
   size_t G1HeapRegionSize                         = 1048576                                   {product} {ergonomic}
    uintx GCDrainStackTargetSize                   = 64                                        {product} {ergonomic}
   size_t InitialHeapSize                          = 58720256                                  {product} {ergonomic}
   size_t MarkStackSize                            = 4194304                                   {product} {ergonomic}
   size_t MaxHeapSize                              = 2147483648                                {product} {command line}
   size_t MaxNewSize                               = 1287651328                                {product} {ergonomic}
   size_t MinHeapDeltaBytes                        = 1048576                                   {product} {ergonomic}
   size_t MinHeapSize                              = 8388608                                   {product} {ergonomic}
    uintx NonNMethodCodeHeapSize                   = 5832780                                {pd product} {ergonomic}
    uintx NonProfiledCodeHeapSize                  = 122912730                              {pd product} {ergonomic}
    uintx ProfiledCodeHeapSize                     = 122912730                              {pd product} {ergonomic}
    uintx ReservedCodeCacheSize                    = 251658240                              {pd product} {ergonomic}
     bool SegmentedCodeCache                       = true                                      {product} {ergonomic}
   size_t SoftMaxHeapSize                          = 2147483648                             {manageable} {ergonomic}
     bool UseCompressedClassPointers               = true                           {product lp64_product} {ergonomic}
     bool UseCompressedOops                        = true                           {product lp64_product} {ergonomic}
     bool UseG1GC                                  = true                                      {product} {ergonomic}
     bool UseLargePagesIndividualAllocation        = false                                  {pd product} {ergonomic}

Logging:
Log output configuration:
 #0: stdout all=warning uptime,level,tags
 #1: stderr all=off uptime,level,tags

Environment Variables:
PATH=C:\Python311\Scripts\;C:\Python311\;C:\WINDOWS\system32;C:\WINDOWS;C:\WINDOWS\System32\Wbem;C:\WINDOWS\System32\WindowsPowerShell\v1.0\;C:\WINDOWS\System32\OpenSSH\;C:\Program Files\dotnet\;C:\ProgramData\chocolatey\bin;C:\Program Files\Git\cmd;C:\Program Files\Git\get;C:\Users\leana\AppData\Roaming\nvm;C:\Program Files\nodejs;C:\Program Files\MySQL\MySQL Shell 8.0\bin\;C:\Users\leana\AppData\Local\Microsoft\WindowsApps;C:\Users\leana\AppData\Local\Programs\Microsoft VS Code\bin;C:\Users\leana\.dotnet\tools;C:\Users\leana\AppData\Roaming\npm;C:\Users\leana\AppData\Roaming\nvm;C:\Program Files\nodejs
USERNAME=leana
OS=Windows_NT
PROCESSOR_IDENTIFIER=AMD64 Family 23 Model 24 Stepping 1, AuthenticAMD
TMP=C:\Users\leana\AppData\Local\Temp
TEMP=C:\Users\leana\AppData\Local\Temp



---------------  S Y S T E M  ---------------

OS:
 Windows 11 , 64 bit Build 22621 (10.0.22621.1778)
OS uptime: 0 days 1:10 hours

CPU: total 4 (initial active 4) (4 cores per cpu, 2 threads per core) family 23 model 24 stepping 1 microcode 0x0, cx8, cmov, fxsr, ht, mmx, 3dnowpref, sse, sse2, sse3, ssse3, sse4a, sse4.1, sse4.2, popcnt, lzcnt, tsc, tscinvbit, avx, avx2, aes, clmul, bmi1, bmi2, adx, sha, fma, vzeroupper, clflush, clflushopt

Memory: 4k page, system-wide physical 3521M (111M free)
TotalPageFile size 14273M (AvailPageFile size 16M)
current process WorkingSet (physical memory assigned to process): 197M, peak: 197M
current process commit charge ("private bytes"): 334M, peak: 335M

vm_info: OpenJDK 64-Bit Server VM (17.0.6+0-b2043.56-9586694) for windows-amd64 JRE (17.0.6+0-b2043.56-9586694), built on Feb  9 2023 20:06:20 by "androidbuild" with MS VC++ 16.10 / 16.11 (VS2019)

END.
